<?xml version="1.0" encoding="UTF-8"?>
<testsuite xmlns:xsi="http://www.w3.org/2001/XMLSchema-instance" xsi:noNamespaceSchemaLocation="https://maven.apache.org/surefire/maven-surefire-plugin/xsd/surefire-test-report.xsd" name="com.heima.behavior.test.BehaviorTest" time="14,234.837" tests="1" errors="1" skipped="0" failures="0">
  <properties>
    <property name="sun.desktop" value="windows"/>
    <property name="awt.toolkit" value="sun.awt.windows.WToolkit"/>
    <property name="file.encoding.pkg" value="sun.io"/>
    <property name="java.specification.version" value="1.8"/>
    <property name="sun.cpu.isalist" value="amd64"/>
    <property name="sun.jnu.encoding" value="GBK"/>
    <property name="java.class.path" value="E:\APP\heima-leadnews\heima-leadnews\heima-leadnews-behavior\target\test-classes;E:\APP\heima-leadnews\heima-leadnews\heima-leadnews-behavior\target\classes;E:\APP\repository_heima-leannews\repository_heima-leannews\com\heima\heima-leadnews-model\1.0-SNAPSHOT\heima-leadnews-model-1.0-SNAPSHOT.jar;E:\APP\repository_heima-leannews\repository_heima-leannews\org\springframework\boot\spring-boot-starter-data-jpa\2.1.5.RELEASE\spring-boot-starter-data-jpa-2.1.5.RELEASE.jar;E:\APP\repository_heima-leannews\repository_heima-leannews\javax\transaction\javax.transaction-api\1.3\javax.transaction-api-1.3.jar;E:\APP\repository_heima-leannews\repository_heima-leannews\javax\xml\bind\jaxb-api\2.3.1\jaxb-api-2.3.1.jar;E:\APP\repository_heima-leannews\repository_heima-leannews\javax\activation\javax.activation-api\1.2.0\javax.activation-api-1.2.0.jar;E:\APP\repository_heima-leannews\repository_heima-leannews\org\hibernate\hibernate-core\5.3.10.Final\hibernate-core-5.3.10.Final.jar;E:\APP\repository_heima-leannews\repository_heima-leannews\javax\persistence\javax.persistence-api\2.2\javax.persistence-api-2.2.jar;E:\APP\repository_heima-leannews\repository_heima-leannews\antlr\antlr\2.7.7\antlr-2.7.7.jar;E:\APP\repository_heima-leannews\repository_heima-leannews\org\jboss\jandex\2.0.5.Final\jandex-2.0.5.Final.jar;E:\APP\repository_heima-leannews\repository_heima-leannews\org\dom4j\dom4j\2.1.1\dom4j-2.1.1.jar;E:\APP\repository_heima-leannews\repository_heima-leannews\org\hibernate\common\hibernate-commons-annotations\5.0.4.Final\hibernate-commons-annotations-5.0.4.Final.jar;E:\APP\repository_heima-leannews\repository_heima-leannews\org\springframework\data\spring-data-jpa\2.1.8.RELEASE\spring-data-jpa-2.1.8.RELEASE.jar;E:\APP\repository_heima-leannews\repository_heima-leannews\org\springframework\data\spring-data-commons\2.1.8.RELEASE\spring-data-commons-2.1.8.RELEASE.jar;E:\APP\repository_heima-leannews\repository_heima-leannews\org\springframework\spring-orm\5.1.7.RELEASE\spring-orm-5.1.7.RELEASE.jar;E:\APP\repository_heima-leannews\repository_heima-leannews\org\springframework\spring-aspects\5.1.7.RELEASE\spring-aspects-5.1.7.RELEASE.jar;E:\APP\repository_heima-leannews\repository_heima-leannews\mysql\mysql-connector-java\5.1.47\mysql-connector-java-5.1.47.jar;E:\APP\repository_heima-leannews\repository_heima-leannews\org\mybatis\mybatis\3.5.1\mybatis-3.5.1.jar;E:\APP\repository_heima-leannews\repository_heima-leannews\org\apache\commons\commons-lang3\3.5\commons-lang3-3.5.jar;E:\APP\repository_heima-leannews\repository_heima-leannews\com\heima\heima-leadnews-common\1.0-SNAPSHOT\heima-leadnews-common-1.0-SNAPSHOT.jar;E:\APP\repository_heima-leannews\repository_heima-leannews\com\heima\heima-leadnews-utils\1.0-SNAPSHOT\heima-leadnews-utils-1.0-SNAPSHOT.jar;E:\APP\repository_heima-leannews\repository_heima-leannews\commons-codec\commons-codec\1.12\commons-codec-1.12.jar;E:\APP\repository_heima-leannews\repository_heima-leannews\com\alibaba\fastjson\1.2.58\fastjson-1.2.58.jar;E:\APP\repository_heima-leannews\repository_heima-leannews\io\jsonwebtoken\jjwt\0.9.1\jjwt-0.9.1.jar;E:\APP\repository_heima-leannews\repository_heima-leannews\com\hankcs\hanlp\portable-1.3.4\hanlp-portable-1.3.4.jar;E:\APP\repository_heima-leannews\repository_heima-leannews\commons-beanutils\commons-beanutils\1.9.3\commons-beanutils-1.9.3.jar;E:\APP\repository_heima-leannews\repository_heima-leannews\commons-logging\commons-logging\1.2\commons-logging-1.2.jar;E:\APP\repository_heima-leannews\repository_heima-leannews\commons-collections\commons-collections\3.2.2\commons-collections-3.2.2.jar;E:\APP\repository_heima-leannews\repository_heima-leannews\org\reflections\reflections\0.9.11\reflections-0.9.11.jar;E:\APP\repository_heima-leannews\repository_heima-leannews\com\google\guava\guava\20.0\guava-20.0.jar;E:\APP\repository_heima-leannews\repository_heima-leannews\org\javassist\javassist\3.21.0-GA\javassist-3.21.0-GA.jar;E:\APP\repository_heima-leannews\repository_heima-leannews\org\springframework\boot\spring-boot-starter-jdbc\2.1.5.RELEASE\spring-boot-starter-jdbc-2.1.5.RELEASE.jar;E:\APP\repository_heima-leannews\repository_heima-leannews\com\zaxxer\HikariCP\3.2.0\HikariCP-3.2.0.jar;E:\APP\repository_heima-leannews\repository_heima-leannews\org\springframework\spring-jdbc\5.1.7.RELEASE\spring-jdbc-5.1.7.RELEASE.jar;E:\APP\repository_heima-leannews\repository_heima-leannews\org\springframework\boot\spring-boot-starter-quartz\2.1.5.RELEASE\spring-boot-starter-quartz-2.1.5.RELEASE.jar;E:\APP\repository_heima-leannews\repository_heima-leannews\org\springframework\spring-context-support\5.1.7.RELEASE\spring-context-support-5.1.7.RELEASE.jar;E:\APP\repository_heima-leannews\repository_heima-leannews\org\springframework\spring-tx\5.1.7.RELEASE\spring-tx-5.1.7.RELEASE.jar;E:\APP\repository_heima-leannews\repository_heima-leannews\org\springframework\boot\spring-boot-starter-websocket\2.1.5.RELEASE\spring-boot-starter-websocket-2.1.5.RELEASE.jar;E:\APP\repository_heima-leannews\repository_heima-leannews\org\springframework\spring-messaging\5.1.7.RELEASE\spring-messaging-5.1.7.RELEASE.jar;E:\APP\repository_heima-leannews\repository_heima-leannews\org\springframework\spring-websocket\5.1.7.RELEASE\spring-websocket-5.1.7.RELEASE.jar;E:\APP\repository_heima-leannews\repository_heima-leannews\org\springframework\boot\spring-boot-starter-aop\2.1.5.RELEASE\spring-boot-starter-aop-2.1.5.RELEASE.jar;E:\APP\repository_heima-leannews\repository_heima-leannews\org\springframework\spring-aop\5.1.7.RELEASE\spring-aop-5.1.7.RELEASE.jar;E:\APP\repository_heima-leannews\repository_heima-leannews\org\aspectj\aspectjweaver\1.9.4\aspectjweaver-1.9.4.jar;E:\APP\repository_heima-leannews\repository_heima-leannews\org\springframework\boot\spring-boot-test\2.1.5.RELEASE\spring-boot-test-2.1.5.RELEASE.jar;E:\APP\repository_heima-leannews\repository_heima-leannews\org\springframework\boot\spring-boot-starter\2.1.5.RELEASE\spring-boot-starter-2.1.5.RELEASE.jar;E:\APP\repository_heima-leannews\repository_heima-leannews\javax\annotation\javax.annotation-api\1.3.2\javax.annotation-api-1.3.2.jar;E:\APP\repository_heima-leannews\repository_heima-leannews\org\yaml\snakeyaml\1.23\snakeyaml-1.23.jar;E:\APP\repository_heima-leannews\repository_heima-leannews\org\springframework\boot\spring-boot-starter-actuator\2.1.5.RELEASE\spring-boot-starter-actuator-2.1.5.RELEASE.jar;E:\APP\repository_heima-leannews\repository_heima-leannews\org\springframework\boot\spring-boot-actuator-autoconfigure\2.1.5.RELEASE\spring-boot-actuator-autoconfigure-2.1.5.RELEASE.jar;E:\APP\repository_heima-leannews\repository_heima-leannews\org\springframework\boot\spring-boot-actuator\2.1.5.RELEASE\spring-boot-actuator-2.1.5.RELEASE.jar;E:\APP\repository_heima-leannews\repository_heima-leannews\io\micrometer\micrometer-core\1.1.4\micrometer-core-1.1.4.jar;E:\APP\repository_heima-leannews\repository_heima-leannews\org\latencyutils\LatencyUtils\2.0.3\LatencyUtils-2.0.3.jar;E:\APP\repository_heima-leannews\repository_heima-leannews\org\springframework\boot\spring-boot-starter-data-mongodb\2.1.5.RELEASE\spring-boot-starter-data-mongodb-2.1.5.RELEASE.jar;E:\APP\repository_heima-leannews\repository_heima-leannews\org\mongodb\mongodb-driver\3.8.2\mongodb-driver-3.8.2.jar;E:\APP\repository_heima-leannews\repository_heima-leannews\org\mongodb\bson\3.8.2\bson-3.8.2.jar;E:\APP\repository_heima-leannews\repository_heima-leannews\org\mongodb\mongodb-driver-core\3.8.2\mongodb-driver-core-3.8.2.jar;E:\APP\repository_heima-leannews\repository_heima-leannews\org\springframework\data\spring-data-mongodb\2.1.8.RELEASE\spring-data-mongodb-2.1.8.RELEASE.jar;E:\APP\repository_heima-leannews\repository_heima-leannews\org\springframework\boot\spring-boot-starter-data-redis\2.1.5.RELEASE\spring-boot-starter-data-redis-2.1.5.RELEASE.jar;E:\APP\repository_heima-leannews\repository_heima-leannews\org\springframework\data\spring-data-redis\2.1.8.RELEASE\spring-data-redis-2.1.8.RELEASE.jar;E:\APP\repository_heima-leannews\repository_heima-leannews\org\springframework\data\spring-data-keyvalue\2.1.8.RELEASE\spring-data-keyvalue-2.1.8.RELEASE.jar;E:\APP\repository_heima-leannews\repository_heima-leannews\org\springframework\spring-oxm\5.1.7.RELEASE\spring-oxm-5.1.7.RELEASE.jar;E:\APP\repository_heima-leannews\repository_heima-leannews\io\lettuce\lettuce-core\5.1.6.RELEASE\lettuce-core-5.1.6.RELEASE.jar;E:\APP\repository_heima-leannews\repository_heima-leannews\io\netty\netty-common\4.1.36.Final\netty-common-4.1.36.Final.jar;E:\APP\repository_heima-leannews\repository_heima-leannews\io\netty\netty-handler\4.1.36.Final\netty-handler-4.1.36.Final.jar;E:\APP\repository_heima-leannews\repository_heima-leannews\io\netty\netty-buffer\4.1.36.Final\netty-buffer-4.1.36.Final.jar;E:\APP\repository_heima-leannews\repository_heima-leannews\io\netty\netty-codec\4.1.36.Final\netty-codec-4.1.36.Final.jar;E:\APP\repository_heima-leannews\repository_heima-leannews\io\netty\netty-transport\4.1.36.Final\netty-transport-4.1.36.Final.jar;E:\APP\repository_heima-leannews\repository_heima-leannews\io\netty\netty-resolver\4.1.36.Final\netty-resolver-4.1.36.Final.jar;E:\APP\repository_heima-leannews\repository_heima-leannews\io\projectreactor\reactor-core\3.2.9.RELEASE\reactor-core-3.2.9.RELEASE.jar;E:\APP\repository_heima-leannews\repository_heima-leannews\org\reactivestreams\reactive-streams\1.0.2\reactive-streams-1.0.2.jar;E:\APP\repository_heima-leannews\repository_heima-leannews\org\apache\commons\commons-pool2\2.6.2\commons-pool2-2.6.2.jar;E:\APP\repository_heima-leannews\repository_heima-leannews\org\springframework\boot\spring-boot-starter-cache\2.1.5.RELEASE\spring-boot-starter-cache-2.1.5.RELEASE.jar;E:\APP\repository_heima-leannews\repository_heima-leannews\org\mybatis\mybatis-spring\2.0.1\mybatis-spring-2.0.1.jar;E:\APP\repository_heima-leannews\repository_heima-leannews\org\apache\curator\curator-framework\4.2.0\curator-framework-4.2.0.jar;E:\APP\repository_heima-leannews\repository_heima-leannews\org\apache\curator\curator-client\4.2.0\curator-client-4.2.0.jar;E:\APP\repository_heima-leannews\repository_heima-leannews\org\apache\curator\curator-recipes\4.2.0\curator-recipes-4.2.0.jar;E:\APP\repository_heima-leannews\repository_heima-leannews\com\luhuiguo\fastdfs-spring-boot-starter\0.2.0\fastdfs-spring-boot-starter-0.2.0.jar;E:\APP\repository_heima-leannews\repository_heima-leannews\com\luhuiguo\fastdfs-client\0.4.0\fastdfs-client-0.4.0.jar;E:\APP\repository_heima-leannews\repository_heima-leannews\org\slf4j\jcl-over-slf4j\1.7.26\jcl-over-slf4j-1.7.26.jar;E:\APP\repository_heima-leannews\repository_heima-leannews\io\searchbox\jest\6.3.1\jest-6.3.1.jar;E:\APP\repository_heima-leannews\repository_heima-leannews\io\searchbox\jest-common\6.3.1\jest-common-6.3.1.jar;E:\APP\repository_heima-leannews\repository_heima-leannews\org\apache\httpcomponents\httpcore-nio\4.4.11\httpcore-nio-4.4.11.jar;E:\APP\repository_heima-leannews\repository_heima-leannews\org\apache\httpcomponents\httpcore\4.4.11\httpcore-4.4.11.jar;E:\APP\repository_heima-leannews\repository_heima-leannews\org\apache\httpcomponents\httpclient\4.5.8\httpclient-4.5.8.jar;E:\APP\repository_heima-leannews\repository_heima-leannews\org\apache\httpcomponents\httpasyncclient\4.1.4\httpasyncclient-4.1.4.jar;E:\APP\repository_heima-leannews\repository_heima-leannews\org\slf4j\slf4j-api\1.7.26\slf4j-api-1.7.26.jar;E:\APP\repository_heima-leannews\repository_heima-leannews\org\elasticsearch\elasticsearch\7.2.0\elasticsearch-7.2.0.jar;E:\APP\repository_heima-leannews\repository_heima-leannews\org\elasticsearch\elasticsearch-core\7.2.0\elasticsearch-core-7.2.0.jar;E:\APP\repository_heima-leannews\repository_heima-leannews\org\elasticsearch\elasticsearch-secure-sm\7.2.0\elasticsearch-secure-sm-7.2.0.jar;E:\APP\repository_heima-leannews\repository_heima-leannews\org\elasticsearch\elasticsearch-x-content\7.2.0\elasticsearch-x-content-7.2.0.jar;E:\APP\repository_heima-leannews\repository_heima-leannews\com\fasterxml\jackson\dataformat\jackson-dataformat-smile\2.9.8\jackson-dataformat-smile-2.9.8.jar;E:\APP\repository_heima-leannews\repository_heima-leannews\com\fasterxml\jackson\dataformat\jackson-dataformat-yaml\2.9.8\jackson-dataformat-yaml-2.9.8.jar;E:\APP\repository_heima-leannews\repository_heima-leannews\org\elasticsearch\elasticsearch-geo\7.2.0\elasticsearch-geo-7.2.0.jar;E:\APP\repository_heima-leannews\repository_heima-leannews\org\apache\lucene\lucene-core\8.0.0\lucene-core-8.0.0.jar;E:\APP\repository_heima-leannews\repository_heima-leannews\org\apache\lucene\lucene-analyzers-common\8.0.0\lucene-analyzers-common-8.0.0.jar;E:\APP\repository_heima-leannews\repository_heima-leannews\org\apache\lucene\lucene-backward-codecs\8.0.0\lucene-backward-codecs-8.0.0.jar;E:\APP\repository_heima-leannews\repository_heima-leannews\org\apache\lucene\lucene-grouping\8.0.0\lucene-grouping-8.0.0.jar;E:\APP\repository_heima-leannews\repository_heima-leannews\org\apache\lucene\lucene-highlighter\8.0.0\lucene-highlighter-8.0.0.jar;E:\APP\repository_heima-leannews\repository_heima-leannews\org\apache\lucene\lucene-join\8.0.0\lucene-join-8.0.0.jar;E:\APP\repository_heima-leannews\repository_heima-leannews\org\apache\lucene\lucene-memory\8.0.0\lucene-memory-8.0.0.jar;E:\APP\repository_heima-leannews\repository_heima-leannews\org\apache\lucene\lucene-misc\8.0.0\lucene-misc-8.0.0.jar;E:\APP\repository_heima-leannews\repository_heima-leannews\org\apache\lucene\lucene-queries\8.0.0\lucene-queries-8.0.0.jar;E:\APP\repository_heima-leannews\repository_heima-leannews\org\apache\lucene\lucene-queryparser\8.0.0\lucene-queryparser-8.0.0.jar;E:\APP\repository_heima-leannews\repository_heima-leannews\org\apache\lucene\lucene-sandbox\8.0.0\lucene-sandbox-8.0.0.jar;E:\APP\repository_heima-leannews\repository_heima-leannews\org\apache\lucene\lucene-spatial\8.0.0\lucene-spatial-8.0.0.jar;E:\APP\repository_heima-leannews\repository_heima-leannews\org\apache\lucene\lucene-spatial-extras\8.0.0\lucene-spatial-extras-8.0.0.jar;E:\APP\repository_heima-leannews\repository_heima-leannews\org\apache\lucene\lucene-spatial3d\8.0.0\lucene-spatial3d-8.0.0.jar;E:\APP\repository_heima-leannews\repository_heima-leannews\org\apache\lucene\lucene-suggest\8.0.0\lucene-suggest-8.0.0.jar;E:\APP\repository_heima-leannews\repository_heima-leannews\org\elasticsearch\elasticsearch-cli\7.2.0\elasticsearch-cli-7.2.0.jar;E:\APP\repository_heima-leannews\repository_heima-leannews\net\sf\jopt-simple\jopt-simple\5.0.2\jopt-simple-5.0.2.jar;E:\APP\repository_heima-leannews\repository_heima-leannews\com\carrotsearch\hppc\0.7.1\hppc-0.7.1.jar;E:\APP\repository_heima-leannews\repository_heima-leannews\joda-time\joda-time\2.10.2\joda-time-2.10.2.jar;E:\APP\repository_heima-leannews\repository_heima-leannews\com\tdunning\t-digest\3.2\t-digest-3.2.jar;E:\APP\repository_heima-leannews\repository_heima-leannews\org\hdrhistogram\HdrHistogram\2.1.9\HdrHistogram-2.1.9.jar;E:\APP\repository_heima-leannews\repository_heima-leannews\org\apache\logging\log4j\log4j-api\2.11.2\log4j-api-2.11.2.jar;E:\APP\repository_heima-leannews\repository_heima-leannews\org\elasticsearch\jna\4.5.1\jna-4.5.1.jar;E:\APP\repository_heima-leannews\repository_heima-leannews\org\springframework\kafka\spring-kafka\2.2.7.RELEASE\spring-kafka-2.2.7.RELEASE.jar;E:\APP\repository_heima-leannews\repository_heima-leannews\org\springframework\spring-context\5.1.7.RELEASE\spring-context-5.1.7.RELEASE.jar;E:\APP\repository_heima-leannews\repository_heima-leannews\org\springframework\retry\spring-retry\1.2.4.RELEASE\spring-retry-1.2.4.RELEASE.jar;E:\APP\repository_heima-leannews\repository_heima-leannews\org\apache\kafka\kafka-clients\2.0.1\kafka-clients-2.0.1.jar;E:\APP\repository_heima-leannews\repository_heima-leannews\org\lz4\lz4-java\1.4.1\lz4-java-1.4.1.jar;E:\APP\repository_heima-leannews\repository_heima-leannews\org\xerial\snappy\snappy-java\1.1.7.1\snappy-java-1.1.7.1.jar;E:\APP\repository_heima-leannews\repository_heima-leannews\org\apache\kafka\kafka-streams\2.0.1\kafka-streams-2.0.1.jar;E:\APP\repository_heima-leannews\repository_heima-leannews\org\rocksdb\rocksdbjni\5.7.3\rocksdbjni-5.7.3.jar;E:\APP\repository_heima-leannews\repository_heima-leannews\org\quartz-scheduler\quartz\2.3.1\quartz-2.3.1.jar;E:\APP\repository_heima-leannews\repository_heima-leannews\com\mchange\mchange-commons-java\0.2.15\mchange-commons-java-0.2.15.jar;E:\APP\repository_heima-leannews\repository_heima-leannews\com\aliyun\aliyun-java-sdk-core\4.1.1\aliyun-java-sdk-core-4.1.1.jar;E:\APP\repository_heima-leannews\repository_heima-leannews\com\google\code\gson\gson\2.8.5\gson-2.8.5.jar;E:\APP\repository_heima-leannews\repository_heima-leannews\com\sun\xml\bind\jaxb-core\2.1.14\jaxb-core-2.1.14.jar;E:\APP\repository_heima-leannews\repository_heima-leannews\com\sun\xml\bind\jaxb-impl\2.1\jaxb-impl-2.1.jar;E:\APP\repository_heima-leannews\repository_heima-leannews\javax\activation\activation\1.1.1\activation-1.1.1.jar;E:\APP\repository_heima-leannews\repository_heima-leannews\com\aliyun\aliyun-java-sdk-green\3.4.1\aliyun-java-sdk-green-3.4.1.jar;E:\APP\repository_heima-leannews\repository_heima-leannews\com\aliyun\oss\aliyun-sdk-oss\2.8.3\aliyun-sdk-oss-2.8.3.jar;E:\APP\repository_heima-leannews\repository_heima-leannews\org\jdom\jdom\1.1\jdom-1.1.jar;E:\APP\repository_heima-leannews\repository_heima-leannews\org\apache\hbase\hbase-client\2.1.5\hbase-client-2.1.5.jar;E:\APP\repository_heima-leannews\repository_heima-leannews\org\apache\hbase\thirdparty\hbase-shaded-protobuf\2.1.0\hbase-shaded-protobuf-2.1.0.jar;E:\APP\repository_heima-leannews\repository_heima-leannews\org\apache\hbase\hbase-common\2.1.5\hbase-common-2.1.5.jar;E:\APP\repository_heima-leannews\repository_heima-leannews\com\github\stephenc\findbugs\findbugs-annotations\1.3.9-1\findbugs-annotations-1.3.9-1.jar;E:\APP\repository_heima-leannews\repository_heima-leannews\org\apache\hbase\hbase-hadoop-compat\2.1.5\hbase-hadoop-compat-2.1.5.jar;E:\APP\repository_heima-leannews\repository_heima-leannews\org\apache\hbase\hbase-metrics-api\2.1.5\hbase-metrics-api-2.1.5.jar;E:\APP\repository_heima-leannews\repository_heima-leannews\org\apache\hbase\hbase-hadoop2-compat\2.1.5\hbase-hadoop2-compat-2.1.5.jar;E:\APP\repository_heima-leannews\repository_heima-leannews\org\apache\hbase\hbase-metrics\2.1.5\hbase-metrics-2.1.5.jar;E:\APP\repository_heima-leannews\repository_heima-leannews\org\apache\hbase\hbase-protocol-shaded\2.1.5\hbase-protocol-shaded-2.1.5.jar;E:\APP\repository_heima-leannews\repository_heima-leannews\org\apache\hbase\hbase-protocol\2.1.5\hbase-protocol-2.1.5.jar;E:\APP\repository_heima-leannews\repository_heima-leannews\commons-io\commons-io\2.6\commons-io-2.6.jar;E:\APP\repository_heima-leannews\repository_heima-leannews\org\apache\hbase\thirdparty\hbase-shaded-miscellaneous\2.1.0\hbase-shaded-miscellaneous-2.1.0.jar;E:\APP\repository_heima-leannews\repository_heima-leannews\com\google\protobuf\protobuf-java\2.5.0\protobuf-java-2.5.0.jar;E:\APP\repository_heima-leannews\repository_heima-leannews\org\apache\hbase\thirdparty\hbase-shaded-netty\2.1.0\hbase-shaded-netty-2.1.0.jar;E:\APP\repository_heima-leannews\repository_heima-leannews\org\apache\zookeeper\zookeeper\3.4.10\zookeeper-3.4.10.jar;E:\APP\repository_heima-leannews\repository_heima-leannews\org\apache\htrace\htrace-core4\4.2.0-incubating\htrace-core4-4.2.0-incubating.jar;E:\APP\repository_heima-leannews\repository_heima-leannews\org\jruby\jcodings\jcodings\1.0.18\jcodings-1.0.18.jar;E:\APP\repository_heima-leannews\repository_heima-leannews\org\jruby\joni\joni\2.1.11\joni-2.1.11.jar;E:\APP\repository_heima-leannews\repository_heima-leannews\io\dropwizard\metrics\metrics-core\4.0.5\metrics-core-4.0.5.jar;E:\APP\repository_heima-leannews\repository_heima-leannews\org\apache\commons\commons-crypto\1.0.0\commons-crypto-1.0.0.jar;E:\APP\repository_heima-leannews\repository_heima-leannews\org\apache\hadoop\hadoop-auth\2.7.7\hadoop-auth-2.7.7.jar;E:\APP\repository_heima-leannews\repository_heima-leannews\org\apache\directory\server\apacheds-kerberos-codec\2.0.0-M15\apacheds-kerberos-codec-2.0.0-M15.jar;E:\APP\repository_heima-leannews\repository_heima-leannews\org\apache\directory\server\apacheds-i18n\2.0.0-M15\apacheds-i18n-2.0.0-M15.jar;E:\APP\repository_heima-leannews\repository_heima-leannews\org\apache\directory\api\api-asn1-api\1.0.0-M20\api-asn1-api-1.0.0-M20.jar;E:\APP\repository_heima-leannews\repository_heima-leannews\org\apache\directory\api\api-util\1.0.0-M20\api-util-1.0.0-M20.jar;E:\APP\repository_heima-leannews\repository_heima-leannews\org\apache\hadoop\hadoop-common\2.7.7\hadoop-common-2.7.7.jar;E:\APP\repository_heima-leannews\repository_heima-leannews\org\apache\hadoop\hadoop-annotations\2.7.7\hadoop-annotations-2.7.7.jar;E:\APP\jdk\jre\..\lib\tools.jar;E:\APP\repository_heima-leannews\repository_heima-leannews\commons-cli\commons-cli\1.2\commons-cli-1.2.jar;E:\APP\repository_heima-leannews\repository_heima-leannews\org\apache\commons\commons-math3\3.1.1\commons-math3-3.1.1.jar;E:\APP\repository_heima-leannews\repository_heima-leannews\xmlenc\xmlenc\0.52\xmlenc-0.52.jar;E:\APP\repository_heima-leannews\repository_heima-leannews\commons-httpclient\commons-httpclient\3.1\commons-httpclient-3.1.jar;E:\APP\repository_heima-leannews\repository_heima-leannews\commons-net\commons-net\3.1\commons-net-3.1.jar;E:\APP\repository_heima-leannews\repository_heima-leannews\org\mortbay\jetty\jetty-sslengine\6.1.26\jetty-sslengine-6.1.26.jar;E:\APP\repository_heima-leannews\repository_heima-leannews\commons-lang\commons-lang\2.6\commons-lang-2.6.jar;E:\APP\repository_heima-leannews\repository_heima-leannews\commons-configuration\commons-configuration\1.6\commons-configuration-1.6.jar;E:\APP\repository_heima-leannews\repository_heima-leannews\commons-digester\commons-digester\1.8\commons-digester-1.8.jar;E:\APP\repository_heima-leannews\repository_heima-leannews\commons-beanutils\commons-beanutils-core\1.8.0\commons-beanutils-core-1.8.0.jar;E:\APP\repository_heima-leannews\repository_heima-leannews\org\codehaus\jackson\jackson-core-asl\1.9.13\jackson-core-asl-1.9.13.jar;E:\APP\repository_heima-leannews\repository_heima-leannews\org\codehaus\jackson\jackson-mapper-asl\1.9.13\jackson-mapper-asl-1.9.13.jar;E:\APP\repository_heima-leannews\repository_heima-leannews\org\apache\avro\avro\1.7.4\avro-1.7.4.jar;E:\APP\repository_heima-leannews\repository_heima-leannews\com\thoughtworks\paranamer\paranamer\2.3\paranamer-2.3.jar;E:\APP\repository_heima-leannews\repository_heima-leannews\com\jcraft\jsch\0.1.54\jsch-0.1.54.jar;E:\APP\repository_heima-leannews\repository_heima-leannews\com\google\code\findbugs\jsr305\3.0.0\jsr305-3.0.0.jar;E:\APP\repository_heima-leannews\repository_heima-leannews\org\apache\htrace\htrace-core\3.1.0-incubating\htrace-core-3.1.0-incubating.jar;E:\APP\repository_heima-leannews\repository_heima-leannews\org\apache\commons\commons-compress\1.4.1\commons-compress-1.4.1.jar;E:\APP\repository_heima-leannews\repository_heima-leannews\org\tukaani\xz\1.0\xz-1.0.jar;E:\APP\repository_heima-leannews\repository_heima-leannews\org\apache\yetus\audience-annotations\0.5.0\audience-annotations-0.5.0.jar;E:\APP\repository_heima-leannews\repository_heima-leannews\junit\junit\4.12\junit-4.12.jar;E:\APP\repository_heima-leannews\repository_heima-leannews\com\heima\heima-leadnews-apis\1.0-SNAPSHOT\heima-leadnews-apis-1.0-SNAPSHOT.jar;E:\APP\repository_heima-leannews\repository_heima-leannews\org\springframework\boot\spring-boot-starter-web\2.1.5.RELEASE\spring-boot-starter-web-2.1.5.RELEASE.jar;E:\APP\repository_heima-leannews\repository_heima-leannews\org\springframework\boot\spring-boot-starter-json\2.1.5.RELEASE\spring-boot-starter-json-2.1.5.RELEASE.jar;E:\APP\repository_heima-leannews\repository_heima-leannews\com\fasterxml\jackson\datatype\jackson-datatype-jdk8\2.9.8\jackson-datatype-jdk8-2.9.8.jar;E:\APP\repository_heima-leannews\repository_heima-leannews\com\fasterxml\jackson\datatype\jackson-datatype-jsr310\2.9.8\jackson-datatype-jsr310-2.9.8.jar;E:\APP\repository_heima-leannews\repository_heima-leannews\com\fasterxml\jackson\module\jackson-module-parameter-names\2.9.8\jackson-module-parameter-names-2.9.8.jar;E:\APP\repository_heima-leannews\repository_heima-leannews\org\springframework\boot\spring-boot-starter-tomcat\2.1.5.RELEASE\spring-boot-starter-tomcat-2.1.5.RELEASE.jar;E:\APP\repository_heima-leannews\repository_heima-leannews\org\apache\tomcat\embed\tomcat-embed-core\9.0.19\tomcat-embed-core-9.0.19.jar;E:\APP\repository_heima-leannews\repository_heima-leannews\org\apache\tomcat\embed\tomcat-embed-el\9.0.19\tomcat-embed-el-9.0.19.jar;E:\APP\repository_heima-leannews\repository_heima-leannews\org\apache\tomcat\embed\tomcat-embed-websocket\9.0.19\tomcat-embed-websocket-9.0.19.jar;E:\APP\repository_heima-leannews\repository_heima-leannews\org\hibernate\validator\hibernate-validator\6.0.16.Final\hibernate-validator-6.0.16.Final.jar;E:\APP\repository_heima-leannews\repository_heima-leannews\javax\validation\validation-api\2.0.1.Final\validation-api-2.0.1.Final.jar;E:\APP\repository_heima-leannews\repository_heima-leannews\org\jboss\logging\jboss-logging\3.3.2.Final\jboss-logging-3.3.2.Final.jar;E:\APP\repository_heima-leannews\repository_heima-leannews\com\fasterxml\classmate\1.4.0\classmate-1.4.0.jar;E:\APP\repository_heima-leannews\repository_heima-leannews\org\springframework\spring-web\5.1.7.RELEASE\spring-web-5.1.7.RELEASE.jar;E:\APP\repository_heima-leannews\repository_heima-leannews\org\springframework\spring-beans\5.1.7.RELEASE\spring-beans-5.1.7.RELEASE.jar;E:\APP\repository_heima-leannews\repository_heima-leannews\org\springframework\spring-webmvc\5.1.7.RELEASE\spring-webmvc-5.1.7.RELEASE.jar;E:\APP\repository_heima-leannews\repository_heima-leannews\org\springframework\spring-expression\5.1.7.RELEASE\spring-expression-5.1.7.RELEASE.jar;E:\APP\repository_heima-leannews\repository_heima-leannews\org\springframework\boot\spring-boot-starter-test\2.1.5.RELEASE\spring-boot-starter-test-2.1.5.RELEASE.jar;E:\APP\repository_heima-leannews\repository_heima-leannews\org\springframework\boot\spring-boot-test-autoconfigure\2.1.5.RELEASE\spring-boot-test-autoconfigure-2.1.5.RELEASE.jar;E:\APP\repository_heima-leannews\repository_heima-leannews\com\jayway\jsonpath\json-path\2.4.0\json-path-2.4.0.jar;E:\APP\repository_heima-leannews\repository_heima-leannews\net\minidev\json-smart\2.3\json-smart-2.3.jar;E:\APP\repository_heima-leannews\repository_heima-leannews\net\minidev\accessors-smart\1.2\accessors-smart-1.2.jar;E:\APP\repository_heima-leannews\repository_heima-leannews\org\ow2\asm\asm\5.0.4\asm-5.0.4.jar;E:\APP\repository_heima-leannews\repository_heima-leannews\org\assertj\assertj-core\3.11.1\assertj-core-3.11.1.jar;E:\APP\repository_heima-leannews\repository_heima-leannews\org\mockito\mockito-core\2.23.4\mockito-core-2.23.4.jar;E:\APP\repository_heima-leannews\repository_heima-leannews\net\bytebuddy\byte-buddy\1.9.12\byte-buddy-1.9.12.jar;E:\APP\repository_heima-leannews\repository_heima-leannews\net\bytebuddy\byte-buddy-agent\1.9.12\byte-buddy-agent-1.9.12.jar;E:\APP\repository_heima-leannews\repository_heima-leannews\org\objenesis\objenesis\2.6\objenesis-2.6.jar;E:\APP\repository_heima-leannews\repository_heima-leannews\org\hamcrest\hamcrest-core\1.3\hamcrest-core-1.3.jar;E:\APP\repository_heima-leannews\repository_heima-leannews\org\hamcrest\hamcrest-library\1.3\hamcrest-library-1.3.jar;E:\APP\repository_heima-leannews\repository_heima-leannews\org\skyscreamer\jsonassert\1.5.0\jsonassert-1.5.0.jar;E:\APP\repository_heima-leannews\repository_heima-leannews\com\vaadin\external\google\android-json\0.0.20131108.vaadin1\android-json-0.0.20131108.vaadin1.jar;E:\APP\repository_heima-leannews\repository_heima-leannews\org\springframework\spring-core\5.1.7.RELEASE\spring-core-5.1.7.RELEASE.jar;E:\APP\repository_heima-leannews\repository_heima-leannews\org\springframework\spring-jcl\5.1.7.RELEASE\spring-jcl-5.1.7.RELEASE.jar;E:\APP\repository_heima-leannews\repository_heima-leannews\org\springframework\spring-test\5.1.7.RELEASE\spring-test-5.1.7.RELEASE.jar;E:\APP\repository_heima-leannews\repository_heima-leannews\org\xmlunit\xmlunit-core\2.6.2\xmlunit-core-2.6.2.jar;E:\APP\repository_heima-leannews\repository_heima-leannews\org\jsoup\jsoup\1.10.2\jsoup-1.10.2.jar;E:\APP\repository_heima-leannews\repository_heima-leannews\com\fasterxml\jackson\dataformat\jackson-dataformat-cbor\2.9.9\jackson-dataformat-cbor-2.9.9.jar;E:\APP\repository_heima-leannews\repository_heima-leannews\com\fasterxml\jackson\core\jackson-core\2.9.8\jackson-core-2.9.8.jar;E:\APP\repository_heima-leannews\repository_heima-leannews\com\fasterxml\jackson\dataformat\jackson-dataformat-xml\2.9.9\jackson-dataformat-xml-2.9.9.jar;E:\APP\repository_heima-leannews\repository_heima-leannews\com\fasterxml\jackson\core\jackson-annotations\2.9.0\jackson-annotations-2.9.0.jar;E:\APP\repository_heima-leannews\repository_heima-leannews\com\fasterxml\jackson\core\jackson-databind\2.9.8\jackson-databind-2.9.8.jar;E:\APP\repository_heima-leannews\repository_heima-leannews\com\fasterxml\jackson\module\jackson-module-jaxb-annotations\2.9.8\jackson-module-jaxb-annotations-2.9.8.jar;E:\APP\repository_heima-leannews\repository_heima-leannews\org\codehaus\woodstox\stax2-api\3.1.4\stax2-api-3.1.4.jar;E:\APP\repository_heima-leannews\repository_heima-leannews\com\fasterxml\woodstox\woodstox-core\5.1.0\woodstox-core-5.1.0.jar;E:\APP\repository_heima-leannews\repository_heima-leannews\org\springframework\boot\spring-boot-starter-log4j2\2.1.5.RELEASE\spring-boot-starter-log4j2-2.1.5.RELEASE.jar;E:\APP\repository_heima-leannews\repository_heima-leannews\org\apache\logging\log4j\log4j-slf4j-impl\2.11.2\log4j-slf4j-impl-2.11.2.jar;E:\APP\repository_heima-leannews\repository_heima-leannews\org\apache\logging\log4j\log4j-core\2.11.2\log4j-core-2.11.2.jar;E:\APP\repository_heima-leannews\repository_heima-leannews\org\apache\logging\log4j\log4j-jul\2.11.2\log4j-jul-2.11.2.jar;E:\APP\repository_heima-leannews\repository_heima-leannews\org\slf4j\jul-to-slf4j\1.7.26\jul-to-slf4j-1.7.26.jar;E:\APP\repository_heima-leannews\repository_heima-leannews\org\projectlombok\lombok\1.18.8\lombok-1.18.8.jar;E:\APP\repository_heima-leannews\repository_heima-leannews\org\springframework\boot\spring-boot-autoconfigure\2.1.5.RELEASE\spring-boot-autoconfigure-2.1.5.RELEASE.jar;E:\APP\repository_heima-leannews\repository_heima-leannews\org\springframework\boot\spring-boot\2.1.5.RELEASE\spring-boot-2.1.5.RELEASE.jar;"/>
    <property name="java.vm.vendor" value="Oracle Corporation"/>
    <property name="sun.arch.data.model" value="64"/>
    <property name="user.variant" value=""/>
    <property name="java.vendor.url" value="http://java.oracle.com/"/>
    <property name="user.timezone" value="Asia/Shanghai"/>
    <property name="java.vm.specification.version" value="1.8"/>
    <property name="os.name" value="Windows 10"/>
    <property name="user.country" value="CN"/>
    <property name="sun.java.launcher" value="SUN_STANDARD"/>
    <property name="sun.boot.library.path" value="E:\APP\jdk\jre\bin"/>
    <property name="sun.java.command" value="C:\Users\Lenovo\AppData\Local\Temp\surefire1508296117703715821\surefirebooter9058102025333157245.jar C:\Users\Lenovo\AppData\Local\Temp\surefire1508296117703715821 2020-12-01T10-34-23_314-jvmRun1 surefire4862096575602265729tmp surefire_05989342687821788042tmp"/>
    <property name="surefire.test.class.path" value="E:\APP\heima-leadnews\heima-leadnews\heima-leadnews-behavior\target\test-classes;E:\APP\heima-leadnews\heima-leadnews\heima-leadnews-behavior\target\classes;E:\APP\repository_heima-leannews\repository_heima-leannews\com\heima\heima-leadnews-model\1.0-SNAPSHOT\heima-leadnews-model-1.0-SNAPSHOT.jar;E:\APP\repository_heima-leannews\repository_heima-leannews\org\springframework\boot\spring-boot-starter-data-jpa\2.1.5.RELEASE\spring-boot-starter-data-jpa-2.1.5.RELEASE.jar;E:\APP\repository_heima-leannews\repository_heima-leannews\javax\transaction\javax.transaction-api\1.3\javax.transaction-api-1.3.jar;E:\APP\repository_heima-leannews\repository_heima-leannews\javax\xml\bind\jaxb-api\2.3.1\jaxb-api-2.3.1.jar;E:\APP\repository_heima-leannews\repository_heima-leannews\javax\activation\javax.activation-api\1.2.0\javax.activation-api-1.2.0.jar;E:\APP\repository_heima-leannews\repository_heima-leannews\org\hibernate\hibernate-core\5.3.10.Final\hibernate-core-5.3.10.Final.jar;E:\APP\repository_heima-leannews\repository_heima-leannews\javax\persistence\javax.persistence-api\2.2\javax.persistence-api-2.2.jar;E:\APP\repository_heima-leannews\repository_heima-leannews\antlr\antlr\2.7.7\antlr-2.7.7.jar;E:\APP\repository_heima-leannews\repository_heima-leannews\org\jboss\jandex\2.0.5.Final\jandex-2.0.5.Final.jar;E:\APP\repository_heima-leannews\repository_heima-leannews\org\dom4j\dom4j\2.1.1\dom4j-2.1.1.jar;E:\APP\repository_heima-leannews\repository_heima-leannews\org\hibernate\common\hibernate-commons-annotations\5.0.4.Final\hibernate-commons-annotations-5.0.4.Final.jar;E:\APP\repository_heima-leannews\repository_heima-leannews\org\springframework\data\spring-data-jpa\2.1.8.RELEASE\spring-data-jpa-2.1.8.RELEASE.jar;E:\APP\repository_heima-leannews\repository_heima-leannews\org\springframework\data\spring-data-commons\2.1.8.RELEASE\spring-data-commons-2.1.8.RELEASE.jar;E:\APP\repository_heima-leannews\repository_heima-leannews\org\springframework\spring-orm\5.1.7.RELEASE\spring-orm-5.1.7.RELEASE.jar;E:\APP\repository_heima-leannews\repository_heima-leannews\org\springframework\spring-aspects\5.1.7.RELEASE\spring-aspects-5.1.7.RELEASE.jar;E:\APP\repository_heima-leannews\repository_heima-leannews\mysql\mysql-connector-java\5.1.47\mysql-connector-java-5.1.47.jar;E:\APP\repository_heima-leannews\repository_heima-leannews\org\mybatis\mybatis\3.5.1\mybatis-3.5.1.jar;E:\APP\repository_heima-leannews\repository_heima-leannews\org\apache\commons\commons-lang3\3.5\commons-lang3-3.5.jar;E:\APP\repository_heima-leannews\repository_heima-leannews\com\heima\heima-leadnews-common\1.0-SNAPSHOT\heima-leadnews-common-1.0-SNAPSHOT.jar;E:\APP\repository_heima-leannews\repository_heima-leannews\com\heima\heima-leadnews-utils\1.0-SNAPSHOT\heima-leadnews-utils-1.0-SNAPSHOT.jar;E:\APP\repository_heima-leannews\repository_heima-leannews\commons-codec\commons-codec\1.12\commons-codec-1.12.jar;E:\APP\repository_heima-leannews\repository_heima-leannews\com\alibaba\fastjson\1.2.58\fastjson-1.2.58.jar;E:\APP\repository_heima-leannews\repository_heima-leannews\io\jsonwebtoken\jjwt\0.9.1\jjwt-0.9.1.jar;E:\APP\repository_heima-leannews\repository_heima-leannews\com\hankcs\hanlp\portable-1.3.4\hanlp-portable-1.3.4.jar;E:\APP\repository_heima-leannews\repository_heima-leannews\commons-beanutils\commons-beanutils\1.9.3\commons-beanutils-1.9.3.jar;E:\APP\repository_heima-leannews\repository_heima-leannews\commons-logging\commons-logging\1.2\commons-logging-1.2.jar;E:\APP\repository_heima-leannews\repository_heima-leannews\commons-collections\commons-collections\3.2.2\commons-collections-3.2.2.jar;E:\APP\repository_heima-leannews\repository_heima-leannews\org\reflections\reflections\0.9.11\reflections-0.9.11.jar;E:\APP\repository_heima-leannews\repository_heima-leannews\com\google\guava\guava\20.0\guava-20.0.jar;E:\APP\repository_heima-leannews\repository_heima-leannews\org\javassist\javassist\3.21.0-GA\javassist-3.21.0-GA.jar;E:\APP\repository_heima-leannews\repository_heima-leannews\org\springframework\boot\spring-boot-starter-jdbc\2.1.5.RELEASE\spring-boot-starter-jdbc-2.1.5.RELEASE.jar;E:\APP\repository_heima-leannews\repository_heima-leannews\com\zaxxer\HikariCP\3.2.0\HikariCP-3.2.0.jar;E:\APP\repository_heima-leannews\repository_heima-leannews\org\springframework\spring-jdbc\5.1.7.RELEASE\spring-jdbc-5.1.7.RELEASE.jar;E:\APP\repository_heima-leannews\repository_heima-leannews\org\springframework\boot\spring-boot-starter-quartz\2.1.5.RELEASE\spring-boot-starter-quartz-2.1.5.RELEASE.jar;E:\APP\repository_heima-leannews\repository_heima-leannews\org\springframework\spring-context-support\5.1.7.RELEASE\spring-context-support-5.1.7.RELEASE.jar;E:\APP\repository_heima-leannews\repository_heima-leannews\org\springframework\spring-tx\5.1.7.RELEASE\spring-tx-5.1.7.RELEASE.jar;E:\APP\repository_heima-leannews\repository_heima-leannews\org\springframework\boot\spring-boot-starter-websocket\2.1.5.RELEASE\spring-boot-starter-websocket-2.1.5.RELEASE.jar;E:\APP\repository_heima-leannews\repository_heima-leannews\org\springframework\spring-messaging\5.1.7.RELEASE\spring-messaging-5.1.7.RELEASE.jar;E:\APP\repository_heima-leannews\repository_heima-leannews\org\springframework\spring-websocket\5.1.7.RELEASE\spring-websocket-5.1.7.RELEASE.jar;E:\APP\repository_heima-leannews\repository_heima-leannews\org\springframework\boot\spring-boot-starter-aop\2.1.5.RELEASE\spring-boot-starter-aop-2.1.5.RELEASE.jar;E:\APP\repository_heima-leannews\repository_heima-leannews\org\springframework\spring-aop\5.1.7.RELEASE\spring-aop-5.1.7.RELEASE.jar;E:\APP\repository_heima-leannews\repository_heima-leannews\org\aspectj\aspectjweaver\1.9.4\aspectjweaver-1.9.4.jar;E:\APP\repository_heima-leannews\repository_heima-leannews\org\springframework\boot\spring-boot-test\2.1.5.RELEASE\spring-boot-test-2.1.5.RELEASE.jar;E:\APP\repository_heima-leannews\repository_heima-leannews\org\springframework\boot\spring-boot-starter\2.1.5.RELEASE\spring-boot-starter-2.1.5.RELEASE.jar;E:\APP\repository_heima-leannews\repository_heima-leannews\javax\annotation\javax.annotation-api\1.3.2\javax.annotation-api-1.3.2.jar;E:\APP\repository_heima-leannews\repository_heima-leannews\org\yaml\snakeyaml\1.23\snakeyaml-1.23.jar;E:\APP\repository_heima-leannews\repository_heima-leannews\org\springframework\boot\spring-boot-starter-actuator\2.1.5.RELEASE\spring-boot-starter-actuator-2.1.5.RELEASE.jar;E:\APP\repository_heima-leannews\repository_heima-leannews\org\springframework\boot\spring-boot-actuator-autoconfigure\2.1.5.RELEASE\spring-boot-actuator-autoconfigure-2.1.5.RELEASE.jar;E:\APP\repository_heima-leannews\repository_heima-leannews\org\springframework\boot\spring-boot-actuator\2.1.5.RELEASE\spring-boot-actuator-2.1.5.RELEASE.jar;E:\APP\repository_heima-leannews\repository_heima-leannews\io\micrometer\micrometer-core\1.1.4\micrometer-core-1.1.4.jar;E:\APP\repository_heima-leannews\repository_heima-leannews\org\latencyutils\LatencyUtils\2.0.3\LatencyUtils-2.0.3.jar;E:\APP\repository_heima-leannews\repository_heima-leannews\org\springframework\boot\spring-boot-starter-data-mongodb\2.1.5.RELEASE\spring-boot-starter-data-mongodb-2.1.5.RELEASE.jar;E:\APP\repository_heima-leannews\repository_heima-leannews\org\mongodb\mongodb-driver\3.8.2\mongodb-driver-3.8.2.jar;E:\APP\repository_heima-leannews\repository_heima-leannews\org\mongodb\bson\3.8.2\bson-3.8.2.jar;E:\APP\repository_heima-leannews\repository_heima-leannews\org\mongodb\mongodb-driver-core\3.8.2\mongodb-driver-core-3.8.2.jar;E:\APP\repository_heima-leannews\repository_heima-leannews\org\springframework\data\spring-data-mongodb\2.1.8.RELEASE\spring-data-mongodb-2.1.8.RELEASE.jar;E:\APP\repository_heima-leannews\repository_heima-leannews\org\springframework\boot\spring-boot-starter-data-redis\2.1.5.RELEASE\spring-boot-starter-data-redis-2.1.5.RELEASE.jar;E:\APP\repository_heima-leannews\repository_heima-leannews\org\springframework\data\spring-data-redis\2.1.8.RELEASE\spring-data-redis-2.1.8.RELEASE.jar;E:\APP\repository_heima-leannews\repository_heima-leannews\org\springframework\data\spring-data-keyvalue\2.1.8.RELEASE\spring-data-keyvalue-2.1.8.RELEASE.jar;E:\APP\repository_heima-leannews\repository_heima-leannews\org\springframework\spring-oxm\5.1.7.RELEASE\spring-oxm-5.1.7.RELEASE.jar;E:\APP\repository_heima-leannews\repository_heima-leannews\io\lettuce\lettuce-core\5.1.6.RELEASE\lettuce-core-5.1.6.RELEASE.jar;E:\APP\repository_heima-leannews\repository_heima-leannews\io\netty\netty-common\4.1.36.Final\netty-common-4.1.36.Final.jar;E:\APP\repository_heima-leannews\repository_heima-leannews\io\netty\netty-handler\4.1.36.Final\netty-handler-4.1.36.Final.jar;E:\APP\repository_heima-leannews\repository_heima-leannews\io\netty\netty-buffer\4.1.36.Final\netty-buffer-4.1.36.Final.jar;E:\APP\repository_heima-leannews\repository_heima-leannews\io\netty\netty-codec\4.1.36.Final\netty-codec-4.1.36.Final.jar;E:\APP\repository_heima-leannews\repository_heima-leannews\io\netty\netty-transport\4.1.36.Final\netty-transport-4.1.36.Final.jar;E:\APP\repository_heima-leannews\repository_heima-leannews\io\netty\netty-resolver\4.1.36.Final\netty-resolver-4.1.36.Final.jar;E:\APP\repository_heima-leannews\repository_heima-leannews\io\projectreactor\reactor-core\3.2.9.RELEASE\reactor-core-3.2.9.RELEASE.jar;E:\APP\repository_heima-leannews\repository_heima-leannews\org\reactivestreams\reactive-streams\1.0.2\reactive-streams-1.0.2.jar;E:\APP\repository_heima-leannews\repository_heima-leannews\org\apache\commons\commons-pool2\2.6.2\commons-pool2-2.6.2.jar;E:\APP\repository_heima-leannews\repository_heima-leannews\org\springframework\boot\spring-boot-starter-cache\2.1.5.RELEASE\spring-boot-starter-cache-2.1.5.RELEASE.jar;E:\APP\repository_heima-leannews\repository_heima-leannews\org\mybatis\mybatis-spring\2.0.1\mybatis-spring-2.0.1.jar;E:\APP\repository_heima-leannews\repository_heima-leannews\org\apache\curator\curator-framework\4.2.0\curator-framework-4.2.0.jar;E:\APP\repository_heima-leannews\repository_heima-leannews\org\apache\curator\curator-client\4.2.0\curator-client-4.2.0.jar;E:\APP\repository_heima-leannews\repository_heima-leannews\org\apache\curator\curator-recipes\4.2.0\curator-recipes-4.2.0.jar;E:\APP\repository_heima-leannews\repository_heima-leannews\com\luhuiguo\fastdfs-spring-boot-starter\0.2.0\fastdfs-spring-boot-starter-0.2.0.jar;E:\APP\repository_heima-leannews\repository_heima-leannews\com\luhuiguo\fastdfs-client\0.4.0\fastdfs-client-0.4.0.jar;E:\APP\repository_heima-leannews\repository_heima-leannews\org\slf4j\jcl-over-slf4j\1.7.26\jcl-over-slf4j-1.7.26.jar;E:\APP\repository_heima-leannews\repository_heima-leannews\io\searchbox\jest\6.3.1\jest-6.3.1.jar;E:\APP\repository_heima-leannews\repository_heima-leannews\io\searchbox\jest-common\6.3.1\jest-common-6.3.1.jar;E:\APP\repository_heima-leannews\repository_heima-leannews\org\apache\httpcomponents\httpcore-nio\4.4.11\httpcore-nio-4.4.11.jar;E:\APP\repository_heima-leannews\repository_heima-leannews\org\apache\httpcomponents\httpcore\4.4.11\httpcore-4.4.11.jar;E:\APP\repository_heima-leannews\repository_heima-leannews\org\apache\httpcomponents\httpclient\4.5.8\httpclient-4.5.8.jar;E:\APP\repository_heima-leannews\repository_heima-leannews\org\apache\httpcomponents\httpasyncclient\4.1.4\httpasyncclient-4.1.4.jar;E:\APP\repository_heima-leannews\repository_heima-leannews\org\slf4j\slf4j-api\1.7.26\slf4j-api-1.7.26.jar;E:\APP\repository_heima-leannews\repository_heima-leannews\org\elasticsearch\elasticsearch\7.2.0\elasticsearch-7.2.0.jar;E:\APP\repository_heima-leannews\repository_heima-leannews\org\elasticsearch\elasticsearch-core\7.2.0\elasticsearch-core-7.2.0.jar;E:\APP\repository_heima-leannews\repository_heima-leannews\org\elasticsearch\elasticsearch-secure-sm\7.2.0\elasticsearch-secure-sm-7.2.0.jar;E:\APP\repository_heima-leannews\repository_heima-leannews\org\elasticsearch\elasticsearch-x-content\7.2.0\elasticsearch-x-content-7.2.0.jar;E:\APP\repository_heima-leannews\repository_heima-leannews\com\fasterxml\jackson\dataformat\jackson-dataformat-smile\2.9.8\jackson-dataformat-smile-2.9.8.jar;E:\APP\repository_heima-leannews\repository_heima-leannews\com\fasterxml\jackson\dataformat\jackson-dataformat-yaml\2.9.8\jackson-dataformat-yaml-2.9.8.jar;E:\APP\repository_heima-leannews\repository_heima-leannews\org\elasticsearch\elasticsearch-geo\7.2.0\elasticsearch-geo-7.2.0.jar;E:\APP\repository_heima-leannews\repository_heima-leannews\org\apache\lucene\lucene-core\8.0.0\lucene-core-8.0.0.jar;E:\APP\repository_heima-leannews\repository_heima-leannews\org\apache\lucene\lucene-analyzers-common\8.0.0\lucene-analyzers-common-8.0.0.jar;E:\APP\repository_heima-leannews\repository_heima-leannews\org\apache\lucene\lucene-backward-codecs\8.0.0\lucene-backward-codecs-8.0.0.jar;E:\APP\repository_heima-leannews\repository_heima-leannews\org\apache\lucene\lucene-grouping\8.0.0\lucene-grouping-8.0.0.jar;E:\APP\repository_heima-leannews\repository_heima-leannews\org\apache\lucene\lucene-highlighter\8.0.0\lucene-highlighter-8.0.0.jar;E:\APP\repository_heima-leannews\repository_heima-leannews\org\apache\lucene\lucene-join\8.0.0\lucene-join-8.0.0.jar;E:\APP\repository_heima-leannews\repository_heima-leannews\org\apache\lucene\lucene-memory\8.0.0\lucene-memory-8.0.0.jar;E:\APP\repository_heima-leannews\repository_heima-leannews\org\apache\lucene\lucene-misc\8.0.0\lucene-misc-8.0.0.jar;E:\APP\repository_heima-leannews\repository_heima-leannews\org\apache\lucene\lucene-queries\8.0.0\lucene-queries-8.0.0.jar;E:\APP\repository_heima-leannews\repository_heima-leannews\org\apache\lucene\lucene-queryparser\8.0.0\lucene-queryparser-8.0.0.jar;E:\APP\repository_heima-leannews\repository_heima-leannews\org\apache\lucene\lucene-sandbox\8.0.0\lucene-sandbox-8.0.0.jar;E:\APP\repository_heima-leannews\repository_heima-leannews\org\apache\lucene\lucene-spatial\8.0.0\lucene-spatial-8.0.0.jar;E:\APP\repository_heima-leannews\repository_heima-leannews\org\apache\lucene\lucene-spatial-extras\8.0.0\lucene-spatial-extras-8.0.0.jar;E:\APP\repository_heima-leannews\repository_heima-leannews\org\apache\lucene\lucene-spatial3d\8.0.0\lucene-spatial3d-8.0.0.jar;E:\APP\repository_heima-leannews\repository_heima-leannews\org\apache\lucene\lucene-suggest\8.0.0\lucene-suggest-8.0.0.jar;E:\APP\repository_heima-leannews\repository_heima-leannews\org\elasticsearch\elasticsearch-cli\7.2.0\elasticsearch-cli-7.2.0.jar;E:\APP\repository_heima-leannews\repository_heima-leannews\net\sf\jopt-simple\jopt-simple\5.0.2\jopt-simple-5.0.2.jar;E:\APP\repository_heima-leannews\repository_heima-leannews\com\carrotsearch\hppc\0.7.1\hppc-0.7.1.jar;E:\APP\repository_heima-leannews\repository_heima-leannews\joda-time\joda-time\2.10.2\joda-time-2.10.2.jar;E:\APP\repository_heima-leannews\repository_heima-leannews\com\tdunning\t-digest\3.2\t-digest-3.2.jar;E:\APP\repository_heima-leannews\repository_heima-leannews\org\hdrhistogram\HdrHistogram\2.1.9\HdrHistogram-2.1.9.jar;E:\APP\repository_heima-leannews\repository_heima-leannews\org\apache\logging\log4j\log4j-api\2.11.2\log4j-api-2.11.2.jar;E:\APP\repository_heima-leannews\repository_heima-leannews\org\elasticsearch\jna\4.5.1\jna-4.5.1.jar;E:\APP\repository_heima-leannews\repository_heima-leannews\org\springframework\kafka\spring-kafka\2.2.7.RELEASE\spring-kafka-2.2.7.RELEASE.jar;E:\APP\repository_heima-leannews\repository_heima-leannews\org\springframework\spring-context\5.1.7.RELEASE\spring-context-5.1.7.RELEASE.jar;E:\APP\repository_heima-leannews\repository_heima-leannews\org\springframework\retry\spring-retry\1.2.4.RELEASE\spring-retry-1.2.4.RELEASE.jar;E:\APP\repository_heima-leannews\repository_heima-leannews\org\apache\kafka\kafka-clients\2.0.1\kafka-clients-2.0.1.jar;E:\APP\repository_heima-leannews\repository_heima-leannews\org\lz4\lz4-java\1.4.1\lz4-java-1.4.1.jar;E:\APP\repository_heima-leannews\repository_heima-leannews\org\xerial\snappy\snappy-java\1.1.7.1\snappy-java-1.1.7.1.jar;E:\APP\repository_heima-leannews\repository_heima-leannews\org\apache\kafka\kafka-streams\2.0.1\kafka-streams-2.0.1.jar;E:\APP\repository_heima-leannews\repository_heima-leannews\org\rocksdb\rocksdbjni\5.7.3\rocksdbjni-5.7.3.jar;E:\APP\repository_heima-leannews\repository_heima-leannews\org\quartz-scheduler\quartz\2.3.1\quartz-2.3.1.jar;E:\APP\repository_heima-leannews\repository_heima-leannews\com\mchange\mchange-commons-java\0.2.15\mchange-commons-java-0.2.15.jar;E:\APP\repository_heima-leannews\repository_heima-leannews\com\aliyun\aliyun-java-sdk-core\4.1.1\aliyun-java-sdk-core-4.1.1.jar;E:\APP\repository_heima-leannews\repository_heima-leannews\com\google\code\gson\gson\2.8.5\gson-2.8.5.jar;E:\APP\repository_heima-leannews\repository_heima-leannews\com\sun\xml\bind\jaxb-core\2.1.14\jaxb-core-2.1.14.jar;E:\APP\repository_heima-leannews\repository_heima-leannews\com\sun\xml\bind\jaxb-impl\2.1\jaxb-impl-2.1.jar;E:\APP\repository_heima-leannews\repository_heima-leannews\javax\activation\activation\1.1.1\activation-1.1.1.jar;E:\APP\repository_heima-leannews\repository_heima-leannews\com\aliyun\aliyun-java-sdk-green\3.4.1\aliyun-java-sdk-green-3.4.1.jar;E:\APP\repository_heima-leannews\repository_heima-leannews\com\aliyun\oss\aliyun-sdk-oss\2.8.3\aliyun-sdk-oss-2.8.3.jar;E:\APP\repository_heima-leannews\repository_heima-leannews\org\jdom\jdom\1.1\jdom-1.1.jar;E:\APP\repository_heima-leannews\repository_heima-leannews\org\apache\hbase\hbase-client\2.1.5\hbase-client-2.1.5.jar;E:\APP\repository_heima-leannews\repository_heima-leannews\org\apache\hbase\thirdparty\hbase-shaded-protobuf\2.1.0\hbase-shaded-protobuf-2.1.0.jar;E:\APP\repository_heima-leannews\repository_heima-leannews\org\apache\hbase\hbase-common\2.1.5\hbase-common-2.1.5.jar;E:\APP\repository_heima-leannews\repository_heima-leannews\com\github\stephenc\findbugs\findbugs-annotations\1.3.9-1\findbugs-annotations-1.3.9-1.jar;E:\APP\repository_heima-leannews\repository_heima-leannews\org\apache\hbase\hbase-hadoop-compat\2.1.5\hbase-hadoop-compat-2.1.5.jar;E:\APP\repository_heima-leannews\repository_heima-leannews\org\apache\hbase\hbase-metrics-api\2.1.5\hbase-metrics-api-2.1.5.jar;E:\APP\repository_heima-leannews\repository_heima-leannews\org\apache\hbase\hbase-hadoop2-compat\2.1.5\hbase-hadoop2-compat-2.1.5.jar;E:\APP\repository_heima-leannews\repository_heima-leannews\org\apache\hbase\hbase-metrics\2.1.5\hbase-metrics-2.1.5.jar;E:\APP\repository_heima-leannews\repository_heima-leannews\org\apache\hbase\hbase-protocol-shaded\2.1.5\hbase-protocol-shaded-2.1.5.jar;E:\APP\repository_heima-leannews\repository_heima-leannews\org\apache\hbase\hbase-protocol\2.1.5\hbase-protocol-2.1.5.jar;E:\APP\repository_heima-leannews\repository_heima-leannews\commons-io\commons-io\2.6\commons-io-2.6.jar;E:\APP\repository_heima-leannews\repository_heima-leannews\org\apache\hbase\thirdparty\hbase-shaded-miscellaneous\2.1.0\hbase-shaded-miscellaneous-2.1.0.jar;E:\APP\repository_heima-leannews\repository_heima-leannews\com\google\protobuf\protobuf-java\2.5.0\protobuf-java-2.5.0.jar;E:\APP\repository_heima-leannews\repository_heima-leannews\org\apache\hbase\thirdparty\hbase-shaded-netty\2.1.0\hbase-shaded-netty-2.1.0.jar;E:\APP\repository_heima-leannews\repository_heima-leannews\org\apache\zookeeper\zookeeper\3.4.10\zookeeper-3.4.10.jar;E:\APP\repository_heima-leannews\repository_heima-leannews\org\apache\htrace\htrace-core4\4.2.0-incubating\htrace-core4-4.2.0-incubating.jar;E:\APP\repository_heima-leannews\repository_heima-leannews\org\jruby\jcodings\jcodings\1.0.18\jcodings-1.0.18.jar;E:\APP\repository_heima-leannews\repository_heima-leannews\org\jruby\joni\joni\2.1.11\joni-2.1.11.jar;E:\APP\repository_heima-leannews\repository_heima-leannews\io\dropwizard\metrics\metrics-core\4.0.5\metrics-core-4.0.5.jar;E:\APP\repository_heima-leannews\repository_heima-leannews\org\apache\commons\commons-crypto\1.0.0\commons-crypto-1.0.0.jar;E:\APP\repository_heima-leannews\repository_heima-leannews\org\apache\hadoop\hadoop-auth\2.7.7\hadoop-auth-2.7.7.jar;E:\APP\repository_heima-leannews\repository_heima-leannews\org\apache\directory\server\apacheds-kerberos-codec\2.0.0-M15\apacheds-kerberos-codec-2.0.0-M15.jar;E:\APP\repository_heima-leannews\repository_heima-leannews\org\apache\directory\server\apacheds-i18n\2.0.0-M15\apacheds-i18n-2.0.0-M15.jar;E:\APP\repository_heima-leannews\repository_heima-leannews\org\apache\directory\api\api-asn1-api\1.0.0-M20\api-asn1-api-1.0.0-M20.jar;E:\APP\repository_heima-leannews\repository_heima-leannews\org\apache\directory\api\api-util\1.0.0-M20\api-util-1.0.0-M20.jar;E:\APP\repository_heima-leannews\repository_heima-leannews\org\apache\hadoop\hadoop-common\2.7.7\hadoop-common-2.7.7.jar;E:\APP\repository_heima-leannews\repository_heima-leannews\org\apache\hadoop\hadoop-annotations\2.7.7\hadoop-annotations-2.7.7.jar;E:\APP\jdk\jre\..\lib\tools.jar;E:\APP\repository_heima-leannews\repository_heima-leannews\commons-cli\commons-cli\1.2\commons-cli-1.2.jar;E:\APP\repository_heima-leannews\repository_heima-leannews\org\apache\commons\commons-math3\3.1.1\commons-math3-3.1.1.jar;E:\APP\repository_heima-leannews\repository_heima-leannews\xmlenc\xmlenc\0.52\xmlenc-0.52.jar;E:\APP\repository_heima-leannews\repository_heima-leannews\commons-httpclient\commons-httpclient\3.1\commons-httpclient-3.1.jar;E:\APP\repository_heima-leannews\repository_heima-leannews\commons-net\commons-net\3.1\commons-net-3.1.jar;E:\APP\repository_heima-leannews\repository_heima-leannews\org\mortbay\jetty\jetty-sslengine\6.1.26\jetty-sslengine-6.1.26.jar;E:\APP\repository_heima-leannews\repository_heima-leannews\commons-lang\commons-lang\2.6\commons-lang-2.6.jar;E:\APP\repository_heima-leannews\repository_heima-leannews\commons-configuration\commons-configuration\1.6\commons-configuration-1.6.jar;E:\APP\repository_heima-leannews\repository_heima-leannews\commons-digester\commons-digester\1.8\commons-digester-1.8.jar;E:\APP\repository_heima-leannews\repository_heima-leannews\commons-beanutils\commons-beanutils-core\1.8.0\commons-beanutils-core-1.8.0.jar;E:\APP\repository_heima-leannews\repository_heima-leannews\org\codehaus\jackson\jackson-core-asl\1.9.13\jackson-core-asl-1.9.13.jar;E:\APP\repository_heima-leannews\repository_heima-leannews\org\codehaus\jackson\jackson-mapper-asl\1.9.13\jackson-mapper-asl-1.9.13.jar;E:\APP\repository_heima-leannews\repository_heima-leannews\org\apache\avro\avro\1.7.4\avro-1.7.4.jar;E:\APP\repository_heima-leannews\repository_heima-leannews\com\thoughtworks\paranamer\paranamer\2.3\paranamer-2.3.jar;E:\APP\repository_heima-leannews\repository_heima-leannews\com\jcraft\jsch\0.1.54\jsch-0.1.54.jar;E:\APP\repository_heima-leannews\repository_heima-leannews\com\google\code\findbugs\jsr305\3.0.0\jsr305-3.0.0.jar;E:\APP\repository_heima-leannews\repository_heima-leannews\org\apache\htrace\htrace-core\3.1.0-incubating\htrace-core-3.1.0-incubating.jar;E:\APP\repository_heima-leannews\repository_heima-leannews\org\apache\commons\commons-compress\1.4.1\commons-compress-1.4.1.jar;E:\APP\repository_heima-leannews\repository_heima-leannews\org\tukaani\xz\1.0\xz-1.0.jar;E:\APP\repository_heima-leannews\repository_heima-leannews\org\apache\yetus\audience-annotations\0.5.0\audience-annotations-0.5.0.jar;E:\APP\repository_heima-leannews\repository_heima-leannews\junit\junit\4.12\junit-4.12.jar;E:\APP\repository_heima-leannews\repository_heima-leannews\com\heima\heima-leadnews-apis\1.0-SNAPSHOT\heima-leadnews-apis-1.0-SNAPSHOT.jar;E:\APP\repository_heima-leannews\repository_heima-leannews\org\springframework\boot\spring-boot-starter-web\2.1.5.RELEASE\spring-boot-starter-web-2.1.5.RELEASE.jar;E:\APP\repository_heima-leannews\repository_heima-leannews\org\springframework\boot\spring-boot-starter-json\2.1.5.RELEASE\spring-boot-starter-json-2.1.5.RELEASE.jar;E:\APP\repository_heima-leannews\repository_heima-leannews\com\fasterxml\jackson\datatype\jackson-datatype-jdk8\2.9.8\jackson-datatype-jdk8-2.9.8.jar;E:\APP\repository_heima-leannews\repository_heima-leannews\com\fasterxml\jackson\datatype\jackson-datatype-jsr310\2.9.8\jackson-datatype-jsr310-2.9.8.jar;E:\APP\repository_heima-leannews\repository_heima-leannews\com\fasterxml\jackson\module\jackson-module-parameter-names\2.9.8\jackson-module-parameter-names-2.9.8.jar;E:\APP\repository_heima-leannews\repository_heima-leannews\org\springframework\boot\spring-boot-starter-tomcat\2.1.5.RELEASE\spring-boot-starter-tomcat-2.1.5.RELEASE.jar;E:\APP\repository_heima-leannews\repository_heima-leannews\org\apache\tomcat\embed\tomcat-embed-core\9.0.19\tomcat-embed-core-9.0.19.jar;E:\APP\repository_heima-leannews\repository_heima-leannews\org\apache\tomcat\embed\tomcat-embed-el\9.0.19\tomcat-embed-el-9.0.19.jar;E:\APP\repository_heima-leannews\repository_heima-leannews\org\apache\tomcat\embed\tomcat-embed-websocket\9.0.19\tomcat-embed-websocket-9.0.19.jar;E:\APP\repository_heima-leannews\repository_heima-leannews\org\hibernate\validator\hibernate-validator\6.0.16.Final\hibernate-validator-6.0.16.Final.jar;E:\APP\repository_heima-leannews\repository_heima-leannews\javax\validation\validation-api\2.0.1.Final\validation-api-2.0.1.Final.jar;E:\APP\repository_heima-leannews\repository_heima-leannews\org\jboss\logging\jboss-logging\3.3.2.Final\jboss-logging-3.3.2.Final.jar;E:\APP\repository_heima-leannews\repository_heima-leannews\com\fasterxml\classmate\1.4.0\classmate-1.4.0.jar;E:\APP\repository_heima-leannews\repository_heima-leannews\org\springframework\spring-web\5.1.7.RELEASE\spring-web-5.1.7.RELEASE.jar;E:\APP\repository_heima-leannews\repository_heima-leannews\org\springframework\spring-beans\5.1.7.RELEASE\spring-beans-5.1.7.RELEASE.jar;E:\APP\repository_heima-leannews\repository_heima-leannews\org\springframework\spring-webmvc\5.1.7.RELEASE\spring-webmvc-5.1.7.RELEASE.jar;E:\APP\repository_heima-leannews\repository_heima-leannews\org\springframework\spring-expression\5.1.7.RELEASE\spring-expression-5.1.7.RELEASE.jar;E:\APP\repository_heima-leannews\repository_heima-leannews\org\springframework\boot\spring-boot-starter-test\2.1.5.RELEASE\spring-boot-starter-test-2.1.5.RELEASE.jar;E:\APP\repository_heima-leannews\repository_heima-leannews\org\springframework\boot\spring-boot-test-autoconfigure\2.1.5.RELEASE\spring-boot-test-autoconfigure-2.1.5.RELEASE.jar;E:\APP\repository_heima-leannews\repository_heima-leannews\com\jayway\jsonpath\json-path\2.4.0\json-path-2.4.0.jar;E:\APP\repository_heima-leannews\repository_heima-leannews\net\minidev\json-smart\2.3\json-smart-2.3.jar;E:\APP\repository_heima-leannews\repository_heima-leannews\net\minidev\accessors-smart\1.2\accessors-smart-1.2.jar;E:\APP\repository_heima-leannews\repository_heima-leannews\org\ow2\asm\asm\5.0.4\asm-5.0.4.jar;E:\APP\repository_heima-leannews\repository_heima-leannews\org\assertj\assertj-core\3.11.1\assertj-core-3.11.1.jar;E:\APP\repository_heima-leannews\repository_heima-leannews\org\mockito\mockito-core\2.23.4\mockito-core-2.23.4.jar;E:\APP\repository_heima-leannews\repository_heima-leannews\net\bytebuddy\byte-buddy\1.9.12\byte-buddy-1.9.12.jar;E:\APP\repository_heima-leannews\repository_heima-leannews\net\bytebuddy\byte-buddy-agent\1.9.12\byte-buddy-agent-1.9.12.jar;E:\APP\repository_heima-leannews\repository_heima-leannews\org\objenesis\objenesis\2.6\objenesis-2.6.jar;E:\APP\repository_heima-leannews\repository_heima-leannews\org\hamcrest\hamcrest-core\1.3\hamcrest-core-1.3.jar;E:\APP\repository_heima-leannews\repository_heima-leannews\org\hamcrest\hamcrest-library\1.3\hamcrest-library-1.3.jar;E:\APP\repository_heima-leannews\repository_heima-leannews\org\skyscreamer\jsonassert\1.5.0\jsonassert-1.5.0.jar;E:\APP\repository_heima-leannews\repository_heima-leannews\com\vaadin\external\google\android-json\0.0.20131108.vaadin1\android-json-0.0.20131108.vaadin1.jar;E:\APP\repository_heima-leannews\repository_heima-leannews\org\springframework\spring-core\5.1.7.RELEASE\spring-core-5.1.7.RELEASE.jar;E:\APP\repository_heima-leannews\repository_heima-leannews\org\springframework\spring-jcl\5.1.7.RELEASE\spring-jcl-5.1.7.RELEASE.jar;E:\APP\repository_heima-leannews\repository_heima-leannews\org\springframework\spring-test\5.1.7.RELEASE\spring-test-5.1.7.RELEASE.jar;E:\APP\repository_heima-leannews\repository_heima-leannews\org\xmlunit\xmlunit-core\2.6.2\xmlunit-core-2.6.2.jar;E:\APP\repository_heima-leannews\repository_heima-leannews\org\jsoup\jsoup\1.10.2\jsoup-1.10.2.jar;E:\APP\repository_heima-leannews\repository_heima-leannews\com\fasterxml\jackson\dataformat\jackson-dataformat-cbor\2.9.9\jackson-dataformat-cbor-2.9.9.jar;E:\APP\repository_heima-leannews\repository_heima-leannews\com\fasterxml\jackson\core\jackson-core\2.9.8\jackson-core-2.9.8.jar;E:\APP\repository_heima-leannews\repository_heima-leannews\com\fasterxml\jackson\dataformat\jackson-dataformat-xml\2.9.9\jackson-dataformat-xml-2.9.9.jar;E:\APP\repository_heima-leannews\repository_heima-leannews\com\fasterxml\jackson\core\jackson-annotations\2.9.0\jackson-annotations-2.9.0.jar;E:\APP\repository_heima-leannews\repository_heima-leannews\com\fasterxml\jackson\core\jackson-databind\2.9.8\jackson-databind-2.9.8.jar;E:\APP\repository_heima-leannews\repository_heima-leannews\com\fasterxml\jackson\module\jackson-module-jaxb-annotations\2.9.8\jackson-module-jaxb-annotations-2.9.8.jar;E:\APP\repository_heima-leannews\repository_heima-leannews\org\codehaus\woodstox\stax2-api\3.1.4\stax2-api-3.1.4.jar;E:\APP\repository_heima-leannews\repository_heima-leannews\com\fasterxml\woodstox\woodstox-core\5.1.0\woodstox-core-5.1.0.jar;E:\APP\repository_heima-leannews\repository_heima-leannews\org\springframework\boot\spring-boot-starter-log4j2\2.1.5.RELEASE\spring-boot-starter-log4j2-2.1.5.RELEASE.jar;E:\APP\repository_heima-leannews\repository_heima-leannews\org\apache\logging\log4j\log4j-slf4j-impl\2.11.2\log4j-slf4j-impl-2.11.2.jar;E:\APP\repository_heima-leannews\repository_heima-leannews\org\apache\logging\log4j\log4j-core\2.11.2\log4j-core-2.11.2.jar;E:\APP\repository_heima-leannews\repository_heima-leannews\org\apache\logging\log4j\log4j-jul\2.11.2\log4j-jul-2.11.2.jar;E:\APP\repository_heima-leannews\repository_heima-leannews\org\slf4j\jul-to-slf4j\1.7.26\jul-to-slf4j-1.7.26.jar;E:\APP\repository_heima-leannews\repository_heima-leannews\org\projectlombok\lombok\1.18.8\lombok-1.18.8.jar;E:\APP\repository_heima-leannews\repository_heima-leannews\org\springframework\boot\spring-boot-autoconfigure\2.1.5.RELEASE\spring-boot-autoconfigure-2.1.5.RELEASE.jar;E:\APP\repository_heima-leannews\repository_heima-leannews\org\springframework\boot\spring-boot\2.1.5.RELEASE\spring-boot-2.1.5.RELEASE.jar;"/>
    <property name="sun.cpu.endian" value="little"/>
    <property name="user.home" value="C:\Users\Lenovo"/>
    <property name="user.language" value="zh"/>
    <property name="java.specification.vendor" value="Oracle Corporation"/>
    <property name="java.home" value="E:\APP\jdk\jre"/>
    <property name="basedir" value="E:\APP\heima-leadnews\heima-leadnews\heima-leadnews-behavior"/>
    <property name="file.separator" value="\"/>
    <property name="line.separator" value="&#10;"/>
    <property name="java.vm.specification.vendor" value="Oracle Corporation"/>
    <property name="java.specification.name" value="Java Platform API Specification"/>
    <property name="java.awt.graphicsenv" value="sun.awt.Win32GraphicsEnvironment"/>
    <property name="surefire.real.class.path" value="C:\Users\Lenovo\AppData\Local\Temp\surefire1508296117703715821\surefirebooter9058102025333157245.jar"/>
    <property name="sun.boot.class.path" value="E:\APP\jdk\jre\lib\resources.jar;E:\APP\jdk\jre\lib\rt.jar;E:\APP\jdk\jre\lib\sunrsasign.jar;E:\APP\jdk\jre\lib\jsse.jar;E:\APP\jdk\jre\lib\jce.jar;E:\APP\jdk\jre\lib\charsets.jar;E:\APP\jdk\jre\lib\jfr.jar;E:\APP\jdk\jre\classes"/>
    <property name="user.script" value=""/>
    <property name="sun.management.compiler" value="HotSpot 64-Bit Tiered Compilers"/>
    <property name="java.runtime.version" value="1.8.0_251-b08"/>
    <property name="user.name" value="Lenovo"/>
    <property name="path.separator" value=";"/>
    <property name="os.version" value="10.0"/>
    <property name="java.endorsed.dirs" value="E:\APP\jdk\jre\lib\endorsed"/>
    <property name="java.runtime.name" value="Java(TM) SE Runtime Environment"/>
    <property name="file.encoding" value="GBK"/>
    <property name="java.vm.name" value="Java HotSpot(TM) 64-Bit Server VM"/>
    <property name="localRepository" value="E:\APP\repository_heima-leannews\repository_heima-leannews"/>
    <property name="java.vendor.url.bug" value="http://bugreport.sun.com/bugreport/"/>
    <property name="java.io.tmpdir" value="C:\Users\Lenovo\AppData\Local\Temp\"/>
    <property name="idea.version" value="2018.1.6"/>
    <property name="java.version" value="1.8.0_251"/>
    <property name="user.dir" value="E:\APP\heima-leadnews\heima-leadnews\heima-leadnews-behavior"/>
    <property name="os.arch" value="amd64"/>
    <property name="java.vm.specification.name" value="Java Virtual Machine Specification"/>
    <property name="java.awt.printerjob" value="sun.awt.windows.WPrinterJob"/>
    <property name="sun.os.patch.level" value=""/>
    <property name="java.library.path" value="E:\APP\jdk\jre\bin;C:\WINDOWS\Sun\Java\bin;C:\WINDOWS\system32;C:\WINDOWS;E:\vm\bin\;C:\Program Files (x86)\Common Files\Oracle\Java\javapath;C:\Program Files (x86)\NetSarang\Xshell 6\;C:\Program Files (x86)\Intel\Intel(R) Management Engine Components\iCLS\;C:\Program Files\Intel\Intel(R) Management Engine Components\iCLS\;C:\WINDOWS\system32;C:\WINDOWS;C:\WINDOWS\System32\Wbem;C:\WINDOWS\System32\WindowsPowerShell\v1.0\;C:\WINDOWS\System32\OpenSSH\;C:\Program Files (x86)\Intel\Intel(R) Management Engine Components\DAL;C:\Program Files\Intel\Intel(R) Management Engine Components\DAL;E:\svn\bin;E:\nodejs\;E:\Git\cmd;E:\tsvn\bin;C:\Program Files\Common Files\Autodesk Shared\;E:\apache-maven-3.6.3\bin;E:\APP\jdk\bin;E:\apache-maven-3.6.3\bin;C:\Users\Lenovo\AppData\Local\Microsoft\WindowsApps;E:\Microsoft VS Code\bin;C:\Users\Lenovo\AppData\Roaming\npm;C:\Users\Lenovo\AppData\Local\Programs\Fiddler;C:\Users\Lenovo\AppData\Local\Microsoft\WindowsApps;;."/>
    <property name="java.vm.info" value="mixed mode"/>
    <property name="java.vendor" value="Oracle Corporation"/>
    <property name="java.vm.version" value="25.251-b08"/>
    <property name="java.ext.dirs" value="E:\APP\jdk\jre\lib\ext;C:\WINDOWS\Sun\Java\lib\ext"/>
    <property name="sun.io.unicode.encoding" value="UnicodeLittle"/>
    <property name="maven.repo.local" value="E:\APP\repository_heima-leannews\repository_heima-leannews"/>
    <property name="java.class.version" value="52.0"/>
  </properties>
  <testcase name="testSave" classname="com.heima.behavior.test.BehaviorTest" time="14,220.655">
    <error message="&#10;### Error updating database.  Cause: com.mysql.jdbc.exceptions.jdbc4.MySQLTransactionRollbackException: Deadlock found when trying to get lock; try restarting transaction&#10;### The error may exist in class path resource [mappers/app/ApShowBehaviorMapper.xml]&#10;### The error may involve defaultParameterMap&#10;### The error occurred while setting parameters&#10;### SQL: insert into ap_show_behavior (id,entry_id, article_id,is_click, show_time, created_time) values                        (?,?, ?,0, now(),now())&#10;### Cause: com.mysql.jdbc.exceptions.jdbc4.MySQLTransactionRollbackException: Deadlock found when trying to get lock; try restarting transaction&#10;; Deadlock found when trying to get lock; try restarting transaction; nested exception is com.mysql.jdbc.exceptions.jdbc4.MySQLTransactionRollbackException: Deadlock found when trying to get lock; try restarting transaction" type="org.springframework.dao.DeadlockLoserDataAccessException">org.springframework.dao.DeadlockLoserDataAccessException: 

### Error updating database.  Cause: com.mysql.jdbc.exceptions.jdbc4.MySQLTransactionRollbackException: Deadlock found when trying to get lock; try restarting transaction
### The error may exist in class path resource [mappers/app/ApShowBehaviorMapper.xml]
### The error may involve defaultParameterMap
### The error occurred while setting parameters
### SQL: insert into ap_show_behavior (id,entry_id, article_id,is_click, show_time, created_time) values                        (?,?, ?,0, now(),now())
### Cause: com.mysql.jdbc.exceptions.jdbc4.MySQLTransactionRollbackException: Deadlock found when trying to get lock; try restarting transaction
; Deadlock found when trying to get lock; try restarting transaction; nested exception is com.mysql.jdbc.exceptions.jdbc4.MySQLTransactionRollbackException: Deadlock found when trying to get lock; try restarting transaction
	at com.heima.behavior.test.BehaviorTest.testSave(BehaviorTest.java:41)
Caused by: com.mysql.jdbc.exceptions.jdbc4.MySQLTransactionRollbackException: Deadlock found when trying to get lock; try restarting transaction
	at com.heima.behavior.test.BehaviorTest.testSave(BehaviorTest.java:41)
</error>
    <system-out><![CDATA[2020-12-01 10:34:29,638^|1^|INFO^|main^|org.springframework.boot.test.context.SpringBootTestContextBootstrapper^|buildDefaultMergedContextConfiguration^|Neither @ContextConfiguration nor @ContextHierarchy found for test class [com.heima.behavior.test.BehaviorTest], using SpringBootContextLoader
2020-12-01 10:34:29,665 main ERROR Unable to move file C:\Users\Lenovo\logs\heima-leadnews-behavior-1.0-SNAPSHOT.log to C:\Users\Lenovo\logs\2020-11\heima-leadnews-behavior-1.0-SNAPSHOT-2020-11-25-7.log: java.nio.file.FileSystemException C:\Users\Lenovo\logs\heima-leadnews-behavior-1.0-SNAPSHOT.log -> C:\Users\Lenovo\logs\2020-11\heima-leadnews-behavior-1.0-SNAPSHOT-2020-11-25-7.log: 另一个程序正在使用此文件，进程无法访问。

2020-12-01 10:34:29,670 main ERROR Unable to delete file C:\Users\Lenovo\logs\heima-leadnews-behavior-1.0-SNAPSHOT.log: java.nio.file.FileSystemException C:\Users\Lenovo\logs\heima-leadnews-behavior-1.0-SNAPSHOT.log: 另一个程序正在使用此文件，进程无法访问。

2020-12-01 10:34:29,681^|3^|INFO^|main^|org.springframework.test.context.support.AbstractContextLoader^|generateDefaultLocations^|Could not detect default resource locations for test class [com.heima.behavior.test.BehaviorTest]: no resource found for suffixes {-context.xml, Context.groovy}.
2020-12-01 10:34:29,925^|5^|INFO^|main^|org.springframework.boot.test.context.SpringBootTestContextBootstrapper^|getDefaultTestExecutionListenerClassNames^|Loaded default TestExecutionListener class names from location [META-INF/spring.factories]: [org.springframework.boot.test.mock.mockito.MockitoTestExecutionListener, org.springframework.boot.test.mock.mockito.ResetMocksTestExecutionListener, org.springframework.boot.test.autoconfigure.restdocs.RestDocsTestExecutionListener, org.springframework.boot.test.autoconfigure.web.client.MockRestServiceServerResetTestExecutionListener, org.springframework.boot.test.autoconfigure.web.servlet.MockMvcPrintOnlyOnFailureTestExecutionListener, org.springframework.boot.test.autoconfigure.web.servlet.WebDriverTestExecutionListener, org.springframework.test.context.web.ServletTestExecutionListener, org.springframework.test.context.support.DirtiesContextBeforeModesTestExecutionListener, org.springframework.test.context.support.DependencyInjectionTestExecutionListener, org.springframework.test.context.support.DirtiesContextTestExecutionListener, org.springframework.test.context.transaction.TransactionalTestExecutionListener, org.springframework.test.context.jdbc.SqlScriptsTestExecutionListener]
2020-12-01 10:34:29,959^|7^|INFO^|main^|org.springframework.boot.test.context.SpringBootTestContextBootstrapper^|getTestExecutionListeners^|Using TestExecutionListeners: [org.springframework.test.context.web.ServletTestExecutionListener@11bb571c, org.springframework.test.context.support.DirtiesContextBeforeModesTestExecutionListener@7c51f34b, org.springframework.boot.test.mock.mockito.MockitoTestExecutionListener@5495333e, org.springframework.boot.test.autoconfigure.SpringBootDependencyInjectionTestExecutionListener@2a225dd7, org.springframework.test.context.support.DirtiesContextTestExecutionListener@61eaec38, org.springframework.test.context.transaction.TransactionalTestExecutionListener@125290e5, org.springframework.test.context.jdbc.SqlScriptsTestExecutionListener@6fa34d52, org.springframework.boot.test.mock.mockito.ResetMocksTestExecutionListener@57576994, org.springframework.boot.test.autoconfigure.restdocs.RestDocsTestExecutionListener@616ac46a, org.springframework.boot.test.autoconfigure.web.client.MockRestServiceServerResetTestExecutionListener@67b9b51a, org.springframework.boot.test.autoconfigure.web.servlet.MockMvcPrintOnlyOnFailureTestExecutionListener@1205bd62, org.springframework.boot.test.autoconfigure.web.servlet.WebDriverTestExecutionListener@7ef27d7f]

  .   ____          _            __ _ _
 /\\ / ___'_ __ _ _(_)_ __  __ _ \ \ \ \
( ( )\___ | '_ | '_| | '_ \/ _` | \ \ \ \
 \\/  ___)| |_)| | | | | || (_| |  ) ) ) )
  '  |____| .__|_| |_|_| |_\__, | / / / /
 =========|_|==============|___/=/_/_/_/
 :: Spring Boot ::        (v2.1.5.RELEASE)

2020-12-01 10:34:30,572^|9^|INFO^|main^|com.heima.behavior.test.BehaviorTest^|logStarting^|Starting BehaviorTest on DESKTOP-A7UV77A with PID 23144 (started by Lenovo in E:\APP\heima-leadnews\heima-leadnews\heima-leadnews-behavior)
2020-12-01 10:34:30,574^|11^|DEBUG^|main^|com.heima.behavior.test.BehaviorTest^|logStarting^|Running with Spring Boot v2.1.5.RELEASE, Spring v5.1.7.RELEASE
2020-12-01 10:34:30,574^|13^|INFO^|main^|com.heima.behavior.test.BehaviorTest^|logStartupProfileInfo^|The following profiles are active: test
2020-12-01 10:34:31,831^|15^|DEBUG^|main^|org.apache.ibatis.logging.LogFactory^|setImplementation^|Logging initialized using 'class org.apache.ibatis.logging.slf4j.Slf4jImpl' adapter.
2020-12-01 10:34:32,289^|17^|INFO^|main^|org.springframework.data.repository.config.RepositoryConfigurationDelegate^|multipleStoresDetected^|Multiple Spring Data modules found, entering strict repository configuration mode!
2020-12-01 10:34:32,293^|19^|INFO^|main^|org.springframework.data.repository.config.RepositoryConfigurationDelegate^|registerRepositoriesIn^|Bootstrapping Spring Data repositories in DEFAULT mode.
2020-12-01 10:34:32,325^|21^|INFO^|main^|org.springframework.data.repository.config.RepositoryConfigurationDelegate^|registerRepositoriesIn^|Finished Spring Data repository scanning in 22ms. Found 0 repository interfaces.
2020-12-01 10:34:32,334^|23^|INFO^|main^|org.springframework.data.repository.config.RepositoryConfigurationDelegate^|multipleStoresDetected^|Multiple Spring Data modules found, entering strict repository configuration mode!
2020-12-01 10:34:32,334^|25^|INFO^|main^|org.springframework.data.repository.config.RepositoryConfigurationDelegate^|registerRepositoriesIn^|Bootstrapping Spring Data repositories in DEFAULT mode.
2020-12-01 10:34:32,341^|27^|INFO^|main^|org.springframework.data.repository.config.RepositoryConfigurationDelegate^|registerRepositoriesIn^|Finished Spring Data repository scanning in 6ms. Found 0 repository interfaces.
2020-12-01 10:34:33,147^|29^|INFO^|main^|org.springframework.context.support.PostProcessorRegistrationDelegate$BeanPostProcessorChecker^|postProcessAfterInitialization^|Bean 'transactionConfig' of type [com.heima.common.mysql.core.TransactionConfig$$EnhancerBySpringCGLIB$$9603be63] is not eligible for getting processed by all BeanPostProcessors (for example: not eligible for auto-proxying)
2020-12-01 10:34:33,213^|31^|INFO^|main^|org.springframework.context.support.PostProcessorRegistrationDelegate$BeanPostProcessorChecker^|postProcessAfterInitialization^|Bean 'mysqlCoreConfig' of type [com.heima.common.mysql.core.MysqlCoreConfig$$EnhancerBySpringCGLIB$$46780746] is not eligible for getting processed by all BeanPostProcessors (for example: not eligible for auto-proxying)
2020-12-01 10:34:33,245^|33^|DEBUG^|main^|com.zaxxer.hikari.HikariConfig^|setDriverClassName^|Driver class com.mysql.jdbc.Driver found in Thread context class loader sun.misc.Launcher$AppClassLoader@42a57993
2020-12-01 10:34:33,266^|35^|INFO^|main^|org.springframework.context.support.PostProcessorRegistrationDelegate$BeanPostProcessorChecker^|postProcessAfterInitialization^|Bean 'mysqlCoreDataSource' of type [com.zaxxer.hikari.HikariDataSource] is not eligible for getting processed by all BeanPostProcessors (for example: not eligible for auto-proxying)
2020-12-01 10:34:33,291^|37^|INFO^|main^|org.springframework.context.support.PostProcessorRegistrationDelegate$BeanPostProcessorChecker^|postProcessAfterInitialization^|Bean 'mysqlCoreDataSourceTransactionManager' of type [org.springframework.jdbc.datasource.DataSourceTransactionManager] is not eligible for getting processed by all BeanPostProcessors (for example: not eligible for auto-proxying)
2020-12-01 10:34:33,311^|39^|INFO^|main^|org.springframework.context.support.PostProcessorRegistrationDelegate$BeanPostProcessorChecker^|postProcessAfterInitialization^|Bean 'mysqlCoreDataSourceTxAdvice' of type [org.springframework.transaction.interceptor.TransactionInterceptor] is not eligible for getting processed by all BeanPostProcessors (for example: not eligible for auto-proxying)
2020-12-01 10:34:33,325^|41^|INFO^|main^|org.springframework.context.support.PostProcessorRegistrationDelegate$BeanPostProcessorChecker^|postProcessAfterInitialization^|Bean 'txAdviceAdvisor' of type [org.springframework.aop.support.DefaultPointcutAdvisor] is not eligible for getting processed by all BeanPostProcessors (for example: not eligible for auto-proxying)
2020-12-01 10:34:33,341^|43^|INFO^|main^|org.springframework.context.support.PostProcessorRegistrationDelegate$BeanPostProcessorChecker^|postProcessAfterInitialization^|Bean 'org.springframework.transaction.annotation.ProxyTransactionManagementConfiguration' of type [org.springframework.transaction.annotation.ProxyTransactionManagementConfiguration$$EnhancerBySpringCGLIB$$49265d9] is not eligible for getting processed by all BeanPostProcessors (for example: not eligible for auto-proxying)
2020-12-01 10:34:33,679^|45^|DEBUG^|main^|com.zaxxer.hikari.HikariConfig^|logConfiguration^|HikariPool-1 - configuration:
2020-12-01 10:34:33,682^|47^|DEBUG^|main^|com.zaxxer.hikari.HikariConfig^|logConfiguration^|allowPoolSuspension.............false
2020-12-01 10:34:33,683^|49^|DEBUG^|main^|com.zaxxer.hikari.HikariConfig^|logConfiguration^|autoCommit......................true
2020-12-01 10:34:33,683^|51^|DEBUG^|main^|com.zaxxer.hikari.HikariConfig^|logConfiguration^|catalog.........................none
2020-12-01 10:34:33,684^|53^|DEBUG^|main^|com.zaxxer.hikari.HikariConfig^|logConfiguration^|connectionInitSql...............none
2020-12-01 10:34:33,684^|55^|DEBUG^|main^|com.zaxxer.hikari.HikariConfig^|logConfiguration^|connectionTestQuery.............none
2020-12-01 10:34:33,685^|57^|DEBUG^|main^|com.zaxxer.hikari.HikariConfig^|logConfiguration^|connectionTimeout...............30000
2020-12-01 10:34:33,686^|59^|DEBUG^|main^|com.zaxxer.hikari.HikariConfig^|logConfiguration^|dataSource......................none
2020-12-01 10:34:33,687^|61^|DEBUG^|main^|com.zaxxer.hikari.HikariConfig^|logConfiguration^|dataSourceClassName.............none
2020-12-01 10:34:33,687^|63^|DEBUG^|main^|com.zaxxer.hikari.HikariConfig^|logConfiguration^|dataSourceJNDI..................none
2020-12-01 10:34:33,688^|65^|DEBUG^|main^|com.zaxxer.hikari.HikariConfig^|logConfiguration^|dataSourceProperties............{password=<masked>}
2020-12-01 10:34:33,689^|67^|DEBUG^|main^|com.zaxxer.hikari.HikariConfig^|logConfiguration^|driverClassName................."com.mysql.jdbc.Driver"
2020-12-01 10:34:33,690^|69^|DEBUG^|main^|com.zaxxer.hikari.HikariConfig^|logConfiguration^|healthCheckProperties...........{}
2020-12-01 10:34:33,690^|71^|DEBUG^|main^|com.zaxxer.hikari.HikariConfig^|logConfiguration^|healthCheckRegistry.............none
2020-12-01 10:34:33,691^|73^|DEBUG^|main^|com.zaxxer.hikari.HikariConfig^|logConfiguration^|idleTimeout.....................600000
2020-12-01 10:34:33,691^|75^|DEBUG^|main^|com.zaxxer.hikari.HikariConfig^|logConfiguration^|initializationFailTimeout.......1
2020-12-01 10:34:33,691^|77^|DEBUG^|main^|com.zaxxer.hikari.HikariConfig^|logConfiguration^|isolateInternalQueries..........false
2020-12-01 10:34:33,692^|79^|DEBUG^|main^|com.zaxxer.hikari.HikariConfig^|logConfiguration^|jdbcUrl.........................jdbc:mysql://127.0.0.1:3306/heima_leadnews?autoReconnect=true&useUnicode=true&characterEncoding=utf8&serverTimezone=Asia/Shanghai
2020-12-01 10:34:33,692^|81^|DEBUG^|main^|com.zaxxer.hikari.HikariConfig^|logConfiguration^|leakDetectionThreshold..........0
2020-12-01 10:34:33,693^|83^|DEBUG^|main^|com.zaxxer.hikari.HikariConfig^|logConfiguration^|maxLifetime.....................1800000
2020-12-01 10:34:33,694^|85^|DEBUG^|main^|com.zaxxer.hikari.HikariConfig^|logConfiguration^|maximumPoolSize.................50
2020-12-01 10:34:33,694^|87^|DEBUG^|main^|com.zaxxer.hikari.HikariConfig^|logConfiguration^|metricRegistry..................none
2020-12-01 10:34:33,695^|89^|DEBUG^|main^|com.zaxxer.hikari.HikariConfig^|logConfiguration^|metricsTrackerFactory...........none
2020-12-01 10:34:33,695^|91^|DEBUG^|main^|com.zaxxer.hikari.HikariConfig^|logConfiguration^|minimumIdle.....................5
2020-12-01 10:34:33,696^|93^|DEBUG^|main^|com.zaxxer.hikari.HikariConfig^|logConfiguration^|password........................<masked>
2020-12-01 10:34:33,696^|95^|DEBUG^|main^|com.zaxxer.hikari.HikariConfig^|logConfiguration^|poolName........................"HikariPool-1"
2020-12-01 10:34:33,697^|97^|DEBUG^|main^|com.zaxxer.hikari.HikariConfig^|logConfiguration^|readOnly........................false
2020-12-01 10:34:33,697^|99^|DEBUG^|main^|com.zaxxer.hikari.HikariConfig^|logConfiguration^|registerMbeans..................false
2020-12-01 10:34:33,698^|101^|DEBUG^|main^|com.zaxxer.hikari.HikariConfig^|logConfiguration^|scheduledExecutor...............none
2020-12-01 10:34:33,699^|103^|DEBUG^|main^|com.zaxxer.hikari.HikariConfig^|logConfiguration^|schema..........................none
2020-12-01 10:34:33,700^|105^|DEBUG^|main^|com.zaxxer.hikari.HikariConfig^|logConfiguration^|threadFactory...................internal
2020-12-01 10:34:33,701^|107^|DEBUG^|main^|com.zaxxer.hikari.HikariConfig^|logConfiguration^|transactionIsolation............default
2020-12-01 10:34:33,701^|109^|DEBUG^|main^|com.zaxxer.hikari.HikariConfig^|logConfiguration^|username........................"root"
2020-12-01 10:34:33,702^|111^|DEBUG^|main^|com.zaxxer.hikari.HikariConfig^|logConfiguration^|validationTimeout...............5000
2020-12-01 10:34:33,702^|113^|INFO^|main^|com.zaxxer.hikari.HikariDataSource^|getConnection^|HikariPool-1 - Starting...
2020-12-01 10:34:34,127^|115^|DEBUG^|main^|com.zaxxer.hikari.pool.HikariPool^|checkFailFast^|HikariPool-1 - Added connection com.mysql.jdbc.JDBC4Connection@57545c3f
2020-12-01 10:34:34,130^|117^|INFO^|main^|com.zaxxer.hikari.HikariDataSource^|getConnection^|HikariPool-1 - Start completed.
2020-12-01 10:34:34,231^|119^|DEBUG^|HikariPool-1 housekeeper^|com.zaxxer.hikari.pool.HikariPool^|logPoolState^|HikariPool-1 - Before cleanup stats (total=1, active=0, idle=1, waiting=0)
2020-12-01 10:34:34,232^|121^|DEBUG^|HikariPool-1 housekeeper^|com.zaxxer.hikari.pool.HikariPool^|logPoolState^|HikariPool-1 - After cleanup  stats (total=1, active=0, idle=1, waiting=0)
2020-12-01 10:34:34,241^|123^|DEBUG^|HikariPool-1 connection adder^|com.zaxxer.hikari.pool.HikariPool^|call^|HikariPool-1 - Added connection com.mysql.jdbc.JDBC4Connection@37812c65
2020-12-01 10:34:34,248^|125^|DEBUG^|HikariPool-1 connection adder^|com.zaxxer.hikari.pool.HikariPool^|call^|HikariPool-1 - Added connection com.mysql.jdbc.JDBC4Connection@57aed32a
2020-12-01 10:34:34,255^|127^|DEBUG^|HikariPool-1 connection adder^|com.zaxxer.hikari.pool.HikariPool^|call^|HikariPool-1 - Added connection com.mysql.jdbc.JDBC4Connection@53e0683d
2020-12-01 10:34:34,263^|129^|DEBUG^|HikariPool-1 connection adder^|com.zaxxer.hikari.pool.HikariPool^|call^|HikariPool-1 - Added connection com.mysql.jdbc.JDBC4Connection@3aea926d
2020-12-01 10:34:34,264^|131^|DEBUG^|HikariPool-1 connection adder^|com.zaxxer.hikari.pool.HikariPool^|logPoolState^|HikariPool-1 - After adding stats (total=5, active=0, idle=5, waiting=0)
2020-12-01 10:34:34,294^|133^|INFO^|main^|org.hibernate.jpa.internal.util.LogHelper^|logPersistenceUnitInformation^|HHH000204: Processing PersistenceUnitInfo [
	name: default
	...]
2020-12-01 10:34:34,413^|135^|INFO^|main^|org.hibernate.Version^|logVersion^|HHH000412: Hibernate Core {5.3.10.Final}
2020-12-01 10:34:34,415^|137^|INFO^|main^|org.hibernate.cfg.Environment^|<clinit>^|HHH000206: hibernate.properties not found
2020-12-01 10:34:34,700^|139^|INFO^|main^|org.hibernate.annotations.common.Version^|<clinit>^|HCANN000001: Hibernate Commons Annotations {5.0.4.Final}
2020-12-01 10:34:35,876^|141^|INFO^|main^|org.hibernate.dialect.Dialect^|<init>^|HHH000400: Using dialect: org.hibernate.dialect.MySQL5Dialect
2020-12-01 10:34:36,092^|143^|INFO^|main^|org.springframework.orm.jpa.LocalContainerEntityManagerFactoryBean^|buildNativeEntityManagerFactory^|Initialized JPA EntityManagerFactory for persistence unit 'default'
2020-12-01 10:34:40,373^|145^|INFO^|main^|org.springframework.scheduling.concurrent.ThreadPoolTaskExecutor^|initialize^|Initializing ExecutorService 'applicationTaskExecutor'
2020-12-01 10:34:40,529^|147^|WARN^|main^|org.springframework.boot.autoconfigure.orm.jpa.JpaBaseConfiguration$JpaWebConfiguration$JpaWebMvcConfiguration^|openEntityManagerInViewInterceptor^|spring.jpa.open-in-view is enabled by default. Therefore, database queries may be performed during view rendering. Explicitly configure spring.jpa.open-in-view to disable this warning
2020-12-01 10:34:42,426^|149^|INFO^|main^|org.springframework.boot.actuate.endpoint.web.EndpointLinksResolver^|<init>^|Exposing 2 endpoint(s) beneath base path '/actuator'
2020-12-01 10:34:42,571^|151^|INFO^|main^|com.heima.behavior.test.BehaviorTest^|logStarted^|Started BehaviorTest in 12.547 seconds (JVM running for 14.562)
2020-12-01 10:34:42,812^|153^|DEBUG^|main^|com.heima.model.mappers.app.ApBehaviorEntryMapper.selectByUserIdOrEquipemntId^|debug^|==>  Preparing: select id, type, entry_id, created_time from ap_behavior_entry a where a.entry_id=? and type=0 limit 1 
2020-12-01 10:34:42,852^|155^|DEBUG^|main^|com.heima.model.mappers.app.ApBehaviorEntryMapper.selectByUserIdOrEquipemntId^|debug^|==> Parameters: 1(Integer)
2020-12-01 10:34:42,876^|157^|DEBUG^|main^|com.heima.model.mappers.app.ApBehaviorEntryMapper.selectByUserIdOrEquipemntId^|debug^|<==      Total: 1
2020-12-01 10:34:42,880^|159^|DEBUG^|main^|com.heima.model.mappers.app.ApShowBehaviorMapper.selectListByEntryIdAndArticleIds^|debug^|==>  Preparing: select id, entry_id, article_id, is_click, show_time, created_time from ap_show_behavior where entry_id=? and article_id in( ? ) 
2020-12-01 10:34:42,881^|161^|DEBUG^|main^|com.heima.model.mappers.app.ApShowBehaviorMapper.selectListByEntryIdAndArticleIds^|debug^|==> Parameters: 1(Integer), 10160(Integer)
2020-12-01 10:35:04,235^|163^|DEBUG^|HikariPool-1 housekeeper^|com.zaxxer.hikari.pool.HikariPool^|logPoolState^|HikariPool-1 - Before cleanup stats (total=5, active=1, idle=4, waiting=0)
2020-12-01 10:35:04,236^|165^|DEBUG^|HikariPool-1 housekeeper^|com.zaxxer.hikari.pool.HikariPool^|logPoolState^|HikariPool-1 - After cleanup  stats (total=5, active=1, idle=4, waiting=0)
2020-12-01 10:35:04,243^|167^|DEBUG^|HikariPool-1 connection adder^|com.zaxxer.hikari.pool.HikariPool^|call^|HikariPool-1 - Added connection com.mysql.jdbc.JDBC4Connection@6a34cf7a
2020-12-01 10:35:04,243^|169^|DEBUG^|HikariPool-1 connection adder^|com.zaxxer.hikari.pool.HikariPool^|logPoolState^|HikariPool-1 - After adding stats (total=6, active=1, idle=5, waiting=0)
2020-12-01 10:35:34,237^|171^|DEBUG^|HikariPool-1 housekeeper^|com.zaxxer.hikari.pool.HikariPool^|logPoolState^|HikariPool-1 - Before cleanup stats (total=6, active=1, idle=5, waiting=0)
2020-12-01 10:35:34,237^|173^|DEBUG^|HikariPool-1 housekeeper^|com.zaxxer.hikari.pool.HikariPool^|logPoolState^|HikariPool-1 - After cleanup  stats (total=6, active=1, idle=5, waiting=0)
2020-12-01 10:36:04,240^|175^|DEBUG^|HikariPool-1 housekeeper^|com.zaxxer.hikari.pool.HikariPool^|logPoolState^|HikariPool-1 - Before cleanup stats (total=6, active=1, idle=5, waiting=0)
2020-12-01 10:36:04,240^|177^|DEBUG^|HikariPool-1 housekeeper^|com.zaxxer.hikari.pool.HikariPool^|logPoolState^|HikariPool-1 - After cleanup  stats (total=6, active=1, idle=5, waiting=0)
2020-12-01 10:36:34,243^|179^|DEBUG^|HikariPool-1 housekeeper^|com.zaxxer.hikari.pool.HikariPool^|logPoolState^|HikariPool-1 - Before cleanup stats (total=6, active=1, idle=5, waiting=0)
2020-12-01 10:36:34,243^|181^|DEBUG^|HikariPool-1 housekeeper^|com.zaxxer.hikari.pool.HikariPool^|logPoolState^|HikariPool-1 - After cleanup  stats (total=6, active=1, idle=5, waiting=0)
2020-12-01 10:37:04,248^|183^|DEBUG^|HikariPool-1 housekeeper^|com.zaxxer.hikari.pool.HikariPool^|logPoolState^|HikariPool-1 - Before cleanup stats (total=6, active=1, idle=5, waiting=0)
2020-12-01 10:37:04,252^|185^|DEBUG^|HikariPool-1 housekeeper^|com.zaxxer.hikari.pool.HikariPool^|logPoolState^|HikariPool-1 - After cleanup  stats (total=6, active=1, idle=5, waiting=0)
2020-12-01 10:37:34,263^|187^|DEBUG^|HikariPool-1 housekeeper^|com.zaxxer.hikari.pool.HikariPool^|logPoolState^|HikariPool-1 - Before cleanup stats (total=6, active=1, idle=5, waiting=0)
2020-12-01 10:37:34,264^|189^|DEBUG^|HikariPool-1 housekeeper^|com.zaxxer.hikari.pool.HikariPool^|logPoolState^|HikariPool-1 - After cleanup  stats (total=6, active=1, idle=5, waiting=0)
2020-12-01 10:38:04,267^|191^|DEBUG^|HikariPool-1 housekeeper^|com.zaxxer.hikari.pool.HikariPool^|logPoolState^|HikariPool-1 - Before cleanup stats (total=6, active=1, idle=5, waiting=0)
2020-12-01 10:38:04,267^|193^|DEBUG^|HikariPool-1 housekeeper^|com.zaxxer.hikari.pool.HikariPool^|logPoolState^|HikariPool-1 - After cleanup  stats (total=6, active=1, idle=5, waiting=0)
2020-12-01 10:38:34,269^|195^|DEBUG^|HikariPool-1 housekeeper^|com.zaxxer.hikari.pool.HikariPool^|logPoolState^|HikariPool-1 - Before cleanup stats (total=6, active=1, idle=5, waiting=0)
2020-12-01 10:38:34,269^|197^|DEBUG^|HikariPool-1 housekeeper^|com.zaxxer.hikari.pool.HikariPool^|logPoolState^|HikariPool-1 - After cleanup  stats (total=6, active=1, idle=5, waiting=0)
2020-12-01 10:39:04,271^|199^|DEBUG^|HikariPool-1 housekeeper^|com.zaxxer.hikari.pool.HikariPool^|logPoolState^|HikariPool-1 - Before cleanup stats (total=6, active=1, idle=5, waiting=0)
2020-12-01 10:39:04,271^|201^|DEBUG^|HikariPool-1 housekeeper^|com.zaxxer.hikari.pool.HikariPool^|logPoolState^|HikariPool-1 - After cleanup  stats (total=6, active=1, idle=5, waiting=0)
2020-12-01 10:39:34,273^|203^|DEBUG^|HikariPool-1 housekeeper^|com.zaxxer.hikari.pool.HikariPool^|logPoolState^|HikariPool-1 - Before cleanup stats (total=6, active=1, idle=5, waiting=0)
2020-12-01 10:39:34,273^|205^|DEBUG^|HikariPool-1 housekeeper^|com.zaxxer.hikari.pool.HikariPool^|logPoolState^|HikariPool-1 - After cleanup  stats (total=6, active=1, idle=5, waiting=0)
2020-12-01 10:40:04,275^|207^|DEBUG^|HikariPool-1 housekeeper^|com.zaxxer.hikari.pool.HikariPool^|logPoolState^|HikariPool-1 - Before cleanup stats (total=6, active=1, idle=5, waiting=0)
2020-12-01 10:40:04,275^|209^|DEBUG^|HikariPool-1 housekeeper^|com.zaxxer.hikari.pool.HikariPool^|logPoolState^|HikariPool-1 - After cleanup  stats (total=6, active=1, idle=5, waiting=0)
2020-12-01 10:40:34,277^|211^|DEBUG^|HikariPool-1 housekeeper^|com.zaxxer.hikari.pool.HikariPool^|logPoolState^|HikariPool-1 - Before cleanup stats (total=6, active=1, idle=5, waiting=0)
2020-12-01 10:40:34,277^|213^|DEBUG^|HikariPool-1 housekeeper^|com.zaxxer.hikari.pool.HikariPool^|logPoolState^|HikariPool-1 - After cleanup  stats (total=6, active=1, idle=5, waiting=0)
2020-12-01 10:41:04,279^|215^|DEBUG^|HikariPool-1 housekeeper^|com.zaxxer.hikari.pool.HikariPool^|logPoolState^|HikariPool-1 - Before cleanup stats (total=6, active=1, idle=5, waiting=0)
2020-12-01 10:41:04,279^|217^|DEBUG^|HikariPool-1 housekeeper^|com.zaxxer.hikari.pool.HikariPool^|logPoolState^|HikariPool-1 - After cleanup  stats (total=6, active=1, idle=5, waiting=0)
2020-12-01 10:41:34,281^|219^|DEBUG^|HikariPool-1 housekeeper^|com.zaxxer.hikari.pool.HikariPool^|logPoolState^|HikariPool-1 - Before cleanup stats (total=6, active=1, idle=5, waiting=0)
2020-12-01 10:41:34,281^|221^|DEBUG^|HikariPool-1 housekeeper^|com.zaxxer.hikari.pool.HikariPool^|logPoolState^|HikariPool-1 - After cleanup  stats (total=6, active=1, idle=5, waiting=0)
2020-12-01 10:42:04,282^|223^|DEBUG^|HikariPool-1 housekeeper^|com.zaxxer.hikari.pool.HikariPool^|logPoolState^|HikariPool-1 - Before cleanup stats (total=6, active=1, idle=5, waiting=0)
2020-12-01 10:42:04,282^|225^|DEBUG^|HikariPool-1 housekeeper^|com.zaxxer.hikari.pool.HikariPool^|logPoolState^|HikariPool-1 - After cleanup  stats (total=6, active=1, idle=5, waiting=0)
2020-12-01 10:42:34,284^|227^|DEBUG^|HikariPool-1 housekeeper^|com.zaxxer.hikari.pool.HikariPool^|logPoolState^|HikariPool-1 - Before cleanup stats (total=6, active=1, idle=5, waiting=0)
2020-12-01 10:42:34,284^|229^|DEBUG^|HikariPool-1 housekeeper^|com.zaxxer.hikari.pool.HikariPool^|logPoolState^|HikariPool-1 - After cleanup  stats (total=6, active=1, idle=5, waiting=0)
2020-12-01 10:43:04,285^|231^|DEBUG^|HikariPool-1 housekeeper^|com.zaxxer.hikari.pool.HikariPool^|logPoolState^|HikariPool-1 - Before cleanup stats (total=6, active=1, idle=5, waiting=0)
2020-12-01 10:43:04,285^|233^|DEBUG^|HikariPool-1 housekeeper^|com.zaxxer.hikari.pool.HikariPool^|logPoolState^|HikariPool-1 - After cleanup  stats (total=6, active=1, idle=5, waiting=0)
2020-12-01 10:43:34,287^|235^|DEBUG^|HikariPool-1 housekeeper^|com.zaxxer.hikari.pool.HikariPool^|logPoolState^|HikariPool-1 - Before cleanup stats (total=6, active=1, idle=5, waiting=0)
2020-12-01 10:43:34,287^|237^|DEBUG^|HikariPool-1 housekeeper^|com.zaxxer.hikari.pool.HikariPool^|logPoolState^|HikariPool-1 - After cleanup  stats (total=6, active=1, idle=5, waiting=0)
2020-12-01 10:44:04,288^|239^|DEBUG^|HikariPool-1 housekeeper^|com.zaxxer.hikari.pool.HikariPool^|logPoolState^|HikariPool-1 - Before cleanup stats (total=6, active=1, idle=5, waiting=0)
2020-12-01 10:44:04,288^|241^|DEBUG^|HikariPool-1 housekeeper^|com.zaxxer.hikari.pool.HikariPool^|logPoolState^|HikariPool-1 - After cleanup  stats (total=6, active=1, idle=5, waiting=0)
2020-12-01 10:44:34,290^|243^|DEBUG^|HikariPool-1 housekeeper^|com.zaxxer.hikari.pool.HikariPool^|logPoolState^|HikariPool-1 - Before cleanup stats (total=6, active=1, idle=5, waiting=0)
2020-12-01 10:44:34,290^|245^|DEBUG^|HikariPool-1 housekeeper^|com.zaxxer.hikari.pool.HikariPool^|logPoolState^|HikariPool-1 - After cleanup  stats (total=6, active=1, idle=5, waiting=0)
2020-12-01 10:45:04,291^|247^|DEBUG^|HikariPool-1 housekeeper^|com.zaxxer.hikari.pool.HikariPool^|logPoolState^|HikariPool-1 - Before cleanup stats (total=6, active=1, idle=5, waiting=0)
2020-12-01 10:45:04,291^|249^|DEBUG^|HikariPool-1 housekeeper^|com.zaxxer.hikari.pool.HikariPool^|logPoolState^|HikariPool-1 - After cleanup  stats (total=6, active=1, idle=5, waiting=0)
2020-12-01 10:45:34,292^|251^|DEBUG^|HikariPool-1 housekeeper^|com.zaxxer.hikari.pool.HikariPool^|logPoolState^|HikariPool-1 - Before cleanup stats (total=6, active=1, idle=5, waiting=0)
2020-12-01 10:45:34,292^|253^|DEBUG^|HikariPool-1 housekeeper^|com.zaxxer.hikari.pool.HikariPool^|logPoolState^|HikariPool-1 - After cleanup  stats (total=6, active=1, idle=5, waiting=0)
2020-12-01 10:46:04,294^|255^|DEBUG^|HikariPool-1 housekeeper^|com.zaxxer.hikari.pool.HikariPool^|logPoolState^|HikariPool-1 - Before cleanup stats (total=6, active=1, idle=5, waiting=0)
2020-12-01 10:46:04,294^|257^|DEBUG^|HikariPool-1 housekeeper^|com.zaxxer.hikari.pool.HikariPool^|logPoolState^|HikariPool-1 - After cleanup  stats (total=6, active=1, idle=5, waiting=0)
2020-12-01 10:46:34,297^|259^|DEBUG^|HikariPool-1 housekeeper^|com.zaxxer.hikari.pool.HikariPool^|logPoolState^|HikariPool-1 - Before cleanup stats (total=6, active=1, idle=5, waiting=0)
2020-12-01 10:46:34,297^|261^|DEBUG^|HikariPool-1 housekeeper^|com.zaxxer.hikari.pool.HikariPool^|logPoolState^|HikariPool-1 - After cleanup  stats (total=6, active=1, idle=5, waiting=0)
2020-12-01 10:47:04,299^|263^|DEBUG^|HikariPool-1 housekeeper^|com.zaxxer.hikari.pool.HikariPool^|logPoolState^|HikariPool-1 - Before cleanup stats (total=6, active=1, idle=5, waiting=0)
2020-12-01 10:47:04,299^|265^|DEBUG^|HikariPool-1 housekeeper^|com.zaxxer.hikari.pool.HikariPool^|logPoolState^|HikariPool-1 - After cleanup  stats (total=6, active=1, idle=5, waiting=0)
2020-12-01 10:47:34,301^|267^|DEBUG^|HikariPool-1 housekeeper^|com.zaxxer.hikari.pool.HikariPool^|logPoolState^|HikariPool-1 - Before cleanup stats (total=6, active=1, idle=5, waiting=0)
2020-12-01 10:47:34,301^|269^|DEBUG^|HikariPool-1 housekeeper^|com.zaxxer.hikari.pool.HikariPool^|logPoolState^|HikariPool-1 - After cleanup  stats (total=6, active=1, idle=5, waiting=0)
2020-12-01 10:48:04,303^|271^|DEBUG^|HikariPool-1 housekeeper^|com.zaxxer.hikari.pool.HikariPool^|logPoolState^|HikariPool-1 - Before cleanup stats (total=6, active=1, idle=5, waiting=0)
2020-12-01 10:48:04,303^|273^|DEBUG^|HikariPool-1 housekeeper^|com.zaxxer.hikari.pool.HikariPool^|logPoolState^|HikariPool-1 - After cleanup  stats (total=6, active=1, idle=5, waiting=0)
2020-12-01 10:48:34,304^|275^|DEBUG^|HikariPool-1 housekeeper^|com.zaxxer.hikari.pool.HikariPool^|logPoolState^|HikariPool-1 - Before cleanup stats (total=6, active=1, idle=5, waiting=0)
2020-12-01 10:48:34,304^|277^|DEBUG^|HikariPool-1 housekeeper^|com.zaxxer.hikari.pool.HikariPool^|logPoolState^|HikariPool-1 - After cleanup  stats (total=6, active=1, idle=5, waiting=0)
2020-12-01 10:49:04,306^|279^|DEBUG^|HikariPool-1 housekeeper^|com.zaxxer.hikari.pool.HikariPool^|logPoolState^|HikariPool-1 - Before cleanup stats (total=6, active=1, idle=5, waiting=0)
2020-12-01 10:49:04,306^|281^|DEBUG^|HikariPool-1 housekeeper^|com.zaxxer.hikari.pool.HikariPool^|logPoolState^|HikariPool-1 - After cleanup  stats (total=6, active=1, idle=5, waiting=0)
2020-12-01 10:49:34,308^|283^|DEBUG^|HikariPool-1 housekeeper^|com.zaxxer.hikari.pool.HikariPool^|logPoolState^|HikariPool-1 - Before cleanup stats (total=6, active=1, idle=5, waiting=0)
2020-12-01 10:49:34,308^|285^|DEBUG^|HikariPool-1 housekeeper^|com.zaxxer.hikari.pool.HikariPool^|logPoolState^|HikariPool-1 - After cleanup  stats (total=6, active=1, idle=5, waiting=0)
2020-12-01 10:50:04,309^|287^|DEBUG^|HikariPool-1 housekeeper^|com.zaxxer.hikari.pool.HikariPool^|logPoolState^|HikariPool-1 - Before cleanup stats (total=6, active=1, idle=5, waiting=0)
2020-12-01 10:50:04,309^|289^|DEBUG^|HikariPool-1 housekeeper^|com.zaxxer.hikari.pool.HikariPool^|logPoolState^|HikariPool-1 - After cleanup  stats (total=6, active=1, idle=5, waiting=0)
2020-12-01 10:50:34,311^|291^|DEBUG^|HikariPool-1 housekeeper^|com.zaxxer.hikari.pool.HikariPool^|logPoolState^|HikariPool-1 - Before cleanup stats (total=6, active=1, idle=5, waiting=0)
2020-12-01 10:50:34,311^|293^|DEBUG^|HikariPool-1 housekeeper^|com.zaxxer.hikari.pool.HikariPool^|logPoolState^|HikariPool-1 - After cleanup  stats (total=6, active=1, idle=5, waiting=0)
2020-12-01 10:51:04,313^|295^|DEBUG^|HikariPool-1 housekeeper^|com.zaxxer.hikari.pool.HikariPool^|logPoolState^|HikariPool-1 - Before cleanup stats (total=6, active=1, idle=5, waiting=0)
2020-12-01 10:51:04,313^|297^|DEBUG^|HikariPool-1 housekeeper^|com.zaxxer.hikari.pool.HikariPool^|logPoolState^|HikariPool-1 - After cleanup  stats (total=6, active=1, idle=5, waiting=0)
2020-12-01 10:51:34,314^|299^|DEBUG^|HikariPool-1 housekeeper^|com.zaxxer.hikari.pool.HikariPool^|logPoolState^|HikariPool-1 - Before cleanup stats (total=6, active=1, idle=5, waiting=0)
2020-12-01 10:51:34,314^|301^|DEBUG^|HikariPool-1 housekeeper^|com.zaxxer.hikari.pool.HikariPool^|logPoolState^|HikariPool-1 - After cleanup  stats (total=6, active=1, idle=5, waiting=0)
2020-12-01 10:52:04,316^|303^|DEBUG^|HikariPool-1 housekeeper^|com.zaxxer.hikari.pool.HikariPool^|logPoolState^|HikariPool-1 - Before cleanup stats (total=6, active=1, idle=5, waiting=0)
2020-12-01 10:52:04,316^|305^|DEBUG^|HikariPool-1 housekeeper^|com.zaxxer.hikari.pool.HikariPool^|logPoolState^|HikariPool-1 - After cleanup  stats (total=6, active=1, idle=5, waiting=0)
2020-12-01 10:52:34,318^|307^|DEBUG^|HikariPool-1 housekeeper^|com.zaxxer.hikari.pool.HikariPool^|logPoolState^|HikariPool-1 - Before cleanup stats (total=6, active=1, idle=5, waiting=0)
2020-12-01 10:52:34,318^|309^|DEBUG^|HikariPool-1 housekeeper^|com.zaxxer.hikari.pool.HikariPool^|logPoolState^|HikariPool-1 - After cleanup  stats (total=6, active=1, idle=5, waiting=0)
2020-12-01 10:53:04,320^|311^|DEBUG^|HikariPool-1 housekeeper^|com.zaxxer.hikari.pool.HikariPool^|logPoolState^|HikariPool-1 - Before cleanup stats (total=6, active=1, idle=5, waiting=0)
2020-12-01 10:53:04,320^|313^|DEBUG^|HikariPool-1 housekeeper^|com.zaxxer.hikari.pool.HikariPool^|logPoolState^|HikariPool-1 - After cleanup  stats (total=6, active=1, idle=5, waiting=0)
2020-12-01 10:53:34,321^|315^|DEBUG^|HikariPool-1 housekeeper^|com.zaxxer.hikari.pool.HikariPool^|logPoolState^|HikariPool-1 - Before cleanup stats (total=6, active=1, idle=5, waiting=0)
2020-12-01 10:53:34,321^|317^|DEBUG^|HikariPool-1 housekeeper^|com.zaxxer.hikari.pool.HikariPool^|logPoolState^|HikariPool-1 - After cleanup  stats (total=6, active=1, idle=5, waiting=0)
2020-12-01 10:54:04,322^|319^|DEBUG^|HikariPool-1 housekeeper^|com.zaxxer.hikari.pool.HikariPool^|logPoolState^|HikariPool-1 - Before cleanup stats (total=6, active=1, idle=5, waiting=0)
2020-12-01 10:54:04,322^|321^|DEBUG^|HikariPool-1 housekeeper^|com.zaxxer.hikari.pool.HikariPool^|logPoolState^|HikariPool-1 - After cleanup  stats (total=6, active=1, idle=5, waiting=0)
2020-12-01 10:54:34,323^|323^|DEBUG^|HikariPool-1 housekeeper^|com.zaxxer.hikari.pool.HikariPool^|logPoolState^|HikariPool-1 - Before cleanup stats (total=6, active=1, idle=5, waiting=0)
2020-12-01 10:54:34,323^|325^|DEBUG^|HikariPool-1 housekeeper^|com.zaxxer.hikari.pool.HikariPool^|logPoolState^|HikariPool-1 - After cleanup  stats (total=6, active=1, idle=5, waiting=0)
2020-12-01 10:55:04,325^|327^|DEBUG^|HikariPool-1 housekeeper^|com.zaxxer.hikari.pool.HikariPool^|logPoolState^|HikariPool-1 - Before cleanup stats (total=6, active=1, idle=5, waiting=0)
2020-12-01 10:55:04,325^|329^|DEBUG^|HikariPool-1 housekeeper^|com.zaxxer.hikari.pool.HikariPool^|logPoolState^|HikariPool-1 - After cleanup  stats (total=6, active=1, idle=5, waiting=0)
2020-12-01 10:55:34,326^|331^|DEBUG^|HikariPool-1 housekeeper^|com.zaxxer.hikari.pool.HikariPool^|logPoolState^|HikariPool-1 - Before cleanup stats (total=6, active=1, idle=5, waiting=0)
2020-12-01 10:55:34,326^|333^|DEBUG^|HikariPool-1 housekeeper^|com.zaxxer.hikari.pool.HikariPool^|logPoolState^|HikariPool-1 - After cleanup  stats (total=6, active=1, idle=5, waiting=0)
2020-12-01 10:56:04,328^|335^|DEBUG^|HikariPool-1 housekeeper^|com.zaxxer.hikari.pool.HikariPool^|logPoolState^|HikariPool-1 - Before cleanup stats (total=6, active=1, idle=5, waiting=0)
2020-12-01 10:56:04,328^|337^|DEBUG^|HikariPool-1 housekeeper^|com.zaxxer.hikari.pool.HikariPool^|logPoolState^|HikariPool-1 - After cleanup  stats (total=6, active=1, idle=5, waiting=0)
2020-12-01 10:56:34,330^|339^|DEBUG^|HikariPool-1 housekeeper^|com.zaxxer.hikari.pool.HikariPool^|logPoolState^|HikariPool-1 - Before cleanup stats (total=6, active=1, idle=5, waiting=0)
2020-12-01 10:56:34,330^|341^|DEBUG^|HikariPool-1 housekeeper^|com.zaxxer.hikari.pool.HikariPool^|logPoolState^|HikariPool-1 - After cleanup  stats (total=6, active=1, idle=5, waiting=0)
2020-12-01 10:57:04,331^|343^|DEBUG^|HikariPool-1 housekeeper^|com.zaxxer.hikari.pool.HikariPool^|logPoolState^|HikariPool-1 - Before cleanup stats (total=6, active=1, idle=5, waiting=0)
2020-12-01 10:57:04,331^|345^|DEBUG^|HikariPool-1 housekeeper^|com.zaxxer.hikari.pool.HikariPool^|logPoolState^|HikariPool-1 - After cleanup  stats (total=6, active=1, idle=5, waiting=0)
2020-12-01 10:57:34,334^|347^|DEBUG^|HikariPool-1 housekeeper^|com.zaxxer.hikari.pool.HikariPool^|logPoolState^|HikariPool-1 - Before cleanup stats (total=6, active=1, idle=5, waiting=0)
2020-12-01 10:57:34,334^|349^|DEBUG^|HikariPool-1 housekeeper^|com.zaxxer.hikari.pool.HikariPool^|logPoolState^|HikariPool-1 - After cleanup  stats (total=6, active=1, idle=5, waiting=0)
2020-12-01 10:58:04,335^|351^|DEBUG^|HikariPool-1 housekeeper^|com.zaxxer.hikari.pool.HikariPool^|logPoolState^|HikariPool-1 - Before cleanup stats (total=6, active=1, idle=5, waiting=0)
2020-12-01 10:58:04,335^|353^|DEBUG^|HikariPool-1 housekeeper^|com.zaxxer.hikari.pool.HikariPool^|logPoolState^|HikariPool-1 - After cleanup  stats (total=6, active=1, idle=5, waiting=0)
2020-12-01 10:58:34,337^|355^|DEBUG^|HikariPool-1 housekeeper^|com.zaxxer.hikari.pool.HikariPool^|logPoolState^|HikariPool-1 - Before cleanup stats (total=6, active=1, idle=5, waiting=0)
2020-12-01 10:58:34,337^|357^|DEBUG^|HikariPool-1 housekeeper^|com.zaxxer.hikari.pool.HikariPool^|logPoolState^|HikariPool-1 - After cleanup  stats (total=6, active=1, idle=5, waiting=0)
2020-12-01 10:59:04,339^|359^|DEBUG^|HikariPool-1 housekeeper^|com.zaxxer.hikari.pool.HikariPool^|logPoolState^|HikariPool-1 - Before cleanup stats (total=6, active=1, idle=5, waiting=0)
2020-12-01 10:59:04,339^|361^|DEBUG^|HikariPool-1 housekeeper^|com.zaxxer.hikari.pool.HikariPool^|logPoolState^|HikariPool-1 - After cleanup  stats (total=6, active=1, idle=5, waiting=0)
2020-12-01 10:59:34,340^|363^|DEBUG^|HikariPool-1 housekeeper^|com.zaxxer.hikari.pool.HikariPool^|logPoolState^|HikariPool-1 - Before cleanup stats (total=6, active=1, idle=5, waiting=0)
2020-12-01 10:59:34,340^|365^|DEBUG^|HikariPool-1 housekeeper^|com.zaxxer.hikari.pool.HikariPool^|logPoolState^|HikariPool-1 - After cleanup  stats (total=6, active=1, idle=5, waiting=0)
2020-12-01 11:00:04,341^|367^|DEBUG^|HikariPool-1 housekeeper^|com.zaxxer.hikari.pool.HikariPool^|logPoolState^|HikariPool-1 - Before cleanup stats (total=6, active=1, idle=5, waiting=0)
2020-12-01 11:00:04,341^|369^|DEBUG^|HikariPool-1 housekeeper^|com.zaxxer.hikari.pool.HikariPool^|logPoolState^|HikariPool-1 - After cleanup  stats (total=6, active=1, idle=5, waiting=0)
2020-12-01 11:00:34,344^|371^|DEBUG^|HikariPool-1 housekeeper^|com.zaxxer.hikari.pool.HikariPool^|logPoolState^|HikariPool-1 - Before cleanup stats (total=6, active=1, idle=5, waiting=0)
2020-12-01 11:00:34,344^|373^|DEBUG^|HikariPool-1 housekeeper^|com.zaxxer.hikari.pool.HikariPool^|logPoolState^|HikariPool-1 - After cleanup  stats (total=6, active=1, idle=5, waiting=0)
2020-12-01 11:01:04,347^|375^|DEBUG^|HikariPool-1 housekeeper^|com.zaxxer.hikari.pool.HikariPool^|logPoolState^|HikariPool-1 - Before cleanup stats (total=6, active=1, idle=5, waiting=0)
2020-12-01 11:01:04,347^|377^|DEBUG^|HikariPool-1 housekeeper^|com.zaxxer.hikari.pool.HikariPool^|logPoolState^|HikariPool-1 - After cleanup  stats (total=6, active=1, idle=5, waiting=0)
2020-12-01 11:01:34,349^|379^|DEBUG^|HikariPool-1 housekeeper^|com.zaxxer.hikari.pool.HikariPool^|logPoolState^|HikariPool-1 - Before cleanup stats (total=6, active=1, idle=5, waiting=0)
2020-12-01 11:01:34,349^|381^|DEBUG^|HikariPool-1 housekeeper^|com.zaxxer.hikari.pool.HikariPool^|logPoolState^|HikariPool-1 - After cleanup  stats (total=6, active=1, idle=5, waiting=0)
2020-12-01 11:02:04,350^|383^|DEBUG^|HikariPool-1 housekeeper^|com.zaxxer.hikari.pool.HikariPool^|logPoolState^|HikariPool-1 - Before cleanup stats (total=6, active=1, idle=5, waiting=0)
2020-12-01 11:02:04,350^|385^|DEBUG^|HikariPool-1 housekeeper^|com.zaxxer.hikari.pool.HikariPool^|logPoolState^|HikariPool-1 - After cleanup  stats (total=6, active=1, idle=5, waiting=0)
2020-12-01 11:02:34,352^|387^|DEBUG^|HikariPool-1 housekeeper^|com.zaxxer.hikari.pool.HikariPool^|logPoolState^|HikariPool-1 - Before cleanup stats (total=6, active=1, idle=5, waiting=0)
2020-12-01 11:02:34,352^|389^|DEBUG^|HikariPool-1 housekeeper^|com.zaxxer.hikari.pool.HikariPool^|logPoolState^|HikariPool-1 - After cleanup  stats (total=6, active=1, idle=5, waiting=0)
2020-12-01 11:03:04,353^|391^|DEBUG^|HikariPool-1 housekeeper^|com.zaxxer.hikari.pool.HikariPool^|logPoolState^|HikariPool-1 - Before cleanup stats (total=6, active=1, idle=5, waiting=0)
2020-12-01 11:03:04,353^|393^|DEBUG^|HikariPool-1 housekeeper^|com.zaxxer.hikari.pool.HikariPool^|logPoolState^|HikariPool-1 - After cleanup  stats (total=6, active=1, idle=5, waiting=0)
2020-12-01 11:03:34,354^|395^|DEBUG^|HikariPool-1 housekeeper^|com.zaxxer.hikari.pool.HikariPool^|logPoolState^|HikariPool-1 - Before cleanup stats (total=6, active=1, idle=5, waiting=0)
2020-12-01 11:03:34,354^|397^|DEBUG^|HikariPool-1 housekeeper^|com.zaxxer.hikari.pool.HikariPool^|logPoolState^|HikariPool-1 - After cleanup  stats (total=6, active=1, idle=5, waiting=0)
2020-12-01 11:03:56,647^|399^|DEBUG^|HikariPool-1 connection closer^|com.zaxxer.hikari.pool.PoolBase^|quietlyCloseConnection^|HikariPool-1 - Closing connection com.mysql.jdbc.JDBC4Connection@3aea926d: (connection has passed maxLifetime)
2020-12-01 11:03:56,653^|401^|DEBUG^|HikariPool-1 connection adder^|com.zaxxer.hikari.pool.HikariPool^|call^|HikariPool-1 - Added connection com.mysql.jdbc.JDBC4Connection@270c2522
2020-12-01 11:04:04,355^|403^|DEBUG^|HikariPool-1 housekeeper^|com.zaxxer.hikari.pool.HikariPool^|logPoolState^|HikariPool-1 - Before cleanup stats (total=6, active=1, idle=5, waiting=0)
2020-12-01 11:04:04,355^|405^|DEBUG^|HikariPool-1 housekeeper^|com.zaxxer.hikari.pool.HikariPool^|logPoolState^|HikariPool-1 - After cleanup  stats (total=6, active=1, idle=5, waiting=0)
2020-12-01 11:04:05,265^|407^|DEBUG^|HikariPool-1 connection closer^|com.zaxxer.hikari.pool.PoolBase^|quietlyCloseConnection^|HikariPool-1 - Closing connection com.mysql.jdbc.JDBC4Connection@57aed32a: (connection has passed maxLifetime)
2020-12-01 11:04:05,275^|409^|DEBUG^|HikariPool-1 connection adder^|com.zaxxer.hikari.pool.HikariPool^|call^|HikariPool-1 - Added connection com.mysql.jdbc.JDBC4Connection@25c65d64
2020-12-01 11:04:21,703^|411^|DEBUG^|HikariPool-1 connection closer^|com.zaxxer.hikari.pool.PoolBase^|quietlyCloseConnection^|HikariPool-1 - Closing connection com.mysql.jdbc.JDBC4Connection@53e0683d: (connection has passed maxLifetime)
2020-12-01 11:04:21,715^|413^|DEBUG^|HikariPool-1 connection adder^|com.zaxxer.hikari.pool.HikariPool^|call^|HikariPool-1 - Added connection com.mysql.jdbc.JDBC4Connection@2e9dbf3d
2020-12-01 11:04:27,534^|415^|DEBUG^|HikariPool-1 connection closer^|com.zaxxer.hikari.pool.PoolBase^|quietlyCloseConnection^|HikariPool-1 - Closing connection com.mysql.jdbc.JDBC4Connection@6a34cf7a: (connection has passed maxLifetime)
2020-12-01 11:04:27,538^|417^|DEBUG^|HikariPool-1 connection adder^|com.zaxxer.hikari.pool.HikariPool^|call^|HikariPool-1 - Added connection com.mysql.jdbc.JDBC4Connection@4b5cd9dd
2020-12-01 11:04:31,972^|419^|DEBUG^|HikariPool-1 connection closer^|com.zaxxer.hikari.pool.PoolBase^|quietlyCloseConnection^|HikariPool-1 - Closing connection com.mysql.jdbc.JDBC4Connection@37812c65: (connection has passed maxLifetime)
2020-12-01 11:04:31,976^|421^|DEBUG^|HikariPool-1 connection adder^|com.zaxxer.hikari.pool.HikariPool^|call^|HikariPool-1 - Added connection com.mysql.jdbc.JDBC4Connection@2b732692
2020-12-01 11:04:34,358^|423^|DEBUG^|HikariPool-1 housekeeper^|com.zaxxer.hikari.pool.HikariPool^|logPoolState^|HikariPool-1 - Before cleanup stats (total=6, active=1, idle=5, waiting=0)
2020-12-01 11:04:34,358^|425^|DEBUG^|HikariPool-1 housekeeper^|com.zaxxer.hikari.pool.HikariPool^|logPoolState^|HikariPool-1 - After cleanup  stats (total=6, active=1, idle=5, waiting=0)
2020-12-01 11:05:04,360^|427^|DEBUG^|HikariPool-1 housekeeper^|com.zaxxer.hikari.pool.HikariPool^|logPoolState^|HikariPool-1 - Before cleanup stats (total=6, active=1, idle=5, waiting=0)
2020-12-01 11:05:04,360^|429^|DEBUG^|HikariPool-1 housekeeper^|com.zaxxer.hikari.pool.HikariPool^|logPoolState^|HikariPool-1 - After cleanup  stats (total=6, active=1, idle=5, waiting=0)
2020-12-01 11:05:34,361^|431^|DEBUG^|HikariPool-1 housekeeper^|com.zaxxer.hikari.pool.HikariPool^|logPoolState^|HikariPool-1 - Before cleanup stats (total=6, active=1, idle=5, waiting=0)
2020-12-01 11:05:34,361^|433^|DEBUG^|HikariPool-1 housekeeper^|com.zaxxer.hikari.pool.HikariPool^|logPoolState^|HikariPool-1 - After cleanup  stats (total=6, active=1, idle=5, waiting=0)
2020-12-01 11:06:04,363^|435^|DEBUG^|HikariPool-1 housekeeper^|com.zaxxer.hikari.pool.HikariPool^|logPoolState^|HikariPool-1 - Before cleanup stats (total=6, active=1, idle=5, waiting=0)
2020-12-01 11:06:04,363^|437^|DEBUG^|HikariPool-1 housekeeper^|com.zaxxer.hikari.pool.HikariPool^|logPoolState^|HikariPool-1 - After cleanup  stats (total=6, active=1, idle=5, waiting=0)
2020-12-01 11:06:34,365^|439^|DEBUG^|HikariPool-1 housekeeper^|com.zaxxer.hikari.pool.HikariPool^|logPoolState^|HikariPool-1 - Before cleanup stats (total=6, active=1, idle=5, waiting=0)
2020-12-01 11:06:34,365^|441^|DEBUG^|HikariPool-1 housekeeper^|com.zaxxer.hikari.pool.HikariPool^|logPoolState^|HikariPool-1 - After cleanup  stats (total=6, active=1, idle=5, waiting=0)
2020-12-01 11:07:04,366^|443^|DEBUG^|HikariPool-1 housekeeper^|com.zaxxer.hikari.pool.HikariPool^|logPoolState^|HikariPool-1 - Before cleanup stats (total=6, active=1, idle=5, waiting=0)
2020-12-01 11:07:04,366^|445^|DEBUG^|HikariPool-1 housekeeper^|com.zaxxer.hikari.pool.HikariPool^|logPoolState^|HikariPool-1 - After cleanup  stats (total=6, active=1, idle=5, waiting=0)
2020-12-01 11:07:34,368^|447^|DEBUG^|HikariPool-1 housekeeper^|com.zaxxer.hikari.pool.HikariPool^|logPoolState^|HikariPool-1 - Before cleanup stats (total=6, active=1, idle=5, waiting=0)
2020-12-01 11:07:34,368^|449^|DEBUG^|HikariPool-1 housekeeper^|com.zaxxer.hikari.pool.HikariPool^|logPoolState^|HikariPool-1 - After cleanup  stats (total=6, active=1, idle=5, waiting=0)
2020-12-01 11:08:04,369^|451^|DEBUG^|HikariPool-1 housekeeper^|com.zaxxer.hikari.pool.HikariPool^|logPoolState^|HikariPool-1 - Before cleanup stats (total=6, active=1, idle=5, waiting=0)
2020-12-01 11:08:04,369^|453^|DEBUG^|HikariPool-1 housekeeper^|com.zaxxer.hikari.pool.HikariPool^|logPoolState^|HikariPool-1 - After cleanup  stats (total=6, active=1, idle=5, waiting=0)
2020-12-01 11:08:34,371^|455^|DEBUG^|HikariPool-1 housekeeper^|com.zaxxer.hikari.pool.HikariPool^|logPoolState^|HikariPool-1 - Before cleanup stats (total=6, active=1, idle=5, waiting=0)
2020-12-01 11:08:34,371^|457^|DEBUG^|HikariPool-1 housekeeper^|com.zaxxer.hikari.pool.HikariPool^|logPoolState^|HikariPool-1 - After cleanup  stats (total=6, active=1, idle=5, waiting=0)
2020-12-01 11:09:04,372^|459^|DEBUG^|HikariPool-1 housekeeper^|com.zaxxer.hikari.pool.HikariPool^|logPoolState^|HikariPool-1 - Before cleanup stats (total=6, active=1, idle=5, waiting=0)
2020-12-01 11:09:04,372^|461^|DEBUG^|HikariPool-1 housekeeper^|com.zaxxer.hikari.pool.HikariPool^|logPoolState^|HikariPool-1 - After cleanup  stats (total=6, active=1, idle=5, waiting=0)
2020-12-01 11:09:34,373^|463^|DEBUG^|HikariPool-1 housekeeper^|com.zaxxer.hikari.pool.HikariPool^|logPoolState^|HikariPool-1 - Before cleanup stats (total=6, active=1, idle=5, waiting=0)
2020-12-01 11:09:34,373^|465^|DEBUG^|HikariPool-1 housekeeper^|com.zaxxer.hikari.pool.HikariPool^|logPoolState^|HikariPool-1 - After cleanup  stats (total=6, active=1, idle=5, waiting=0)
2020-12-01 11:10:04,374^|467^|DEBUG^|HikariPool-1 housekeeper^|com.zaxxer.hikari.pool.HikariPool^|logPoolState^|HikariPool-1 - Before cleanup stats (total=6, active=1, idle=5, waiting=0)
2020-12-01 11:10:04,374^|469^|DEBUG^|HikariPool-1 housekeeper^|com.zaxxer.hikari.pool.HikariPool^|logPoolState^|HikariPool-1 - After cleanup  stats (total=6, active=1, idle=5, waiting=0)
2020-12-01 11:10:34,376^|471^|DEBUG^|HikariPool-1 housekeeper^|com.zaxxer.hikari.pool.HikariPool^|logPoolState^|HikariPool-1 - Before cleanup stats (total=6, active=1, idle=5, waiting=0)
2020-12-01 11:10:34,376^|473^|DEBUG^|HikariPool-1 housekeeper^|com.zaxxer.hikari.pool.HikariPool^|logPoolState^|HikariPool-1 - After cleanup  stats (total=6, active=1, idle=5, waiting=0)
2020-12-01 11:11:04,377^|475^|DEBUG^|HikariPool-1 housekeeper^|com.zaxxer.hikari.pool.HikariPool^|logPoolState^|HikariPool-1 - Before cleanup stats (total=6, active=1, idle=5, waiting=0)
2020-12-01 11:11:04,377^|477^|DEBUG^|HikariPool-1 housekeeper^|com.zaxxer.hikari.pool.HikariPool^|logPoolState^|HikariPool-1 - After cleanup  stats (total=6, active=1, idle=5, waiting=0)
2020-12-01 11:11:34,378^|479^|DEBUG^|HikariPool-1 housekeeper^|com.zaxxer.hikari.pool.HikariPool^|logPoolState^|HikariPool-1 - Before cleanup stats (total=6, active=1, idle=5, waiting=0)
2020-12-01 11:11:34,378^|481^|DEBUG^|HikariPool-1 housekeeper^|com.zaxxer.hikari.pool.HikariPool^|logPoolState^|HikariPool-1 - After cleanup  stats (total=6, active=1, idle=5, waiting=0)
2020-12-01 11:12:04,380^|483^|DEBUG^|HikariPool-1 housekeeper^|com.zaxxer.hikari.pool.HikariPool^|logPoolState^|HikariPool-1 - Before cleanup stats (total=6, active=1, idle=5, waiting=0)
2020-12-01 11:12:04,380^|485^|DEBUG^|HikariPool-1 housekeeper^|com.zaxxer.hikari.pool.HikariPool^|logPoolState^|HikariPool-1 - After cleanup  stats (total=6, active=1, idle=5, waiting=0)
2020-12-01 11:12:34,382^|487^|DEBUG^|HikariPool-1 housekeeper^|com.zaxxer.hikari.pool.HikariPool^|logPoolState^|HikariPool-1 - Before cleanup stats (total=6, active=1, idle=5, waiting=0)
2020-12-01 11:12:34,382^|489^|DEBUG^|HikariPool-1 housekeeper^|com.zaxxer.hikari.pool.HikariPool^|logPoolState^|HikariPool-1 - After cleanup  stats (total=6, active=1, idle=5, waiting=0)
2020-12-01 11:13:04,383^|491^|DEBUG^|HikariPool-1 housekeeper^|com.zaxxer.hikari.pool.HikariPool^|logPoolState^|HikariPool-1 - Before cleanup stats (total=6, active=1, idle=5, waiting=0)
2020-12-01 11:13:04,383^|493^|DEBUG^|HikariPool-1 housekeeper^|com.zaxxer.hikari.pool.HikariPool^|logPoolState^|HikariPool-1 - After cleanup  stats (total=6, active=1, idle=5, waiting=0)
2020-12-01 11:13:34,384^|495^|DEBUG^|HikariPool-1 housekeeper^|com.zaxxer.hikari.pool.HikariPool^|logPoolState^|HikariPool-1 - Before cleanup stats (total=6, active=1, idle=5, waiting=0)
2020-12-01 11:13:34,384^|497^|DEBUG^|HikariPool-1 housekeeper^|com.zaxxer.hikari.pool.HikariPool^|logPoolState^|HikariPool-1 - After cleanup  stats (total=6, active=1, idle=5, waiting=0)
2020-12-01 11:14:04,385^|499^|DEBUG^|HikariPool-1 housekeeper^|com.zaxxer.hikari.pool.HikariPool^|logPoolState^|HikariPool-1 - Before cleanup stats (total=6, active=1, idle=5, waiting=0)
2020-12-01 11:14:04,385^|501^|DEBUG^|HikariPool-1 housekeeper^|com.zaxxer.hikari.pool.HikariPool^|logPoolState^|HikariPool-1 - After cleanup  stats (total=6, active=1, idle=5, waiting=0)
2020-12-01 11:14:34,387^|503^|DEBUG^|HikariPool-1 housekeeper^|com.zaxxer.hikari.pool.HikariPool^|logPoolState^|HikariPool-1 - Before cleanup stats (total=6, active=1, idle=5, waiting=0)
2020-12-01 11:14:34,387^|505^|DEBUG^|HikariPool-1 housekeeper^|com.zaxxer.hikari.pool.HikariPool^|logPoolState^|HikariPool-1 - After cleanup  stats (total=6, active=1, idle=5, waiting=0)
2020-12-01 11:15:04,388^|507^|DEBUG^|HikariPool-1 housekeeper^|com.zaxxer.hikari.pool.HikariPool^|logPoolState^|HikariPool-1 - Before cleanup stats (total=6, active=1, idle=5, waiting=0)
2020-12-01 11:15:04,388^|509^|DEBUG^|HikariPool-1 housekeeper^|com.zaxxer.hikari.pool.HikariPool^|logPoolState^|HikariPool-1 - After cleanup  stats (total=6, active=1, idle=5, waiting=0)
2020-12-01 11:15:34,389^|511^|DEBUG^|HikariPool-1 housekeeper^|com.zaxxer.hikari.pool.HikariPool^|logPoolState^|HikariPool-1 - Before cleanup stats (total=6, active=1, idle=5, waiting=0)
2020-12-01 11:15:34,389^|513^|DEBUG^|HikariPool-1 housekeeper^|com.zaxxer.hikari.pool.HikariPool^|logPoolState^|HikariPool-1 - After cleanup  stats (total=6, active=1, idle=5, waiting=0)
2020-12-01 11:16:04,392^|515^|DEBUG^|HikariPool-1 housekeeper^|com.zaxxer.hikari.pool.HikariPool^|logPoolState^|HikariPool-1 - Before cleanup stats (total=6, active=1, idle=5, waiting=0)
2020-12-01 11:16:04,392^|517^|DEBUG^|HikariPool-1 housekeeper^|com.zaxxer.hikari.pool.HikariPool^|logPoolState^|HikariPool-1 - After cleanup  stats (total=6, active=1, idle=5, waiting=0)
2020-12-01 11:16:34,393^|519^|DEBUG^|HikariPool-1 housekeeper^|com.zaxxer.hikari.pool.HikariPool^|logPoolState^|HikariPool-1 - Before cleanup stats (total=6, active=1, idle=5, waiting=0)
2020-12-01 11:16:34,393^|521^|DEBUG^|HikariPool-1 housekeeper^|com.zaxxer.hikari.pool.HikariPool^|logPoolState^|HikariPool-1 - After cleanup  stats (total=6, active=1, idle=5, waiting=0)
2020-12-01 11:17:04,395^|523^|DEBUG^|HikariPool-1 housekeeper^|com.zaxxer.hikari.pool.HikariPool^|logPoolState^|HikariPool-1 - Before cleanup stats (total=6, active=1, idle=5, waiting=0)
2020-12-01 11:17:04,395^|525^|DEBUG^|HikariPool-1 housekeeper^|com.zaxxer.hikari.pool.HikariPool^|logPoolState^|HikariPool-1 - After cleanup  stats (total=6, active=1, idle=5, waiting=0)
2020-12-01 11:17:34,396^|527^|DEBUG^|HikariPool-1 housekeeper^|com.zaxxer.hikari.pool.HikariPool^|logPoolState^|HikariPool-1 - Before cleanup stats (total=6, active=1, idle=5, waiting=0)
2020-12-01 11:17:34,396^|529^|DEBUG^|HikariPool-1 housekeeper^|com.zaxxer.hikari.pool.HikariPool^|logPoolState^|HikariPool-1 - After cleanup  stats (total=6, active=1, idle=5, waiting=0)
2020-12-01 11:18:04,397^|531^|DEBUG^|HikariPool-1 housekeeper^|com.zaxxer.hikari.pool.HikariPool^|logPoolState^|HikariPool-1 - Before cleanup stats (total=6, active=1, idle=5, waiting=0)
2020-12-01 11:18:04,397^|533^|DEBUG^|HikariPool-1 housekeeper^|com.zaxxer.hikari.pool.HikariPool^|logPoolState^|HikariPool-1 - After cleanup  stats (total=6, active=1, idle=5, waiting=0)
2020-12-01 11:18:34,398^|535^|DEBUG^|HikariPool-1 housekeeper^|com.zaxxer.hikari.pool.HikariPool^|logPoolState^|HikariPool-1 - Before cleanup stats (total=6, active=1, idle=5, waiting=0)
2020-12-01 11:18:34,398^|537^|DEBUG^|HikariPool-1 housekeeper^|com.zaxxer.hikari.pool.HikariPool^|logPoolState^|HikariPool-1 - After cleanup  stats (total=6, active=1, idle=5, waiting=0)
2020-12-01 11:19:04,400^|539^|DEBUG^|HikariPool-1 housekeeper^|com.zaxxer.hikari.pool.HikariPool^|logPoolState^|HikariPool-1 - Before cleanup stats (total=6, active=1, idle=5, waiting=0)
2020-12-01 11:19:04,400^|541^|DEBUG^|HikariPool-1 housekeeper^|com.zaxxer.hikari.pool.HikariPool^|logPoolState^|HikariPool-1 - After cleanup  stats (total=6, active=1, idle=5, waiting=0)
2020-12-01 11:19:34,401^|543^|DEBUG^|HikariPool-1 housekeeper^|com.zaxxer.hikari.pool.HikariPool^|logPoolState^|HikariPool-1 - Before cleanup stats (total=6, active=1, idle=5, waiting=0)
2020-12-01 11:19:34,401^|545^|DEBUG^|HikariPool-1 housekeeper^|com.zaxxer.hikari.pool.HikariPool^|logPoolState^|HikariPool-1 - After cleanup  stats (total=6, active=1, idle=5, waiting=0)
2020-12-01 11:20:04,403^|547^|DEBUG^|HikariPool-1 housekeeper^|com.zaxxer.hikari.pool.HikariPool^|logPoolState^|HikariPool-1 - Before cleanup stats (total=6, active=1, idle=5, waiting=0)
2020-12-01 11:20:04,403^|549^|DEBUG^|HikariPool-1 housekeeper^|com.zaxxer.hikari.pool.HikariPool^|logPoolState^|HikariPool-1 - After cleanup  stats (total=6, active=1, idle=5, waiting=0)
2020-12-01 11:20:34,405^|551^|DEBUG^|HikariPool-1 housekeeper^|com.zaxxer.hikari.pool.HikariPool^|logPoolState^|HikariPool-1 - Before cleanup stats (total=6, active=1, idle=5, waiting=0)
2020-12-01 11:20:34,405^|553^|DEBUG^|HikariPool-1 housekeeper^|com.zaxxer.hikari.pool.HikariPool^|logPoolState^|HikariPool-1 - After cleanup  stats (total=6, active=1, idle=5, waiting=0)
2020-12-01 11:21:04,407^|555^|DEBUG^|HikariPool-1 housekeeper^|com.zaxxer.hikari.pool.HikariPool^|logPoolState^|HikariPool-1 - Before cleanup stats (total=6, active=1, idle=5, waiting=0)
2020-12-01 11:21:04,407^|557^|DEBUG^|HikariPool-1 housekeeper^|com.zaxxer.hikari.pool.HikariPool^|logPoolState^|HikariPool-1 - After cleanup  stats (total=6, active=1, idle=5, waiting=0)
2020-12-01 11:21:34,409^|559^|DEBUG^|HikariPool-1 housekeeper^|com.zaxxer.hikari.pool.HikariPool^|logPoolState^|HikariPool-1 - Before cleanup stats (total=6, active=1, idle=5, waiting=0)
2020-12-01 11:21:34,409^|561^|DEBUG^|HikariPool-1 housekeeper^|com.zaxxer.hikari.pool.HikariPool^|logPoolState^|HikariPool-1 - After cleanup  stats (total=6, active=1, idle=5, waiting=0)
2020-12-01 11:22:04,411^|563^|DEBUG^|HikariPool-1 housekeeper^|com.zaxxer.hikari.pool.HikariPool^|logPoolState^|HikariPool-1 - Before cleanup stats (total=6, active=1, idle=5, waiting=0)
2020-12-01 11:22:04,411^|565^|DEBUG^|HikariPool-1 housekeeper^|com.zaxxer.hikari.pool.HikariPool^|logPoolState^|HikariPool-1 - After cleanup  stats (total=6, active=1, idle=5, waiting=0)
2020-12-01 11:22:34,412^|567^|DEBUG^|HikariPool-1 housekeeper^|com.zaxxer.hikari.pool.HikariPool^|logPoolState^|HikariPool-1 - Before cleanup stats (total=6, active=1, idle=5, waiting=0)
2020-12-01 11:22:34,412^|569^|DEBUG^|HikariPool-1 housekeeper^|com.zaxxer.hikari.pool.HikariPool^|logPoolState^|HikariPool-1 - After cleanup  stats (total=6, active=1, idle=5, waiting=0)
2020-12-01 11:23:04,413^|571^|DEBUG^|HikariPool-1 housekeeper^|com.zaxxer.hikari.pool.HikariPool^|logPoolState^|HikariPool-1 - Before cleanup stats (total=6, active=1, idle=5, waiting=0)
2020-12-01 11:23:04,413^|573^|DEBUG^|HikariPool-1 housekeeper^|com.zaxxer.hikari.pool.HikariPool^|logPoolState^|HikariPool-1 - After cleanup  stats (total=6, active=1, idle=5, waiting=0)
2020-12-01 11:23:34,414^|575^|DEBUG^|HikariPool-1 housekeeper^|com.zaxxer.hikari.pool.HikariPool^|logPoolState^|HikariPool-1 - Before cleanup stats (total=6, active=1, idle=5, waiting=0)
2020-12-01 11:23:34,414^|577^|DEBUG^|HikariPool-1 housekeeper^|com.zaxxer.hikari.pool.HikariPool^|logPoolState^|HikariPool-1 - After cleanup  stats (total=6, active=1, idle=5, waiting=0)
2020-12-01 11:24:04,416^|579^|DEBUG^|HikariPool-1 housekeeper^|com.zaxxer.hikari.pool.HikariPool^|logPoolState^|HikariPool-1 - Before cleanup stats (total=6, active=1, idle=5, waiting=0)
2020-12-01 11:24:04,416^|581^|DEBUG^|HikariPool-1 housekeeper^|com.zaxxer.hikari.pool.HikariPool^|logPoolState^|HikariPool-1 - After cleanup  stats (total=6, active=1, idle=5, waiting=0)
2020-12-01 11:24:34,418^|583^|DEBUG^|HikariPool-1 housekeeper^|com.zaxxer.hikari.pool.HikariPool^|logPoolState^|HikariPool-1 - Before cleanup stats (total=6, active=1, idle=5, waiting=0)
2020-12-01 11:24:34,418^|585^|DEBUG^|HikariPool-1 housekeeper^|com.zaxxer.hikari.pool.HikariPool^|logPoolState^|HikariPool-1 - After cleanup  stats (total=6, active=1, idle=5, waiting=0)
2020-12-01 11:25:04,419^|587^|DEBUG^|HikariPool-1 housekeeper^|com.zaxxer.hikari.pool.HikariPool^|logPoolState^|HikariPool-1 - Before cleanup stats (total=6, active=1, idle=5, waiting=0)
2020-12-01 11:25:04,419^|589^|DEBUG^|HikariPool-1 housekeeper^|com.zaxxer.hikari.pool.HikariPool^|logPoolState^|HikariPool-1 - After cleanup  stats (total=6, active=1, idle=5, waiting=0)
2020-12-01 11:25:34,422^|591^|DEBUG^|HikariPool-1 housekeeper^|com.zaxxer.hikari.pool.HikariPool^|logPoolState^|HikariPool-1 - Before cleanup stats (total=6, active=1, idle=5, waiting=0)
2020-12-01 11:25:34,422^|593^|DEBUG^|HikariPool-1 housekeeper^|com.zaxxer.hikari.pool.HikariPool^|logPoolState^|HikariPool-1 - After cleanup  stats (total=6, active=1, idle=5, waiting=0)
2020-12-01 11:26:04,424^|595^|DEBUG^|HikariPool-1 housekeeper^|com.zaxxer.hikari.pool.HikariPool^|logPoolState^|HikariPool-1 - Before cleanup stats (total=6, active=1, idle=5, waiting=0)
2020-12-01 11:26:04,424^|597^|DEBUG^|HikariPool-1 housekeeper^|com.zaxxer.hikari.pool.HikariPool^|logPoolState^|HikariPool-1 - After cleanup  stats (total=6, active=1, idle=5, waiting=0)
2020-12-01 11:26:34,425^|599^|DEBUG^|HikariPool-1 housekeeper^|com.zaxxer.hikari.pool.HikariPool^|logPoolState^|HikariPool-1 - Before cleanup stats (total=6, active=1, idle=5, waiting=0)
2020-12-01 11:26:34,426^|601^|DEBUG^|HikariPool-1 housekeeper^|com.zaxxer.hikari.pool.HikariPool^|logPoolState^|HikariPool-1 - After cleanup  stats (total=6, active=1, idle=5, waiting=0)
2020-12-01 11:27:04,445^|603^|DEBUG^|HikariPool-1 housekeeper^|com.zaxxer.hikari.pool.HikariPool^|logPoolState^|HikariPool-1 - Before cleanup stats (total=6, active=1, idle=5, waiting=0)
2020-12-01 11:27:04,445^|605^|DEBUG^|HikariPool-1 housekeeper^|com.zaxxer.hikari.pool.HikariPool^|logPoolState^|HikariPool-1 - After cleanup  stats (total=6, active=1, idle=5, waiting=0)
2020-12-01 11:27:34,446^|607^|DEBUG^|HikariPool-1 housekeeper^|com.zaxxer.hikari.pool.HikariPool^|logPoolState^|HikariPool-1 - Before cleanup stats (total=6, active=1, idle=5, waiting=0)
2020-12-01 11:27:34,446^|609^|DEBUG^|HikariPool-1 housekeeper^|com.zaxxer.hikari.pool.HikariPool^|logPoolState^|HikariPool-1 - After cleanup  stats (total=6, active=1, idle=5, waiting=0)
2020-12-01 11:28:04,447^|611^|DEBUG^|HikariPool-1 housekeeper^|com.zaxxer.hikari.pool.HikariPool^|logPoolState^|HikariPool-1 - Before cleanup stats (total=6, active=1, idle=5, waiting=0)
2020-12-01 11:28:04,447^|613^|DEBUG^|HikariPool-1 housekeeper^|com.zaxxer.hikari.pool.HikariPool^|logPoolState^|HikariPool-1 - After cleanup  stats (total=6, active=1, idle=5, waiting=0)
2020-12-01 11:28:34,457^|615^|DEBUG^|HikariPool-1 housekeeper^|com.zaxxer.hikari.pool.HikariPool^|logPoolState^|HikariPool-1 - Before cleanup stats (total=6, active=1, idle=5, waiting=0)
2020-12-01 11:28:34,457^|617^|DEBUG^|HikariPool-1 housekeeper^|com.zaxxer.hikari.pool.HikariPool^|logPoolState^|HikariPool-1 - After cleanup  stats (total=6, active=1, idle=5, waiting=0)
2020-12-01 11:29:04,460^|619^|DEBUG^|HikariPool-1 housekeeper^|com.zaxxer.hikari.pool.HikariPool^|logPoolState^|HikariPool-1 - Before cleanup stats (total=6, active=1, idle=5, waiting=0)
2020-12-01 11:29:04,460^|621^|DEBUG^|HikariPool-1 housekeeper^|com.zaxxer.hikari.pool.HikariPool^|logPoolState^|HikariPool-1 - After cleanup  stats (total=6, active=1, idle=5, waiting=0)
2020-12-01 11:29:34,462^|623^|DEBUG^|HikariPool-1 housekeeper^|com.zaxxer.hikari.pool.HikariPool^|logPoolState^|HikariPool-1 - Before cleanup stats (total=6, active=1, idle=5, waiting=0)
2020-12-01 11:29:34,462^|625^|DEBUG^|HikariPool-1 housekeeper^|com.zaxxer.hikari.pool.HikariPool^|logPoolState^|HikariPool-1 - After cleanup  stats (total=6, active=1, idle=5, waiting=0)
2020-12-01 11:30:04,463^|627^|DEBUG^|HikariPool-1 housekeeper^|com.zaxxer.hikari.pool.HikariPool^|logPoolState^|HikariPool-1 - Before cleanup stats (total=6, active=1, idle=5, waiting=0)
2020-12-01 11:30:04,463^|629^|DEBUG^|HikariPool-1 housekeeper^|com.zaxxer.hikari.pool.HikariPool^|logPoolState^|HikariPool-1 - After cleanup  stats (total=6, active=1, idle=5, waiting=0)
2020-12-01 11:30:34,465^|631^|DEBUG^|HikariPool-1 housekeeper^|com.zaxxer.hikari.pool.HikariPool^|logPoolState^|HikariPool-1 - Before cleanup stats (total=6, active=1, idle=5, waiting=0)
2020-12-01 11:30:34,465^|633^|DEBUG^|HikariPool-1 housekeeper^|com.zaxxer.hikari.pool.HikariPool^|logPoolState^|HikariPool-1 - After cleanup  stats (total=6, active=1, idle=5, waiting=0)
2020-12-01 11:31:04,466^|635^|DEBUG^|HikariPool-1 housekeeper^|com.zaxxer.hikari.pool.HikariPool^|logPoolState^|HikariPool-1 - Before cleanup stats (total=6, active=1, idle=5, waiting=0)
2020-12-01 11:31:04,466^|637^|DEBUG^|HikariPool-1 housekeeper^|com.zaxxer.hikari.pool.HikariPool^|logPoolState^|HikariPool-1 - After cleanup  stats (total=6, active=1, idle=5, waiting=0)
2020-12-01 11:31:34,468^|639^|DEBUG^|HikariPool-1 housekeeper^|com.zaxxer.hikari.pool.HikariPool^|logPoolState^|HikariPool-1 - Before cleanup stats (total=6, active=1, idle=5, waiting=0)
2020-12-01 11:31:34,468^|641^|DEBUG^|HikariPool-1 housekeeper^|com.zaxxer.hikari.pool.HikariPool^|logPoolState^|HikariPool-1 - After cleanup  stats (total=6, active=1, idle=5, waiting=0)
2020-12-01 11:32:04,469^|643^|DEBUG^|HikariPool-1 housekeeper^|com.zaxxer.hikari.pool.HikariPool^|logPoolState^|HikariPool-1 - Before cleanup stats (total=6, active=1, idle=5, waiting=0)
2020-12-01 11:32:04,469^|645^|DEBUG^|HikariPool-1 housekeeper^|com.zaxxer.hikari.pool.HikariPool^|logPoolState^|HikariPool-1 - After cleanup  stats (total=6, active=1, idle=5, waiting=0)
2020-12-01 11:32:34,471^|647^|DEBUG^|HikariPool-1 housekeeper^|com.zaxxer.hikari.pool.HikariPool^|logPoolState^|HikariPool-1 - Before cleanup stats (total=6, active=1, idle=5, waiting=0)
2020-12-01 11:32:34,471^|649^|DEBUG^|HikariPool-1 housekeeper^|com.zaxxer.hikari.pool.HikariPool^|logPoolState^|HikariPool-1 - After cleanup  stats (total=6, active=1, idle=5, waiting=0)
2020-12-01 11:33:04,472^|651^|DEBUG^|HikariPool-1 housekeeper^|com.zaxxer.hikari.pool.HikariPool^|logPoolState^|HikariPool-1 - Before cleanup stats (total=6, active=1, idle=5, waiting=0)
2020-12-01 11:33:04,472^|653^|DEBUG^|HikariPool-1 housekeeper^|com.zaxxer.hikari.pool.HikariPool^|logPoolState^|HikariPool-1 - After cleanup  stats (total=6, active=1, idle=5, waiting=0)
2020-12-01 11:33:19,650^|655^|DEBUG^|HikariPool-1 connection closer^|com.zaxxer.hikari.pool.PoolBase^|quietlyCloseConnection^|HikariPool-1 - Closing connection com.mysql.jdbc.JDBC4Connection@270c2522: (connection has passed maxLifetime)
2020-12-01 11:33:19,662^|657^|DEBUG^|HikariPool-1 connection adder^|com.zaxxer.hikari.pool.HikariPool^|call^|HikariPool-1 - Added connection com.mysql.jdbc.JDBC4Connection@5f6f546f
2020-12-01 11:33:34,474^|659^|DEBUG^|HikariPool-1 housekeeper^|com.zaxxer.hikari.pool.HikariPool^|logPoolState^|HikariPool-1 - Before cleanup stats (total=6, active=1, idle=5, waiting=0)
2020-12-01 11:33:34,474^|661^|DEBUG^|HikariPool-1 housekeeper^|com.zaxxer.hikari.pool.HikariPool^|logPoolState^|HikariPool-1 - After cleanup  stats (total=6, active=1, idle=5, waiting=0)
2020-12-01 11:33:49,294^|663^|DEBUG^|HikariPool-1 connection closer^|com.zaxxer.hikari.pool.PoolBase^|quietlyCloseConnection^|HikariPool-1 - Closing connection com.mysql.jdbc.JDBC4Connection@4b5cd9dd: (connection has passed maxLifetime)
2020-12-01 11:33:49,302^|665^|DEBUG^|HikariPool-1 connection adder^|com.zaxxer.hikari.pool.HikariPool^|call^|HikariPool-1 - Added connection com.mysql.jdbc.JDBC4Connection@5209fe1a
2020-12-01 11:33:59,682^|667^|DEBUG^|HikariPool-1 connection closer^|com.zaxxer.hikari.pool.PoolBase^|quietlyCloseConnection^|HikariPool-1 - Closing connection com.mysql.jdbc.JDBC4Connection@25c65d64: (connection has passed maxLifetime)
2020-12-01 11:33:59,697^|669^|DEBUG^|HikariPool-1 connection adder^|com.zaxxer.hikari.pool.HikariPool^|call^|HikariPool-1 - Added connection com.mysql.jdbc.JDBC4Connection@5e3be166
2020-12-01 11:34:04,475^|671^|DEBUG^|HikariPool-1 housekeeper^|com.zaxxer.hikari.pool.HikariPool^|logPoolState^|HikariPool-1 - Before cleanup stats (total=6, active=1, idle=5, waiting=0)
2020-12-01 11:34:04,475^|673^|DEBUG^|HikariPool-1 housekeeper^|com.zaxxer.hikari.pool.HikariPool^|logPoolState^|HikariPool-1 - After cleanup  stats (total=6, active=1, idle=5, waiting=0)
2020-12-01 11:34:20,666^|675^|DEBUG^|HikariPool-1 connection closer^|com.zaxxer.hikari.pool.PoolBase^|quietlyCloseConnection^|HikariPool-1 - Closing connection com.mysql.jdbc.JDBC4Connection@2e9dbf3d: (connection has passed maxLifetime)
2020-12-01 11:34:20,673^|677^|DEBUG^|HikariPool-1 connection adder^|com.zaxxer.hikari.pool.HikariPool^|call^|HikariPool-1 - Added connection com.mysql.jdbc.JDBC4Connection@55a6175f
2020-12-01 11:34:22,223^|679^|DEBUG^|HikariPool-1 connection closer^|com.zaxxer.hikari.pool.PoolBase^|quietlyCloseConnection^|HikariPool-1 - Closing connection com.mysql.jdbc.JDBC4Connection@2b732692: (connection has passed maxLifetime)
2020-12-01 11:34:22,235^|681^|DEBUG^|HikariPool-1 connection adder^|com.zaxxer.hikari.pool.HikariPool^|call^|HikariPool-1 - Added connection com.mysql.jdbc.JDBC4Connection@1b591682
2020-12-01 11:34:34,477^|683^|DEBUG^|HikariPool-1 housekeeper^|com.zaxxer.hikari.pool.HikariPool^|logPoolState^|HikariPool-1 - Before cleanup stats (total=6, active=1, idle=5, waiting=0)
2020-12-01 11:34:34,477^|685^|DEBUG^|HikariPool-1 housekeeper^|com.zaxxer.hikari.pool.HikariPool^|logPoolState^|HikariPool-1 - After cleanup  stats (total=6, active=1, idle=5, waiting=0)
2020-12-01 11:35:04,479^|687^|DEBUG^|HikariPool-1 housekeeper^|com.zaxxer.hikari.pool.HikariPool^|logPoolState^|HikariPool-1 - Before cleanup stats (total=6, active=1, idle=5, waiting=0)
2020-12-01 11:35:04,479^|689^|DEBUG^|HikariPool-1 housekeeper^|com.zaxxer.hikari.pool.HikariPool^|logPoolState^|HikariPool-1 - After cleanup  stats (total=6, active=1, idle=5, waiting=0)
2020-12-01 11:35:34,480^|691^|DEBUG^|HikariPool-1 housekeeper^|com.zaxxer.hikari.pool.HikariPool^|logPoolState^|HikariPool-1 - Before cleanup stats (total=6, active=1, idle=5, waiting=0)
2020-12-01 11:35:34,480^|693^|DEBUG^|HikariPool-1 housekeeper^|com.zaxxer.hikari.pool.HikariPool^|logPoolState^|HikariPool-1 - After cleanup  stats (total=6, active=1, idle=5, waiting=0)
2020-12-01 11:36:04,482^|695^|DEBUG^|HikariPool-1 housekeeper^|com.zaxxer.hikari.pool.HikariPool^|logPoolState^|HikariPool-1 - Before cleanup stats (total=6, active=1, idle=5, waiting=0)
2020-12-01 11:36:04,482^|697^|DEBUG^|HikariPool-1 housekeeper^|com.zaxxer.hikari.pool.HikariPool^|logPoolState^|HikariPool-1 - After cleanup  stats (total=6, active=1, idle=5, waiting=0)
2020-12-01 11:36:34,483^|699^|DEBUG^|HikariPool-1 housekeeper^|com.zaxxer.hikari.pool.HikariPool^|logPoolState^|HikariPool-1 - Before cleanup stats (total=6, active=1, idle=5, waiting=0)
2020-12-01 11:36:34,483^|701^|DEBUG^|HikariPool-1 housekeeper^|com.zaxxer.hikari.pool.HikariPool^|logPoolState^|HikariPool-1 - After cleanup  stats (total=6, active=1, idle=5, waiting=0)
2020-12-01 11:37:04,484^|703^|DEBUG^|HikariPool-1 housekeeper^|com.zaxxer.hikari.pool.HikariPool^|logPoolState^|HikariPool-1 - Before cleanup stats (total=6, active=1, idle=5, waiting=0)
2020-12-01 11:37:04,484^|705^|DEBUG^|HikariPool-1 housekeeper^|com.zaxxer.hikari.pool.HikariPool^|logPoolState^|HikariPool-1 - After cleanup  stats (total=6, active=1, idle=5, waiting=0)
2020-12-01 11:37:34,486^|707^|DEBUG^|HikariPool-1 housekeeper^|com.zaxxer.hikari.pool.HikariPool^|logPoolState^|HikariPool-1 - Before cleanup stats (total=6, active=1, idle=5, waiting=0)
2020-12-01 11:37:34,486^|709^|DEBUG^|HikariPool-1 housekeeper^|com.zaxxer.hikari.pool.HikariPool^|logPoolState^|HikariPool-1 - After cleanup  stats (total=6, active=1, idle=5, waiting=0)
2020-12-01 11:38:04,487^|711^|DEBUG^|HikariPool-1 housekeeper^|com.zaxxer.hikari.pool.HikariPool^|logPoolState^|HikariPool-1 - Before cleanup stats (total=6, active=1, idle=5, waiting=0)
2020-12-01 11:38:04,487^|713^|DEBUG^|HikariPool-1 housekeeper^|com.zaxxer.hikari.pool.HikariPool^|logPoolState^|HikariPool-1 - After cleanup  stats (total=6, active=1, idle=5, waiting=0)
2020-12-01 11:38:34,488^|715^|DEBUG^|HikariPool-1 housekeeper^|com.zaxxer.hikari.pool.HikariPool^|logPoolState^|HikariPool-1 - Before cleanup stats (total=6, active=1, idle=5, waiting=0)
2020-12-01 11:38:34,488^|717^|DEBUG^|HikariPool-1 housekeeper^|com.zaxxer.hikari.pool.HikariPool^|logPoolState^|HikariPool-1 - After cleanup  stats (total=6, active=1, idle=5, waiting=0)
2020-12-01 11:39:04,490^|719^|DEBUG^|HikariPool-1 housekeeper^|com.zaxxer.hikari.pool.HikariPool^|logPoolState^|HikariPool-1 - Before cleanup stats (total=6, active=1, idle=5, waiting=0)
2020-12-01 11:39:04,490^|721^|DEBUG^|HikariPool-1 housekeeper^|com.zaxxer.hikari.pool.HikariPool^|logPoolState^|HikariPool-1 - After cleanup  stats (total=6, active=1, idle=5, waiting=0)
2020-12-01 11:39:34,491^|723^|DEBUG^|HikariPool-1 housekeeper^|com.zaxxer.hikari.pool.HikariPool^|logPoolState^|HikariPool-1 - Before cleanup stats (total=6, active=1, idle=5, waiting=0)
2020-12-01 11:39:34,491^|725^|DEBUG^|HikariPool-1 housekeeper^|com.zaxxer.hikari.pool.HikariPool^|logPoolState^|HikariPool-1 - After cleanup  stats (total=6, active=1, idle=5, waiting=0)
2020-12-01 11:40:04,492^|727^|DEBUG^|HikariPool-1 housekeeper^|com.zaxxer.hikari.pool.HikariPool^|logPoolState^|HikariPool-1 - Before cleanup stats (total=6, active=1, idle=5, waiting=0)
2020-12-01 11:40:04,492^|729^|DEBUG^|HikariPool-1 housekeeper^|com.zaxxer.hikari.pool.HikariPool^|logPoolState^|HikariPool-1 - After cleanup  stats (total=6, active=1, idle=5, waiting=0)
2020-12-01 11:40:34,494^|731^|DEBUG^|HikariPool-1 housekeeper^|com.zaxxer.hikari.pool.HikariPool^|logPoolState^|HikariPool-1 - Before cleanup stats (total=6, active=1, idle=5, waiting=0)
2020-12-01 11:40:34,494^|733^|DEBUG^|HikariPool-1 housekeeper^|com.zaxxer.hikari.pool.HikariPool^|logPoolState^|HikariPool-1 - After cleanup  stats (total=6, active=1, idle=5, waiting=0)
2020-12-01 11:41:04,495^|735^|DEBUG^|HikariPool-1 housekeeper^|com.zaxxer.hikari.pool.HikariPool^|logPoolState^|HikariPool-1 - Before cleanup stats (total=6, active=1, idle=5, waiting=0)
2020-12-01 11:41:04,495^|737^|DEBUG^|HikariPool-1 housekeeper^|com.zaxxer.hikari.pool.HikariPool^|logPoolState^|HikariPool-1 - After cleanup  stats (total=6, active=1, idle=5, waiting=0)
2020-12-01 11:41:34,497^|739^|DEBUG^|HikariPool-1 housekeeper^|com.zaxxer.hikari.pool.HikariPool^|logPoolState^|HikariPool-1 - Before cleanup stats (total=6, active=1, idle=5, waiting=0)
2020-12-01 11:41:34,497^|741^|DEBUG^|HikariPool-1 housekeeper^|com.zaxxer.hikari.pool.HikariPool^|logPoolState^|HikariPool-1 - After cleanup  stats (total=6, active=1, idle=5, waiting=0)
2020-12-01 11:42:04,498^|743^|DEBUG^|HikariPool-1 housekeeper^|com.zaxxer.hikari.pool.HikariPool^|logPoolState^|HikariPool-1 - Before cleanup stats (total=6, active=1, idle=5, waiting=0)
2020-12-01 11:42:04,498^|745^|DEBUG^|HikariPool-1 housekeeper^|com.zaxxer.hikari.pool.HikariPool^|logPoolState^|HikariPool-1 - After cleanup  stats (total=6, active=1, idle=5, waiting=0)
2020-12-01 11:42:34,499^|747^|DEBUG^|HikariPool-1 housekeeper^|com.zaxxer.hikari.pool.HikariPool^|logPoolState^|HikariPool-1 - Before cleanup stats (total=6, active=1, idle=5, waiting=0)
2020-12-01 11:42:34,499^|749^|DEBUG^|HikariPool-1 housekeeper^|com.zaxxer.hikari.pool.HikariPool^|logPoolState^|HikariPool-1 - After cleanup  stats (total=6, active=1, idle=5, waiting=0)
2020-12-01 11:43:04,501^|751^|DEBUG^|HikariPool-1 housekeeper^|com.zaxxer.hikari.pool.HikariPool^|logPoolState^|HikariPool-1 - Before cleanup stats (total=6, active=1, idle=5, waiting=0)
2020-12-01 11:43:04,501^|753^|DEBUG^|HikariPool-1 housekeeper^|com.zaxxer.hikari.pool.HikariPool^|logPoolState^|HikariPool-1 - After cleanup  stats (total=6, active=1, idle=5, waiting=0)
2020-12-01 11:43:34,503^|755^|DEBUG^|HikariPool-1 housekeeper^|com.zaxxer.hikari.pool.HikariPool^|logPoolState^|HikariPool-1 - Before cleanup stats (total=6, active=1, idle=5, waiting=0)
2020-12-01 11:43:34,503^|757^|DEBUG^|HikariPool-1 housekeeper^|com.zaxxer.hikari.pool.HikariPool^|logPoolState^|HikariPool-1 - After cleanup  stats (total=6, active=1, idle=5, waiting=0)
2020-12-01 11:44:04,504^|759^|DEBUG^|HikariPool-1 housekeeper^|com.zaxxer.hikari.pool.HikariPool^|logPoolState^|HikariPool-1 - Before cleanup stats (total=6, active=1, idle=5, waiting=0)
2020-12-01 11:44:04,504^|761^|DEBUG^|HikariPool-1 housekeeper^|com.zaxxer.hikari.pool.HikariPool^|logPoolState^|HikariPool-1 - After cleanup  stats (total=6, active=1, idle=5, waiting=0)
2020-12-01 11:44:34,506^|763^|DEBUG^|HikariPool-1 housekeeper^|com.zaxxer.hikari.pool.HikariPool^|logPoolState^|HikariPool-1 - Before cleanup stats (total=6, active=1, idle=5, waiting=0)
2020-12-01 11:44:34,506^|765^|DEBUG^|HikariPool-1 housekeeper^|com.zaxxer.hikari.pool.HikariPool^|logPoolState^|HikariPool-1 - After cleanup  stats (total=6, active=1, idle=5, waiting=0)
2020-12-01 11:45:04,506^|767^|DEBUG^|HikariPool-1 housekeeper^|com.zaxxer.hikari.pool.HikariPool^|logPoolState^|HikariPool-1 - Before cleanup stats (total=6, active=1, idle=5, waiting=0)
2020-12-01 11:45:04,506^|769^|DEBUG^|HikariPool-1 housekeeper^|com.zaxxer.hikari.pool.HikariPool^|logPoolState^|HikariPool-1 - After cleanup  stats (total=6, active=1, idle=5, waiting=0)
2020-12-01 11:45:34,508^|771^|DEBUG^|HikariPool-1 housekeeper^|com.zaxxer.hikari.pool.HikariPool^|logPoolState^|HikariPool-1 - Before cleanup stats (total=6, active=1, idle=5, waiting=0)
2020-12-01 11:45:34,508^|773^|DEBUG^|HikariPool-1 housekeeper^|com.zaxxer.hikari.pool.HikariPool^|logPoolState^|HikariPool-1 - After cleanup  stats (total=6, active=1, idle=5, waiting=0)
2020-12-01 11:46:04,510^|775^|DEBUG^|HikariPool-1 housekeeper^|com.zaxxer.hikari.pool.HikariPool^|logPoolState^|HikariPool-1 - Before cleanup stats (total=6, active=1, idle=5, waiting=0)
2020-12-01 11:46:04,510^|777^|DEBUG^|HikariPool-1 housekeeper^|com.zaxxer.hikari.pool.HikariPool^|logPoolState^|HikariPool-1 - After cleanup  stats (total=6, active=1, idle=5, waiting=0)
2020-12-01 11:46:34,511^|779^|DEBUG^|HikariPool-1 housekeeper^|com.zaxxer.hikari.pool.HikariPool^|logPoolState^|HikariPool-1 - Before cleanup stats (total=6, active=1, idle=5, waiting=0)
2020-12-01 11:46:34,511^|781^|DEBUG^|HikariPool-1 housekeeper^|com.zaxxer.hikari.pool.HikariPool^|logPoolState^|HikariPool-1 - After cleanup  stats (total=6, active=1, idle=5, waiting=0)
2020-12-01 11:47:04,512^|783^|DEBUG^|HikariPool-1 housekeeper^|com.zaxxer.hikari.pool.HikariPool^|logPoolState^|HikariPool-1 - Before cleanup stats (total=6, active=1, idle=5, waiting=0)
2020-12-01 11:47:04,512^|785^|DEBUG^|HikariPool-1 housekeeper^|com.zaxxer.hikari.pool.HikariPool^|logPoolState^|HikariPool-1 - After cleanup  stats (total=6, active=1, idle=5, waiting=0)
2020-12-01 11:47:34,514^|787^|DEBUG^|HikariPool-1 housekeeper^|com.zaxxer.hikari.pool.HikariPool^|logPoolState^|HikariPool-1 - Before cleanup stats (total=6, active=1, idle=5, waiting=0)
2020-12-01 11:47:34,514^|789^|DEBUG^|HikariPool-1 housekeeper^|com.zaxxer.hikari.pool.HikariPool^|logPoolState^|HikariPool-1 - After cleanup  stats (total=6, active=1, idle=5, waiting=0)
2020-12-01 11:48:04,515^|791^|DEBUG^|HikariPool-1 housekeeper^|com.zaxxer.hikari.pool.HikariPool^|logPoolState^|HikariPool-1 - Before cleanup stats (total=6, active=1, idle=5, waiting=0)
2020-12-01 11:48:04,515^|793^|DEBUG^|HikariPool-1 housekeeper^|com.zaxxer.hikari.pool.HikariPool^|logPoolState^|HikariPool-1 - After cleanup  stats (total=6, active=1, idle=5, waiting=0)
2020-12-01 11:48:34,516^|795^|DEBUG^|HikariPool-1 housekeeper^|com.zaxxer.hikari.pool.HikariPool^|logPoolState^|HikariPool-1 - Before cleanup stats (total=6, active=1, idle=5, waiting=0)
2020-12-01 11:48:34,516^|797^|DEBUG^|HikariPool-1 housekeeper^|com.zaxxer.hikari.pool.HikariPool^|logPoolState^|HikariPool-1 - After cleanup  stats (total=6, active=1, idle=5, waiting=0)
2020-12-01 11:49:04,518^|799^|DEBUG^|HikariPool-1 housekeeper^|com.zaxxer.hikari.pool.HikariPool^|logPoolState^|HikariPool-1 - Before cleanup stats (total=6, active=1, idle=5, waiting=0)
2020-12-01 11:49:04,518^|801^|DEBUG^|HikariPool-1 housekeeper^|com.zaxxer.hikari.pool.HikariPool^|logPoolState^|HikariPool-1 - After cleanup  stats (total=6, active=1, idle=5, waiting=0)
2020-12-01 11:49:34,519^|803^|DEBUG^|HikariPool-1 housekeeper^|com.zaxxer.hikari.pool.HikariPool^|logPoolState^|HikariPool-1 - Before cleanup stats (total=6, active=1, idle=5, waiting=0)
2020-12-01 11:49:34,519^|805^|DEBUG^|HikariPool-1 housekeeper^|com.zaxxer.hikari.pool.HikariPool^|logPoolState^|HikariPool-1 - After cleanup  stats (total=6, active=1, idle=5, waiting=0)
2020-12-01 11:50:04,520^|807^|DEBUG^|HikariPool-1 housekeeper^|com.zaxxer.hikari.pool.HikariPool^|logPoolState^|HikariPool-1 - Before cleanup stats (total=6, active=1, idle=5, waiting=0)
2020-12-01 11:50:04,520^|809^|DEBUG^|HikariPool-1 housekeeper^|com.zaxxer.hikari.pool.HikariPool^|logPoolState^|HikariPool-1 - After cleanup  stats (total=6, active=1, idle=5, waiting=0)
2020-12-01 11:50:34,522^|811^|DEBUG^|HikariPool-1 housekeeper^|com.zaxxer.hikari.pool.HikariPool^|logPoolState^|HikariPool-1 - Before cleanup stats (total=6, active=1, idle=5, waiting=0)
2020-12-01 11:50:34,522^|813^|DEBUG^|HikariPool-1 housekeeper^|com.zaxxer.hikari.pool.HikariPool^|logPoolState^|HikariPool-1 - After cleanup  stats (total=6, active=1, idle=5, waiting=0)
2020-12-01 11:51:04,525^|815^|DEBUG^|HikariPool-1 housekeeper^|com.zaxxer.hikari.pool.HikariPool^|logPoolState^|HikariPool-1 - Before cleanup stats (total=6, active=1, idle=5, waiting=0)
2020-12-01 11:51:04,525^|817^|DEBUG^|HikariPool-1 housekeeper^|com.zaxxer.hikari.pool.HikariPool^|logPoolState^|HikariPool-1 - After cleanup  stats (total=6, active=1, idle=5, waiting=0)
2020-12-01 11:51:34,527^|819^|DEBUG^|HikariPool-1 housekeeper^|com.zaxxer.hikari.pool.HikariPool^|logPoolState^|HikariPool-1 - Before cleanup stats (total=6, active=1, idle=5, waiting=0)
2020-12-01 11:51:34,527^|821^|DEBUG^|HikariPool-1 housekeeper^|com.zaxxer.hikari.pool.HikariPool^|logPoolState^|HikariPool-1 - After cleanup  stats (total=6, active=1, idle=5, waiting=0)
2020-12-01 11:52:04,528^|823^|DEBUG^|HikariPool-1 housekeeper^|com.zaxxer.hikari.pool.HikariPool^|logPoolState^|HikariPool-1 - Before cleanup stats (total=6, active=1, idle=5, waiting=0)
2020-12-01 11:52:04,528^|825^|DEBUG^|HikariPool-1 housekeeper^|com.zaxxer.hikari.pool.HikariPool^|logPoolState^|HikariPool-1 - After cleanup  stats (total=6, active=1, idle=5, waiting=0)
2020-12-01 11:52:34,529^|827^|DEBUG^|HikariPool-1 housekeeper^|com.zaxxer.hikari.pool.HikariPool^|logPoolState^|HikariPool-1 - Before cleanup stats (total=6, active=1, idle=5, waiting=0)
2020-12-01 11:52:34,529^|829^|DEBUG^|HikariPool-1 housekeeper^|com.zaxxer.hikari.pool.HikariPool^|logPoolState^|HikariPool-1 - After cleanup  stats (total=6, active=1, idle=5, waiting=0)
2020-12-01 11:53:04,531^|831^|DEBUG^|HikariPool-1 housekeeper^|com.zaxxer.hikari.pool.HikariPool^|logPoolState^|HikariPool-1 - Before cleanup stats (total=6, active=1, idle=5, waiting=0)
2020-12-01 11:53:04,531^|833^|DEBUG^|HikariPool-1 housekeeper^|com.zaxxer.hikari.pool.HikariPool^|logPoolState^|HikariPool-1 - After cleanup  stats (total=6, active=1, idle=5, waiting=0)
2020-12-01 11:53:34,533^|835^|DEBUG^|HikariPool-1 housekeeper^|com.zaxxer.hikari.pool.HikariPool^|logPoolState^|HikariPool-1 - Before cleanup stats (total=6, active=1, idle=5, waiting=0)
2020-12-01 11:53:34,533^|837^|DEBUG^|HikariPool-1 housekeeper^|com.zaxxer.hikari.pool.HikariPool^|logPoolState^|HikariPool-1 - After cleanup  stats (total=6, active=1, idle=5, waiting=0)
2020-12-01 11:54:04,534^|839^|DEBUG^|HikariPool-1 housekeeper^|com.zaxxer.hikari.pool.HikariPool^|logPoolState^|HikariPool-1 - Before cleanup stats (total=6, active=1, idle=5, waiting=0)
2020-12-01 11:54:04,534^|841^|DEBUG^|HikariPool-1 housekeeper^|com.zaxxer.hikari.pool.HikariPool^|logPoolState^|HikariPool-1 - After cleanup  stats (total=6, active=1, idle=5, waiting=0)
2020-12-01 11:54:34,536^|843^|DEBUG^|HikariPool-1 housekeeper^|com.zaxxer.hikari.pool.HikariPool^|logPoolState^|HikariPool-1 - Before cleanup stats (total=6, active=1, idle=5, waiting=0)
2020-12-01 11:54:34,536^|845^|DEBUG^|HikariPool-1 housekeeper^|com.zaxxer.hikari.pool.HikariPool^|logPoolState^|HikariPool-1 - After cleanup  stats (total=6, active=1, idle=5, waiting=0)
2020-12-01 11:55:04,537^|847^|DEBUG^|HikariPool-1 housekeeper^|com.zaxxer.hikari.pool.HikariPool^|logPoolState^|HikariPool-1 - Before cleanup stats (total=6, active=1, idle=5, waiting=0)
2020-12-01 11:55:04,537^|849^|DEBUG^|HikariPool-1 housekeeper^|com.zaxxer.hikari.pool.HikariPool^|logPoolState^|HikariPool-1 - After cleanup  stats (total=6, active=1, idle=5, waiting=0)
2020-12-01 11:55:34,537^|851^|DEBUG^|HikariPool-1 housekeeper^|com.zaxxer.hikari.pool.HikariPool^|logPoolState^|HikariPool-1 - Before cleanup stats (total=6, active=1, idle=5, waiting=0)
2020-12-01 11:55:34,537^|853^|DEBUG^|HikariPool-1 housekeeper^|com.zaxxer.hikari.pool.HikariPool^|logPoolState^|HikariPool-1 - After cleanup  stats (total=6, active=1, idle=5, waiting=0)
2020-12-01 11:56:04,539^|855^|DEBUG^|HikariPool-1 housekeeper^|com.zaxxer.hikari.pool.HikariPool^|logPoolState^|HikariPool-1 - Before cleanup stats (total=6, active=1, idle=5, waiting=0)
2020-12-01 11:56:04,539^|857^|DEBUG^|HikariPool-1 housekeeper^|com.zaxxer.hikari.pool.HikariPool^|logPoolState^|HikariPool-1 - After cleanup  stats (total=6, active=1, idle=5, waiting=0)
2020-12-01 11:56:34,541^|859^|DEBUG^|HikariPool-1 housekeeper^|com.zaxxer.hikari.pool.HikariPool^|logPoolState^|HikariPool-1 - Before cleanup stats (total=6, active=1, idle=5, waiting=0)
2020-12-01 11:56:34,541^|861^|DEBUG^|HikariPool-1 housekeeper^|com.zaxxer.hikari.pool.HikariPool^|logPoolState^|HikariPool-1 - After cleanup  stats (total=6, active=1, idle=5, waiting=0)
2020-12-01 11:57:04,543^|863^|DEBUG^|HikariPool-1 housekeeper^|com.zaxxer.hikari.pool.HikariPool^|logPoolState^|HikariPool-1 - Before cleanup stats (total=6, active=1, idle=5, waiting=0)
2020-12-01 11:57:04,543^|865^|DEBUG^|HikariPool-1 housekeeper^|com.zaxxer.hikari.pool.HikariPool^|logPoolState^|HikariPool-1 - After cleanup  stats (total=6, active=1, idle=5, waiting=0)
2020-12-01 11:57:34,544^|867^|DEBUG^|HikariPool-1 housekeeper^|com.zaxxer.hikari.pool.HikariPool^|logPoolState^|HikariPool-1 - Before cleanup stats (total=6, active=1, idle=5, waiting=0)
2020-12-01 11:57:34,544^|869^|DEBUG^|HikariPool-1 housekeeper^|com.zaxxer.hikari.pool.HikariPool^|logPoolState^|HikariPool-1 - After cleanup  stats (total=6, active=1, idle=5, waiting=0)
2020-12-01 11:58:04,545^|871^|DEBUG^|HikariPool-1 housekeeper^|com.zaxxer.hikari.pool.HikariPool^|logPoolState^|HikariPool-1 - Before cleanup stats (total=6, active=1, idle=5, waiting=0)
2020-12-01 11:58:04,545^|873^|DEBUG^|HikariPool-1 housekeeper^|com.zaxxer.hikari.pool.HikariPool^|logPoolState^|HikariPool-1 - After cleanup  stats (total=6, active=1, idle=5, waiting=0)
2020-12-01 11:58:34,546^|875^|DEBUG^|HikariPool-1 housekeeper^|com.zaxxer.hikari.pool.HikariPool^|logPoolState^|HikariPool-1 - Before cleanup stats (total=6, active=1, idle=5, waiting=0)
2020-12-01 11:58:34,546^|877^|DEBUG^|HikariPool-1 housekeeper^|com.zaxxer.hikari.pool.HikariPool^|logPoolState^|HikariPool-1 - After cleanup  stats (total=6, active=1, idle=5, waiting=0)
2020-12-01 11:59:04,548^|879^|DEBUG^|HikariPool-1 housekeeper^|com.zaxxer.hikari.pool.HikariPool^|logPoolState^|HikariPool-1 - Before cleanup stats (total=6, active=1, idle=5, waiting=0)
2020-12-01 11:59:04,548^|881^|DEBUG^|HikariPool-1 housekeeper^|com.zaxxer.hikari.pool.HikariPool^|logPoolState^|HikariPool-1 - After cleanup  stats (total=6, active=1, idle=5, waiting=0)
2020-12-01 11:59:34,549^|883^|DEBUG^|HikariPool-1 housekeeper^|com.zaxxer.hikari.pool.HikariPool^|logPoolState^|HikariPool-1 - Before cleanup stats (total=6, active=1, idle=5, waiting=0)
2020-12-01 11:59:34,549^|885^|DEBUG^|HikariPool-1 housekeeper^|com.zaxxer.hikari.pool.HikariPool^|logPoolState^|HikariPool-1 - After cleanup  stats (total=6, active=1, idle=5, waiting=0)
2020-12-01 12:00:04,550^|887^|DEBUG^|HikariPool-1 housekeeper^|com.zaxxer.hikari.pool.HikariPool^|logPoolState^|HikariPool-1 - Before cleanup stats (total=6, active=1, idle=5, waiting=0)
2020-12-01 12:00:04,550^|889^|DEBUG^|HikariPool-1 housekeeper^|com.zaxxer.hikari.pool.HikariPool^|logPoolState^|HikariPool-1 - After cleanup  stats (total=6, active=1, idle=5, waiting=0)
2020-12-01 12:00:34,552^|891^|DEBUG^|HikariPool-1 housekeeper^|com.zaxxer.hikari.pool.HikariPool^|logPoolState^|HikariPool-1 - Before cleanup stats (total=6, active=1, idle=5, waiting=0)
2020-12-01 12:00:34,552^|893^|DEBUG^|HikariPool-1 housekeeper^|com.zaxxer.hikari.pool.HikariPool^|logPoolState^|HikariPool-1 - After cleanup  stats (total=6, active=1, idle=5, waiting=0)
2020-12-01 12:01:04,553^|895^|DEBUG^|HikariPool-1 housekeeper^|com.zaxxer.hikari.pool.HikariPool^|logPoolState^|HikariPool-1 - Before cleanup stats (total=6, active=1, idle=5, waiting=0)
2020-12-01 12:01:04,553^|897^|DEBUG^|HikariPool-1 housekeeper^|com.zaxxer.hikari.pool.HikariPool^|logPoolState^|HikariPool-1 - After cleanup  stats (total=6, active=1, idle=5, waiting=0)
2020-12-01 12:01:34,555^|899^|DEBUG^|HikariPool-1 housekeeper^|com.zaxxer.hikari.pool.HikariPool^|logPoolState^|HikariPool-1 - Before cleanup stats (total=6, active=1, idle=5, waiting=0)
2020-12-01 12:01:34,555^|901^|DEBUG^|HikariPool-1 housekeeper^|com.zaxxer.hikari.pool.HikariPool^|logPoolState^|HikariPool-1 - After cleanup  stats (total=6, active=1, idle=5, waiting=0)
2020-12-01 12:02:04,556^|903^|DEBUG^|HikariPool-1 housekeeper^|com.zaxxer.hikari.pool.HikariPool^|logPoolState^|HikariPool-1 - Before cleanup stats (total=6, active=1, idle=5, waiting=0)
2020-12-01 12:02:04,556^|905^|DEBUG^|HikariPool-1 housekeeper^|com.zaxxer.hikari.pool.HikariPool^|logPoolState^|HikariPool-1 - After cleanup  stats (total=6, active=1, idle=5, waiting=0)
2020-12-01 12:02:34,558^|907^|DEBUG^|HikariPool-1 housekeeper^|com.zaxxer.hikari.pool.HikariPool^|logPoolState^|HikariPool-1 - Before cleanup stats (total=6, active=1, idle=5, waiting=0)
2020-12-01 12:02:34,558^|909^|DEBUG^|HikariPool-1 housekeeper^|com.zaxxer.hikari.pool.HikariPool^|logPoolState^|HikariPool-1 - After cleanup  stats (total=6, active=1, idle=5, waiting=0)
2020-12-01 12:02:59,592^|911^|DEBUG^|HikariPool-1 connection closer^|com.zaxxer.hikari.pool.PoolBase^|quietlyCloseConnection^|HikariPool-1 - Closing connection com.mysql.jdbc.JDBC4Connection@5f6f546f: (connection has passed maxLifetime)
2020-12-01 12:02:59,596^|913^|DEBUG^|HikariPool-1 connection adder^|com.zaxxer.hikari.pool.HikariPool^|call^|HikariPool-1 - Added connection com.mysql.jdbc.JDBC4Connection@30d5e743
2020-12-01 12:03:04,559^|915^|DEBUG^|HikariPool-1 housekeeper^|com.zaxxer.hikari.pool.HikariPool^|logPoolState^|HikariPool-1 - Before cleanup stats (total=6, active=1, idle=5, waiting=0)
2020-12-01 12:03:04,559^|917^|DEBUG^|HikariPool-1 housekeeper^|com.zaxxer.hikari.pool.HikariPool^|logPoolState^|HikariPool-1 - After cleanup  stats (total=6, active=1, idle=5, waiting=0)
2020-12-01 12:03:34,561^|919^|DEBUG^|HikariPool-1 housekeeper^|com.zaxxer.hikari.pool.HikariPool^|logPoolState^|HikariPool-1 - Before cleanup stats (total=6, active=1, idle=5, waiting=0)
2020-12-01 12:03:34,561^|921^|DEBUG^|HikariPool-1 housekeeper^|com.zaxxer.hikari.pool.HikariPool^|logPoolState^|HikariPool-1 - After cleanup  stats (total=6, active=1, idle=5, waiting=0)
2020-12-01 12:03:41,378^|923^|DEBUG^|HikariPool-1 connection closer^|com.zaxxer.hikari.pool.PoolBase^|quietlyCloseConnection^|HikariPool-1 - Closing connection com.mysql.jdbc.JDBC4Connection@5209fe1a: (connection has passed maxLifetime)
2020-12-01 12:03:41,381^|925^|DEBUG^|HikariPool-1 connection adder^|com.zaxxer.hikari.pool.HikariPool^|call^|HikariPool-1 - Added connection com.mysql.jdbc.JDBC4Connection@5562eea7
2020-12-01 12:03:50,520^|927^|DEBUG^|HikariPool-1 connection closer^|com.zaxxer.hikari.pool.PoolBase^|quietlyCloseConnection^|HikariPool-1 - Closing connection com.mysql.jdbc.JDBC4Connection@1b591682: (connection has passed maxLifetime)
2020-12-01 12:03:50,524^|929^|DEBUG^|HikariPool-1 connection adder^|com.zaxxer.hikari.pool.HikariPool^|call^|HikariPool-1 - Added connection com.mysql.jdbc.JDBC4Connection@52b46e19
2020-12-01 12:03:57,854^|931^|DEBUG^|HikariPool-1 connection closer^|com.zaxxer.hikari.pool.PoolBase^|quietlyCloseConnection^|HikariPool-1 - Closing connection com.mysql.jdbc.JDBC4Connection@5e3be166: (connection has passed maxLifetime)
2020-12-01 12:03:57,858^|933^|DEBUG^|HikariPool-1 connection adder^|com.zaxxer.hikari.pool.HikariPool^|call^|HikariPool-1 - Added connection com.mysql.jdbc.JDBC4Connection@3459c246
2020-12-01 12:04:02,497^|935^|DEBUG^|HikariPool-1 connection closer^|com.zaxxer.hikari.pool.PoolBase^|quietlyCloseConnection^|HikariPool-1 - Closing connection com.mysql.jdbc.JDBC4Connection@55a6175f: (connection has passed maxLifetime)
2020-12-01 12:04:02,501^|937^|DEBUG^|HikariPool-1 connection adder^|com.zaxxer.hikari.pool.HikariPool^|call^|HikariPool-1 - Added connection com.mysql.jdbc.JDBC4Connection@54763d09
2020-12-01 12:04:04,564^|939^|DEBUG^|HikariPool-1 housekeeper^|com.zaxxer.hikari.pool.HikariPool^|logPoolState^|HikariPool-1 - Before cleanup stats (total=6, active=1, idle=5, waiting=0)
2020-12-01 12:04:04,564^|941^|DEBUG^|HikariPool-1 housekeeper^|com.zaxxer.hikari.pool.HikariPool^|logPoolState^|HikariPool-1 - After cleanup  stats (total=6, active=1, idle=5, waiting=0)
2020-12-01 12:04:34,565^|943^|DEBUG^|HikariPool-1 housekeeper^|com.zaxxer.hikari.pool.HikariPool^|logPoolState^|HikariPool-1 - Before cleanup stats (total=6, active=1, idle=5, waiting=0)
2020-12-01 12:04:34,565^|945^|DEBUG^|HikariPool-1 housekeeper^|com.zaxxer.hikari.pool.HikariPool^|logPoolState^|HikariPool-1 - After cleanup  stats (total=6, active=1, idle=5, waiting=0)
2020-12-01 12:05:04,566^|947^|DEBUG^|HikariPool-1 housekeeper^|com.zaxxer.hikari.pool.HikariPool^|logPoolState^|HikariPool-1 - Before cleanup stats (total=6, active=1, idle=5, waiting=0)
2020-12-01 12:05:04,566^|949^|DEBUG^|HikariPool-1 housekeeper^|com.zaxxer.hikari.pool.HikariPool^|logPoolState^|HikariPool-1 - After cleanup  stats (total=6, active=1, idle=5, waiting=0)
2020-12-01 12:05:34,567^|951^|DEBUG^|HikariPool-1 housekeeper^|com.zaxxer.hikari.pool.HikariPool^|logPoolState^|HikariPool-1 - Before cleanup stats (total=6, active=1, idle=5, waiting=0)
2020-12-01 12:05:34,567^|953^|DEBUG^|HikariPool-1 housekeeper^|com.zaxxer.hikari.pool.HikariPool^|logPoolState^|HikariPool-1 - After cleanup  stats (total=6, active=1, idle=5, waiting=0)
2020-12-01 12:06:04,569^|955^|DEBUG^|HikariPool-1 housekeeper^|com.zaxxer.hikari.pool.HikariPool^|logPoolState^|HikariPool-1 - Before cleanup stats (total=6, active=1, idle=5, waiting=0)
2020-12-01 12:06:04,569^|957^|DEBUG^|HikariPool-1 housekeeper^|com.zaxxer.hikari.pool.HikariPool^|logPoolState^|HikariPool-1 - After cleanup  stats (total=6, active=1, idle=5, waiting=0)
2020-12-01 12:06:34,570^|959^|DEBUG^|HikariPool-1 housekeeper^|com.zaxxer.hikari.pool.HikariPool^|logPoolState^|HikariPool-1 - Before cleanup stats (total=6, active=1, idle=5, waiting=0)
2020-12-01 12:06:34,570^|961^|DEBUG^|HikariPool-1 housekeeper^|com.zaxxer.hikari.pool.HikariPool^|logPoolState^|HikariPool-1 - After cleanup  stats (total=6, active=1, idle=5, waiting=0)
2020-12-01 12:07:04,572^|963^|DEBUG^|HikariPool-1 housekeeper^|com.zaxxer.hikari.pool.HikariPool^|logPoolState^|HikariPool-1 - Before cleanup stats (total=6, active=1, idle=5, waiting=0)
2020-12-01 12:07:04,572^|965^|DEBUG^|HikariPool-1 housekeeper^|com.zaxxer.hikari.pool.HikariPool^|logPoolState^|HikariPool-1 - After cleanup  stats (total=6, active=1, idle=5, waiting=0)
2020-12-01 12:07:34,573^|967^|DEBUG^|HikariPool-1 housekeeper^|com.zaxxer.hikari.pool.HikariPool^|logPoolState^|HikariPool-1 - Before cleanup stats (total=6, active=1, idle=5, waiting=0)
2020-12-01 12:07:34,573^|969^|DEBUG^|HikariPool-1 housekeeper^|com.zaxxer.hikari.pool.HikariPool^|logPoolState^|HikariPool-1 - After cleanup  stats (total=6, active=1, idle=5, waiting=0)
2020-12-01 12:08:04,575^|971^|DEBUG^|HikariPool-1 housekeeper^|com.zaxxer.hikari.pool.HikariPool^|logPoolState^|HikariPool-1 - Before cleanup stats (total=6, active=1, idle=5, waiting=0)
2020-12-01 12:08:04,575^|973^|DEBUG^|HikariPool-1 housekeeper^|com.zaxxer.hikari.pool.HikariPool^|logPoolState^|HikariPool-1 - After cleanup  stats (total=6, active=1, idle=5, waiting=0)
2020-12-01 12:08:34,576^|975^|DEBUG^|HikariPool-1 housekeeper^|com.zaxxer.hikari.pool.HikariPool^|logPoolState^|HikariPool-1 - Before cleanup stats (total=6, active=1, idle=5, waiting=0)
2020-12-01 12:08:34,576^|977^|DEBUG^|HikariPool-1 housekeeper^|com.zaxxer.hikari.pool.HikariPool^|logPoolState^|HikariPool-1 - After cleanup  stats (total=6, active=1, idle=5, waiting=0)
2020-12-01 12:09:04,578^|979^|DEBUG^|HikariPool-1 housekeeper^|com.zaxxer.hikari.pool.HikariPool^|logPoolState^|HikariPool-1 - Before cleanup stats (total=6, active=1, idle=5, waiting=0)
2020-12-01 12:09:04,578^|981^|DEBUG^|HikariPool-1 housekeeper^|com.zaxxer.hikari.pool.HikariPool^|logPoolState^|HikariPool-1 - After cleanup  stats (total=6, active=1, idle=5, waiting=0)
2020-12-01 12:09:34,579^|983^|DEBUG^|HikariPool-1 housekeeper^|com.zaxxer.hikari.pool.HikariPool^|logPoolState^|HikariPool-1 - Before cleanup stats (total=6, active=1, idle=5, waiting=0)
2020-12-01 12:09:34,579^|985^|DEBUG^|HikariPool-1 housekeeper^|com.zaxxer.hikari.pool.HikariPool^|logPoolState^|HikariPool-1 - After cleanup  stats (total=6, active=1, idle=5, waiting=0)
2020-12-01 12:10:04,580^|987^|DEBUG^|HikariPool-1 housekeeper^|com.zaxxer.hikari.pool.HikariPool^|logPoolState^|HikariPool-1 - Before cleanup stats (total=6, active=1, idle=5, waiting=0)
2020-12-01 12:10:04,580^|989^|DEBUG^|HikariPool-1 housekeeper^|com.zaxxer.hikari.pool.HikariPool^|logPoolState^|HikariPool-1 - After cleanup  stats (total=6, active=1, idle=5, waiting=0)
2020-12-01 12:10:34,581^|991^|DEBUG^|HikariPool-1 housekeeper^|com.zaxxer.hikari.pool.HikariPool^|logPoolState^|HikariPool-1 - Before cleanup stats (total=6, active=1, idle=5, waiting=0)
2020-12-01 12:10:34,581^|993^|DEBUG^|HikariPool-1 housekeeper^|com.zaxxer.hikari.pool.HikariPool^|logPoolState^|HikariPool-1 - After cleanup  stats (total=6, active=1, idle=5, waiting=0)
2020-12-01 12:11:04,583^|995^|DEBUG^|HikariPool-1 housekeeper^|com.zaxxer.hikari.pool.HikariPool^|logPoolState^|HikariPool-1 - Before cleanup stats (total=6, active=1, idle=5, waiting=0)
2020-12-01 12:11:04,583^|997^|DEBUG^|HikariPool-1 housekeeper^|com.zaxxer.hikari.pool.HikariPool^|logPoolState^|HikariPool-1 - After cleanup  stats (total=6, active=1, idle=5, waiting=0)
2020-12-01 12:11:34,584^|999^|DEBUG^|HikariPool-1 housekeeper^|com.zaxxer.hikari.pool.HikariPool^|logPoolState^|HikariPool-1 - Before cleanup stats (total=6, active=1, idle=5, waiting=0)
2020-12-01 12:11:34,584^|1001^|DEBUG^|HikariPool-1 housekeeper^|com.zaxxer.hikari.pool.HikariPool^|logPoolState^|HikariPool-1 - After cleanup  stats (total=6, active=1, idle=5, waiting=0)
2020-12-01 12:12:04,586^|1003^|DEBUG^|HikariPool-1 housekeeper^|com.zaxxer.hikari.pool.HikariPool^|logPoolState^|HikariPool-1 - Before cleanup stats (total=6, active=1, idle=5, waiting=0)
2020-12-01 12:12:04,586^|1005^|DEBUG^|HikariPool-1 housekeeper^|com.zaxxer.hikari.pool.HikariPool^|logPoolState^|HikariPool-1 - After cleanup  stats (total=6, active=1, idle=5, waiting=0)
2020-12-01 12:12:34,586^|1007^|DEBUG^|HikariPool-1 housekeeper^|com.zaxxer.hikari.pool.HikariPool^|logPoolState^|HikariPool-1 - Before cleanup stats (total=6, active=1, idle=5, waiting=0)
2020-12-01 12:12:34,586^|1009^|DEBUG^|HikariPool-1 housekeeper^|com.zaxxer.hikari.pool.HikariPool^|logPoolState^|HikariPool-1 - After cleanup  stats (total=6, active=1, idle=5, waiting=0)
2020-12-01 12:13:04,588^|1011^|DEBUG^|HikariPool-1 housekeeper^|com.zaxxer.hikari.pool.HikariPool^|logPoolState^|HikariPool-1 - Before cleanup stats (total=6, active=1, idle=5, waiting=0)
2020-12-01 12:13:04,588^|1013^|DEBUG^|HikariPool-1 housekeeper^|com.zaxxer.hikari.pool.HikariPool^|logPoolState^|HikariPool-1 - After cleanup  stats (total=6, active=1, idle=5, waiting=0)
2020-12-01 12:13:34,588^|1015^|DEBUG^|HikariPool-1 housekeeper^|com.zaxxer.hikari.pool.HikariPool^|logPoolState^|HikariPool-1 - Before cleanup stats (total=6, active=1, idle=5, waiting=0)
2020-12-01 12:13:34,588^|1017^|DEBUG^|HikariPool-1 housekeeper^|com.zaxxer.hikari.pool.HikariPool^|logPoolState^|HikariPool-1 - After cleanup  stats (total=6, active=1, idle=5, waiting=0)
2020-12-01 12:14:04,590^|1019^|DEBUG^|HikariPool-1 housekeeper^|com.zaxxer.hikari.pool.HikariPool^|logPoolState^|HikariPool-1 - Before cleanup stats (total=6, active=1, idle=5, waiting=0)
2020-12-01 12:14:04,590^|1021^|DEBUG^|HikariPool-1 housekeeper^|com.zaxxer.hikari.pool.HikariPool^|logPoolState^|HikariPool-1 - After cleanup  stats (total=6, active=1, idle=5, waiting=0)
2020-12-01 12:14:34,591^|1023^|DEBUG^|HikariPool-1 housekeeper^|com.zaxxer.hikari.pool.HikariPool^|logPoolState^|HikariPool-1 - Before cleanup stats (total=6, active=1, idle=5, waiting=0)
2020-12-01 12:14:34,591^|1025^|DEBUG^|HikariPool-1 housekeeper^|com.zaxxer.hikari.pool.HikariPool^|logPoolState^|HikariPool-1 - After cleanup  stats (total=6, active=1, idle=5, waiting=0)
2020-12-01 12:15:04,593^|1027^|DEBUG^|HikariPool-1 housekeeper^|com.zaxxer.hikari.pool.HikariPool^|logPoolState^|HikariPool-1 - Before cleanup stats (total=6, active=1, idle=5, waiting=0)
2020-12-01 12:15:04,593^|1029^|DEBUG^|HikariPool-1 housekeeper^|com.zaxxer.hikari.pool.HikariPool^|logPoolState^|HikariPool-1 - After cleanup  stats (total=6, active=1, idle=5, waiting=0)
2020-12-01 12:15:34,596^|1031^|DEBUG^|HikariPool-1 housekeeper^|com.zaxxer.hikari.pool.HikariPool^|logPoolState^|HikariPool-1 - Before cleanup stats (total=6, active=1, idle=5, waiting=0)
2020-12-01 12:15:34,596^|1033^|DEBUG^|HikariPool-1 housekeeper^|com.zaxxer.hikari.pool.HikariPool^|logPoolState^|HikariPool-1 - After cleanup  stats (total=6, active=1, idle=5, waiting=0)
2020-12-01 12:16:04,598^|1035^|DEBUG^|HikariPool-1 housekeeper^|com.zaxxer.hikari.pool.HikariPool^|logPoolState^|HikariPool-1 - Before cleanup stats (total=6, active=1, idle=5, waiting=0)
2020-12-01 12:16:04,598^|1037^|DEBUG^|HikariPool-1 housekeeper^|com.zaxxer.hikari.pool.HikariPool^|logPoolState^|HikariPool-1 - After cleanup  stats (total=6, active=1, idle=5, waiting=0)
2020-12-01 12:16:34,599^|1039^|DEBUG^|HikariPool-1 housekeeper^|com.zaxxer.hikari.pool.HikariPool^|logPoolState^|HikariPool-1 - Before cleanup stats (total=6, active=1, idle=5, waiting=0)
2020-12-01 12:16:34,599^|1041^|DEBUG^|HikariPool-1 housekeeper^|com.zaxxer.hikari.pool.HikariPool^|logPoolState^|HikariPool-1 - After cleanup  stats (total=6, active=1, idle=5, waiting=0)
2020-12-01 12:17:04,601^|1043^|DEBUG^|HikariPool-1 housekeeper^|com.zaxxer.hikari.pool.HikariPool^|logPoolState^|HikariPool-1 - Before cleanup stats (total=6, active=1, idle=5, waiting=0)
2020-12-01 12:17:04,601^|1045^|DEBUG^|HikariPool-1 housekeeper^|com.zaxxer.hikari.pool.HikariPool^|logPoolState^|HikariPool-1 - After cleanup  stats (total=6, active=1, idle=5, waiting=0)
2020-12-01 12:17:34,603^|1047^|DEBUG^|HikariPool-1 housekeeper^|com.zaxxer.hikari.pool.HikariPool^|logPoolState^|HikariPool-1 - Before cleanup stats (total=6, active=1, idle=5, waiting=0)
2020-12-01 12:17:34,603^|1049^|DEBUG^|HikariPool-1 housekeeper^|com.zaxxer.hikari.pool.HikariPool^|logPoolState^|HikariPool-1 - After cleanup  stats (total=6, active=1, idle=5, waiting=0)
2020-12-01 12:18:04,605^|1051^|DEBUG^|HikariPool-1 housekeeper^|com.zaxxer.hikari.pool.HikariPool^|logPoolState^|HikariPool-1 - Before cleanup stats (total=6, active=1, idle=5, waiting=0)
2020-12-01 12:18:04,605^|1053^|DEBUG^|HikariPool-1 housekeeper^|com.zaxxer.hikari.pool.HikariPool^|logPoolState^|HikariPool-1 - After cleanup  stats (total=6, active=1, idle=5, waiting=0)
2020-12-01 12:18:34,606^|1055^|DEBUG^|HikariPool-1 housekeeper^|com.zaxxer.hikari.pool.HikariPool^|logPoolState^|HikariPool-1 - Before cleanup stats (total=6, active=1, idle=5, waiting=0)
2020-12-01 12:18:34,606^|1057^|DEBUG^|HikariPool-1 housekeeper^|com.zaxxer.hikari.pool.HikariPool^|logPoolState^|HikariPool-1 - After cleanup  stats (total=6, active=1, idle=5, waiting=0)
2020-12-01 12:19:04,607^|1059^|DEBUG^|HikariPool-1 housekeeper^|com.zaxxer.hikari.pool.HikariPool^|logPoolState^|HikariPool-1 - Before cleanup stats (total=6, active=1, idle=5, waiting=0)
2020-12-01 12:19:04,607^|1061^|DEBUG^|HikariPool-1 housekeeper^|com.zaxxer.hikari.pool.HikariPool^|logPoolState^|HikariPool-1 - After cleanup  stats (total=6, active=1, idle=5, waiting=0)
2020-12-01 12:19:34,608^|1063^|DEBUG^|HikariPool-1 housekeeper^|com.zaxxer.hikari.pool.HikariPool^|logPoolState^|HikariPool-1 - Before cleanup stats (total=6, active=1, idle=5, waiting=0)
2020-12-01 12:19:34,608^|1065^|DEBUG^|HikariPool-1 housekeeper^|com.zaxxer.hikari.pool.HikariPool^|logPoolState^|HikariPool-1 - After cleanup  stats (total=6, active=1, idle=5, waiting=0)
2020-12-01 12:20:04,610^|1067^|DEBUG^|HikariPool-1 housekeeper^|com.zaxxer.hikari.pool.HikariPool^|logPoolState^|HikariPool-1 - Before cleanup stats (total=6, active=1, idle=5, waiting=0)
2020-12-01 12:20:04,610^|1069^|DEBUG^|HikariPool-1 housekeeper^|com.zaxxer.hikari.pool.HikariPool^|logPoolState^|HikariPool-1 - After cleanup  stats (total=6, active=1, idle=5, waiting=0)
2020-12-01 12:20:34,611^|1071^|DEBUG^|HikariPool-1 housekeeper^|com.zaxxer.hikari.pool.HikariPool^|logPoolState^|HikariPool-1 - Before cleanup stats (total=6, active=1, idle=5, waiting=0)
2020-12-01 12:20:34,611^|1073^|DEBUG^|HikariPool-1 housekeeper^|com.zaxxer.hikari.pool.HikariPool^|logPoolState^|HikariPool-1 - After cleanup  stats (total=6, active=1, idle=5, waiting=0)
2020-12-01 12:21:04,613^|1075^|DEBUG^|HikariPool-1 housekeeper^|com.zaxxer.hikari.pool.HikariPool^|logPoolState^|HikariPool-1 - Before cleanup stats (total=6, active=1, idle=5, waiting=0)
2020-12-01 12:21:04,613^|1077^|DEBUG^|HikariPool-1 housekeeper^|com.zaxxer.hikari.pool.HikariPool^|logPoolState^|HikariPool-1 - After cleanup  stats (total=6, active=1, idle=5, waiting=0)
2020-12-01 12:21:34,614^|1079^|DEBUG^|HikariPool-1 housekeeper^|com.zaxxer.hikari.pool.HikariPool^|logPoolState^|HikariPool-1 - Before cleanup stats (total=6, active=1, idle=5, waiting=0)
2020-12-01 12:21:34,614^|1081^|DEBUG^|HikariPool-1 housekeeper^|com.zaxxer.hikari.pool.HikariPool^|logPoolState^|HikariPool-1 - After cleanup  stats (total=6, active=1, idle=5, waiting=0)
2020-12-01 12:22:04,616^|1083^|DEBUG^|HikariPool-1 housekeeper^|com.zaxxer.hikari.pool.HikariPool^|logPoolState^|HikariPool-1 - Before cleanup stats (total=6, active=1, idle=5, waiting=0)
2020-12-01 12:22:04,616^|1085^|DEBUG^|HikariPool-1 housekeeper^|com.zaxxer.hikari.pool.HikariPool^|logPoolState^|HikariPool-1 - After cleanup  stats (total=6, active=1, idle=5, waiting=0)
2020-12-01 12:22:34,617^|1087^|DEBUG^|HikariPool-1 housekeeper^|com.zaxxer.hikari.pool.HikariPool^|logPoolState^|HikariPool-1 - Before cleanup stats (total=6, active=1, idle=5, waiting=0)
2020-12-01 12:22:34,617^|1089^|DEBUG^|HikariPool-1 housekeeper^|com.zaxxer.hikari.pool.HikariPool^|logPoolState^|HikariPool-1 - After cleanup  stats (total=6, active=1, idle=5, waiting=0)
2020-12-01 12:23:04,618^|1091^|DEBUG^|HikariPool-1 housekeeper^|com.zaxxer.hikari.pool.HikariPool^|logPoolState^|HikariPool-1 - Before cleanup stats (total=6, active=1, idle=5, waiting=0)
2020-12-01 12:23:04,618^|1093^|DEBUG^|HikariPool-1 housekeeper^|com.zaxxer.hikari.pool.HikariPool^|logPoolState^|HikariPool-1 - After cleanup  stats (total=6, active=1, idle=5, waiting=0)
2020-12-01 12:23:34,620^|1095^|DEBUG^|HikariPool-1 housekeeper^|com.zaxxer.hikari.pool.HikariPool^|logPoolState^|HikariPool-1 - Before cleanup stats (total=6, active=1, idle=5, waiting=0)
2020-12-01 12:23:34,620^|1097^|DEBUG^|HikariPool-1 housekeeper^|com.zaxxer.hikari.pool.HikariPool^|logPoolState^|HikariPool-1 - After cleanup  stats (total=6, active=1, idle=5, waiting=0)
2020-12-01 12:24:04,621^|1099^|DEBUG^|HikariPool-1 housekeeper^|com.zaxxer.hikari.pool.HikariPool^|logPoolState^|HikariPool-1 - Before cleanup stats (total=6, active=1, idle=5, waiting=0)
2020-12-01 12:24:04,621^|1101^|DEBUG^|HikariPool-1 housekeeper^|com.zaxxer.hikari.pool.HikariPool^|logPoolState^|HikariPool-1 - After cleanup  stats (total=6, active=1, idle=5, waiting=0)
2020-12-01 12:24:34,623^|1103^|DEBUG^|HikariPool-1 housekeeper^|com.zaxxer.hikari.pool.HikariPool^|logPoolState^|HikariPool-1 - Before cleanup stats (total=6, active=1, idle=5, waiting=0)
2020-12-01 12:24:34,623^|1105^|DEBUG^|HikariPool-1 housekeeper^|com.zaxxer.hikari.pool.HikariPool^|logPoolState^|HikariPool-1 - After cleanup  stats (total=6, active=1, idle=5, waiting=0)
2020-12-01 12:25:04,624^|1107^|DEBUG^|HikariPool-1 housekeeper^|com.zaxxer.hikari.pool.HikariPool^|logPoolState^|HikariPool-1 - Before cleanup stats (total=6, active=1, idle=5, waiting=0)
2020-12-01 12:25:04,624^|1109^|DEBUG^|HikariPool-1 housekeeper^|com.zaxxer.hikari.pool.HikariPool^|logPoolState^|HikariPool-1 - After cleanup  stats (total=6, active=1, idle=5, waiting=0)
2020-12-01 12:25:34,626^|1111^|DEBUG^|HikariPool-1 housekeeper^|com.zaxxer.hikari.pool.HikariPool^|logPoolState^|HikariPool-1 - Before cleanup stats (total=6, active=1, idle=5, waiting=0)
2020-12-01 12:25:34,626^|1113^|DEBUG^|HikariPool-1 housekeeper^|com.zaxxer.hikari.pool.HikariPool^|logPoolState^|HikariPool-1 - After cleanup  stats (total=6, active=1, idle=5, waiting=0)
2020-12-01 12:26:04,627^|1115^|DEBUG^|HikariPool-1 housekeeper^|com.zaxxer.hikari.pool.HikariPool^|logPoolState^|HikariPool-1 - Before cleanup stats (total=6, active=1, idle=5, waiting=0)
2020-12-01 12:26:04,627^|1117^|DEBUG^|HikariPool-1 housekeeper^|com.zaxxer.hikari.pool.HikariPool^|logPoolState^|HikariPool-1 - After cleanup  stats (total=6, active=1, idle=5, waiting=0)
2020-12-01 12:26:34,629^|1119^|DEBUG^|HikariPool-1 housekeeper^|com.zaxxer.hikari.pool.HikariPool^|logPoolState^|HikariPool-1 - Before cleanup stats (total=6, active=1, idle=5, waiting=0)
2020-12-01 12:26:34,629^|1121^|DEBUG^|HikariPool-1 housekeeper^|com.zaxxer.hikari.pool.HikariPool^|logPoolState^|HikariPool-1 - After cleanup  stats (total=6, active=1, idle=5, waiting=0)
2020-12-01 12:27:04,630^|1123^|DEBUG^|HikariPool-1 housekeeper^|com.zaxxer.hikari.pool.HikariPool^|logPoolState^|HikariPool-1 - Before cleanup stats (total=6, active=1, idle=5, waiting=0)
2020-12-01 12:27:04,630^|1125^|DEBUG^|HikariPool-1 housekeeper^|com.zaxxer.hikari.pool.HikariPool^|logPoolState^|HikariPool-1 - After cleanup  stats (total=6, active=1, idle=5, waiting=0)
2020-12-01 12:27:34,631^|1127^|DEBUG^|HikariPool-1 housekeeper^|com.zaxxer.hikari.pool.HikariPool^|logPoolState^|HikariPool-1 - Before cleanup stats (total=6, active=1, idle=5, waiting=0)
2020-12-01 12:27:34,631^|1129^|DEBUG^|HikariPool-1 housekeeper^|com.zaxxer.hikari.pool.HikariPool^|logPoolState^|HikariPool-1 - After cleanup  stats (total=6, active=1, idle=5, waiting=0)
2020-12-01 12:28:04,632^|1131^|DEBUG^|HikariPool-1 housekeeper^|com.zaxxer.hikari.pool.HikariPool^|logPoolState^|HikariPool-1 - Before cleanup stats (total=6, active=1, idle=5, waiting=0)
2020-12-01 12:28:04,632^|1133^|DEBUG^|HikariPool-1 housekeeper^|com.zaxxer.hikari.pool.HikariPool^|logPoolState^|HikariPool-1 - After cleanup  stats (total=6, active=1, idle=5, waiting=0)
2020-12-01 12:28:34,634^|1135^|DEBUG^|HikariPool-1 housekeeper^|com.zaxxer.hikari.pool.HikariPool^|logPoolState^|HikariPool-1 - Before cleanup stats (total=6, active=1, idle=5, waiting=0)
2020-12-01 12:28:34,634^|1137^|DEBUG^|HikariPool-1 housekeeper^|com.zaxxer.hikari.pool.HikariPool^|logPoolState^|HikariPool-1 - After cleanup  stats (total=6, active=1, idle=5, waiting=0)
2020-12-01 12:29:04,635^|1139^|DEBUG^|HikariPool-1 housekeeper^|com.zaxxer.hikari.pool.HikariPool^|logPoolState^|HikariPool-1 - Before cleanup stats (total=6, active=1, idle=5, waiting=0)
2020-12-01 12:29:04,635^|1141^|DEBUG^|HikariPool-1 housekeeper^|com.zaxxer.hikari.pool.HikariPool^|logPoolState^|HikariPool-1 - After cleanup  stats (total=6, active=1, idle=5, waiting=0)
2020-12-01 12:29:34,636^|1143^|DEBUG^|HikariPool-1 housekeeper^|com.zaxxer.hikari.pool.HikariPool^|logPoolState^|HikariPool-1 - Before cleanup stats (total=6, active=1, idle=5, waiting=0)
2020-12-01 12:29:34,636^|1145^|DEBUG^|HikariPool-1 housekeeper^|com.zaxxer.hikari.pool.HikariPool^|logPoolState^|HikariPool-1 - After cleanup  stats (total=6, active=1, idle=5, waiting=0)
2020-12-01 12:30:04,638^|1147^|DEBUG^|HikariPool-1 housekeeper^|com.zaxxer.hikari.pool.HikariPool^|logPoolState^|HikariPool-1 - Before cleanup stats (total=6, active=1, idle=5, waiting=0)
2020-12-01 12:30:04,638^|1149^|DEBUG^|HikariPool-1 housekeeper^|com.zaxxer.hikari.pool.HikariPool^|logPoolState^|HikariPool-1 - After cleanup  stats (total=6, active=1, idle=5, waiting=0)
2020-12-01 12:30:34,639^|1151^|DEBUG^|HikariPool-1 housekeeper^|com.zaxxer.hikari.pool.HikariPool^|logPoolState^|HikariPool-1 - Before cleanup stats (total=6, active=1, idle=5, waiting=0)
2020-12-01 12:30:34,639^|1153^|DEBUG^|HikariPool-1 housekeeper^|com.zaxxer.hikari.pool.HikariPool^|logPoolState^|HikariPool-1 - After cleanup  stats (total=6, active=1, idle=5, waiting=0)
2020-12-01 12:31:04,641^|1155^|DEBUG^|HikariPool-1 housekeeper^|com.zaxxer.hikari.pool.HikariPool^|logPoolState^|HikariPool-1 - Before cleanup stats (total=6, active=1, idle=5, waiting=0)
2020-12-01 12:31:04,641^|1157^|DEBUG^|HikariPool-1 housekeeper^|com.zaxxer.hikari.pool.HikariPool^|logPoolState^|HikariPool-1 - After cleanup  stats (total=6, active=1, idle=5, waiting=0)
2020-12-01 12:31:34,643^|1159^|DEBUG^|HikariPool-1 housekeeper^|com.zaxxer.hikari.pool.HikariPool^|logPoolState^|HikariPool-1 - Before cleanup stats (total=6, active=1, idle=5, waiting=0)
2020-12-01 12:31:34,643^|1161^|DEBUG^|HikariPool-1 housekeeper^|com.zaxxer.hikari.pool.HikariPool^|logPoolState^|HikariPool-1 - After cleanup  stats (total=6, active=1, idle=5, waiting=0)
2020-12-01 12:32:04,645^|1163^|DEBUG^|HikariPool-1 housekeeper^|com.zaxxer.hikari.pool.HikariPool^|logPoolState^|HikariPool-1 - Before cleanup stats (total=6, active=1, idle=5, waiting=0)
2020-12-01 12:32:04,645^|1165^|DEBUG^|HikariPool-1 housekeeper^|com.zaxxer.hikari.pool.HikariPool^|logPoolState^|HikariPool-1 - After cleanup  stats (total=6, active=1, idle=5, waiting=0)
2020-12-01 12:32:18,449^|1167^|DEBUG^|HikariPool-1 connection closer^|com.zaxxer.hikari.pool.PoolBase^|quietlyCloseConnection^|HikariPool-1 - Closing connection com.mysql.jdbc.JDBC4Connection@30d5e743: (connection has passed maxLifetime)
2020-12-01 12:32:18,454^|1169^|DEBUG^|HikariPool-1 connection adder^|com.zaxxer.hikari.pool.HikariPool^|call^|HikariPool-1 - Added connection com.mysql.jdbc.JDBC4Connection@4d4e520d
2020-12-01 12:32:34,647^|1171^|DEBUG^|HikariPool-1 housekeeper^|com.zaxxer.hikari.pool.HikariPool^|logPoolState^|HikariPool-1 - Before cleanup stats (total=6, active=1, idle=5, waiting=0)
2020-12-01 12:32:34,647^|1173^|DEBUG^|HikariPool-1 housekeeper^|com.zaxxer.hikari.pool.HikariPool^|logPoolState^|HikariPool-1 - After cleanup  stats (total=6, active=1, idle=5, waiting=0)
2020-12-01 12:33:04,649^|1175^|DEBUG^|HikariPool-1 housekeeper^|com.zaxxer.hikari.pool.HikariPool^|logPoolState^|HikariPool-1 - Before cleanup stats (total=6, active=1, idle=5, waiting=0)
2020-12-01 12:33:04,649^|1177^|DEBUG^|HikariPool-1 housekeeper^|com.zaxxer.hikari.pool.HikariPool^|logPoolState^|HikariPool-1 - After cleanup  stats (total=6, active=1, idle=5, waiting=0)
2020-12-01 12:33:17,304^|1179^|DEBUG^|HikariPool-1 connection closer^|com.zaxxer.hikari.pool.PoolBase^|quietlyCloseConnection^|HikariPool-1 - Closing connection com.mysql.jdbc.JDBC4Connection@52b46e19: (connection has passed maxLifetime)
2020-12-01 12:33:17,310^|1181^|DEBUG^|HikariPool-1 connection adder^|com.zaxxer.hikari.pool.HikariPool^|call^|HikariPool-1 - Added connection com.mysql.jdbc.JDBC4Connection@7187441
2020-12-01 12:33:17,978^|1183^|DEBUG^|HikariPool-1 connection closer^|com.zaxxer.hikari.pool.PoolBase^|quietlyCloseConnection^|HikariPool-1 - Closing connection com.mysql.jdbc.JDBC4Connection@5562eea7: (connection has passed maxLifetime)
2020-12-01 12:33:17,981^|1185^|DEBUG^|HikariPool-1 connection adder^|com.zaxxer.hikari.pool.HikariPool^|call^|HikariPool-1 - Added connection com.mysql.jdbc.JDBC4Connection@67378b0e
2020-12-01 12:33:24,318^|1187^|DEBUG^|HikariPool-1 connection closer^|com.zaxxer.hikari.pool.PoolBase^|quietlyCloseConnection^|HikariPool-1 - Closing connection com.mysql.jdbc.JDBC4Connection@54763d09: (connection has passed maxLifetime)
2020-12-01 12:33:24,321^|1189^|DEBUG^|HikariPool-1 connection adder^|com.zaxxer.hikari.pool.HikariPool^|call^|HikariPool-1 - Added connection com.mysql.jdbc.JDBC4Connection@536daf96
2020-12-01 12:33:33,377^|1191^|DEBUG^|HikariPool-1 connection closer^|com.zaxxer.hikari.pool.PoolBase^|quietlyCloseConnection^|HikariPool-1 - Closing connection com.mysql.jdbc.JDBC4Connection@3459c246: (connection has passed maxLifetime)
2020-12-01 12:33:33,383^|1193^|DEBUG^|HikariPool-1 connection adder^|com.zaxxer.hikari.pool.HikariPool^|call^|HikariPool-1 - Added connection com.mysql.jdbc.JDBC4Connection@1c889ae9
2020-12-01 12:33:34,649^|1195^|DEBUG^|HikariPool-1 housekeeper^|com.zaxxer.hikari.pool.HikariPool^|logPoolState^|HikariPool-1 - Before cleanup stats (total=6, active=1, idle=5, waiting=0)
2020-12-01 12:33:34,649^|1197^|DEBUG^|HikariPool-1 housekeeper^|com.zaxxer.hikari.pool.HikariPool^|logPoolState^|HikariPool-1 - After cleanup  stats (total=6, active=1, idle=5, waiting=0)
2020-12-01 12:34:04,652^|1199^|DEBUG^|HikariPool-1 housekeeper^|com.zaxxer.hikari.pool.HikariPool^|logPoolState^|HikariPool-1 - Before cleanup stats (total=6, active=1, idle=5, waiting=0)
2020-12-01 12:34:04,652^|1201^|DEBUG^|HikariPool-1 housekeeper^|com.zaxxer.hikari.pool.HikariPool^|logPoolState^|HikariPool-1 - After cleanup  stats (total=6, active=1, idle=5, waiting=0)
2020-12-01 12:34:34,652^|1203^|DEBUG^|HikariPool-1 housekeeper^|com.zaxxer.hikari.pool.HikariPool^|logPoolState^|HikariPool-1 - Before cleanup stats (total=6, active=1, idle=5, waiting=0)
2020-12-01 12:34:34,652^|1205^|DEBUG^|HikariPool-1 housekeeper^|com.zaxxer.hikari.pool.HikariPool^|logPoolState^|HikariPool-1 - After cleanup  stats (total=6, active=1, idle=5, waiting=0)
2020-12-01 12:35:04,654^|1207^|DEBUG^|HikariPool-1 housekeeper^|com.zaxxer.hikari.pool.HikariPool^|logPoolState^|HikariPool-1 - Before cleanup stats (total=6, active=1, idle=5, waiting=0)
2020-12-01 12:35:04,655^|1209^|DEBUG^|HikariPool-1 housekeeper^|com.zaxxer.hikari.pool.HikariPool^|logPoolState^|HikariPool-1 - After cleanup  stats (total=6, active=1, idle=5, waiting=0)
2020-12-01 12:35:34,657^|1211^|DEBUG^|HikariPool-1 housekeeper^|com.zaxxer.hikari.pool.HikariPool^|logPoolState^|HikariPool-1 - Before cleanup stats (total=6, active=1, idle=5, waiting=0)
2020-12-01 12:35:34,657^|1213^|DEBUG^|HikariPool-1 housekeeper^|com.zaxxer.hikari.pool.HikariPool^|logPoolState^|HikariPool-1 - After cleanup  stats (total=6, active=1, idle=5, waiting=0)
2020-12-01 12:36:04,658^|1215^|DEBUG^|HikariPool-1 housekeeper^|com.zaxxer.hikari.pool.HikariPool^|logPoolState^|HikariPool-1 - Before cleanup stats (total=6, active=1, idle=5, waiting=0)
2020-12-01 12:36:04,658^|1217^|DEBUG^|HikariPool-1 housekeeper^|com.zaxxer.hikari.pool.HikariPool^|logPoolState^|HikariPool-1 - After cleanup  stats (total=6, active=1, idle=5, waiting=0)
2020-12-01 12:36:34,660^|1219^|DEBUG^|HikariPool-1 housekeeper^|com.zaxxer.hikari.pool.HikariPool^|logPoolState^|HikariPool-1 - Before cleanup stats (total=6, active=1, idle=5, waiting=0)
2020-12-01 12:36:34,660^|1221^|DEBUG^|HikariPool-1 housekeeper^|com.zaxxer.hikari.pool.HikariPool^|logPoolState^|HikariPool-1 - After cleanup  stats (total=6, active=1, idle=5, waiting=0)
2020-12-01 12:37:04,661^|1223^|DEBUG^|HikariPool-1 housekeeper^|com.zaxxer.hikari.pool.HikariPool^|logPoolState^|HikariPool-1 - Before cleanup stats (total=6, active=1, idle=5, waiting=0)
2020-12-01 12:37:04,661^|1225^|DEBUG^|HikariPool-1 housekeeper^|com.zaxxer.hikari.pool.HikariPool^|logPoolState^|HikariPool-1 - After cleanup  stats (total=6, active=1, idle=5, waiting=0)
2020-12-01 12:37:34,662^|1227^|DEBUG^|HikariPool-1 housekeeper^|com.zaxxer.hikari.pool.HikariPool^|logPoolState^|HikariPool-1 - Before cleanup stats (total=6, active=1, idle=5, waiting=0)
2020-12-01 12:37:34,662^|1229^|DEBUG^|HikariPool-1 housekeeper^|com.zaxxer.hikari.pool.HikariPool^|logPoolState^|HikariPool-1 - After cleanup  stats (total=6, active=1, idle=5, waiting=0)
2020-12-01 12:38:04,663^|1231^|DEBUG^|HikariPool-1 housekeeper^|com.zaxxer.hikari.pool.HikariPool^|logPoolState^|HikariPool-1 - Before cleanup stats (total=6, active=1, idle=5, waiting=0)
2020-12-01 12:38:04,663^|1233^|DEBUG^|HikariPool-1 housekeeper^|com.zaxxer.hikari.pool.HikariPool^|logPoolState^|HikariPool-1 - After cleanup  stats (total=6, active=1, idle=5, waiting=0)
2020-12-01 12:38:34,665^|1235^|DEBUG^|HikariPool-1 housekeeper^|com.zaxxer.hikari.pool.HikariPool^|logPoolState^|HikariPool-1 - Before cleanup stats (total=6, active=1, idle=5, waiting=0)
2020-12-01 12:38:34,665^|1237^|DEBUG^|HikariPool-1 housekeeper^|com.zaxxer.hikari.pool.HikariPool^|logPoolState^|HikariPool-1 - After cleanup  stats (total=6, active=1, idle=5, waiting=0)
2020-12-01 12:39:04,665^|1239^|DEBUG^|HikariPool-1 housekeeper^|com.zaxxer.hikari.pool.HikariPool^|logPoolState^|HikariPool-1 - Before cleanup stats (total=6, active=1, idle=5, waiting=0)
2020-12-01 12:39:04,665^|1241^|DEBUG^|HikariPool-1 housekeeper^|com.zaxxer.hikari.pool.HikariPool^|logPoolState^|HikariPool-1 - After cleanup  stats (total=6, active=1, idle=5, waiting=0)
2020-12-01 12:39:34,666^|1243^|DEBUG^|HikariPool-1 housekeeper^|com.zaxxer.hikari.pool.HikariPool^|logPoolState^|HikariPool-1 - Before cleanup stats (total=6, active=1, idle=5, waiting=0)
2020-12-01 12:39:34,666^|1245^|DEBUG^|HikariPool-1 housekeeper^|com.zaxxer.hikari.pool.HikariPool^|logPoolState^|HikariPool-1 - After cleanup  stats (total=6, active=1, idle=5, waiting=0)
2020-12-01 12:40:04,668^|1247^|DEBUG^|HikariPool-1 housekeeper^|com.zaxxer.hikari.pool.HikariPool^|logPoolState^|HikariPool-1 - Before cleanup stats (total=6, active=1, idle=5, waiting=0)
2020-12-01 12:40:04,668^|1249^|DEBUG^|HikariPool-1 housekeeper^|com.zaxxer.hikari.pool.HikariPool^|logPoolState^|HikariPool-1 - After cleanup  stats (total=6, active=1, idle=5, waiting=0)
2020-12-01 12:40:34,669^|1251^|DEBUG^|HikariPool-1 housekeeper^|com.zaxxer.hikari.pool.HikariPool^|logPoolState^|HikariPool-1 - Before cleanup stats (total=6, active=1, idle=5, waiting=0)
2020-12-01 12:40:34,669^|1253^|DEBUG^|HikariPool-1 housekeeper^|com.zaxxer.hikari.pool.HikariPool^|logPoolState^|HikariPool-1 - After cleanup  stats (total=6, active=1, idle=5, waiting=0)
2020-12-01 12:41:04,671^|1255^|DEBUG^|HikariPool-1 housekeeper^|com.zaxxer.hikari.pool.HikariPool^|logPoolState^|HikariPool-1 - Before cleanup stats (total=6, active=1, idle=5, waiting=0)
2020-12-01 12:41:04,671^|1257^|DEBUG^|HikariPool-1 housekeeper^|com.zaxxer.hikari.pool.HikariPool^|logPoolState^|HikariPool-1 - After cleanup  stats (total=6, active=1, idle=5, waiting=0)
2020-12-01 12:41:34,672^|1259^|DEBUG^|HikariPool-1 housekeeper^|com.zaxxer.hikari.pool.HikariPool^|logPoolState^|HikariPool-1 - Before cleanup stats (total=6, active=1, idle=5, waiting=0)
2020-12-01 12:41:34,672^|1261^|DEBUG^|HikariPool-1 housekeeper^|com.zaxxer.hikari.pool.HikariPool^|logPoolState^|HikariPool-1 - After cleanup  stats (total=6, active=1, idle=5, waiting=0)
2020-12-01 12:42:04,673^|1263^|DEBUG^|HikariPool-1 housekeeper^|com.zaxxer.hikari.pool.HikariPool^|logPoolState^|HikariPool-1 - Before cleanup stats (total=6, active=1, idle=5, waiting=0)
2020-12-01 12:42:04,673^|1265^|DEBUG^|HikariPool-1 housekeeper^|com.zaxxer.hikari.pool.HikariPool^|logPoolState^|HikariPool-1 - After cleanup  stats (total=6, active=1, idle=5, waiting=0)
2020-12-01 12:42:34,675^|1267^|DEBUG^|HikariPool-1 housekeeper^|com.zaxxer.hikari.pool.HikariPool^|logPoolState^|HikariPool-1 - Before cleanup stats (total=6, active=1, idle=5, waiting=0)
2020-12-01 12:42:34,675^|1269^|DEBUG^|HikariPool-1 housekeeper^|com.zaxxer.hikari.pool.HikariPool^|logPoolState^|HikariPool-1 - After cleanup  stats (total=6, active=1, idle=5, waiting=0)
2020-12-01 12:43:04,677^|1271^|DEBUG^|HikariPool-1 housekeeper^|com.zaxxer.hikari.pool.HikariPool^|logPoolState^|HikariPool-1 - Before cleanup stats (total=6, active=1, idle=5, waiting=0)
2020-12-01 12:43:04,677^|1273^|DEBUG^|HikariPool-1 housekeeper^|com.zaxxer.hikari.pool.HikariPool^|logPoolState^|HikariPool-1 - After cleanup  stats (total=6, active=1, idle=5, waiting=0)
2020-12-01 12:43:34,678^|1275^|DEBUG^|HikariPool-1 housekeeper^|com.zaxxer.hikari.pool.HikariPool^|logPoolState^|HikariPool-1 - Before cleanup stats (total=6, active=1, idle=5, waiting=0)
2020-12-01 12:43:34,678^|1277^|DEBUG^|HikariPool-1 housekeeper^|com.zaxxer.hikari.pool.HikariPool^|logPoolState^|HikariPool-1 - After cleanup  stats (total=6, active=1, idle=5, waiting=0)
2020-12-01 12:44:04,680^|1279^|DEBUG^|HikariPool-1 housekeeper^|com.zaxxer.hikari.pool.HikariPool^|logPoolState^|HikariPool-1 - Before cleanup stats (total=6, active=1, idle=5, waiting=0)
2020-12-01 12:44:04,680^|1281^|DEBUG^|HikariPool-1 housekeeper^|com.zaxxer.hikari.pool.HikariPool^|logPoolState^|HikariPool-1 - After cleanup  stats (total=6, active=1, idle=5, waiting=0)
2020-12-01 12:44:34,682^|1283^|DEBUG^|HikariPool-1 housekeeper^|com.zaxxer.hikari.pool.HikariPool^|logPoolState^|HikariPool-1 - Before cleanup stats (total=6, active=1, idle=5, waiting=0)
2020-12-01 12:44:34,682^|1285^|DEBUG^|HikariPool-1 housekeeper^|com.zaxxer.hikari.pool.HikariPool^|logPoolState^|HikariPool-1 - After cleanup  stats (total=6, active=1, idle=5, waiting=0)
2020-12-01 12:45:04,685^|1287^|DEBUG^|HikariPool-1 housekeeper^|com.zaxxer.hikari.pool.HikariPool^|logPoolState^|HikariPool-1 - Before cleanup stats (total=6, active=1, idle=5, waiting=0)
2020-12-01 12:45:04,685^|1289^|DEBUG^|HikariPool-1 housekeeper^|com.zaxxer.hikari.pool.HikariPool^|logPoolState^|HikariPool-1 - After cleanup  stats (total=6, active=1, idle=5, waiting=0)
2020-12-01 12:45:34,686^|1291^|DEBUG^|HikariPool-1 housekeeper^|com.zaxxer.hikari.pool.HikariPool^|logPoolState^|HikariPool-1 - Before cleanup stats (total=6, active=1, idle=5, waiting=0)
2020-12-01 12:45:34,686^|1293^|DEBUG^|HikariPool-1 housekeeper^|com.zaxxer.hikari.pool.HikariPool^|logPoolState^|HikariPool-1 - After cleanup  stats (total=6, active=1, idle=5, waiting=0)
2020-12-01 12:46:04,688^|1295^|DEBUG^|HikariPool-1 housekeeper^|com.zaxxer.hikari.pool.HikariPool^|logPoolState^|HikariPool-1 - Before cleanup stats (total=6, active=1, idle=5, waiting=0)
2020-12-01 12:46:04,688^|1297^|DEBUG^|HikariPool-1 housekeeper^|com.zaxxer.hikari.pool.HikariPool^|logPoolState^|HikariPool-1 - After cleanup  stats (total=6, active=1, idle=5, waiting=0)
2020-12-01 12:46:34,689^|1299^|DEBUG^|HikariPool-1 housekeeper^|com.zaxxer.hikari.pool.HikariPool^|logPoolState^|HikariPool-1 - Before cleanup stats (total=6, active=1, idle=5, waiting=0)
2020-12-01 12:46:34,689^|1301^|DEBUG^|HikariPool-1 housekeeper^|com.zaxxer.hikari.pool.HikariPool^|logPoolState^|HikariPool-1 - After cleanup  stats (total=6, active=1, idle=5, waiting=0)
2020-12-01 12:47:04,691^|1303^|DEBUG^|HikariPool-1 housekeeper^|com.zaxxer.hikari.pool.HikariPool^|logPoolState^|HikariPool-1 - Before cleanup stats (total=6, active=1, idle=5, waiting=0)
2020-12-01 12:47:04,691^|1305^|DEBUG^|HikariPool-1 housekeeper^|com.zaxxer.hikari.pool.HikariPool^|logPoolState^|HikariPool-1 - After cleanup  stats (total=6, active=1, idle=5, waiting=0)
2020-12-01 12:47:34,692^|1307^|DEBUG^|HikariPool-1 housekeeper^|com.zaxxer.hikari.pool.HikariPool^|logPoolState^|HikariPool-1 - Before cleanup stats (total=6, active=1, idle=5, waiting=0)
2020-12-01 12:47:34,692^|1309^|DEBUG^|HikariPool-1 housekeeper^|com.zaxxer.hikari.pool.HikariPool^|logPoolState^|HikariPool-1 - After cleanup  stats (total=6, active=1, idle=5, waiting=0)
2020-12-01 12:48:04,694^|1311^|DEBUG^|HikariPool-1 housekeeper^|com.zaxxer.hikari.pool.HikariPool^|logPoolState^|HikariPool-1 - Before cleanup stats (total=6, active=1, idle=5, waiting=0)
2020-12-01 12:48:04,694^|1313^|DEBUG^|HikariPool-1 housekeeper^|com.zaxxer.hikari.pool.HikariPool^|logPoolState^|HikariPool-1 - After cleanup  stats (total=6, active=1, idle=5, waiting=0)
2020-12-01 12:48:34,695^|1315^|DEBUG^|HikariPool-1 housekeeper^|com.zaxxer.hikari.pool.HikariPool^|logPoolState^|HikariPool-1 - Before cleanup stats (total=6, active=1, idle=5, waiting=0)
2020-12-01 12:48:34,695^|1317^|DEBUG^|HikariPool-1 housekeeper^|com.zaxxer.hikari.pool.HikariPool^|logPoolState^|HikariPool-1 - After cleanup  stats (total=6, active=1, idle=5, waiting=0)
2020-12-01 12:49:04,697^|1319^|DEBUG^|HikariPool-1 housekeeper^|com.zaxxer.hikari.pool.HikariPool^|logPoolState^|HikariPool-1 - Before cleanup stats (total=6, active=1, idle=5, waiting=0)
2020-12-01 12:49:04,697^|1321^|DEBUG^|HikariPool-1 housekeeper^|com.zaxxer.hikari.pool.HikariPool^|logPoolState^|HikariPool-1 - After cleanup  stats (total=6, active=1, idle=5, waiting=0)
2020-12-01 12:49:34,699^|1323^|DEBUG^|HikariPool-1 housekeeper^|com.zaxxer.hikari.pool.HikariPool^|logPoolState^|HikariPool-1 - Before cleanup stats (total=6, active=1, idle=5, waiting=0)
2020-12-01 12:49:34,699^|1325^|DEBUG^|HikariPool-1 housekeeper^|com.zaxxer.hikari.pool.HikariPool^|logPoolState^|HikariPool-1 - After cleanup  stats (total=6, active=1, idle=5, waiting=0)
2020-12-01 12:50:04,700^|1327^|DEBUG^|HikariPool-1 housekeeper^|com.zaxxer.hikari.pool.HikariPool^|logPoolState^|HikariPool-1 - Before cleanup stats (total=6, active=1, idle=5, waiting=0)
2020-12-01 12:50:04,700^|1329^|DEBUG^|HikariPool-1 housekeeper^|com.zaxxer.hikari.pool.HikariPool^|logPoolState^|HikariPool-1 - After cleanup  stats (total=6, active=1, idle=5, waiting=0)
2020-12-01 12:50:34,702^|1331^|DEBUG^|HikariPool-1 housekeeper^|com.zaxxer.hikari.pool.HikariPool^|logPoolState^|HikariPool-1 - Before cleanup stats (total=6, active=1, idle=5, waiting=0)
2020-12-01 12:50:34,702^|1333^|DEBUG^|HikariPool-1 housekeeper^|com.zaxxer.hikari.pool.HikariPool^|logPoolState^|HikariPool-1 - After cleanup  stats (total=6, active=1, idle=5, waiting=0)
2020-12-01 12:51:04,703^|1335^|DEBUG^|HikariPool-1 housekeeper^|com.zaxxer.hikari.pool.HikariPool^|logPoolState^|HikariPool-1 - Before cleanup stats (total=6, active=1, idle=5, waiting=0)
2020-12-01 12:51:04,703^|1337^|DEBUG^|HikariPool-1 housekeeper^|com.zaxxer.hikari.pool.HikariPool^|logPoolState^|HikariPool-1 - After cleanup  stats (total=6, active=1, idle=5, waiting=0)
2020-12-01 12:51:34,704^|1339^|DEBUG^|HikariPool-1 housekeeper^|com.zaxxer.hikari.pool.HikariPool^|logPoolState^|HikariPool-1 - Before cleanup stats (total=6, active=1, idle=5, waiting=0)
2020-12-01 12:51:34,704^|1341^|DEBUG^|HikariPool-1 housekeeper^|com.zaxxer.hikari.pool.HikariPool^|logPoolState^|HikariPool-1 - After cleanup  stats (total=6, active=1, idle=5, waiting=0)
2020-12-01 12:52:04,705^|1343^|DEBUG^|HikariPool-1 housekeeper^|com.zaxxer.hikari.pool.HikariPool^|logPoolState^|HikariPool-1 - Before cleanup stats (total=6, active=1, idle=5, waiting=0)
2020-12-01 12:52:04,705^|1345^|DEBUG^|HikariPool-1 housekeeper^|com.zaxxer.hikari.pool.HikariPool^|logPoolState^|HikariPool-1 - After cleanup  stats (total=6, active=1, idle=5, waiting=0)
2020-12-01 12:52:34,707^|1347^|DEBUG^|HikariPool-1 housekeeper^|com.zaxxer.hikari.pool.HikariPool^|logPoolState^|HikariPool-1 - Before cleanup stats (total=6, active=1, idle=5, waiting=0)
2020-12-01 12:52:34,707^|1349^|DEBUG^|HikariPool-1 housekeeper^|com.zaxxer.hikari.pool.HikariPool^|logPoolState^|HikariPool-1 - After cleanup  stats (total=6, active=1, idle=5, waiting=0)
2020-12-01 12:53:04,709^|1351^|DEBUG^|HikariPool-1 housekeeper^|com.zaxxer.hikari.pool.HikariPool^|logPoolState^|HikariPool-1 - Before cleanup stats (total=6, active=1, idle=5, waiting=0)
2020-12-01 12:53:04,709^|1353^|DEBUG^|HikariPool-1 housekeeper^|com.zaxxer.hikari.pool.HikariPool^|logPoolState^|HikariPool-1 - After cleanup  stats (total=6, active=1, idle=5, waiting=0)
2020-12-01 12:53:34,711^|1355^|DEBUG^|HikariPool-1 housekeeper^|com.zaxxer.hikari.pool.HikariPool^|logPoolState^|HikariPool-1 - Before cleanup stats (total=6, active=1, idle=5, waiting=0)
2020-12-01 12:53:34,711^|1357^|DEBUG^|HikariPool-1 housekeeper^|com.zaxxer.hikari.pool.HikariPool^|logPoolState^|HikariPool-1 - After cleanup  stats (total=6, active=1, idle=5, waiting=0)
2020-12-01 12:54:04,712^|1359^|DEBUG^|HikariPool-1 housekeeper^|com.zaxxer.hikari.pool.HikariPool^|logPoolState^|HikariPool-1 - Before cleanup stats (total=6, active=1, idle=5, waiting=0)
2020-12-01 12:54:04,712^|1361^|DEBUG^|HikariPool-1 housekeeper^|com.zaxxer.hikari.pool.HikariPool^|logPoolState^|HikariPool-1 - After cleanup  stats (total=6, active=1, idle=5, waiting=0)
2020-12-01 12:54:34,713^|1363^|DEBUG^|HikariPool-1 housekeeper^|com.zaxxer.hikari.pool.HikariPool^|logPoolState^|HikariPool-1 - Before cleanup stats (total=6, active=1, idle=5, waiting=0)
2020-12-01 12:54:34,713^|1365^|DEBUG^|HikariPool-1 housekeeper^|com.zaxxer.hikari.pool.HikariPool^|logPoolState^|HikariPool-1 - After cleanup  stats (total=6, active=1, idle=5, waiting=0)
2020-12-01 12:55:04,715^|1367^|DEBUG^|HikariPool-1 housekeeper^|com.zaxxer.hikari.pool.HikariPool^|logPoolState^|HikariPool-1 - Before cleanup stats (total=6, active=1, idle=5, waiting=0)
2020-12-01 12:55:04,715^|1369^|DEBUG^|HikariPool-1 housekeeper^|com.zaxxer.hikari.pool.HikariPool^|logPoolState^|HikariPool-1 - After cleanup  stats (total=6, active=1, idle=5, waiting=0)
2020-12-01 12:55:34,717^|1371^|DEBUG^|HikariPool-1 housekeeper^|com.zaxxer.hikari.pool.HikariPool^|logPoolState^|HikariPool-1 - Before cleanup stats (total=6, active=1, idle=5, waiting=0)
2020-12-01 12:55:34,717^|1373^|DEBUG^|HikariPool-1 housekeeper^|com.zaxxer.hikari.pool.HikariPool^|logPoolState^|HikariPool-1 - After cleanup  stats (total=6, active=1, idle=5, waiting=0)
2020-12-01 12:56:04,719^|1375^|DEBUG^|HikariPool-1 housekeeper^|com.zaxxer.hikari.pool.HikariPool^|logPoolState^|HikariPool-1 - Before cleanup stats (total=6, active=1, idle=5, waiting=0)
2020-12-01 12:56:04,719^|1377^|DEBUG^|HikariPool-1 housekeeper^|com.zaxxer.hikari.pool.HikariPool^|logPoolState^|HikariPool-1 - After cleanup  stats (total=6, active=1, idle=5, waiting=0)
2020-12-01 12:56:34,720^|1379^|DEBUG^|HikariPool-1 housekeeper^|com.zaxxer.hikari.pool.HikariPool^|logPoolState^|HikariPool-1 - Before cleanup stats (total=6, active=1, idle=5, waiting=0)
2020-12-01 12:56:34,720^|1381^|DEBUG^|HikariPool-1 housekeeper^|com.zaxxer.hikari.pool.HikariPool^|logPoolState^|HikariPool-1 - After cleanup  stats (total=6, active=1, idle=5, waiting=0)
2020-12-01 12:57:04,721^|1383^|DEBUG^|HikariPool-1 housekeeper^|com.zaxxer.hikari.pool.HikariPool^|logPoolState^|HikariPool-1 - Before cleanup stats (total=6, active=1, idle=5, waiting=0)
2020-12-01 12:57:04,721^|1385^|DEBUG^|HikariPool-1 housekeeper^|com.zaxxer.hikari.pool.HikariPool^|logPoolState^|HikariPool-1 - After cleanup  stats (total=6, active=1, idle=5, waiting=0)
2020-12-01 12:57:34,723^|1387^|DEBUG^|HikariPool-1 housekeeper^|com.zaxxer.hikari.pool.HikariPool^|logPoolState^|HikariPool-1 - Before cleanup stats (total=6, active=1, idle=5, waiting=0)
2020-12-01 12:57:34,723^|1389^|DEBUG^|HikariPool-1 housekeeper^|com.zaxxer.hikari.pool.HikariPool^|logPoolState^|HikariPool-1 - After cleanup  stats (total=6, active=1, idle=5, waiting=0)
2020-12-01 12:58:04,724^|1391^|DEBUG^|HikariPool-1 housekeeper^|com.zaxxer.hikari.pool.HikariPool^|logPoolState^|HikariPool-1 - Before cleanup stats (total=6, active=1, idle=5, waiting=0)
2020-12-01 12:58:04,724^|1393^|DEBUG^|HikariPool-1 housekeeper^|com.zaxxer.hikari.pool.HikariPool^|logPoolState^|HikariPool-1 - After cleanup  stats (total=6, active=1, idle=5, waiting=0)
2020-12-01 12:58:34,725^|1395^|DEBUG^|HikariPool-1 housekeeper^|com.zaxxer.hikari.pool.HikariPool^|logPoolState^|HikariPool-1 - Before cleanup stats (total=6, active=1, idle=5, waiting=0)
2020-12-01 12:58:34,725^|1397^|DEBUG^|HikariPool-1 housekeeper^|com.zaxxer.hikari.pool.HikariPool^|logPoolState^|HikariPool-1 - After cleanup  stats (total=6, active=1, idle=5, waiting=0)
2020-12-01 12:59:04,726^|1399^|DEBUG^|HikariPool-1 housekeeper^|com.zaxxer.hikari.pool.HikariPool^|logPoolState^|HikariPool-1 - Before cleanup stats (total=6, active=1, idle=5, waiting=0)
2020-12-01 12:59:04,726^|1401^|DEBUG^|HikariPool-1 housekeeper^|com.zaxxer.hikari.pool.HikariPool^|logPoolState^|HikariPool-1 - After cleanup  stats (total=6, active=1, idle=5, waiting=0)
2020-12-01 12:59:34,728^|1403^|DEBUG^|HikariPool-1 housekeeper^|com.zaxxer.hikari.pool.HikariPool^|logPoolState^|HikariPool-1 - Before cleanup stats (total=6, active=1, idle=5, waiting=0)
2020-12-01 12:59:34,728^|1405^|DEBUG^|HikariPool-1 housekeeper^|com.zaxxer.hikari.pool.HikariPool^|logPoolState^|HikariPool-1 - After cleanup  stats (total=6, active=1, idle=5, waiting=0)
2020-12-01 13:00:04,729^|1407^|DEBUG^|HikariPool-1 housekeeper^|com.zaxxer.hikari.pool.HikariPool^|logPoolState^|HikariPool-1 - Before cleanup stats (total=6, active=1, idle=5, waiting=0)
2020-12-01 13:00:04,729^|1409^|DEBUG^|HikariPool-1 housekeeper^|com.zaxxer.hikari.pool.HikariPool^|logPoolState^|HikariPool-1 - After cleanup  stats (total=6, active=1, idle=5, waiting=0)
2020-12-01 13:00:34,730^|1411^|DEBUG^|HikariPool-1 housekeeper^|com.zaxxer.hikari.pool.HikariPool^|logPoolState^|HikariPool-1 - Before cleanup stats (total=6, active=1, idle=5, waiting=0)
2020-12-01 13:00:34,730^|1413^|DEBUG^|HikariPool-1 housekeeper^|com.zaxxer.hikari.pool.HikariPool^|logPoolState^|HikariPool-1 - After cleanup  stats (total=6, active=1, idle=5, waiting=0)
2020-12-01 13:01:04,732^|1415^|DEBUG^|HikariPool-1 housekeeper^|com.zaxxer.hikari.pool.HikariPool^|logPoolState^|HikariPool-1 - Before cleanup stats (total=6, active=1, idle=5, waiting=0)
2020-12-01 13:01:04,732^|1417^|DEBUG^|HikariPool-1 housekeeper^|com.zaxxer.hikari.pool.HikariPool^|logPoolState^|HikariPool-1 - After cleanup  stats (total=6, active=1, idle=5, waiting=0)
2020-12-01 13:01:34,734^|1419^|DEBUG^|HikariPool-1 housekeeper^|com.zaxxer.hikari.pool.HikariPool^|logPoolState^|HikariPool-1 - Before cleanup stats (total=6, active=1, idle=5, waiting=0)
2020-12-01 13:01:34,734^|1421^|DEBUG^|HikariPool-1 housekeeper^|com.zaxxer.hikari.pool.HikariPool^|logPoolState^|HikariPool-1 - After cleanup  stats (total=6, active=1, idle=5, waiting=0)
2020-12-01 13:02:04,735^|1423^|DEBUG^|HikariPool-1 housekeeper^|com.zaxxer.hikari.pool.HikariPool^|logPoolState^|HikariPool-1 - Before cleanup stats (total=6, active=1, idle=5, waiting=0)
2020-12-01 13:02:04,735^|1425^|DEBUG^|HikariPool-1 housekeeper^|com.zaxxer.hikari.pool.HikariPool^|logPoolState^|HikariPool-1 - After cleanup  stats (total=6, active=1, idle=5, waiting=0)
2020-12-01 13:02:04,865^|1427^|DEBUG^|HikariPool-1 connection closer^|com.zaxxer.hikari.pool.PoolBase^|quietlyCloseConnection^|HikariPool-1 - Closing connection com.mysql.jdbc.JDBC4Connection@4d4e520d: (connection has passed maxLifetime)
2020-12-01 13:02:04,870^|1429^|DEBUG^|HikariPool-1 connection adder^|com.zaxxer.hikari.pool.HikariPool^|call^|HikariPool-1 - Added connection com.mysql.jdbc.JDBC4Connection@471cc55b
2020-12-01 13:02:34,735^|1431^|DEBUG^|HikariPool-1 housekeeper^|com.zaxxer.hikari.pool.HikariPool^|logPoolState^|HikariPool-1 - Before cleanup stats (total=6, active=1, idle=5, waiting=0)
2020-12-01 13:02:34,735^|1433^|DEBUG^|HikariPool-1 housekeeper^|com.zaxxer.hikari.pool.HikariPool^|logPoolState^|HikariPool-1 - After cleanup  stats (total=6, active=1, idle=5, waiting=0)
2020-12-01 13:03:01,762^|1435^|DEBUG^|HikariPool-1 connection closer^|com.zaxxer.hikari.pool.PoolBase^|quietlyCloseConnection^|HikariPool-1 - Closing connection com.mysql.jdbc.JDBC4Connection@67378b0e: (connection has passed maxLifetime)
2020-12-01 13:03:01,765^|1437^|DEBUG^|HikariPool-1 connection adder^|com.zaxxer.hikari.pool.HikariPool^|call^|HikariPool-1 - Added connection com.mysql.jdbc.JDBC4Connection@166dbb28
2020-12-01 13:03:04,736^|1439^|DEBUG^|HikariPool-1 housekeeper^|com.zaxxer.hikari.pool.HikariPool^|logPoolState^|HikariPool-1 - Before cleanup stats (total=6, active=1, idle=5, waiting=0)
2020-12-01 13:03:04,736^|1441^|DEBUG^|HikariPool-1 housekeeper^|com.zaxxer.hikari.pool.HikariPool^|logPoolState^|HikariPool-1 - After cleanup  stats (total=6, active=1, idle=5, waiting=0)
2020-12-01 13:03:05,426^|1443^|DEBUG^|HikariPool-1 connection closer^|com.zaxxer.hikari.pool.PoolBase^|quietlyCloseConnection^|HikariPool-1 - Closing connection com.mysql.jdbc.JDBC4Connection@7187441: (connection has passed maxLifetime)
2020-12-01 13:03:05,432^|1445^|DEBUG^|HikariPool-1 connection adder^|com.zaxxer.hikari.pool.HikariPool^|call^|HikariPool-1 - Added connection com.mysql.jdbc.JDBC4Connection@76424467
2020-12-01 13:03:19,238^|1447^|DEBUG^|HikariPool-1 connection closer^|com.zaxxer.hikari.pool.PoolBase^|quietlyCloseConnection^|HikariPool-1 - Closing connection com.mysql.jdbc.JDBC4Connection@536daf96: (connection has passed maxLifetime)
2020-12-01 13:03:19,241^|1449^|DEBUG^|HikariPool-1 connection adder^|com.zaxxer.hikari.pool.HikariPool^|call^|HikariPool-1 - Added connection com.mysql.jdbc.JDBC4Connection@1e249253
2020-12-01 13:03:29,711^|1451^|DEBUG^|HikariPool-1 connection closer^|com.zaxxer.hikari.pool.PoolBase^|quietlyCloseConnection^|HikariPool-1 - Closing connection com.mysql.jdbc.JDBC4Connection@1c889ae9: (connection has passed maxLifetime)
2020-12-01 13:03:29,714^|1453^|DEBUG^|HikariPool-1 connection adder^|com.zaxxer.hikari.pool.HikariPool^|call^|HikariPool-1 - Added connection com.mysql.jdbc.JDBC4Connection@47dd1f25
2020-12-01 13:03:34,738^|1455^|DEBUG^|HikariPool-1 housekeeper^|com.zaxxer.hikari.pool.HikariPool^|logPoolState^|HikariPool-1 - Before cleanup stats (total=6, active=1, idle=5, waiting=0)
2020-12-01 13:03:34,738^|1457^|DEBUG^|HikariPool-1 housekeeper^|com.zaxxer.hikari.pool.HikariPool^|logPoolState^|HikariPool-1 - After cleanup  stats (total=6, active=1, idle=5, waiting=0)
2020-12-01 13:04:04,739^|1459^|DEBUG^|HikariPool-1 housekeeper^|com.zaxxer.hikari.pool.HikariPool^|logPoolState^|HikariPool-1 - Before cleanup stats (total=6, active=1, idle=5, waiting=0)
2020-12-01 13:04:04,739^|1461^|DEBUG^|HikariPool-1 housekeeper^|com.zaxxer.hikari.pool.HikariPool^|logPoolState^|HikariPool-1 - After cleanup  stats (total=6, active=1, idle=5, waiting=0)
2020-12-01 13:04:34,740^|1463^|DEBUG^|HikariPool-1 housekeeper^|com.zaxxer.hikari.pool.HikariPool^|logPoolState^|HikariPool-1 - Before cleanup stats (total=6, active=1, idle=5, waiting=0)
2020-12-01 13:04:34,740^|1465^|DEBUG^|HikariPool-1 housekeeper^|com.zaxxer.hikari.pool.HikariPool^|logPoolState^|HikariPool-1 - After cleanup  stats (total=6, active=1, idle=5, waiting=0)
2020-12-01 13:05:04,742^|1467^|DEBUG^|HikariPool-1 housekeeper^|com.zaxxer.hikari.pool.HikariPool^|logPoolState^|HikariPool-1 - Before cleanup stats (total=6, active=1, idle=5, waiting=0)
2020-12-01 13:05:04,742^|1469^|DEBUG^|HikariPool-1 housekeeper^|com.zaxxer.hikari.pool.HikariPool^|logPoolState^|HikariPool-1 - After cleanup  stats (total=6, active=1, idle=5, waiting=0)
2020-12-01 13:05:34,743^|1471^|DEBUG^|HikariPool-1 housekeeper^|com.zaxxer.hikari.pool.HikariPool^|logPoolState^|HikariPool-1 - Before cleanup stats (total=6, active=1, idle=5, waiting=0)
2020-12-01 13:05:34,743^|1473^|DEBUG^|HikariPool-1 housekeeper^|com.zaxxer.hikari.pool.HikariPool^|logPoolState^|HikariPool-1 - After cleanup  stats (total=6, active=1, idle=5, waiting=0)
2020-12-01 13:06:04,744^|1475^|DEBUG^|HikariPool-1 housekeeper^|com.zaxxer.hikari.pool.HikariPool^|logPoolState^|HikariPool-1 - Before cleanup stats (total=6, active=1, idle=5, waiting=0)
2020-12-01 13:06:04,744^|1477^|DEBUG^|HikariPool-1 housekeeper^|com.zaxxer.hikari.pool.HikariPool^|logPoolState^|HikariPool-1 - After cleanup  stats (total=6, active=1, idle=5, waiting=0)
2020-12-01 13:06:34,744^|1479^|DEBUG^|HikariPool-1 housekeeper^|com.zaxxer.hikari.pool.HikariPool^|logPoolState^|HikariPool-1 - Before cleanup stats (total=6, active=1, idle=5, waiting=0)
2020-12-01 13:06:34,744^|1481^|DEBUG^|HikariPool-1 housekeeper^|com.zaxxer.hikari.pool.HikariPool^|logPoolState^|HikariPool-1 - After cleanup  stats (total=6, active=1, idle=5, waiting=0)
2020-12-01 13:07:04,745^|1483^|DEBUG^|HikariPool-1 housekeeper^|com.zaxxer.hikari.pool.HikariPool^|logPoolState^|HikariPool-1 - Before cleanup stats (total=6, active=1, idle=5, waiting=0)
2020-12-01 13:07:04,745^|1485^|DEBUG^|HikariPool-1 housekeeper^|com.zaxxer.hikari.pool.HikariPool^|logPoolState^|HikariPool-1 - After cleanup  stats (total=6, active=1, idle=5, waiting=0)
2020-12-01 13:07:34,747^|1487^|DEBUG^|HikariPool-1 housekeeper^|com.zaxxer.hikari.pool.HikariPool^|logPoolState^|HikariPool-1 - Before cleanup stats (total=6, active=1, idle=5, waiting=0)
2020-12-01 13:07:34,747^|1489^|DEBUG^|HikariPool-1 housekeeper^|com.zaxxer.hikari.pool.HikariPool^|logPoolState^|HikariPool-1 - After cleanup  stats (total=6, active=1, idle=5, waiting=0)
2020-12-01 13:08:04,749^|1491^|DEBUG^|HikariPool-1 housekeeper^|com.zaxxer.hikari.pool.HikariPool^|logPoolState^|HikariPool-1 - Before cleanup stats (total=6, active=1, idle=5, waiting=0)
2020-12-01 13:08:04,749^|1493^|DEBUG^|HikariPool-1 housekeeper^|com.zaxxer.hikari.pool.HikariPool^|logPoolState^|HikariPool-1 - After cleanup  stats (total=6, active=1, idle=5, waiting=0)
2020-12-01 13:08:34,750^|1495^|DEBUG^|HikariPool-1 housekeeper^|com.zaxxer.hikari.pool.HikariPool^|logPoolState^|HikariPool-1 - Before cleanup stats (total=6, active=1, idle=5, waiting=0)
2020-12-01 13:08:34,750^|1497^|DEBUG^|HikariPool-1 housekeeper^|com.zaxxer.hikari.pool.HikariPool^|logPoolState^|HikariPool-1 - After cleanup  stats (total=6, active=1, idle=5, waiting=0)
2020-12-01 13:09:04,752^|1499^|DEBUG^|HikariPool-1 housekeeper^|com.zaxxer.hikari.pool.HikariPool^|logPoolState^|HikariPool-1 - Before cleanup stats (total=6, active=1, idle=5, waiting=0)
2020-12-01 13:09:04,752^|1501^|DEBUG^|HikariPool-1 housekeeper^|com.zaxxer.hikari.pool.HikariPool^|logPoolState^|HikariPool-1 - After cleanup  stats (total=6, active=1, idle=5, waiting=0)
2020-12-01 13:09:34,753^|1503^|DEBUG^|HikariPool-1 housekeeper^|com.zaxxer.hikari.pool.HikariPool^|logPoolState^|HikariPool-1 - Before cleanup stats (total=6, active=1, idle=5, waiting=0)
2020-12-01 13:09:34,753^|1505^|DEBUG^|HikariPool-1 housekeeper^|com.zaxxer.hikari.pool.HikariPool^|logPoolState^|HikariPool-1 - After cleanup  stats (total=6, active=1, idle=5, waiting=0)
2020-12-01 13:10:04,754^|1507^|DEBUG^|HikariPool-1 housekeeper^|com.zaxxer.hikari.pool.HikariPool^|logPoolState^|HikariPool-1 - Before cleanup stats (total=6, active=1, idle=5, waiting=0)
2020-12-01 13:10:04,754^|1509^|DEBUG^|HikariPool-1 housekeeper^|com.zaxxer.hikari.pool.HikariPool^|logPoolState^|HikariPool-1 - After cleanup  stats (total=6, active=1, idle=5, waiting=0)
2020-12-01 13:10:34,756^|1511^|DEBUG^|HikariPool-1 housekeeper^|com.zaxxer.hikari.pool.HikariPool^|logPoolState^|HikariPool-1 - Before cleanup stats (total=6, active=1, idle=5, waiting=0)
2020-12-01 13:10:34,756^|1513^|DEBUG^|HikariPool-1 housekeeper^|com.zaxxer.hikari.pool.HikariPool^|logPoolState^|HikariPool-1 - After cleanup  stats (total=6, active=1, idle=5, waiting=0)
2020-12-01 13:11:04,757^|1515^|DEBUG^|HikariPool-1 housekeeper^|com.zaxxer.hikari.pool.HikariPool^|logPoolState^|HikariPool-1 - Before cleanup stats (total=6, active=1, idle=5, waiting=0)
2020-12-01 13:11:04,757^|1517^|DEBUG^|HikariPool-1 housekeeper^|com.zaxxer.hikari.pool.HikariPool^|logPoolState^|HikariPool-1 - After cleanup  stats (total=6, active=1, idle=5, waiting=0)
2020-12-01 13:11:34,758^|1519^|DEBUG^|HikariPool-1 housekeeper^|com.zaxxer.hikari.pool.HikariPool^|logPoolState^|HikariPool-1 - Before cleanup stats (total=6, active=1, idle=5, waiting=0)
2020-12-01 13:11:34,758^|1521^|DEBUG^|HikariPool-1 housekeeper^|com.zaxxer.hikari.pool.HikariPool^|logPoolState^|HikariPool-1 - After cleanup  stats (total=6, active=1, idle=5, waiting=0)
2020-12-01 13:12:04,760^|1523^|DEBUG^|HikariPool-1 housekeeper^|com.zaxxer.hikari.pool.HikariPool^|logPoolState^|HikariPool-1 - Before cleanup stats (total=6, active=1, idle=5, waiting=0)
2020-12-01 13:12:04,760^|1525^|DEBUG^|HikariPool-1 housekeeper^|com.zaxxer.hikari.pool.HikariPool^|logPoolState^|HikariPool-1 - After cleanup  stats (total=6, active=1, idle=5, waiting=0)
2020-12-01 13:12:34,761^|1527^|DEBUG^|HikariPool-1 housekeeper^|com.zaxxer.hikari.pool.HikariPool^|logPoolState^|HikariPool-1 - Before cleanup stats (total=6, active=1, idle=5, waiting=0)
2020-12-01 13:12:34,761^|1529^|DEBUG^|HikariPool-1 housekeeper^|com.zaxxer.hikari.pool.HikariPool^|logPoolState^|HikariPool-1 - After cleanup  stats (total=6, active=1, idle=5, waiting=0)
2020-12-01 13:13:04,764^|1531^|DEBUG^|HikariPool-1 housekeeper^|com.zaxxer.hikari.pool.HikariPool^|logPoolState^|HikariPool-1 - Before cleanup stats (total=6, active=1, idle=5, waiting=0)
2020-12-01 13:13:04,764^|1533^|DEBUG^|HikariPool-1 housekeeper^|com.zaxxer.hikari.pool.HikariPool^|logPoolState^|HikariPool-1 - After cleanup  stats (total=6, active=1, idle=5, waiting=0)
2020-12-01 13:13:34,765^|1535^|DEBUG^|HikariPool-1 housekeeper^|com.zaxxer.hikari.pool.HikariPool^|logPoolState^|HikariPool-1 - Before cleanup stats (total=6, active=1, idle=5, waiting=0)
2020-12-01 13:13:34,765^|1537^|DEBUG^|HikariPool-1 housekeeper^|com.zaxxer.hikari.pool.HikariPool^|logPoolState^|HikariPool-1 - After cleanup  stats (total=6, active=1, idle=5, waiting=0)
2020-12-01 13:14:04,766^|1539^|DEBUG^|HikariPool-1 housekeeper^|com.zaxxer.hikari.pool.HikariPool^|logPoolState^|HikariPool-1 - Before cleanup stats (total=6, active=1, idle=5, waiting=0)
2020-12-01 13:14:04,766^|1541^|DEBUG^|HikariPool-1 housekeeper^|com.zaxxer.hikari.pool.HikariPool^|logPoolState^|HikariPool-1 - After cleanup  stats (total=6, active=1, idle=5, waiting=0)
2020-12-01 13:14:34,767^|1543^|DEBUG^|HikariPool-1 housekeeper^|com.zaxxer.hikari.pool.HikariPool^|logPoolState^|HikariPool-1 - Before cleanup stats (total=6, active=1, idle=5, waiting=0)
2020-12-01 13:14:34,767^|1545^|DEBUG^|HikariPool-1 housekeeper^|com.zaxxer.hikari.pool.HikariPool^|logPoolState^|HikariPool-1 - After cleanup  stats (total=6, active=1, idle=5, waiting=0)
2020-12-01 13:15:04,769^|1547^|DEBUG^|HikariPool-1 housekeeper^|com.zaxxer.hikari.pool.HikariPool^|logPoolState^|HikariPool-1 - Before cleanup stats (total=6, active=1, idle=5, waiting=0)
2020-12-01 13:15:04,769^|1549^|DEBUG^|HikariPool-1 housekeeper^|com.zaxxer.hikari.pool.HikariPool^|logPoolState^|HikariPool-1 - After cleanup  stats (total=6, active=1, idle=5, waiting=0)
2020-12-01 13:15:34,771^|1551^|DEBUG^|HikariPool-1 housekeeper^|com.zaxxer.hikari.pool.HikariPool^|logPoolState^|HikariPool-1 - Before cleanup stats (total=6, active=1, idle=5, waiting=0)
2020-12-01 13:15:34,771^|1553^|DEBUG^|HikariPool-1 housekeeper^|com.zaxxer.hikari.pool.HikariPool^|logPoolState^|HikariPool-1 - After cleanup  stats (total=6, active=1, idle=5, waiting=0)
2020-12-01 13:16:04,772^|1555^|DEBUG^|HikariPool-1 housekeeper^|com.zaxxer.hikari.pool.HikariPool^|logPoolState^|HikariPool-1 - Before cleanup stats (total=6, active=1, idle=5, waiting=0)
2020-12-01 13:16:04,772^|1557^|DEBUG^|HikariPool-1 housekeeper^|com.zaxxer.hikari.pool.HikariPool^|logPoolState^|HikariPool-1 - After cleanup  stats (total=6, active=1, idle=5, waiting=0)
2020-12-01 13:16:34,773^|1559^|DEBUG^|HikariPool-1 housekeeper^|com.zaxxer.hikari.pool.HikariPool^|logPoolState^|HikariPool-1 - Before cleanup stats (total=6, active=1, idle=5, waiting=0)
2020-12-01 13:16:34,773^|1561^|DEBUG^|HikariPool-1 housekeeper^|com.zaxxer.hikari.pool.HikariPool^|logPoolState^|HikariPool-1 - After cleanup  stats (total=6, active=1, idle=5, waiting=0)
2020-12-01 13:17:04,774^|1563^|DEBUG^|HikariPool-1 housekeeper^|com.zaxxer.hikari.pool.HikariPool^|logPoolState^|HikariPool-1 - Before cleanup stats (total=6, active=1, idle=5, waiting=0)
2020-12-01 13:17:04,774^|1565^|DEBUG^|HikariPool-1 housekeeper^|com.zaxxer.hikari.pool.HikariPool^|logPoolState^|HikariPool-1 - After cleanup  stats (total=6, active=1, idle=5, waiting=0)
2020-12-01 13:17:34,775^|1567^|DEBUG^|HikariPool-1 housekeeper^|com.zaxxer.hikari.pool.HikariPool^|logPoolState^|HikariPool-1 - Before cleanup stats (total=6, active=1, idle=5, waiting=0)
2020-12-01 13:17:34,775^|1569^|DEBUG^|HikariPool-1 housekeeper^|com.zaxxer.hikari.pool.HikariPool^|logPoolState^|HikariPool-1 - After cleanup  stats (total=6, active=1, idle=5, waiting=0)
2020-12-01 13:18:04,776^|1571^|DEBUG^|HikariPool-1 housekeeper^|com.zaxxer.hikari.pool.HikariPool^|logPoolState^|HikariPool-1 - Before cleanup stats (total=6, active=1, idle=5, waiting=0)
2020-12-01 13:18:04,776^|1573^|DEBUG^|HikariPool-1 housekeeper^|com.zaxxer.hikari.pool.HikariPool^|logPoolState^|HikariPool-1 - After cleanup  stats (total=6, active=1, idle=5, waiting=0)
2020-12-01 13:18:34,777^|1575^|DEBUG^|HikariPool-1 housekeeper^|com.zaxxer.hikari.pool.HikariPool^|logPoolState^|HikariPool-1 - Before cleanup stats (total=6, active=1, idle=5, waiting=0)
2020-12-01 13:18:34,777^|1577^|DEBUG^|HikariPool-1 housekeeper^|com.zaxxer.hikari.pool.HikariPool^|logPoolState^|HikariPool-1 - After cleanup  stats (total=6, active=1, idle=5, waiting=0)
2020-12-01 13:19:04,778^|1579^|DEBUG^|HikariPool-1 housekeeper^|com.zaxxer.hikari.pool.HikariPool^|logPoolState^|HikariPool-1 - Before cleanup stats (total=6, active=1, idle=5, waiting=0)
2020-12-01 13:19:04,778^|1581^|DEBUG^|HikariPool-1 housekeeper^|com.zaxxer.hikari.pool.HikariPool^|logPoolState^|HikariPool-1 - After cleanup  stats (total=6, active=1, idle=5, waiting=0)
2020-12-01 13:19:34,780^|1583^|DEBUG^|HikariPool-1 housekeeper^|com.zaxxer.hikari.pool.HikariPool^|logPoolState^|HikariPool-1 - Before cleanup stats (total=6, active=1, idle=5, waiting=0)
2020-12-01 13:19:34,780^|1585^|DEBUG^|HikariPool-1 housekeeper^|com.zaxxer.hikari.pool.HikariPool^|logPoolState^|HikariPool-1 - After cleanup  stats (total=6, active=1, idle=5, waiting=0)
2020-12-01 13:20:04,783^|1587^|DEBUG^|HikariPool-1 housekeeper^|com.zaxxer.hikari.pool.HikariPool^|logPoolState^|HikariPool-1 - Before cleanup stats (total=6, active=1, idle=5, waiting=0)
2020-12-01 13:20:04,783^|1589^|DEBUG^|HikariPool-1 housekeeper^|com.zaxxer.hikari.pool.HikariPool^|logPoolState^|HikariPool-1 - After cleanup  stats (total=6, active=1, idle=5, waiting=0)
2020-12-01 13:20:34,784^|1591^|DEBUG^|HikariPool-1 housekeeper^|com.zaxxer.hikari.pool.HikariPool^|logPoolState^|HikariPool-1 - Before cleanup stats (total=6, active=1, idle=5, waiting=0)
2020-12-01 13:20:34,785^|1593^|DEBUG^|HikariPool-1 housekeeper^|com.zaxxer.hikari.pool.HikariPool^|logPoolState^|HikariPool-1 - After cleanup  stats (total=6, active=1, idle=5, waiting=0)
2020-12-01 13:21:04,786^|1595^|DEBUG^|HikariPool-1 housekeeper^|com.zaxxer.hikari.pool.HikariPool^|logPoolState^|HikariPool-1 - Before cleanup stats (total=6, active=1, idle=5, waiting=0)
2020-12-01 13:21:04,786^|1597^|DEBUG^|HikariPool-1 housekeeper^|com.zaxxer.hikari.pool.HikariPool^|logPoolState^|HikariPool-1 - After cleanup  stats (total=6, active=1, idle=5, waiting=0)
2020-12-01 13:21:34,787^|1599^|DEBUG^|HikariPool-1 housekeeper^|com.zaxxer.hikari.pool.HikariPool^|logPoolState^|HikariPool-1 - Before cleanup stats (total=6, active=1, idle=5, waiting=0)
2020-12-01 13:21:34,787^|1601^|DEBUG^|HikariPool-1 housekeeper^|com.zaxxer.hikari.pool.HikariPool^|logPoolState^|HikariPool-1 - After cleanup  stats (total=6, active=1, idle=5, waiting=0)
2020-12-01 13:22:04,788^|1603^|DEBUG^|HikariPool-1 housekeeper^|com.zaxxer.hikari.pool.HikariPool^|logPoolState^|HikariPool-1 - Before cleanup stats (total=6, active=1, idle=5, waiting=0)
2020-12-01 13:22:04,788^|1605^|DEBUG^|HikariPool-1 housekeeper^|com.zaxxer.hikari.pool.HikariPool^|logPoolState^|HikariPool-1 - After cleanup  stats (total=6, active=1, idle=5, waiting=0)
2020-12-01 13:22:34,790^|1607^|DEBUG^|HikariPool-1 housekeeper^|com.zaxxer.hikari.pool.HikariPool^|logPoolState^|HikariPool-1 - Before cleanup stats (total=6, active=1, idle=5, waiting=0)
2020-12-01 13:22:34,790^|1609^|DEBUG^|HikariPool-1 housekeeper^|com.zaxxer.hikari.pool.HikariPool^|logPoolState^|HikariPool-1 - After cleanup  stats (total=6, active=1, idle=5, waiting=0)
2020-12-01 13:23:04,793^|1611^|DEBUG^|HikariPool-1 housekeeper^|com.zaxxer.hikari.pool.HikariPool^|logPoolState^|HikariPool-1 - Before cleanup stats (total=6, active=1, idle=5, waiting=0)
2020-12-01 13:23:04,793^|1613^|DEBUG^|HikariPool-1 housekeeper^|com.zaxxer.hikari.pool.HikariPool^|logPoolState^|HikariPool-1 - After cleanup  stats (total=6, active=1, idle=5, waiting=0)
2020-12-01 13:23:34,794^|1615^|DEBUG^|HikariPool-1 housekeeper^|com.zaxxer.hikari.pool.HikariPool^|logPoolState^|HikariPool-1 - Before cleanup stats (total=6, active=1, idle=5, waiting=0)
2020-12-01 13:23:34,794^|1617^|DEBUG^|HikariPool-1 housekeeper^|com.zaxxer.hikari.pool.HikariPool^|logPoolState^|HikariPool-1 - After cleanup  stats (total=6, active=1, idle=5, waiting=0)
2020-12-01 13:24:04,795^|1619^|DEBUG^|HikariPool-1 housekeeper^|com.zaxxer.hikari.pool.HikariPool^|logPoolState^|HikariPool-1 - Before cleanup stats (total=6, active=1, idle=5, waiting=0)
2020-12-01 13:24:04,795^|1621^|DEBUG^|HikariPool-1 housekeeper^|com.zaxxer.hikari.pool.HikariPool^|logPoolState^|HikariPool-1 - After cleanup  stats (total=6, active=1, idle=5, waiting=0)
2020-12-01 13:24:34,797^|1623^|DEBUG^|HikariPool-1 housekeeper^|com.zaxxer.hikari.pool.HikariPool^|logPoolState^|HikariPool-1 - Before cleanup stats (total=6, active=1, idle=5, waiting=0)
2020-12-01 13:24:34,797^|1625^|DEBUG^|HikariPool-1 housekeeper^|com.zaxxer.hikari.pool.HikariPool^|logPoolState^|HikariPool-1 - After cleanup  stats (total=6, active=1, idle=5, waiting=0)
2020-12-01 13:25:04,798^|1627^|DEBUG^|HikariPool-1 housekeeper^|com.zaxxer.hikari.pool.HikariPool^|logPoolState^|HikariPool-1 - Before cleanup stats (total=6, active=1, idle=5, waiting=0)
2020-12-01 13:25:04,798^|1629^|DEBUG^|HikariPool-1 housekeeper^|com.zaxxer.hikari.pool.HikariPool^|logPoolState^|HikariPool-1 - After cleanup  stats (total=6, active=1, idle=5, waiting=0)
2020-12-01 13:25:34,800^|1631^|DEBUG^|HikariPool-1 housekeeper^|com.zaxxer.hikari.pool.HikariPool^|logPoolState^|HikariPool-1 - Before cleanup stats (total=6, active=1, idle=5, waiting=0)
2020-12-01 13:25:34,800^|1633^|DEBUG^|HikariPool-1 housekeeper^|com.zaxxer.hikari.pool.HikariPool^|logPoolState^|HikariPool-1 - After cleanup  stats (total=6, active=1, idle=5, waiting=0)
2020-12-01 13:26:04,801^|1635^|DEBUG^|HikariPool-1 housekeeper^|com.zaxxer.hikari.pool.HikariPool^|logPoolState^|HikariPool-1 - Before cleanup stats (total=6, active=1, idle=5, waiting=0)
2020-12-01 13:26:04,801^|1637^|DEBUG^|HikariPool-1 housekeeper^|com.zaxxer.hikari.pool.HikariPool^|logPoolState^|HikariPool-1 - After cleanup  stats (total=6, active=1, idle=5, waiting=0)
2020-12-01 13:26:34,802^|1639^|DEBUG^|HikariPool-1 housekeeper^|com.zaxxer.hikari.pool.HikariPool^|logPoolState^|HikariPool-1 - Before cleanup stats (total=6, active=1, idle=5, waiting=0)
2020-12-01 13:26:34,802^|1641^|DEBUG^|HikariPool-1 housekeeper^|com.zaxxer.hikari.pool.HikariPool^|logPoolState^|HikariPool-1 - After cleanup  stats (total=6, active=1, idle=5, waiting=0)
2020-12-01 13:27:04,803^|1643^|DEBUG^|HikariPool-1 housekeeper^|com.zaxxer.hikari.pool.HikariPool^|logPoolState^|HikariPool-1 - Before cleanup stats (total=6, active=1, idle=5, waiting=0)
2020-12-01 13:27:04,803^|1645^|DEBUG^|HikariPool-1 housekeeper^|com.zaxxer.hikari.pool.HikariPool^|logPoolState^|HikariPool-1 - After cleanup  stats (total=6, active=1, idle=5, waiting=0)
2020-12-01 13:27:34,804^|1647^|DEBUG^|HikariPool-1 housekeeper^|com.zaxxer.hikari.pool.HikariPool^|logPoolState^|HikariPool-1 - Before cleanup stats (total=6, active=1, idle=5, waiting=0)
2020-12-01 13:27:34,804^|1649^|DEBUG^|HikariPool-1 housekeeper^|com.zaxxer.hikari.pool.HikariPool^|logPoolState^|HikariPool-1 - After cleanup  stats (total=6, active=1, idle=5, waiting=0)
2020-12-01 13:28:04,805^|1651^|DEBUG^|HikariPool-1 housekeeper^|com.zaxxer.hikari.pool.HikariPool^|logPoolState^|HikariPool-1 - Before cleanup stats (total=6, active=1, idle=5, waiting=0)
2020-12-01 13:28:04,805^|1653^|DEBUG^|HikariPool-1 housekeeper^|com.zaxxer.hikari.pool.HikariPool^|logPoolState^|HikariPool-1 - After cleanup  stats (total=6, active=1, idle=5, waiting=0)
2020-12-01 13:28:34,806^|1655^|DEBUG^|HikariPool-1 housekeeper^|com.zaxxer.hikari.pool.HikariPool^|logPoolState^|HikariPool-1 - Before cleanup stats (total=6, active=1, idle=5, waiting=0)
2020-12-01 13:28:34,806^|1657^|DEBUG^|HikariPool-1 housekeeper^|com.zaxxer.hikari.pool.HikariPool^|logPoolState^|HikariPool-1 - After cleanup  stats (total=6, active=1, idle=5, waiting=0)
2020-12-01 13:29:04,808^|1659^|DEBUG^|HikariPool-1 housekeeper^|com.zaxxer.hikari.pool.HikariPool^|logPoolState^|HikariPool-1 - Before cleanup stats (total=6, active=1, idle=5, waiting=0)
2020-12-01 13:29:04,808^|1661^|DEBUG^|HikariPool-1 housekeeper^|com.zaxxer.hikari.pool.HikariPool^|logPoolState^|HikariPool-1 - After cleanup  stats (total=6, active=1, idle=5, waiting=0)
2020-12-01 13:29:34,810^|1663^|DEBUG^|HikariPool-1 housekeeper^|com.zaxxer.hikari.pool.HikariPool^|logPoolState^|HikariPool-1 - Before cleanup stats (total=6, active=1, idle=5, waiting=0)
2020-12-01 13:29:34,810^|1665^|DEBUG^|HikariPool-1 housekeeper^|com.zaxxer.hikari.pool.HikariPool^|logPoolState^|HikariPool-1 - After cleanup  stats (total=6, active=1, idle=5, waiting=0)
2020-12-01 13:30:04,811^|1667^|DEBUG^|HikariPool-1 housekeeper^|com.zaxxer.hikari.pool.HikariPool^|logPoolState^|HikariPool-1 - Before cleanup stats (total=6, active=1, idle=5, waiting=0)
2020-12-01 13:30:04,811^|1669^|DEBUG^|HikariPool-1 housekeeper^|com.zaxxer.hikari.pool.HikariPool^|logPoolState^|HikariPool-1 - After cleanup  stats (total=6, active=1, idle=5, waiting=0)
2020-12-01 13:30:34,813^|1671^|DEBUG^|HikariPool-1 housekeeper^|com.zaxxer.hikari.pool.HikariPool^|logPoolState^|HikariPool-1 - Before cleanup stats (total=6, active=1, idle=5, waiting=0)
2020-12-01 13:30:34,813^|1673^|DEBUG^|HikariPool-1 housekeeper^|com.zaxxer.hikari.pool.HikariPool^|logPoolState^|HikariPool-1 - After cleanup  stats (total=6, active=1, idle=5, waiting=0)
2020-12-01 13:31:04,815^|1675^|DEBUG^|HikariPool-1 housekeeper^|com.zaxxer.hikari.pool.HikariPool^|logPoolState^|HikariPool-1 - Before cleanup stats (total=6, active=1, idle=5, waiting=0)
2020-12-01 13:31:04,815^|1677^|DEBUG^|HikariPool-1 housekeeper^|com.zaxxer.hikari.pool.HikariPool^|logPoolState^|HikariPool-1 - After cleanup  stats (total=6, active=1, idle=5, waiting=0)
2020-12-01 13:31:26,376^|1679^|DEBUG^|HikariPool-1 connection closer^|com.zaxxer.hikari.pool.PoolBase^|quietlyCloseConnection^|HikariPool-1 - Closing connection com.mysql.jdbc.JDBC4Connection@471cc55b: (connection has passed maxLifetime)
2020-12-01 13:31:26,381^|1681^|DEBUG^|HikariPool-1 connection adder^|com.zaxxer.hikari.pool.HikariPool^|call^|HikariPool-1 - Added connection com.mysql.jdbc.JDBC4Connection@4e32c8f3
2020-12-01 13:31:34,817^|1683^|DEBUG^|HikariPool-1 housekeeper^|com.zaxxer.hikari.pool.HikariPool^|logPoolState^|HikariPool-1 - Before cleanup stats (total=6, active=1, idle=5, waiting=0)
2020-12-01 13:31:34,817^|1685^|DEBUG^|HikariPool-1 housekeeper^|com.zaxxer.hikari.pool.HikariPool^|logPoolState^|HikariPool-1 - After cleanup  stats (total=6, active=1, idle=5, waiting=0)
2020-12-01 13:32:04,819^|1687^|DEBUG^|HikariPool-1 housekeeper^|com.zaxxer.hikari.pool.HikariPool^|logPoolState^|HikariPool-1 - Before cleanup stats (total=6, active=1, idle=5, waiting=0)
2020-12-01 13:32:04,819^|1689^|DEBUG^|HikariPool-1 housekeeper^|com.zaxxer.hikari.pool.HikariPool^|logPoolState^|HikariPool-1 - After cleanup  stats (total=6, active=1, idle=5, waiting=0)
2020-12-01 13:32:25,319^|1691^|DEBUG^|HikariPool-1 connection closer^|com.zaxxer.hikari.pool.PoolBase^|quietlyCloseConnection^|HikariPool-1 - Closing connection com.mysql.jdbc.JDBC4Connection@166dbb28: (connection has passed maxLifetime)
2020-12-01 13:32:25,328^|1693^|DEBUG^|HikariPool-1 connection adder^|com.zaxxer.hikari.pool.HikariPool^|call^|HikariPool-1 - Added connection com.mysql.jdbc.JDBC4Connection@3819b29d
2020-12-01 13:32:34,821^|1695^|DEBUG^|HikariPool-1 housekeeper^|com.zaxxer.hikari.pool.HikariPool^|logPoolState^|HikariPool-1 - Before cleanup stats (total=6, active=1, idle=5, waiting=0)
2020-12-01 13:32:34,821^|1697^|DEBUG^|HikariPool-1 housekeeper^|com.zaxxer.hikari.pool.HikariPool^|logPoolState^|HikariPool-1 - After cleanup  stats (total=6, active=1, idle=5, waiting=0)
2020-12-01 13:32:34,961^|1699^|DEBUG^|HikariPool-1 connection closer^|com.zaxxer.hikari.pool.PoolBase^|quietlyCloseConnection^|HikariPool-1 - Closing connection com.mysql.jdbc.JDBC4Connection@1e249253: (connection has passed maxLifetime)
2020-12-01 13:32:34,964^|1701^|DEBUG^|HikariPool-1 connection adder^|com.zaxxer.hikari.pool.HikariPool^|call^|HikariPool-1 - Added connection com.mysql.jdbc.JDBC4Connection@4975469b
2020-12-01 13:32:52,200^|1703^|DEBUG^|HikariPool-1 connection closer^|com.zaxxer.hikari.pool.PoolBase^|quietlyCloseConnection^|HikariPool-1 - Closing connection com.mysql.jdbc.JDBC4Connection@47dd1f25: (connection has passed maxLifetime)
2020-12-01 13:32:52,203^|1705^|DEBUG^|HikariPool-1 connection adder^|com.zaxxer.hikari.pool.HikariPool^|call^|HikariPool-1 - Added connection com.mysql.jdbc.JDBC4Connection@4a6b51c1
2020-12-01 13:33:04,441^|1707^|DEBUG^|HikariPool-1 connection closer^|com.zaxxer.hikari.pool.PoolBase^|quietlyCloseConnection^|HikariPool-1 - Closing connection com.mysql.jdbc.JDBC4Connection@76424467: (connection has passed maxLifetime)
2020-12-01 13:33:04,450^|1709^|DEBUG^|HikariPool-1 connection adder^|com.zaxxer.hikari.pool.HikariPool^|call^|HikariPool-1 - Added connection com.mysql.jdbc.JDBC4Connection@53c5270a
2020-12-01 13:33:04,822^|1711^|DEBUG^|HikariPool-1 housekeeper^|com.zaxxer.hikari.pool.HikariPool^|logPoolState^|HikariPool-1 - Before cleanup stats (total=6, active=1, idle=5, waiting=0)
2020-12-01 13:33:04,822^|1713^|DEBUG^|HikariPool-1 housekeeper^|com.zaxxer.hikari.pool.HikariPool^|logPoolState^|HikariPool-1 - After cleanup  stats (total=6, active=1, idle=5, waiting=0)
2020-12-01 13:33:34,824^|1715^|DEBUG^|HikariPool-1 housekeeper^|com.zaxxer.hikari.pool.HikariPool^|logPoolState^|HikariPool-1 - Before cleanup stats (total=6, active=1, idle=5, waiting=0)
2020-12-01 13:33:34,824^|1717^|DEBUG^|HikariPool-1 housekeeper^|com.zaxxer.hikari.pool.HikariPool^|logPoolState^|HikariPool-1 - After cleanup  stats (total=6, active=1, idle=5, waiting=0)
2020-12-01 13:34:04,825^|1719^|DEBUG^|HikariPool-1 housekeeper^|com.zaxxer.hikari.pool.HikariPool^|logPoolState^|HikariPool-1 - Before cleanup stats (total=6, active=1, idle=5, waiting=0)
2020-12-01 13:34:04,825^|1721^|DEBUG^|HikariPool-1 housekeeper^|com.zaxxer.hikari.pool.HikariPool^|logPoolState^|HikariPool-1 - After cleanup  stats (total=6, active=1, idle=5, waiting=0)
2020-12-01 13:34:34,827^|1723^|DEBUG^|HikariPool-1 housekeeper^|com.zaxxer.hikari.pool.HikariPool^|logPoolState^|HikariPool-1 - Before cleanup stats (total=6, active=1, idle=5, waiting=0)
2020-12-01 13:34:34,827^|1725^|DEBUG^|HikariPool-1 housekeeper^|com.zaxxer.hikari.pool.HikariPool^|logPoolState^|HikariPool-1 - After cleanup  stats (total=6, active=1, idle=5, waiting=0)
2020-12-01 13:35:04,829^|1727^|DEBUG^|HikariPool-1 housekeeper^|com.zaxxer.hikari.pool.HikariPool^|logPoolState^|HikariPool-1 - Before cleanup stats (total=6, active=1, idle=5, waiting=0)
2020-12-01 13:35:04,829^|1729^|DEBUG^|HikariPool-1 housekeeper^|com.zaxxer.hikari.pool.HikariPool^|logPoolState^|HikariPool-1 - After cleanup  stats (total=6, active=1, idle=5, waiting=0)
2020-12-01 13:35:34,830^|1731^|DEBUG^|HikariPool-1 housekeeper^|com.zaxxer.hikari.pool.HikariPool^|logPoolState^|HikariPool-1 - Before cleanup stats (total=6, active=1, idle=5, waiting=0)
2020-12-01 13:35:34,830^|1733^|DEBUG^|HikariPool-1 housekeeper^|com.zaxxer.hikari.pool.HikariPool^|logPoolState^|HikariPool-1 - After cleanup  stats (total=6, active=1, idle=5, waiting=0)
2020-12-01 13:36:04,831^|1735^|DEBUG^|HikariPool-1 housekeeper^|com.zaxxer.hikari.pool.HikariPool^|logPoolState^|HikariPool-1 - Before cleanup stats (total=6, active=1, idle=5, waiting=0)
2020-12-01 13:36:04,831^|1737^|DEBUG^|HikariPool-1 housekeeper^|com.zaxxer.hikari.pool.HikariPool^|logPoolState^|HikariPool-1 - After cleanup  stats (total=6, active=1, idle=5, waiting=0)
2020-12-01 13:36:34,831^|1739^|DEBUG^|HikariPool-1 housekeeper^|com.zaxxer.hikari.pool.HikariPool^|logPoolState^|HikariPool-1 - Before cleanup stats (total=6, active=1, idle=5, waiting=0)
2020-12-01 13:36:34,831^|1741^|DEBUG^|HikariPool-1 housekeeper^|com.zaxxer.hikari.pool.HikariPool^|logPoolState^|HikariPool-1 - After cleanup  stats (total=6, active=1, idle=5, waiting=0)
2020-12-01 13:37:04,832^|1743^|DEBUG^|HikariPool-1 housekeeper^|com.zaxxer.hikari.pool.HikariPool^|logPoolState^|HikariPool-1 - Before cleanup stats (total=6, active=1, idle=5, waiting=0)
2020-12-01 13:37:04,832^|1745^|DEBUG^|HikariPool-1 housekeeper^|com.zaxxer.hikari.pool.HikariPool^|logPoolState^|HikariPool-1 - After cleanup  stats (total=6, active=1, idle=5, waiting=0)
2020-12-01 13:37:34,834^|1747^|DEBUG^|HikariPool-1 housekeeper^|com.zaxxer.hikari.pool.HikariPool^|logPoolState^|HikariPool-1 - Before cleanup stats (total=6, active=1, idle=5, waiting=0)
2020-12-01 13:37:34,834^|1749^|DEBUG^|HikariPool-1 housekeeper^|com.zaxxer.hikari.pool.HikariPool^|logPoolState^|HikariPool-1 - After cleanup  stats (total=6, active=1, idle=5, waiting=0)
2020-12-01 13:38:04,836^|1751^|DEBUG^|HikariPool-1 housekeeper^|com.zaxxer.hikari.pool.HikariPool^|logPoolState^|HikariPool-1 - Before cleanup stats (total=6, active=1, idle=5, waiting=0)
2020-12-01 13:38:04,836^|1753^|DEBUG^|HikariPool-1 housekeeper^|com.zaxxer.hikari.pool.HikariPool^|logPoolState^|HikariPool-1 - After cleanup  stats (total=6, active=1, idle=5, waiting=0)
2020-12-01 13:38:34,838^|1755^|DEBUG^|HikariPool-1 housekeeper^|com.zaxxer.hikari.pool.HikariPool^|logPoolState^|HikariPool-1 - Before cleanup stats (total=6, active=1, idle=5, waiting=0)
2020-12-01 13:38:34,838^|1757^|DEBUG^|HikariPool-1 housekeeper^|com.zaxxer.hikari.pool.HikariPool^|logPoolState^|HikariPool-1 - After cleanup  stats (total=6, active=1, idle=5, waiting=0)
2020-12-01 13:39:04,839^|1759^|DEBUG^|HikariPool-1 housekeeper^|com.zaxxer.hikari.pool.HikariPool^|logPoolState^|HikariPool-1 - Before cleanup stats (total=6, active=1, idle=5, waiting=0)
2020-12-01 13:39:04,839^|1761^|DEBUG^|HikariPool-1 housekeeper^|com.zaxxer.hikari.pool.HikariPool^|logPoolState^|HikariPool-1 - After cleanup  stats (total=6, active=1, idle=5, waiting=0)
2020-12-01 13:39:34,840^|1763^|DEBUG^|HikariPool-1 housekeeper^|com.zaxxer.hikari.pool.HikariPool^|logPoolState^|HikariPool-1 - Before cleanup stats (total=6, active=1, idle=5, waiting=0)
2020-12-01 13:39:34,840^|1765^|DEBUG^|HikariPool-1 housekeeper^|com.zaxxer.hikari.pool.HikariPool^|logPoolState^|HikariPool-1 - After cleanup  stats (total=6, active=1, idle=5, waiting=0)
2020-12-01 13:40:04,841^|1767^|DEBUG^|HikariPool-1 housekeeper^|com.zaxxer.hikari.pool.HikariPool^|logPoolState^|HikariPool-1 - Before cleanup stats (total=6, active=1, idle=5, waiting=0)
2020-12-01 13:40:04,841^|1769^|DEBUG^|HikariPool-1 housekeeper^|com.zaxxer.hikari.pool.HikariPool^|logPoolState^|HikariPool-1 - After cleanup  stats (total=6, active=1, idle=5, waiting=0)
2020-12-01 13:40:34,843^|1771^|DEBUG^|HikariPool-1 housekeeper^|com.zaxxer.hikari.pool.HikariPool^|logPoolState^|HikariPool-1 - Before cleanup stats (total=6, active=1, idle=5, waiting=0)
2020-12-01 13:40:34,843^|1773^|DEBUG^|HikariPool-1 housekeeper^|com.zaxxer.hikari.pool.HikariPool^|logPoolState^|HikariPool-1 - After cleanup  stats (total=6, active=1, idle=5, waiting=0)
2020-12-01 13:41:04,844^|1775^|DEBUG^|HikariPool-1 housekeeper^|com.zaxxer.hikari.pool.HikariPool^|logPoolState^|HikariPool-1 - Before cleanup stats (total=6, active=1, idle=5, waiting=0)
2020-12-01 13:41:04,844^|1777^|DEBUG^|HikariPool-1 housekeeper^|com.zaxxer.hikari.pool.HikariPool^|logPoolState^|HikariPool-1 - After cleanup  stats (total=6, active=1, idle=5, waiting=0)
2020-12-01 13:41:34,846^|1779^|DEBUG^|HikariPool-1 housekeeper^|com.zaxxer.hikari.pool.HikariPool^|logPoolState^|HikariPool-1 - Before cleanup stats (total=6, active=1, idle=5, waiting=0)
2020-12-01 13:41:34,846^|1781^|DEBUG^|HikariPool-1 housekeeper^|com.zaxxer.hikari.pool.HikariPool^|logPoolState^|HikariPool-1 - After cleanup  stats (total=6, active=1, idle=5, waiting=0)
2020-12-01 13:42:04,847^|1783^|DEBUG^|HikariPool-1 housekeeper^|com.zaxxer.hikari.pool.HikariPool^|logPoolState^|HikariPool-1 - Before cleanup stats (total=6, active=1, idle=5, waiting=0)
2020-12-01 13:42:04,847^|1785^|DEBUG^|HikariPool-1 housekeeper^|com.zaxxer.hikari.pool.HikariPool^|logPoolState^|HikariPool-1 - After cleanup  stats (total=6, active=1, idle=5, waiting=0)
2020-12-01 13:42:34,848^|1787^|DEBUG^|HikariPool-1 housekeeper^|com.zaxxer.hikari.pool.HikariPool^|logPoolState^|HikariPool-1 - Before cleanup stats (total=6, active=1, idle=5, waiting=0)
2020-12-01 13:42:34,848^|1789^|DEBUG^|HikariPool-1 housekeeper^|com.zaxxer.hikari.pool.HikariPool^|logPoolState^|HikariPool-1 - After cleanup  stats (total=6, active=1, idle=5, waiting=0)
2020-12-01 13:43:04,849^|1791^|DEBUG^|HikariPool-1 housekeeper^|com.zaxxer.hikari.pool.HikariPool^|logPoolState^|HikariPool-1 - Before cleanup stats (total=6, active=1, idle=5, waiting=0)
2020-12-01 13:43:04,849^|1793^|DEBUG^|HikariPool-1 housekeeper^|com.zaxxer.hikari.pool.HikariPool^|logPoolState^|HikariPool-1 - After cleanup  stats (total=6, active=1, idle=5, waiting=0)
2020-12-01 13:43:34,850^|1795^|DEBUG^|HikariPool-1 housekeeper^|com.zaxxer.hikari.pool.HikariPool^|logPoolState^|HikariPool-1 - Before cleanup stats (total=6, active=1, idle=5, waiting=0)
2020-12-01 13:43:34,850^|1797^|DEBUG^|HikariPool-1 housekeeper^|com.zaxxer.hikari.pool.HikariPool^|logPoolState^|HikariPool-1 - After cleanup  stats (total=6, active=1, idle=5, waiting=0)
2020-12-01 13:44:04,851^|1799^|DEBUG^|HikariPool-1 housekeeper^|com.zaxxer.hikari.pool.HikariPool^|logPoolState^|HikariPool-1 - Before cleanup stats (total=6, active=1, idle=5, waiting=0)
2020-12-01 13:44:04,851^|1801^|DEBUG^|HikariPool-1 housekeeper^|com.zaxxer.hikari.pool.HikariPool^|logPoolState^|HikariPool-1 - After cleanup  stats (total=6, active=1, idle=5, waiting=0)
2020-12-01 13:44:34,852^|1803^|DEBUG^|HikariPool-1 housekeeper^|com.zaxxer.hikari.pool.HikariPool^|logPoolState^|HikariPool-1 - Before cleanup stats (total=6, active=1, idle=5, waiting=0)
2020-12-01 13:44:34,852^|1805^|DEBUG^|HikariPool-1 housekeeper^|com.zaxxer.hikari.pool.HikariPool^|logPoolState^|HikariPool-1 - After cleanup  stats (total=6, active=1, idle=5, waiting=0)
2020-12-01 13:45:04,853^|1807^|DEBUG^|HikariPool-1 housekeeper^|com.zaxxer.hikari.pool.HikariPool^|logPoolState^|HikariPool-1 - Before cleanup stats (total=6, active=1, idle=5, waiting=0)
2020-12-01 13:45:04,853^|1809^|DEBUG^|HikariPool-1 housekeeper^|com.zaxxer.hikari.pool.HikariPool^|logPoolState^|HikariPool-1 - After cleanup  stats (total=6, active=1, idle=5, waiting=0)
2020-12-01 13:45:34,854^|1811^|DEBUG^|HikariPool-1 housekeeper^|com.zaxxer.hikari.pool.HikariPool^|logPoolState^|HikariPool-1 - Before cleanup stats (total=6, active=1, idle=5, waiting=0)
2020-12-01 13:45:34,854^|1813^|DEBUG^|HikariPool-1 housekeeper^|com.zaxxer.hikari.pool.HikariPool^|logPoolState^|HikariPool-1 - After cleanup  stats (total=6, active=1, idle=5, waiting=0)
2020-12-01 13:46:04,856^|1815^|DEBUG^|HikariPool-1 housekeeper^|com.zaxxer.hikari.pool.HikariPool^|logPoolState^|HikariPool-1 - Before cleanup stats (total=6, active=1, idle=5, waiting=0)
2020-12-01 13:46:04,856^|1817^|DEBUG^|HikariPool-1 housekeeper^|com.zaxxer.hikari.pool.HikariPool^|logPoolState^|HikariPool-1 - After cleanup  stats (total=6, active=1, idle=5, waiting=0)
2020-12-01 13:46:34,858^|1819^|DEBUG^|HikariPool-1 housekeeper^|com.zaxxer.hikari.pool.HikariPool^|logPoolState^|HikariPool-1 - Before cleanup stats (total=6, active=1, idle=5, waiting=0)
2020-12-01 13:46:34,858^|1821^|DEBUG^|HikariPool-1 housekeeper^|com.zaxxer.hikari.pool.HikariPool^|logPoolState^|HikariPool-1 - After cleanup  stats (total=6, active=1, idle=5, waiting=0)
2020-12-01 13:47:04,859^|1823^|DEBUG^|HikariPool-1 housekeeper^|com.zaxxer.hikari.pool.HikariPool^|logPoolState^|HikariPool-1 - Before cleanup stats (total=6, active=1, idle=5, waiting=0)
2020-12-01 13:47:04,859^|1825^|DEBUG^|HikariPool-1 housekeeper^|com.zaxxer.hikari.pool.HikariPool^|logPoolState^|HikariPool-1 - After cleanup  stats (total=6, active=1, idle=5, waiting=0)
2020-12-01 13:47:34,860^|1827^|DEBUG^|HikariPool-1 housekeeper^|com.zaxxer.hikari.pool.HikariPool^|logPoolState^|HikariPool-1 - Before cleanup stats (total=6, active=1, idle=5, waiting=0)
2020-12-01 13:47:34,860^|1829^|DEBUG^|HikariPool-1 housekeeper^|com.zaxxer.hikari.pool.HikariPool^|logPoolState^|HikariPool-1 - After cleanup  stats (total=6, active=1, idle=5, waiting=0)
2020-12-01 13:48:04,861^|1831^|DEBUG^|HikariPool-1 housekeeper^|com.zaxxer.hikari.pool.HikariPool^|logPoolState^|HikariPool-1 - Before cleanup stats (total=6, active=1, idle=5, waiting=0)
2020-12-01 13:48:04,861^|1833^|DEBUG^|HikariPool-1 housekeeper^|com.zaxxer.hikari.pool.HikariPool^|logPoolState^|HikariPool-1 - After cleanup  stats (total=6, active=1, idle=5, waiting=0)
2020-12-01 13:48:34,862^|1835^|DEBUG^|HikariPool-1 housekeeper^|com.zaxxer.hikari.pool.HikariPool^|logPoolState^|HikariPool-1 - Before cleanup stats (total=6, active=1, idle=5, waiting=0)
2020-12-01 13:48:34,862^|1837^|DEBUG^|HikariPool-1 housekeeper^|com.zaxxer.hikari.pool.HikariPool^|logPoolState^|HikariPool-1 - After cleanup  stats (total=6, active=1, idle=5, waiting=0)
2020-12-01 13:49:04,863^|1839^|DEBUG^|HikariPool-1 housekeeper^|com.zaxxer.hikari.pool.HikariPool^|logPoolState^|HikariPool-1 - Before cleanup stats (total=6, active=1, idle=5, waiting=0)
2020-12-01 13:49:04,863^|1841^|DEBUG^|HikariPool-1 housekeeper^|com.zaxxer.hikari.pool.HikariPool^|logPoolState^|HikariPool-1 - After cleanup  stats (total=6, active=1, idle=5, waiting=0)
2020-12-01 13:49:34,864^|1843^|DEBUG^|HikariPool-1 housekeeper^|com.zaxxer.hikari.pool.HikariPool^|logPoolState^|HikariPool-1 - Before cleanup stats (total=6, active=1, idle=5, waiting=0)
2020-12-01 13:49:34,864^|1845^|DEBUG^|HikariPool-1 housekeeper^|com.zaxxer.hikari.pool.HikariPool^|logPoolState^|HikariPool-1 - After cleanup  stats (total=6, active=1, idle=5, waiting=0)
2020-12-01 13:50:04,866^|1847^|DEBUG^|HikariPool-1 housekeeper^|com.zaxxer.hikari.pool.HikariPool^|logPoolState^|HikariPool-1 - Before cleanup stats (total=6, active=1, idle=5, waiting=0)
2020-12-01 13:50:04,866^|1849^|DEBUG^|HikariPool-1 housekeeper^|com.zaxxer.hikari.pool.HikariPool^|logPoolState^|HikariPool-1 - After cleanup  stats (total=6, active=1, idle=5, waiting=0)
2020-12-01 13:50:34,868^|1851^|DEBUG^|HikariPool-1 housekeeper^|com.zaxxer.hikari.pool.HikariPool^|logPoolState^|HikariPool-1 - Before cleanup stats (total=6, active=1, idle=5, waiting=0)
2020-12-01 13:50:34,868^|1853^|DEBUG^|HikariPool-1 housekeeper^|com.zaxxer.hikari.pool.HikariPool^|logPoolState^|HikariPool-1 - After cleanup  stats (total=6, active=1, idle=5, waiting=0)
2020-12-01 13:51:04,870^|1855^|DEBUG^|HikariPool-1 housekeeper^|com.zaxxer.hikari.pool.HikariPool^|logPoolState^|HikariPool-1 - Before cleanup stats (total=6, active=1, idle=5, waiting=0)
2020-12-01 13:51:04,870^|1857^|DEBUG^|HikariPool-1 housekeeper^|com.zaxxer.hikari.pool.HikariPool^|logPoolState^|HikariPool-1 - After cleanup  stats (total=6, active=1, idle=5, waiting=0)
2020-12-01 13:51:34,873^|1859^|DEBUG^|HikariPool-1 housekeeper^|com.zaxxer.hikari.pool.HikariPool^|logPoolState^|HikariPool-1 - Before cleanup stats (total=6, active=1, idle=5, waiting=0)
2020-12-01 13:51:34,873^|1861^|DEBUG^|HikariPool-1 housekeeper^|com.zaxxer.hikari.pool.HikariPool^|logPoolState^|HikariPool-1 - After cleanup  stats (total=6, active=1, idle=5, waiting=0)
2020-12-01 13:52:04,875^|1863^|DEBUG^|HikariPool-1 housekeeper^|com.zaxxer.hikari.pool.HikariPool^|logPoolState^|HikariPool-1 - Before cleanup stats (total=6, active=1, idle=5, waiting=0)
2020-12-01 13:52:04,875^|1865^|DEBUG^|HikariPool-1 housekeeper^|com.zaxxer.hikari.pool.HikariPool^|logPoolState^|HikariPool-1 - After cleanup  stats (total=6, active=1, idle=5, waiting=0)
2020-12-01 13:52:34,876^|1867^|DEBUG^|HikariPool-1 housekeeper^|com.zaxxer.hikari.pool.HikariPool^|logPoolState^|HikariPool-1 - Before cleanup stats (total=6, active=1, idle=5, waiting=0)
2020-12-01 13:52:34,876^|1869^|DEBUG^|HikariPool-1 housekeeper^|com.zaxxer.hikari.pool.HikariPool^|logPoolState^|HikariPool-1 - After cleanup  stats (total=6, active=1, idle=5, waiting=0)
2020-12-01 13:53:04,877^|1871^|DEBUG^|HikariPool-1 housekeeper^|com.zaxxer.hikari.pool.HikariPool^|logPoolState^|HikariPool-1 - Before cleanup stats (total=6, active=1, idle=5, waiting=0)
2020-12-01 13:53:04,877^|1873^|DEBUG^|HikariPool-1 housekeeper^|com.zaxxer.hikari.pool.HikariPool^|logPoolState^|HikariPool-1 - After cleanup  stats (total=6, active=1, idle=5, waiting=0)
2020-12-01 13:53:34,878^|1875^|DEBUG^|HikariPool-1 housekeeper^|com.zaxxer.hikari.pool.HikariPool^|logPoolState^|HikariPool-1 - Before cleanup stats (total=6, active=1, idle=5, waiting=0)
2020-12-01 13:53:34,878^|1877^|DEBUG^|HikariPool-1 housekeeper^|com.zaxxer.hikari.pool.HikariPool^|logPoolState^|HikariPool-1 - After cleanup  stats (total=6, active=1, idle=5, waiting=0)
2020-12-01 13:54:04,880^|1879^|DEBUG^|HikariPool-1 housekeeper^|com.zaxxer.hikari.pool.HikariPool^|logPoolState^|HikariPool-1 - Before cleanup stats (total=6, active=1, idle=5, waiting=0)
2020-12-01 13:54:04,880^|1881^|DEBUG^|HikariPool-1 housekeeper^|com.zaxxer.hikari.pool.HikariPool^|logPoolState^|HikariPool-1 - After cleanup  stats (total=6, active=1, idle=5, waiting=0)
2020-12-01 13:54:34,882^|1883^|DEBUG^|HikariPool-1 housekeeper^|com.zaxxer.hikari.pool.HikariPool^|logPoolState^|HikariPool-1 - Before cleanup stats (total=6, active=1, idle=5, waiting=0)
2020-12-01 13:54:34,882^|1885^|DEBUG^|HikariPool-1 housekeeper^|com.zaxxer.hikari.pool.HikariPool^|logPoolState^|HikariPool-1 - After cleanup  stats (total=6, active=1, idle=5, waiting=0)
2020-12-01 13:55:04,884^|1887^|DEBUG^|HikariPool-1 housekeeper^|com.zaxxer.hikari.pool.HikariPool^|logPoolState^|HikariPool-1 - Before cleanup stats (total=6, active=1, idle=5, waiting=0)
2020-12-01 13:55:04,884^|1889^|DEBUG^|HikariPool-1 housekeeper^|com.zaxxer.hikari.pool.HikariPool^|logPoolState^|HikariPool-1 - After cleanup  stats (total=6, active=1, idle=5, waiting=0)
2020-12-01 13:55:34,885^|1891^|DEBUG^|HikariPool-1 housekeeper^|com.zaxxer.hikari.pool.HikariPool^|logPoolState^|HikariPool-1 - Before cleanup stats (total=6, active=1, idle=5, waiting=0)
2020-12-01 13:55:34,885^|1893^|DEBUG^|HikariPool-1 housekeeper^|com.zaxxer.hikari.pool.HikariPool^|logPoolState^|HikariPool-1 - After cleanup  stats (total=6, active=1, idle=5, waiting=0)
2020-12-01 13:56:04,886^|1895^|DEBUG^|HikariPool-1 housekeeper^|com.zaxxer.hikari.pool.HikariPool^|logPoolState^|HikariPool-1 - Before cleanup stats (total=6, active=1, idle=5, waiting=0)
2020-12-01 13:56:04,886^|1897^|DEBUG^|HikariPool-1 housekeeper^|com.zaxxer.hikari.pool.HikariPool^|logPoolState^|HikariPool-1 - After cleanup  stats (total=6, active=1, idle=5, waiting=0)
2020-12-01 13:56:34,887^|1899^|DEBUG^|HikariPool-1 housekeeper^|com.zaxxer.hikari.pool.HikariPool^|logPoolState^|HikariPool-1 - Before cleanup stats (total=6, active=1, idle=5, waiting=0)
2020-12-01 13:56:34,887^|1901^|DEBUG^|HikariPool-1 housekeeper^|com.zaxxer.hikari.pool.HikariPool^|logPoolState^|HikariPool-1 - After cleanup  stats (total=6, active=1, idle=5, waiting=0)
2020-12-01 13:57:04,889^|1903^|DEBUG^|HikariPool-1 housekeeper^|com.zaxxer.hikari.pool.HikariPool^|logPoolState^|HikariPool-1 - Before cleanup stats (total=6, active=1, idle=5, waiting=0)
2020-12-01 13:57:04,889^|1905^|DEBUG^|HikariPool-1 housekeeper^|com.zaxxer.hikari.pool.HikariPool^|logPoolState^|HikariPool-1 - After cleanup  stats (total=6, active=1, idle=5, waiting=0)
2020-12-01 13:57:34,891^|1907^|DEBUG^|HikariPool-1 housekeeper^|com.zaxxer.hikari.pool.HikariPool^|logPoolState^|HikariPool-1 - Before cleanup stats (total=6, active=1, idle=5, waiting=0)
2020-12-01 13:57:34,891^|1909^|DEBUG^|HikariPool-1 housekeeper^|com.zaxxer.hikari.pool.HikariPool^|logPoolState^|HikariPool-1 - After cleanup  stats (total=6, active=1, idle=5, waiting=0)
2020-12-01 13:58:04,892^|1911^|DEBUG^|HikariPool-1 housekeeper^|com.zaxxer.hikari.pool.HikariPool^|logPoolState^|HikariPool-1 - Before cleanup stats (total=6, active=1, idle=5, waiting=0)
2020-12-01 13:58:04,892^|1913^|DEBUG^|HikariPool-1 housekeeper^|com.zaxxer.hikari.pool.HikariPool^|logPoolState^|HikariPool-1 - After cleanup  stats (total=6, active=1, idle=5, waiting=0)
2020-12-01 13:58:34,893^|1915^|DEBUG^|HikariPool-1 housekeeper^|com.zaxxer.hikari.pool.HikariPool^|logPoolState^|HikariPool-1 - Before cleanup stats (total=6, active=1, idle=5, waiting=0)
2020-12-01 13:58:34,893^|1917^|DEBUG^|HikariPool-1 housekeeper^|com.zaxxer.hikari.pool.HikariPool^|logPoolState^|HikariPool-1 - After cleanup  stats (total=6, active=1, idle=5, waiting=0)
2020-12-01 13:59:04,895^|1919^|DEBUG^|HikariPool-1 housekeeper^|com.zaxxer.hikari.pool.HikariPool^|logPoolState^|HikariPool-1 - Before cleanup stats (total=6, active=1, idle=5, waiting=0)
2020-12-01 13:59:04,895^|1921^|DEBUG^|HikariPool-1 housekeeper^|com.zaxxer.hikari.pool.HikariPool^|logPoolState^|HikariPool-1 - After cleanup  stats (total=6, active=1, idle=5, waiting=0)
2020-12-01 13:59:34,897^|1923^|DEBUG^|HikariPool-1 housekeeper^|com.zaxxer.hikari.pool.HikariPool^|logPoolState^|HikariPool-1 - Before cleanup stats (total=6, active=1, idle=5, waiting=0)
2020-12-01 13:59:34,897^|1925^|DEBUG^|HikariPool-1 housekeeper^|com.zaxxer.hikari.pool.HikariPool^|logPoolState^|HikariPool-1 - After cleanup  stats (total=6, active=1, idle=5, waiting=0)
2020-12-01 14:00:04,898^|1927^|DEBUG^|HikariPool-1 housekeeper^|com.zaxxer.hikari.pool.HikariPool^|logPoolState^|HikariPool-1 - Before cleanup stats (total=6, active=1, idle=5, waiting=0)
2020-12-01 14:00:04,898^|1929^|DEBUG^|HikariPool-1 housekeeper^|com.zaxxer.hikari.pool.HikariPool^|logPoolState^|HikariPool-1 - After cleanup  stats (total=6, active=1, idle=5, waiting=0)
2020-12-01 14:00:34,899^|1931^|DEBUG^|HikariPool-1 housekeeper^|com.zaxxer.hikari.pool.HikariPool^|logPoolState^|HikariPool-1 - Before cleanup stats (total=6, active=1, idle=5, waiting=0)
2020-12-01 14:00:34,899^|1933^|DEBUG^|HikariPool-1 housekeeper^|com.zaxxer.hikari.pool.HikariPool^|logPoolState^|HikariPool-1 - After cleanup  stats (total=6, active=1, idle=5, waiting=0)
2020-12-01 14:01:00,385^|1935^|DEBUG^|HikariPool-1 connection closer^|com.zaxxer.hikari.pool.PoolBase^|quietlyCloseConnection^|HikariPool-1 - Closing connection com.mysql.jdbc.JDBC4Connection@4e32c8f3: (connection has passed maxLifetime)
2020-12-01 14:01:00,391^|1937^|DEBUG^|HikariPool-1 connection adder^|com.zaxxer.hikari.pool.HikariPool^|call^|HikariPool-1 - Added connection com.mysql.jdbc.JDBC4Connection@29bde2a1
2020-12-01 14:01:04,900^|1939^|DEBUG^|HikariPool-1 housekeeper^|com.zaxxer.hikari.pool.HikariPool^|logPoolState^|HikariPool-1 - Before cleanup stats (total=6, active=1, idle=5, waiting=0)
2020-12-01 14:01:04,900^|1941^|DEBUG^|HikariPool-1 housekeeper^|com.zaxxer.hikari.pool.HikariPool^|logPoolState^|HikariPool-1 - After cleanup  stats (total=6, active=1, idle=5, waiting=0)
2020-12-01 14:01:34,902^|1943^|DEBUG^|HikariPool-1 housekeeper^|com.zaxxer.hikari.pool.HikariPool^|logPoolState^|HikariPool-1 - Before cleanup stats (total=6, active=1, idle=5, waiting=0)
2020-12-01 14:01:34,902^|1945^|DEBUG^|HikariPool-1 housekeeper^|com.zaxxer.hikari.pool.HikariPool^|logPoolState^|HikariPool-1 - After cleanup  stats (total=6, active=1, idle=5, waiting=0)
2020-12-01 14:02:04,905^|1947^|DEBUG^|HikariPool-1 housekeeper^|com.zaxxer.hikari.pool.HikariPool^|logPoolState^|HikariPool-1 - Before cleanup stats (total=6, active=1, idle=5, waiting=0)
2020-12-01 14:02:04,905^|1949^|DEBUG^|HikariPool-1 housekeeper^|com.zaxxer.hikari.pool.HikariPool^|logPoolState^|HikariPool-1 - After cleanup  stats (total=6, active=1, idle=5, waiting=0)
2020-12-01 14:02:15,410^|1951^|DEBUG^|HikariPool-1 connection closer^|com.zaxxer.hikari.pool.PoolBase^|quietlyCloseConnection^|HikariPool-1 - Closing connection com.mysql.jdbc.JDBC4Connection@4975469b: (connection has passed maxLifetime)
2020-12-01 14:02:15,428^|1953^|DEBUG^|HikariPool-1 connection adder^|com.zaxxer.hikari.pool.HikariPool^|call^|HikariPool-1 - Added connection com.mysql.jdbc.JDBC4Connection@4475e3c
2020-12-01 14:02:18,336^|1955^|DEBUG^|HikariPool-1 connection closer^|com.zaxxer.hikari.pool.PoolBase^|quietlyCloseConnection^|HikariPool-1 - Closing connection com.mysql.jdbc.JDBC4Connection@3819b29d: (connection has passed maxLifetime)
2020-12-01 14:02:18,341^|1957^|DEBUG^|HikariPool-1 connection adder^|com.zaxxer.hikari.pool.HikariPool^|call^|HikariPool-1 - Added connection com.mysql.jdbc.JDBC4Connection@6468a173
2020-12-01 14:02:31,928^|1959^|DEBUG^|HikariPool-1 connection closer^|com.zaxxer.hikari.pool.PoolBase^|quietlyCloseConnection^|HikariPool-1 - Closing connection com.mysql.jdbc.JDBC4Connection@53c5270a: (connection has passed maxLifetime)
2020-12-01 14:02:31,934^|1961^|DEBUG^|HikariPool-1 connection adder^|com.zaxxer.hikari.pool.HikariPool^|call^|HikariPool-1 - Added connection com.mysql.jdbc.JDBC4Connection@62816d6a
2020-12-01 14:02:32,227^|1963^|DEBUG^|HikariPool-1 connection closer^|com.zaxxer.hikari.pool.PoolBase^|quietlyCloseConnection^|HikariPool-1 - Closing connection com.mysql.jdbc.JDBC4Connection@4a6b51c1: (connection has passed maxLifetime)
2020-12-01 14:02:32,234^|1965^|DEBUG^|HikariPool-1 connection adder^|com.zaxxer.hikari.pool.HikariPool^|call^|HikariPool-1 - Added connection com.mysql.jdbc.JDBC4Connection@2ae9225
2020-12-01 14:02:34,908^|1967^|DEBUG^|HikariPool-1 housekeeper^|com.zaxxer.hikari.pool.HikariPool^|logPoolState^|HikariPool-1 - Before cleanup stats (total=6, active=1, idle=5, waiting=0)
2020-12-01 14:02:34,908^|1969^|DEBUG^|HikariPool-1 housekeeper^|com.zaxxer.hikari.pool.HikariPool^|logPoolState^|HikariPool-1 - After cleanup  stats (total=6, active=1, idle=5, waiting=0)
2020-12-01 14:03:04,910^|1971^|DEBUG^|HikariPool-1 housekeeper^|com.zaxxer.hikari.pool.HikariPool^|logPoolState^|HikariPool-1 - Before cleanup stats (total=6, active=1, idle=5, waiting=0)
2020-12-01 14:03:04,910^|1973^|DEBUG^|HikariPool-1 housekeeper^|com.zaxxer.hikari.pool.HikariPool^|logPoolState^|HikariPool-1 - After cleanup  stats (total=6, active=1, idle=5, waiting=0)
2020-12-01 14:03:34,911^|1975^|DEBUG^|HikariPool-1 housekeeper^|com.zaxxer.hikari.pool.HikariPool^|logPoolState^|HikariPool-1 - Before cleanup stats (total=6, active=1, idle=5, waiting=0)
2020-12-01 14:03:34,911^|1977^|DEBUG^|HikariPool-1 housekeeper^|com.zaxxer.hikari.pool.HikariPool^|logPoolState^|HikariPool-1 - After cleanup  stats (total=6, active=1, idle=5, waiting=0)
2020-12-01 14:04:04,913^|1979^|DEBUG^|HikariPool-1 housekeeper^|com.zaxxer.hikari.pool.HikariPool^|logPoolState^|HikariPool-1 - Before cleanup stats (total=6, active=1, idle=5, waiting=0)
2020-12-01 14:04:04,913^|1981^|DEBUG^|HikariPool-1 housekeeper^|com.zaxxer.hikari.pool.HikariPool^|logPoolState^|HikariPool-1 - After cleanup  stats (total=6, active=1, idle=5, waiting=0)
2020-12-01 14:04:34,915^|1983^|DEBUG^|HikariPool-1 housekeeper^|com.zaxxer.hikari.pool.HikariPool^|logPoolState^|HikariPool-1 - Before cleanup stats (total=6, active=1, idle=5, waiting=0)
2020-12-01 14:04:34,915^|1985^|DEBUG^|HikariPool-1 housekeeper^|com.zaxxer.hikari.pool.HikariPool^|logPoolState^|HikariPool-1 - After cleanup  stats (total=6, active=1, idle=5, waiting=0)
2020-12-01 14:05:04,917^|1987^|DEBUG^|HikariPool-1 housekeeper^|com.zaxxer.hikari.pool.HikariPool^|logPoolState^|HikariPool-1 - Before cleanup stats (total=6, active=1, idle=5, waiting=0)
2020-12-01 14:05:04,917^|1989^|DEBUG^|HikariPool-1 housekeeper^|com.zaxxer.hikari.pool.HikariPool^|logPoolState^|HikariPool-1 - After cleanup  stats (total=6, active=1, idle=5, waiting=0)
2020-12-01 14:05:34,918^|1991^|DEBUG^|HikariPool-1 housekeeper^|com.zaxxer.hikari.pool.HikariPool^|logPoolState^|HikariPool-1 - Before cleanup stats (total=6, active=1, idle=5, waiting=0)
2020-12-01 14:05:34,918^|1993^|DEBUG^|HikariPool-1 housekeeper^|com.zaxxer.hikari.pool.HikariPool^|logPoolState^|HikariPool-1 - After cleanup  stats (total=6, active=1, idle=5, waiting=0)
2020-12-01 14:06:04,920^|1995^|DEBUG^|HikariPool-1 housekeeper^|com.zaxxer.hikari.pool.HikariPool^|logPoolState^|HikariPool-1 - Before cleanup stats (total=6, active=1, idle=5, waiting=0)
2020-12-01 14:06:04,920^|1997^|DEBUG^|HikariPool-1 housekeeper^|com.zaxxer.hikari.pool.HikariPool^|logPoolState^|HikariPool-1 - After cleanup  stats (total=6, active=1, idle=5, waiting=0)
2020-12-01 14:06:34,921^|1999^|DEBUG^|HikariPool-1 housekeeper^|com.zaxxer.hikari.pool.HikariPool^|logPoolState^|HikariPool-1 - Before cleanup stats (total=6, active=1, idle=5, waiting=0)
2020-12-01 14:06:34,921^|2001^|DEBUG^|HikariPool-1 housekeeper^|com.zaxxer.hikari.pool.HikariPool^|logPoolState^|HikariPool-1 - After cleanup  stats (total=6, active=1, idle=5, waiting=0)
2020-12-01 14:07:04,923^|2003^|DEBUG^|HikariPool-1 housekeeper^|com.zaxxer.hikari.pool.HikariPool^|logPoolState^|HikariPool-1 - Before cleanup stats (total=6, active=1, idle=5, waiting=0)
2020-12-01 14:07:04,923^|2005^|DEBUG^|HikariPool-1 housekeeper^|com.zaxxer.hikari.pool.HikariPool^|logPoolState^|HikariPool-1 - After cleanup  stats (total=6, active=1, idle=5, waiting=0)
2020-12-01 14:07:34,925^|2007^|DEBUG^|HikariPool-1 housekeeper^|com.zaxxer.hikari.pool.HikariPool^|logPoolState^|HikariPool-1 - Before cleanup stats (total=6, active=1, idle=5, waiting=0)
2020-12-01 14:07:34,925^|2009^|DEBUG^|HikariPool-1 housekeeper^|com.zaxxer.hikari.pool.HikariPool^|logPoolState^|HikariPool-1 - After cleanup  stats (total=6, active=1, idle=5, waiting=0)
2020-12-01 14:08:04,927^|2011^|DEBUG^|HikariPool-1 housekeeper^|com.zaxxer.hikari.pool.HikariPool^|logPoolState^|HikariPool-1 - Before cleanup stats (total=6, active=1, idle=5, waiting=0)
2020-12-01 14:08:04,927^|2013^|DEBUG^|HikariPool-1 housekeeper^|com.zaxxer.hikari.pool.HikariPool^|logPoolState^|HikariPool-1 - After cleanup  stats (total=6, active=1, idle=5, waiting=0)
2020-12-01 14:08:34,928^|2015^|DEBUG^|HikariPool-1 housekeeper^|com.zaxxer.hikari.pool.HikariPool^|logPoolState^|HikariPool-1 - Before cleanup stats (total=6, active=1, idle=5, waiting=0)
2020-12-01 14:08:34,930^|2017^|DEBUG^|HikariPool-1 housekeeper^|com.zaxxer.hikari.pool.HikariPool^|logPoolState^|HikariPool-1 - After cleanup  stats (total=6, active=1, idle=5, waiting=0)
2020-12-01 14:09:04,932^|2019^|DEBUG^|HikariPool-1 housekeeper^|com.zaxxer.hikari.pool.HikariPool^|logPoolState^|HikariPool-1 - Before cleanup stats (total=6, active=1, idle=5, waiting=0)
2020-12-01 14:09:04,932^|2021^|DEBUG^|HikariPool-1 housekeeper^|com.zaxxer.hikari.pool.HikariPool^|logPoolState^|HikariPool-1 - After cleanup  stats (total=6, active=1, idle=5, waiting=0)
2020-12-01 14:09:34,934^|2023^|DEBUG^|HikariPool-1 housekeeper^|com.zaxxer.hikari.pool.HikariPool^|logPoolState^|HikariPool-1 - Before cleanup stats (total=6, active=1, idle=5, waiting=0)
2020-12-01 14:09:34,934^|2025^|DEBUG^|HikariPool-1 housekeeper^|com.zaxxer.hikari.pool.HikariPool^|logPoolState^|HikariPool-1 - After cleanup  stats (total=6, active=1, idle=5, waiting=0)
2020-12-01 14:10:04,935^|2027^|DEBUG^|HikariPool-1 housekeeper^|com.zaxxer.hikari.pool.HikariPool^|logPoolState^|HikariPool-1 - Before cleanup stats (total=6, active=1, idle=5, waiting=0)
2020-12-01 14:10:04,935^|2029^|DEBUG^|HikariPool-1 housekeeper^|com.zaxxer.hikari.pool.HikariPool^|logPoolState^|HikariPool-1 - After cleanup  stats (total=6, active=1, idle=5, waiting=0)
2020-12-01 14:10:34,937^|2031^|DEBUG^|HikariPool-1 housekeeper^|com.zaxxer.hikari.pool.HikariPool^|logPoolState^|HikariPool-1 - Before cleanup stats (total=6, active=1, idle=5, waiting=0)
2020-12-01 14:10:34,937^|2033^|DEBUG^|HikariPool-1 housekeeper^|com.zaxxer.hikari.pool.HikariPool^|logPoolState^|HikariPool-1 - After cleanup  stats (total=6, active=1, idle=5, waiting=0)
2020-12-01 14:11:04,938^|2035^|DEBUG^|HikariPool-1 housekeeper^|com.zaxxer.hikari.pool.HikariPool^|logPoolState^|HikariPool-1 - Before cleanup stats (total=6, active=1, idle=5, waiting=0)
2020-12-01 14:11:04,938^|2037^|DEBUG^|HikariPool-1 housekeeper^|com.zaxxer.hikari.pool.HikariPool^|logPoolState^|HikariPool-1 - After cleanup  stats (total=6, active=1, idle=5, waiting=0)
2020-12-01 14:11:34,939^|2039^|DEBUG^|HikariPool-1 housekeeper^|com.zaxxer.hikari.pool.HikariPool^|logPoolState^|HikariPool-1 - Before cleanup stats (total=6, active=1, idle=5, waiting=0)
2020-12-01 14:11:34,939^|2041^|DEBUG^|HikariPool-1 housekeeper^|com.zaxxer.hikari.pool.HikariPool^|logPoolState^|HikariPool-1 - After cleanup  stats (total=6, active=1, idle=5, waiting=0)
2020-12-01 14:12:04,941^|2043^|DEBUG^|HikariPool-1 housekeeper^|com.zaxxer.hikari.pool.HikariPool^|logPoolState^|HikariPool-1 - Before cleanup stats (total=6, active=1, idle=5, waiting=0)
2020-12-01 14:12:04,941^|2045^|DEBUG^|HikariPool-1 housekeeper^|com.zaxxer.hikari.pool.HikariPool^|logPoolState^|HikariPool-1 - After cleanup  stats (total=6, active=1, idle=5, waiting=0)
2020-12-01 14:12:34,942^|2047^|DEBUG^|HikariPool-1 housekeeper^|com.zaxxer.hikari.pool.HikariPool^|logPoolState^|HikariPool-1 - Before cleanup stats (total=6, active=1, idle=5, waiting=0)
2020-12-01 14:12:34,942^|2049^|DEBUG^|HikariPool-1 housekeeper^|com.zaxxer.hikari.pool.HikariPool^|logPoolState^|HikariPool-1 - After cleanup  stats (total=6, active=1, idle=5, waiting=0)
2020-12-01 14:13:04,944^|2051^|DEBUG^|HikariPool-1 housekeeper^|com.zaxxer.hikari.pool.HikariPool^|logPoolState^|HikariPool-1 - Before cleanup stats (total=6, active=1, idle=5, waiting=0)
2020-12-01 14:13:04,944^|2053^|DEBUG^|HikariPool-1 housekeeper^|com.zaxxer.hikari.pool.HikariPool^|logPoolState^|HikariPool-1 - After cleanup  stats (total=6, active=1, idle=5, waiting=0)
2020-12-01 14:13:34,945^|2055^|DEBUG^|HikariPool-1 housekeeper^|com.zaxxer.hikari.pool.HikariPool^|logPoolState^|HikariPool-1 - Before cleanup stats (total=6, active=1, idle=5, waiting=0)
2020-12-01 14:13:34,945^|2057^|DEBUG^|HikariPool-1 housekeeper^|com.zaxxer.hikari.pool.HikariPool^|logPoolState^|HikariPool-1 - After cleanup  stats (total=6, active=1, idle=5, waiting=0)
2020-12-01 14:14:04,946^|2059^|DEBUG^|HikariPool-1 housekeeper^|com.zaxxer.hikari.pool.HikariPool^|logPoolState^|HikariPool-1 - Before cleanup stats (total=6, active=1, idle=5, waiting=0)
2020-12-01 14:14:04,946^|2061^|DEBUG^|HikariPool-1 housekeeper^|com.zaxxer.hikari.pool.HikariPool^|logPoolState^|HikariPool-1 - After cleanup  stats (total=6, active=1, idle=5, waiting=0)
2020-12-01 14:14:34,948^|2063^|DEBUG^|HikariPool-1 housekeeper^|com.zaxxer.hikari.pool.HikariPool^|logPoolState^|HikariPool-1 - Before cleanup stats (total=6, active=1, idle=5, waiting=0)
2020-12-01 14:14:34,948^|2065^|DEBUG^|HikariPool-1 housekeeper^|com.zaxxer.hikari.pool.HikariPool^|logPoolState^|HikariPool-1 - After cleanup  stats (total=6, active=1, idle=5, waiting=0)
2020-12-01 14:15:04,950^|2067^|DEBUG^|HikariPool-1 housekeeper^|com.zaxxer.hikari.pool.HikariPool^|logPoolState^|HikariPool-1 - Before cleanup stats (total=6, active=1, idle=5, waiting=0)
2020-12-01 14:15:04,950^|2069^|DEBUG^|HikariPool-1 housekeeper^|com.zaxxer.hikari.pool.HikariPool^|logPoolState^|HikariPool-1 - After cleanup  stats (total=6, active=1, idle=5, waiting=0)
2020-12-01 14:15:34,952^|2071^|DEBUG^|HikariPool-1 housekeeper^|com.zaxxer.hikari.pool.HikariPool^|logPoolState^|HikariPool-1 - Before cleanup stats (total=6, active=1, idle=5, waiting=0)
2020-12-01 14:15:34,952^|2073^|DEBUG^|HikariPool-1 housekeeper^|com.zaxxer.hikari.pool.HikariPool^|logPoolState^|HikariPool-1 - After cleanup  stats (total=6, active=1, idle=5, waiting=0)
2020-12-01 14:16:04,960^|2075^|DEBUG^|HikariPool-1 housekeeper^|com.zaxxer.hikari.pool.HikariPool^|logPoolState^|HikariPool-1 - Before cleanup stats (total=6, active=1, idle=5, waiting=0)
2020-12-01 14:16:04,961^|2077^|DEBUG^|HikariPool-1 housekeeper^|com.zaxxer.hikari.pool.HikariPool^|logPoolState^|HikariPool-1 - After cleanup  stats (total=6, active=1, idle=5, waiting=0)
2020-12-01 14:16:34,962^|2079^|DEBUG^|HikariPool-1 housekeeper^|com.zaxxer.hikari.pool.HikariPool^|logPoolState^|HikariPool-1 - Before cleanup stats (total=6, active=1, idle=5, waiting=0)
2020-12-01 14:16:34,962^|2081^|DEBUG^|HikariPool-1 housekeeper^|com.zaxxer.hikari.pool.HikariPool^|logPoolState^|HikariPool-1 - After cleanup  stats (total=6, active=1, idle=5, waiting=0)
2020-12-01 14:17:04,963^|2083^|DEBUG^|HikariPool-1 housekeeper^|com.zaxxer.hikari.pool.HikariPool^|logPoolState^|HikariPool-1 - Before cleanup stats (total=6, active=1, idle=5, waiting=0)
2020-12-01 14:17:04,964^|2085^|DEBUG^|HikariPool-1 housekeeper^|com.zaxxer.hikari.pool.HikariPool^|logPoolState^|HikariPool-1 - After cleanup  stats (total=6, active=1, idle=5, waiting=0)
2020-12-01 14:17:34,966^|2087^|DEBUG^|HikariPool-1 housekeeper^|com.zaxxer.hikari.pool.HikariPool^|logPoolState^|HikariPool-1 - Before cleanup stats (total=6, active=1, idle=5, waiting=0)
2020-12-01 14:17:34,966^|2089^|DEBUG^|HikariPool-1 housekeeper^|com.zaxxer.hikari.pool.HikariPool^|logPoolState^|HikariPool-1 - After cleanup  stats (total=6, active=1, idle=5, waiting=0)
2020-12-01 14:18:04,967^|2091^|DEBUG^|HikariPool-1 housekeeper^|com.zaxxer.hikari.pool.HikariPool^|logPoolState^|HikariPool-1 - Before cleanup stats (total=6, active=1, idle=5, waiting=0)
2020-12-01 14:18:04,967^|2093^|DEBUG^|HikariPool-1 housekeeper^|com.zaxxer.hikari.pool.HikariPool^|logPoolState^|HikariPool-1 - After cleanup  stats (total=6, active=1, idle=5, waiting=0)
2020-12-01 14:18:34,969^|2095^|DEBUG^|HikariPool-1 housekeeper^|com.zaxxer.hikari.pool.HikariPool^|logPoolState^|HikariPool-1 - Before cleanup stats (total=6, active=1, idle=5, waiting=0)
2020-12-01 14:18:34,969^|2097^|DEBUG^|HikariPool-1 housekeeper^|com.zaxxer.hikari.pool.HikariPool^|logPoolState^|HikariPool-1 - After cleanup  stats (total=6, active=1, idle=5, waiting=0)
2020-12-01 14:19:04,970^|2099^|DEBUG^|HikariPool-1 housekeeper^|com.zaxxer.hikari.pool.HikariPool^|logPoolState^|HikariPool-1 - Before cleanup stats (total=6, active=1, idle=5, waiting=0)
2020-12-01 14:19:04,970^|2101^|DEBUG^|HikariPool-1 housekeeper^|com.zaxxer.hikari.pool.HikariPool^|logPoolState^|HikariPool-1 - After cleanup  stats (total=6, active=1, idle=5, waiting=0)
2020-12-01 14:19:34,972^|2103^|DEBUG^|HikariPool-1 housekeeper^|com.zaxxer.hikari.pool.HikariPool^|logPoolState^|HikariPool-1 - Before cleanup stats (total=6, active=1, idle=5, waiting=0)
2020-12-01 14:19:34,972^|2105^|DEBUG^|HikariPool-1 housekeeper^|com.zaxxer.hikari.pool.HikariPool^|logPoolState^|HikariPool-1 - After cleanup  stats (total=6, active=1, idle=5, waiting=0)
2020-12-01 14:20:04,974^|2107^|DEBUG^|HikariPool-1 housekeeper^|com.zaxxer.hikari.pool.HikariPool^|logPoolState^|HikariPool-1 - Before cleanup stats (total=6, active=1, idle=5, waiting=0)
2020-12-01 14:20:04,974^|2109^|DEBUG^|HikariPool-1 housekeeper^|com.zaxxer.hikari.pool.HikariPool^|logPoolState^|HikariPool-1 - After cleanup  stats (total=6, active=1, idle=5, waiting=0)
2020-12-01 14:20:34,976^|2111^|DEBUG^|HikariPool-1 housekeeper^|com.zaxxer.hikari.pool.HikariPool^|logPoolState^|HikariPool-1 - Before cleanup stats (total=6, active=1, idle=5, waiting=0)
2020-12-01 14:20:34,976^|2113^|DEBUG^|HikariPool-1 housekeeper^|com.zaxxer.hikari.pool.HikariPool^|logPoolState^|HikariPool-1 - After cleanup  stats (total=6, active=1, idle=5, waiting=0)
2020-12-01 14:21:04,979^|2115^|DEBUG^|HikariPool-1 housekeeper^|com.zaxxer.hikari.pool.HikariPool^|logPoolState^|HikariPool-1 - Before cleanup stats (total=6, active=1, idle=5, waiting=0)
2020-12-01 14:21:04,979^|2117^|DEBUG^|HikariPool-1 housekeeper^|com.zaxxer.hikari.pool.HikariPool^|logPoolState^|HikariPool-1 - After cleanup  stats (total=6, active=1, idle=5, waiting=0)
2020-12-01 14:21:34,980^|2119^|DEBUG^|HikariPool-1 housekeeper^|com.zaxxer.hikari.pool.HikariPool^|logPoolState^|HikariPool-1 - Before cleanup stats (total=6, active=1, idle=5, waiting=0)
2020-12-01 14:21:34,980^|2121^|DEBUG^|HikariPool-1 housekeeper^|com.zaxxer.hikari.pool.HikariPool^|logPoolState^|HikariPool-1 - After cleanup  stats (total=6, active=1, idle=5, waiting=0)
2020-12-01 14:22:04,982^|2123^|DEBUG^|HikariPool-1 housekeeper^|com.zaxxer.hikari.pool.HikariPool^|logPoolState^|HikariPool-1 - Before cleanup stats (total=6, active=1, idle=5, waiting=0)
2020-12-01 14:22:04,982^|2125^|DEBUG^|HikariPool-1 housekeeper^|com.zaxxer.hikari.pool.HikariPool^|logPoolState^|HikariPool-1 - After cleanup  stats (total=6, active=1, idle=5, waiting=0)
2020-12-01 14:22:34,984^|2127^|DEBUG^|HikariPool-1 housekeeper^|com.zaxxer.hikari.pool.HikariPool^|logPoolState^|HikariPool-1 - Before cleanup stats (total=6, active=1, idle=5, waiting=0)
2020-12-01 14:22:34,984^|2129^|DEBUG^|HikariPool-1 housekeeper^|com.zaxxer.hikari.pool.HikariPool^|logPoolState^|HikariPool-1 - After cleanup  stats (total=6, active=1, idle=5, waiting=0)
2020-12-01 14:23:04,985^|2131^|DEBUG^|HikariPool-1 housekeeper^|com.zaxxer.hikari.pool.HikariPool^|logPoolState^|HikariPool-1 - Before cleanup stats (total=6, active=1, idle=5, waiting=0)
2020-12-01 14:23:04,985^|2133^|DEBUG^|HikariPool-1 housekeeper^|com.zaxxer.hikari.pool.HikariPool^|logPoolState^|HikariPool-1 - After cleanup  stats (total=6, active=1, idle=5, waiting=0)
2020-12-01 14:23:34,987^|2135^|DEBUG^|HikariPool-1 housekeeper^|com.zaxxer.hikari.pool.HikariPool^|logPoolState^|HikariPool-1 - Before cleanup stats (total=6, active=1, idle=5, waiting=0)
2020-12-01 14:23:34,987^|2137^|DEBUG^|HikariPool-1 housekeeper^|com.zaxxer.hikari.pool.HikariPool^|logPoolState^|HikariPool-1 - After cleanup  stats (total=6, active=1, idle=5, waiting=0)
2020-12-01 14:24:04,988^|2139^|DEBUG^|HikariPool-1 housekeeper^|com.zaxxer.hikari.pool.HikariPool^|logPoolState^|HikariPool-1 - Before cleanup stats (total=6, active=1, idle=5, waiting=0)
2020-12-01 14:24:04,988^|2141^|DEBUG^|HikariPool-1 housekeeper^|com.zaxxer.hikari.pool.HikariPool^|logPoolState^|HikariPool-1 - After cleanup  stats (total=6, active=1, idle=5, waiting=0)
2020-12-01 14:24:34,990^|2143^|DEBUG^|HikariPool-1 housekeeper^|com.zaxxer.hikari.pool.HikariPool^|logPoolState^|HikariPool-1 - Before cleanup stats (total=6, active=1, idle=5, waiting=0)
2020-12-01 14:24:34,990^|2145^|DEBUG^|HikariPool-1 housekeeper^|com.zaxxer.hikari.pool.HikariPool^|logPoolState^|HikariPool-1 - After cleanup  stats (total=6, active=1, idle=5, waiting=0)
2020-12-01 14:25:04,991^|2147^|DEBUG^|HikariPool-1 housekeeper^|com.zaxxer.hikari.pool.HikariPool^|logPoolState^|HikariPool-1 - Before cleanup stats (total=6, active=1, idle=5, waiting=0)
2020-12-01 14:25:04,991^|2149^|DEBUG^|HikariPool-1 housekeeper^|com.zaxxer.hikari.pool.HikariPool^|logPoolState^|HikariPool-1 - After cleanup  stats (total=6, active=1, idle=5, waiting=0)
2020-12-01 14:25:34,992^|2151^|DEBUG^|HikariPool-1 housekeeper^|com.zaxxer.hikari.pool.HikariPool^|logPoolState^|HikariPool-1 - Before cleanup stats (total=6, active=1, idle=5, waiting=0)
2020-12-01 14:25:34,992^|2153^|DEBUG^|HikariPool-1 housekeeper^|com.zaxxer.hikari.pool.HikariPool^|logPoolState^|HikariPool-1 - After cleanup  stats (total=6, active=1, idle=5, waiting=0)
2020-12-01 14:26:04,993^|2155^|DEBUG^|HikariPool-1 housekeeper^|com.zaxxer.hikari.pool.HikariPool^|logPoolState^|HikariPool-1 - Before cleanup stats (total=6, active=1, idle=5, waiting=0)
2020-12-01 14:26:04,993^|2157^|DEBUG^|HikariPool-1 housekeeper^|com.zaxxer.hikari.pool.HikariPool^|logPoolState^|HikariPool-1 - After cleanup  stats (total=6, active=1, idle=5, waiting=0)
2020-12-01 14:26:34,995^|2159^|DEBUG^|HikariPool-1 housekeeper^|com.zaxxer.hikari.pool.HikariPool^|logPoolState^|HikariPool-1 - Before cleanup stats (total=6, active=1, idle=5, waiting=0)
2020-12-01 14:26:34,995^|2161^|DEBUG^|HikariPool-1 housekeeper^|com.zaxxer.hikari.pool.HikariPool^|logPoolState^|HikariPool-1 - After cleanup  stats (total=6, active=1, idle=5, waiting=0)
2020-12-01 14:27:04,996^|2163^|DEBUG^|HikariPool-1 housekeeper^|com.zaxxer.hikari.pool.HikariPool^|logPoolState^|HikariPool-1 - Before cleanup stats (total=6, active=1, idle=5, waiting=0)
2020-12-01 14:27:04,996^|2165^|DEBUG^|HikariPool-1 housekeeper^|com.zaxxer.hikari.pool.HikariPool^|logPoolState^|HikariPool-1 - After cleanup  stats (total=6, active=1, idle=5, waiting=0)
2020-12-01 14:27:34,997^|2167^|DEBUG^|HikariPool-1 housekeeper^|com.zaxxer.hikari.pool.HikariPool^|logPoolState^|HikariPool-1 - Before cleanup stats (total=6, active=1, idle=5, waiting=0)
2020-12-01 14:27:34,997^|2169^|DEBUG^|HikariPool-1 housekeeper^|com.zaxxer.hikari.pool.HikariPool^|logPoolState^|HikariPool-1 - After cleanup  stats (total=6, active=1, idle=5, waiting=0)
2020-12-01 14:28:04,999^|2171^|DEBUG^|HikariPool-1 housekeeper^|com.zaxxer.hikari.pool.HikariPool^|logPoolState^|HikariPool-1 - Before cleanup stats (total=6, active=1, idle=5, waiting=0)
2020-12-01 14:28:05,000^|2173^|DEBUG^|HikariPool-1 housekeeper^|com.zaxxer.hikari.pool.HikariPool^|logPoolState^|HikariPool-1 - After cleanup  stats (total=6, active=1, idle=5, waiting=0)
2020-12-01 14:28:35,001^|2175^|DEBUG^|HikariPool-1 housekeeper^|com.zaxxer.hikari.pool.HikariPool^|logPoolState^|HikariPool-1 - Before cleanup stats (total=6, active=1, idle=5, waiting=0)
2020-12-01 14:28:35,001^|2177^|DEBUG^|HikariPool-1 housekeeper^|com.zaxxer.hikari.pool.HikariPool^|logPoolState^|HikariPool-1 - After cleanup  stats (total=6, active=1, idle=5, waiting=0)
2020-12-01 14:29:05,002^|2179^|DEBUG^|HikariPool-1 housekeeper^|com.zaxxer.hikari.pool.HikariPool^|logPoolState^|HikariPool-1 - Before cleanup stats (total=6, active=1, idle=5, waiting=0)
2020-12-01 14:29:05,002^|2181^|DEBUG^|HikariPool-1 housekeeper^|com.zaxxer.hikari.pool.HikariPool^|logPoolState^|HikariPool-1 - After cleanup  stats (total=6, active=1, idle=5, waiting=0)
2020-12-01 14:29:35,003^|2183^|DEBUG^|HikariPool-1 housekeeper^|com.zaxxer.hikari.pool.HikariPool^|logPoolState^|HikariPool-1 - Before cleanup stats (total=6, active=1, idle=5, waiting=0)
2020-12-01 14:29:35,003^|2185^|DEBUG^|HikariPool-1 housekeeper^|com.zaxxer.hikari.pool.HikariPool^|logPoolState^|HikariPool-1 - After cleanup  stats (total=6, active=1, idle=5, waiting=0)
2020-12-01 14:30:05,005^|2187^|DEBUG^|HikariPool-1 housekeeper^|com.zaxxer.hikari.pool.HikariPool^|logPoolState^|HikariPool-1 - Before cleanup stats (total=6, active=1, idle=5, waiting=0)
2020-12-01 14:30:05,005^|2189^|DEBUG^|HikariPool-1 housekeeper^|com.zaxxer.hikari.pool.HikariPool^|logPoolState^|HikariPool-1 - After cleanup  stats (total=6, active=1, idle=5, waiting=0)
2020-12-01 14:30:20,397^|2191^|DEBUG^|HikariPool-1 connection closer^|com.zaxxer.hikari.pool.PoolBase^|quietlyCloseConnection^|HikariPool-1 - Closing connection com.mysql.jdbc.JDBC4Connection@29bde2a1: (connection has passed maxLifetime)
2020-12-01 14:30:20,406^|2193^|DEBUG^|HikariPool-1 connection adder^|com.zaxxer.hikari.pool.HikariPool^|call^|HikariPool-1 - Added connection com.mysql.jdbc.JDBC4Connection@633abab7
2020-12-01 14:30:35,034^|2195^|DEBUG^|HikariPool-1 housekeeper^|com.zaxxer.hikari.pool.HikariPool^|logPoolState^|HikariPool-1 - Before cleanup stats (total=6, active=1, idle=5, waiting=0)
2020-12-01 14:30:35,034^|2197^|DEBUG^|HikariPool-1 housekeeper^|com.zaxxer.hikari.pool.HikariPool^|logPoolState^|HikariPool-1 - After cleanup  stats (total=6, active=1, idle=5, waiting=0)
2020-12-01 14:31:05,036^|2199^|DEBUG^|HikariPool-1 housekeeper^|com.zaxxer.hikari.pool.HikariPool^|logPoolState^|HikariPool-1 - Before cleanup stats (total=6, active=1, idle=5, waiting=0)
2020-12-01 14:31:05,036^|2201^|DEBUG^|HikariPool-1 housekeeper^|com.zaxxer.hikari.pool.HikariPool^|logPoolState^|HikariPool-1 - After cleanup  stats (total=6, active=1, idle=5, waiting=0)
2020-12-01 14:31:35,037^|2203^|DEBUG^|HikariPool-1 housekeeper^|com.zaxxer.hikari.pool.HikariPool^|logPoolState^|HikariPool-1 - Before cleanup stats (total=6, active=1, idle=5, waiting=0)
2020-12-01 14:31:35,037^|2205^|DEBUG^|HikariPool-1 housekeeper^|com.zaxxer.hikari.pool.HikariPool^|logPoolState^|HikariPool-1 - After cleanup  stats (total=6, active=1, idle=5, waiting=0)
2020-12-01 14:31:42,590^|2207^|DEBUG^|main^|com.heima.model.mappers.app.ApShowBehaviorMapper.selectListByEntryIdAndArticleIds^|debug^|<==      Total: 0
[Ljava.lang.Integer;@cef885d
2020-12-01 14:31:42,649^|2209^|DEBUG^|main^|com.heima.model.mappers.app.ApShowBehaviorMapper.saveShowBehavior^|debug^|==>  Preparing: insert into ap_show_behavior (id,entry_id, article_id,is_click, show_time, created_time) values (?,?, ?,0, now(),now()) 
2020-12-01 14:31:42,669^|2211^|DEBUG^|main^|com.heima.model.mappers.app.ApShowBehaviorMapper.saveShowBehavior^|debug^|==> Parameters: 1333660024173494272(Long), 1(Integer), 10160(Integer)
]]></system-out>
  </testcase>
</testsuite>