<?xml version="1.0" encoding="UTF-8"?>
<testsuite xmlns:xsi="http://www.w3.org/2001/XMLSchema-instance" xsi:noNamespaceSchemaLocation="https://maven.apache.org/surefire/maven-surefire-plugin/xsd/surefire-test-report.xsd" name="SpringbootMongodbApplicationTests" time="17.497" tests="6" errors="1" skipped="0" failures="0">
  <properties>
    <property name="sun.desktop" value="windows"/>
    <property name="awt.toolkit" value="sun.awt.windows.WToolkit"/>
    <property name="file.encoding.pkg" value="sun.io"/>
    <property name="java.specification.version" value="1.8"/>
    <property name="sun.cpu.isalist" value="amd64"/>
    <property name="sun.jnu.encoding" value="GBK"/>
    <property name="java.class.path" value="E:\APP\heima-leadnews\heima-leadnews\heima-leadnews-media\target\test-classes;E:\APP\heima-leadnews\heima-leadnews\heima-leadnews-media\target\classes;E:\APP\heima-leadnews\heima-leadnews\heima-leadnews-model\target\heima-leadnews-model-1.0-SNAPSHOT.jar;E:\APP\repository_heima-leannews\repository_heima-leannews\org\springframework\boot\spring-boot-starter-data-jpa\2.1.5.RELEASE\spring-boot-starter-data-jpa-2.1.5.RELEASE.jar;E:\APP\repository_heima-leannews\repository_heima-leannews\javax\transaction\javax.transaction-api\1.3\javax.transaction-api-1.3.jar;E:\APP\repository_heima-leannews\repository_heima-leannews\javax\xml\bind\jaxb-api\2.3.1\jaxb-api-2.3.1.jar;E:\APP\repository_heima-leannews\repository_heima-leannews\javax\activation\javax.activation-api\1.2.0\javax.activation-api-1.2.0.jar;E:\APP\repository_heima-leannews\repository_heima-leannews\org\hibernate\hibernate-core\5.3.10.Final\hibernate-core-5.3.10.Final.jar;E:\APP\repository_heima-leannews\repository_heima-leannews\javax\persistence\javax.persistence-api\2.2\javax.persistence-api-2.2.jar;E:\APP\repository_heima-leannews\repository_heima-leannews\antlr\antlr\2.7.7\antlr-2.7.7.jar;E:\APP\repository_heima-leannews\repository_heima-leannews\org\jboss\jandex\2.0.5.Final\jandex-2.0.5.Final.jar;E:\APP\repository_heima-leannews\repository_heima-leannews\org\dom4j\dom4j\2.1.1\dom4j-2.1.1.jar;E:\APP\repository_heima-leannews\repository_heima-leannews\org\hibernate\common\hibernate-commons-annotations\5.0.4.Final\hibernate-commons-annotations-5.0.4.Final.jar;E:\APP\repository_heima-leannews\repository_heima-leannews\org\springframework\data\spring-data-jpa\2.1.8.RELEASE\spring-data-jpa-2.1.8.RELEASE.jar;E:\APP\repository_heima-leannews\repository_heima-leannews\org\springframework\spring-orm\5.1.7.RELEASE\spring-orm-5.1.7.RELEASE.jar;E:\APP\repository_heima-leannews\repository_heima-leannews\org\springframework\spring-aspects\5.1.7.RELEASE\spring-aspects-5.1.7.RELEASE.jar;E:\APP\repository_heima-leannews\repository_heima-leannews\mysql\mysql-connector-java\5.1.47\mysql-connector-java-5.1.47.jar;E:\APP\repository_heima-leannews\repository_heima-leannews\org\mybatis\mybatis\3.5.1\mybatis-3.5.1.jar;E:\APP\repository_heima-leannews\repository_heima-leannews\org\apache\commons\commons-lang3\3.5\commons-lang3-3.5.jar;E:\APP\heima-leadnews\heima-leadnews\heima-leadnews-common\target\heima-leadnews-common-1.0-SNAPSHOT.jar;E:\APP\heima-leadnews\heima-leadnews\heima-leadnews-utils\target\heima-leadnews-utils-1.0-SNAPSHOT.jar;E:\APP\repository_heima-leannews\repository_heima-leannews\commons-codec\commons-codec\1.12\commons-codec-1.12.jar;E:\APP\repository_heima-leannews\repository_heima-leannews\com\alibaba\fastjson\1.2.58\fastjson-1.2.58.jar;E:\APP\repository_heima-leannews\repository_heima-leannews\io\jsonwebtoken\jjwt\0.9.1\jjwt-0.9.1.jar;E:\APP\repository_heima-leannews\repository_heima-leannews\com\hankcs\hanlp\portable-1.3.4\hanlp-portable-1.3.4.jar;E:\APP\repository_heima-leannews\repository_heima-leannews\commons-beanutils\commons-beanutils\1.9.3\commons-beanutils-1.9.3.jar;E:\APP\repository_heima-leannews\repository_heima-leannews\commons-logging\commons-logging\1.2\commons-logging-1.2.jar;E:\APP\repository_heima-leannews\repository_heima-leannews\commons-collections\commons-collections\3.2.2\commons-collections-3.2.2.jar;E:\APP\repository_heima-leannews\repository_heima-leannews\org\reflections\reflections\0.9.11\reflections-0.9.11.jar;E:\APP\repository_heima-leannews\repository_heima-leannews\com\google\guava\guava\20.0\guava-20.0.jar;E:\APP\repository_heima-leannews\repository_heima-leannews\org\javassist\javassist\3.21.0-GA\javassist-3.21.0-GA.jar;E:\APP\repository_heima-leannews\repository_heima-leannews\org\springframework\boot\spring-boot-starter-jdbc\2.1.5.RELEASE\spring-boot-starter-jdbc-2.1.5.RELEASE.jar;E:\APP\repository_heima-leannews\repository_heima-leannews\com\zaxxer\HikariCP\3.2.0\HikariCP-3.2.0.jar;E:\APP\repository_heima-leannews\repository_heima-leannews\org\springframework\spring-jdbc\5.1.7.RELEASE\spring-jdbc-5.1.7.RELEASE.jar;E:\APP\repository_heima-leannews\repository_heima-leannews\org\springframework\boot\spring-boot-starter-quartz\2.1.5.RELEASE\spring-boot-starter-quartz-2.1.5.RELEASE.jar;E:\APP\repository_heima-leannews\repository_heima-leannews\org\springframework\spring-context-support\5.1.7.RELEASE\spring-context-support-5.1.7.RELEASE.jar;E:\APP\repository_heima-leannews\repository_heima-leannews\org\springframework\spring-tx\5.1.7.RELEASE\spring-tx-5.1.7.RELEASE.jar;E:\APP\repository_heima-leannews\repository_heima-leannews\org\springframework\boot\spring-boot-starter-websocket\2.1.5.RELEASE\spring-boot-starter-websocket-2.1.5.RELEASE.jar;E:\APP\repository_heima-leannews\repository_heima-leannews\org\springframework\spring-messaging\5.1.7.RELEASE\spring-messaging-5.1.7.RELEASE.jar;E:\APP\repository_heima-leannews\repository_heima-leannews\org\springframework\spring-websocket\5.1.7.RELEASE\spring-websocket-5.1.7.RELEASE.jar;E:\APP\repository_heima-leannews\repository_heima-leannews\org\springframework\boot\spring-boot-starter-aop\2.1.5.RELEASE\spring-boot-starter-aop-2.1.5.RELEASE.jar;E:\APP\repository_heima-leannews\repository_heima-leannews\org\springframework\spring-aop\5.1.7.RELEASE\spring-aop-5.1.7.RELEASE.jar;E:\APP\repository_heima-leannews\repository_heima-leannews\org\aspectj\aspectjweaver\1.9.4\aspectjweaver-1.9.4.jar;E:\APP\repository_heima-leannews\repository_heima-leannews\org\springframework\boot\spring-boot-test\2.1.5.RELEASE\spring-boot-test-2.1.5.RELEASE.jar;E:\APP\repository_heima-leannews\repository_heima-leannews\org\springframework\boot\spring-boot-starter\2.1.5.RELEASE\spring-boot-starter-2.1.5.RELEASE.jar;E:\APP\repository_heima-leannews\repository_heima-leannews\javax\annotation\javax.annotation-api\1.3.2\javax.annotation-api-1.3.2.jar;E:\APP\repository_heima-leannews\repository_heima-leannews\org\yaml\snakeyaml\1.23\snakeyaml-1.23.jar;E:\APP\repository_heima-leannews\repository_heima-leannews\org\springframework\boot\spring-boot-starter-actuator\2.1.5.RELEASE\spring-boot-starter-actuator-2.1.5.RELEASE.jar;E:\APP\repository_heima-leannews\repository_heima-leannews\org\springframework\boot\spring-boot-actuator-autoconfigure\2.1.5.RELEASE\spring-boot-actuator-autoconfigure-2.1.5.RELEASE.jar;E:\APP\repository_heima-leannews\repository_heima-leannews\org\springframework\boot\spring-boot-actuator\2.1.5.RELEASE\spring-boot-actuator-2.1.5.RELEASE.jar;E:\APP\repository_heima-leannews\repository_heima-leannews\io\micrometer\micrometer-core\1.1.4\micrometer-core-1.1.4.jar;E:\APP\repository_heima-leannews\repository_heima-leannews\org\latencyutils\LatencyUtils\2.0.3\LatencyUtils-2.0.3.jar;E:\APP\repository_heima-leannews\repository_heima-leannews\org\springframework\boot\spring-boot-starter-data-redis\2.1.5.RELEASE\spring-boot-starter-data-redis-2.1.5.RELEASE.jar;E:\APP\repository_heima-leannews\repository_heima-leannews\org\springframework\data\spring-data-redis\2.1.8.RELEASE\spring-data-redis-2.1.8.RELEASE.jar;E:\APP\repository_heima-leannews\repository_heima-leannews\org\springframework\data\spring-data-keyvalue\2.1.8.RELEASE\spring-data-keyvalue-2.1.8.RELEASE.jar;E:\APP\repository_heima-leannews\repository_heima-leannews\org\springframework\spring-oxm\5.1.7.RELEASE\spring-oxm-5.1.7.RELEASE.jar;E:\APP\repository_heima-leannews\repository_heima-leannews\io\lettuce\lettuce-core\5.1.6.RELEASE\lettuce-core-5.1.6.RELEASE.jar;E:\APP\repository_heima-leannews\repository_heima-leannews\io\netty\netty-common\4.1.36.Final\netty-common-4.1.36.Final.jar;E:\APP\repository_heima-leannews\repository_heima-leannews\io\netty\netty-handler\4.1.36.Final\netty-handler-4.1.36.Final.jar;E:\APP\repository_heima-leannews\repository_heima-leannews\io\netty\netty-buffer\4.1.36.Final\netty-buffer-4.1.36.Final.jar;E:\APP\repository_heima-leannews\repository_heima-leannews\io\netty\netty-codec\4.1.36.Final\netty-codec-4.1.36.Final.jar;E:\APP\repository_heima-leannews\repository_heima-leannews\io\netty\netty-transport\4.1.36.Final\netty-transport-4.1.36.Final.jar;E:\APP\repository_heima-leannews\repository_heima-leannews\io\netty\netty-resolver\4.1.36.Final\netty-resolver-4.1.36.Final.jar;E:\APP\repository_heima-leannews\repository_heima-leannews\io\projectreactor\reactor-core\3.2.9.RELEASE\reactor-core-3.2.9.RELEASE.jar;E:\APP\repository_heima-leannews\repository_heima-leannews\org\reactivestreams\reactive-streams\1.0.2\reactive-streams-1.0.2.jar;E:\APP\repository_heima-leannews\repository_heima-leannews\org\apache\commons\commons-pool2\2.6.2\commons-pool2-2.6.2.jar;E:\APP\repository_heima-leannews\repository_heima-leannews\org\springframework\boot\spring-boot-starter-cache\2.1.5.RELEASE\spring-boot-starter-cache-2.1.5.RELEASE.jar;E:\APP\repository_heima-leannews\repository_heima-leannews\org\mybatis\mybatis-spring\2.0.1\mybatis-spring-2.0.1.jar;E:\APP\repository_heima-leannews\repository_heima-leannews\org\apache\curator\curator-framework\4.2.0\curator-framework-4.2.0.jar;E:\APP\repository_heima-leannews\repository_heima-leannews\org\apache\curator\curator-client\4.2.0\curator-client-4.2.0.jar;E:\APP\repository_heima-leannews\repository_heima-leannews\org\apache\curator\curator-recipes\4.2.0\curator-recipes-4.2.0.jar;E:\APP\repository_heima-leannews\repository_heima-leannews\com\luhuiguo\fastdfs-spring-boot-starter\0.2.0\fastdfs-spring-boot-starter-0.2.0.jar;E:\APP\repository_heima-leannews\repository_heima-leannews\com\luhuiguo\fastdfs-client\0.4.0\fastdfs-client-0.4.0.jar;E:\APP\repository_heima-leannews\repository_heima-leannews\org\slf4j\jcl-over-slf4j\1.7.26\jcl-over-slf4j-1.7.26.jar;E:\APP\repository_heima-leannews\repository_heima-leannews\io\searchbox\jest\6.3.1\jest-6.3.1.jar;E:\APP\repository_heima-leannews\repository_heima-leannews\io\searchbox\jest-common\6.3.1\jest-common-6.3.1.jar;E:\APP\repository_heima-leannews\repository_heima-leannews\org\apache\httpcomponents\httpcore-nio\4.4.11\httpcore-nio-4.4.11.jar;E:\APP\repository_heima-leannews\repository_heima-leannews\org\apache\httpcomponents\httpcore\4.4.11\httpcore-4.4.11.jar;E:\APP\repository_heima-leannews\repository_heima-leannews\org\apache\httpcomponents\httpclient\4.5.8\httpclient-4.5.8.jar;E:\APP\repository_heima-leannews\repository_heima-leannews\org\apache\httpcomponents\httpasyncclient\4.1.4\httpasyncclient-4.1.4.jar;E:\APP\repository_heima-leannews\repository_heima-leannews\org\slf4j\slf4j-api\1.7.26\slf4j-api-1.7.26.jar;E:\APP\repository_heima-leannews\repository_heima-leannews\org\elasticsearch\elasticsearch\7.2.0\elasticsearch-7.2.0.jar;E:\APP\repository_heima-leannews\repository_heima-leannews\org\elasticsearch\elasticsearch-core\7.2.0\elasticsearch-core-7.2.0.jar;E:\APP\repository_heima-leannews\repository_heima-leannews\org\elasticsearch\elasticsearch-secure-sm\7.2.0\elasticsearch-secure-sm-7.2.0.jar;E:\APP\repository_heima-leannews\repository_heima-leannews\org\elasticsearch\elasticsearch-x-content\7.2.0\elasticsearch-x-content-7.2.0.jar;E:\APP\repository_heima-leannews\repository_heima-leannews\com\fasterxml\jackson\dataformat\jackson-dataformat-smile\2.9.8\jackson-dataformat-smile-2.9.8.jar;E:\APP\repository_heima-leannews\repository_heima-leannews\com\fasterxml\jackson\dataformat\jackson-dataformat-yaml\2.9.8\jackson-dataformat-yaml-2.9.8.jar;E:\APP\repository_heima-leannews\repository_heima-leannews\org\elasticsearch\elasticsearch-geo\7.2.0\elasticsearch-geo-7.2.0.jar;E:\APP\repository_heima-leannews\repository_heima-leannews\org\apache\lucene\lucene-core\8.0.0\lucene-core-8.0.0.jar;E:\APP\repository_heima-leannews\repository_heima-leannews\org\apache\lucene\lucene-analyzers-common\8.0.0\lucene-analyzers-common-8.0.0.jar;E:\APP\repository_heima-leannews\repository_heima-leannews\org\apache\lucene\lucene-backward-codecs\8.0.0\lucene-backward-codecs-8.0.0.jar;E:\APP\repository_heima-leannews\repository_heima-leannews\org\apache\lucene\lucene-grouping\8.0.0\lucene-grouping-8.0.0.jar;E:\APP\repository_heima-leannews\repository_heima-leannews\org\apache\lucene\lucene-highlighter\8.0.0\lucene-highlighter-8.0.0.jar;E:\APP\repository_heima-leannews\repository_heima-leannews\org\apache\lucene\lucene-join\8.0.0\lucene-join-8.0.0.jar;E:\APP\repository_heima-leannews\repository_heima-leannews\org\apache\lucene\lucene-memory\8.0.0\lucene-memory-8.0.0.jar;E:\APP\repository_heima-leannews\repository_heima-leannews\org\apache\lucene\lucene-misc\8.0.0\lucene-misc-8.0.0.jar;E:\APP\repository_heima-leannews\repository_heima-leannews\org\apache\lucene\lucene-queries\8.0.0\lucene-queries-8.0.0.jar;E:\APP\repository_heima-leannews\repository_heima-leannews\org\apache\lucene\lucene-queryparser\8.0.0\lucene-queryparser-8.0.0.jar;E:\APP\repository_heima-leannews\repository_heima-leannews\org\apache\lucene\lucene-sandbox\8.0.0\lucene-sandbox-8.0.0.jar;E:\APP\repository_heima-leannews\repository_heima-leannews\org\apache\lucene\lucene-spatial\8.0.0\lucene-spatial-8.0.0.jar;E:\APP\repository_heima-leannews\repository_heima-leannews\org\apache\lucene\lucene-spatial-extras\8.0.0\lucene-spatial-extras-8.0.0.jar;E:\APP\repository_heima-leannews\repository_heima-leannews\org\apache\lucene\lucene-spatial3d\8.0.0\lucene-spatial3d-8.0.0.jar;E:\APP\repository_heima-leannews\repository_heima-leannews\org\apache\lucene\lucene-suggest\8.0.0\lucene-suggest-8.0.0.jar;E:\APP\repository_heima-leannews\repository_heima-leannews\org\elasticsearch\elasticsearch-cli\7.2.0\elasticsearch-cli-7.2.0.jar;E:\APP\repository_heima-leannews\repository_heima-leannews\net\sf\jopt-simple\jopt-simple\5.0.2\jopt-simple-5.0.2.jar;E:\APP\repository_heima-leannews\repository_heima-leannews\com\carrotsearch\hppc\0.7.1\hppc-0.7.1.jar;E:\APP\repository_heima-leannews\repository_heima-leannews\joda-time\joda-time\2.10.2\joda-time-2.10.2.jar;E:\APP\repository_heima-leannews\repository_heima-leannews\com\tdunning\t-digest\3.2\t-digest-3.2.jar;E:\APP\repository_heima-leannews\repository_heima-leannews\org\hdrhistogram\HdrHistogram\2.1.9\HdrHistogram-2.1.9.jar;E:\APP\repository_heima-leannews\repository_heima-leannews\org\apache\logging\log4j\log4j-api\2.11.2\log4j-api-2.11.2.jar;E:\APP\repository_heima-leannews\repository_heima-leannews\org\elasticsearch\jna\4.5.1\jna-4.5.1.jar;E:\APP\repository_heima-leannews\repository_heima-leannews\org\springframework\kafka\spring-kafka\2.2.7.RELEASE\spring-kafka-2.2.7.RELEASE.jar;E:\APP\repository_heima-leannews\repository_heima-leannews\org\springframework\spring-context\5.1.7.RELEASE\spring-context-5.1.7.RELEASE.jar;E:\APP\repository_heima-leannews\repository_heima-leannews\org\springframework\retry\spring-retry\1.2.4.RELEASE\spring-retry-1.2.4.RELEASE.jar;E:\APP\repository_heima-leannews\repository_heima-leannews\org\apache\kafka\kafka-clients\2.0.1\kafka-clients-2.0.1.jar;E:\APP\repository_heima-leannews\repository_heima-leannews\org\lz4\lz4-java\1.4.1\lz4-java-1.4.1.jar;E:\APP\repository_heima-leannews\repository_heima-leannews\org\xerial\snappy\snappy-java\1.1.7.1\snappy-java-1.1.7.1.jar;E:\APP\repository_heima-leannews\repository_heima-leannews\org\apache\kafka\kafka-streams\2.0.1\kafka-streams-2.0.1.jar;E:\APP\repository_heima-leannews\repository_heima-leannews\org\rocksdb\rocksdbjni\5.7.3\rocksdbjni-5.7.3.jar;E:\APP\repository_heima-leannews\repository_heima-leannews\org\quartz-scheduler\quartz\2.3.1\quartz-2.3.1.jar;E:\APP\repository_heima-leannews\repository_heima-leannews\com\mchange\mchange-commons-java\0.2.15\mchange-commons-java-0.2.15.jar;E:\APP\repository_heima-leannews\repository_heima-leannews\com\aliyun\aliyun-java-sdk-core\4.1.1\aliyun-java-sdk-core-4.1.1.jar;E:\APP\repository_heima-leannews\repository_heima-leannews\com\google\code\gson\gson\2.8.5\gson-2.8.5.jar;E:\APP\repository_heima-leannews\repository_heima-leannews\com\sun\xml\bind\jaxb-core\2.1.14\jaxb-core-2.1.14.jar;E:\APP\repository_heima-leannews\repository_heima-leannews\com\sun\xml\bind\jaxb-impl\2.1\jaxb-impl-2.1.jar;E:\APP\repository_heima-leannews\repository_heima-leannews\javax\activation\activation\1.1.1\activation-1.1.1.jar;E:\APP\repository_heima-leannews\repository_heima-leannews\com\aliyun\aliyun-java-sdk-green\3.4.1\aliyun-java-sdk-green-3.4.1.jar;E:\APP\repository_heima-leannews\repository_heima-leannews\com\aliyun\oss\aliyun-sdk-oss\2.8.3\aliyun-sdk-oss-2.8.3.jar;E:\APP\repository_heima-leannews\repository_heima-leannews\org\jdom\jdom\1.1\jdom-1.1.jar;E:\APP\repository_heima-leannews\repository_heima-leannews\org\apache\hbase\hbase-client\2.1.5\hbase-client-2.1.5.jar;E:\APP\repository_heima-leannews\repository_heima-leannews\org\apache\hbase\thirdparty\hbase-shaded-protobuf\2.1.0\hbase-shaded-protobuf-2.1.0.jar;E:\APP\repository_heima-leannews\repository_heima-leannews\org\apache\hbase\hbase-common\2.1.5\hbase-common-2.1.5.jar;E:\APP\repository_heima-leannews\repository_heima-leannews\com\github\stephenc\findbugs\findbugs-annotations\1.3.9-1\findbugs-annotations-1.3.9-1.jar;E:\APP\repository_heima-leannews\repository_heima-leannews\org\apache\hbase\hbase-hadoop-compat\2.1.5\hbase-hadoop-compat-2.1.5.jar;E:\APP\repository_heima-leannews\repository_heima-leannews\org\apache\hbase\hbase-metrics-api\2.1.5\hbase-metrics-api-2.1.5.jar;E:\APP\repository_heima-leannews\repository_heima-leannews\org\apache\hbase\hbase-hadoop2-compat\2.1.5\hbase-hadoop2-compat-2.1.5.jar;E:\APP\repository_heima-leannews\repository_heima-leannews\org\apache\hbase\hbase-metrics\2.1.5\hbase-metrics-2.1.5.jar;E:\APP\repository_heima-leannews\repository_heima-leannews\org\apache\hbase\hbase-protocol-shaded\2.1.5\hbase-protocol-shaded-2.1.5.jar;E:\APP\repository_heima-leannews\repository_heima-leannews\org\apache\hbase\hbase-protocol\2.1.5\hbase-protocol-2.1.5.jar;E:\APP\repository_heima-leannews\repository_heima-leannews\commons-io\commons-io\2.6\commons-io-2.6.jar;E:\APP\repository_heima-leannews\repository_heima-leannews\org\apache\hbase\thirdparty\hbase-shaded-miscellaneous\2.1.0\hbase-shaded-miscellaneous-2.1.0.jar;E:\APP\repository_heima-leannews\repository_heima-leannews\com\google\protobuf\protobuf-java\2.5.0\protobuf-java-2.5.0.jar;E:\APP\repository_heima-leannews\repository_heima-leannews\org\apache\hbase\thirdparty\hbase-shaded-netty\2.1.0\hbase-shaded-netty-2.1.0.jar;E:\APP\repository_heima-leannews\repository_heima-leannews\org\apache\zookeeper\zookeeper\3.4.10\zookeeper-3.4.10.jar;E:\APP\repository_heima-leannews\repository_heima-leannews\org\apache\htrace\htrace-core4\4.2.0-incubating\htrace-core4-4.2.0-incubating.jar;E:\APP\repository_heima-leannews\repository_heima-leannews\org\jruby\jcodings\jcodings\1.0.18\jcodings-1.0.18.jar;E:\APP\repository_heima-leannews\repository_heima-leannews\org\jruby\joni\joni\2.1.11\joni-2.1.11.jar;E:\APP\repository_heima-leannews\repository_heima-leannews\io\dropwizard\metrics\metrics-core\4.0.5\metrics-core-4.0.5.jar;E:\APP\repository_heima-leannews\repository_heima-leannews\org\apache\commons\commons-crypto\1.0.0\commons-crypto-1.0.0.jar;E:\APP\repository_heima-leannews\repository_heima-leannews\org\apache\hadoop\hadoop-auth\2.7.7\hadoop-auth-2.7.7.jar;E:\APP\repository_heima-leannews\repository_heima-leannews\org\apache\directory\server\apacheds-kerberos-codec\2.0.0-M15\apacheds-kerberos-codec-2.0.0-M15.jar;E:\APP\repository_heima-leannews\repository_heima-leannews\org\apache\directory\server\apacheds-i18n\2.0.0-M15\apacheds-i18n-2.0.0-M15.jar;E:\APP\repository_heima-leannews\repository_heima-leannews\org\apache\directory\api\api-asn1-api\1.0.0-M20\api-asn1-api-1.0.0-M20.jar;E:\APP\repository_heima-leannews\repository_heima-leannews\org\apache\directory\api\api-util\1.0.0-M20\api-util-1.0.0-M20.jar;E:\APP\repository_heima-leannews\repository_heima-leannews\org\apache\hadoop\hadoop-common\2.7.7\hadoop-common-2.7.7.jar;E:\APP\repository_heima-leannews\repository_heima-leannews\org\apache\hadoop\hadoop-annotations\2.7.7\hadoop-annotations-2.7.7.jar;E:\APP\jdk\jre\..\lib\tools.jar;E:\APP\repository_heima-leannews\repository_heima-leannews\commons-cli\commons-cli\1.2\commons-cli-1.2.jar;E:\APP\repository_heima-leannews\repository_heima-leannews\org\apache\commons\commons-math3\3.1.1\commons-math3-3.1.1.jar;E:\APP\repository_heima-leannews\repository_heima-leannews\xmlenc\xmlenc\0.52\xmlenc-0.52.jar;E:\APP\repository_heima-leannews\repository_heima-leannews\commons-httpclient\commons-httpclient\3.1\commons-httpclient-3.1.jar;E:\APP\repository_heima-leannews\repository_heima-leannews\commons-net\commons-net\3.1\commons-net-3.1.jar;E:\APP\repository_heima-leannews\repository_heima-leannews\org\mortbay\jetty\jetty-sslengine\6.1.26\jetty-sslengine-6.1.26.jar;E:\APP\repository_heima-leannews\repository_heima-leannews\commons-lang\commons-lang\2.6\commons-lang-2.6.jar;E:\APP\repository_heima-leannews\repository_heima-leannews\commons-configuration\commons-configuration\1.6\commons-configuration-1.6.jar;E:\APP\repository_heima-leannews\repository_heima-leannews\commons-digester\commons-digester\1.8\commons-digester-1.8.jar;E:\APP\repository_heima-leannews\repository_heima-leannews\commons-beanutils\commons-beanutils-core\1.8.0\commons-beanutils-core-1.8.0.jar;E:\APP\repository_heima-leannews\repository_heima-leannews\org\codehaus\jackson\jackson-core-asl\1.9.13\jackson-core-asl-1.9.13.jar;E:\APP\repository_heima-leannews\repository_heima-leannews\org\codehaus\jackson\jackson-mapper-asl\1.9.13\jackson-mapper-asl-1.9.13.jar;E:\APP\repository_heima-leannews\repository_heima-leannews\org\apache\avro\avro\1.7.4\avro-1.7.4.jar;E:\APP\repository_heima-leannews\repository_heima-leannews\com\thoughtworks\paranamer\paranamer\2.3\paranamer-2.3.jar;E:\APP\repository_heima-leannews\repository_heima-leannews\com\jcraft\jsch\0.1.54\jsch-0.1.54.jar;E:\APP\repository_heima-leannews\repository_heima-leannews\com\google\code\findbugs\jsr305\3.0.0\jsr305-3.0.0.jar;E:\APP\repository_heima-leannews\repository_heima-leannews\org\apache\htrace\htrace-core\3.1.0-incubating\htrace-core-3.1.0-incubating.jar;E:\APP\repository_heima-leannews\repository_heima-leannews\org\apache\commons\commons-compress\1.4.1\commons-compress-1.4.1.jar;E:\APP\repository_heima-leannews\repository_heima-leannews\org\tukaani\xz\1.0\xz-1.0.jar;E:\APP\repository_heima-leannews\repository_heima-leannews\org\apache\yetus\audience-annotations\0.5.0\audience-annotations-0.5.0.jar;E:\APP\repository_heima-leannews\repository_heima-leannews\junit\junit\4.12\junit-4.12.jar;E:\APP\heima-leadnews\heima-leadnews\heima-leadnews-apis\target\heima-leadnews-apis-1.0-SNAPSHOT.jar;E:\APP\repository_heima-leannews\repository_heima-leannews\org\springframework\boot\spring-boot-starter-web\2.1.5.RELEASE\spring-boot-starter-web-2.1.5.RELEASE.jar;E:\APP\repository_heima-leannews\repository_heima-leannews\org\springframework\boot\spring-boot-starter-json\2.1.5.RELEASE\spring-boot-starter-json-2.1.5.RELEASE.jar;E:\APP\repository_heima-leannews\repository_heima-leannews\com\fasterxml\jackson\datatype\jackson-datatype-jdk8\2.9.8\jackson-datatype-jdk8-2.9.8.jar;E:\APP\repository_heima-leannews\repository_heima-leannews\com\fasterxml\jackson\datatype\jackson-datatype-jsr310\2.9.8\jackson-datatype-jsr310-2.9.8.jar;E:\APP\repository_heima-leannews\repository_heima-leannews\com\fasterxml\jackson\module\jackson-module-parameter-names\2.9.8\jackson-module-parameter-names-2.9.8.jar;E:\APP\repository_heima-leannews\repository_heima-leannews\org\springframework\boot\spring-boot-starter-tomcat\2.1.5.RELEASE\spring-boot-starter-tomcat-2.1.5.RELEASE.jar;E:\APP\repository_heima-leannews\repository_heima-leannews\org\apache\tomcat\embed\tomcat-embed-core\9.0.19\tomcat-embed-core-9.0.19.jar;E:\APP\repository_heima-leannews\repository_heima-leannews\org\apache\tomcat\embed\tomcat-embed-el\9.0.19\tomcat-embed-el-9.0.19.jar;E:\APP\repository_heima-leannews\repository_heima-leannews\org\apache\tomcat\embed\tomcat-embed-websocket\9.0.19\tomcat-embed-websocket-9.0.19.jar;E:\APP\repository_heima-leannews\repository_heima-leannews\org\hibernate\validator\hibernate-validator\6.0.16.Final\hibernate-validator-6.0.16.Final.jar;E:\APP\repository_heima-leannews\repository_heima-leannews\javax\validation\validation-api\2.0.1.Final\validation-api-2.0.1.Final.jar;E:\APP\repository_heima-leannews\repository_heima-leannews\org\jboss\logging\jboss-logging\3.3.2.Final\jboss-logging-3.3.2.Final.jar;E:\APP\repository_heima-leannews\repository_heima-leannews\com\fasterxml\classmate\1.4.0\classmate-1.4.0.jar;E:\APP\repository_heima-leannews\repository_heima-leannews\org\springframework\spring-web\5.1.7.RELEASE\spring-web-5.1.7.RELEASE.jar;E:\APP\repository_heima-leannews\repository_heima-leannews\org\springframework\spring-beans\5.1.7.RELEASE\spring-beans-5.1.7.RELEASE.jar;E:\APP\repository_heima-leannews\repository_heima-leannews\org\springframework\spring-webmvc\5.1.7.RELEASE\spring-webmvc-5.1.7.RELEASE.jar;E:\APP\repository_heima-leannews\repository_heima-leannews\org\springframework\spring-expression\5.1.7.RELEASE\spring-expression-5.1.7.RELEASE.jar;E:\APP\repository_heima-leannews\repository_heima-leannews\org\springframework\boot\spring-boot-starter-data-mongodb\2.1.5.RELEASE\spring-boot-starter-data-mongodb-2.1.5.RELEASE.jar;E:\APP\repository_heima-leannews\repository_heima-leannews\org\mongodb\mongodb-driver\3.8.2\mongodb-driver-3.8.2.jar;E:\APP\repository_heima-leannews\repository_heima-leannews\org\mongodb\bson\3.8.2\bson-3.8.2.jar;E:\APP\repository_heima-leannews\repository_heima-leannews\org\mongodb\mongodb-driver-core\3.8.2\mongodb-driver-core-3.8.2.jar;E:\APP\repository_heima-leannews\repository_heima-leannews\org\springframework\data\spring-data-mongodb\2.1.8.RELEASE\spring-data-mongodb-2.1.8.RELEASE.jar;E:\APP\repository_heima-leannews\repository_heima-leannews\org\springframework\data\spring-data-commons\2.1.8.RELEASE\spring-data-commons-2.1.8.RELEASE.jar;E:\APP\repository_heima-leannews\repository_heima-leannews\org\springframework\boot\spring-boot-starter-test\2.1.5.RELEASE\spring-boot-starter-test-2.1.5.RELEASE.jar;E:\APP\repository_heima-leannews\repository_heima-leannews\org\springframework\boot\spring-boot-test-autoconfigure\2.1.5.RELEASE\spring-boot-test-autoconfigure-2.1.5.RELEASE.jar;E:\APP\repository_heima-leannews\repository_heima-leannews\com\jayway\jsonpath\json-path\2.4.0\json-path-2.4.0.jar;E:\APP\repository_heima-leannews\repository_heima-leannews\net\minidev\json-smart\2.3\json-smart-2.3.jar;E:\APP\repository_heima-leannews\repository_heima-leannews\net\minidev\accessors-smart\1.2\accessors-smart-1.2.jar;E:\APP\repository_heima-leannews\repository_heima-leannews\org\ow2\asm\asm\5.0.4\asm-5.0.4.jar;E:\APP\repository_heima-leannews\repository_heima-leannews\org\assertj\assertj-core\3.11.1\assertj-core-3.11.1.jar;E:\APP\repository_heima-leannews\repository_heima-leannews\org\mockito\mockito-core\2.23.4\mockito-core-2.23.4.jar;E:\APP\repository_heima-leannews\repository_heima-leannews\net\bytebuddy\byte-buddy\1.9.12\byte-buddy-1.9.12.jar;E:\APP\repository_heima-leannews\repository_heima-leannews\net\bytebuddy\byte-buddy-agent\1.9.12\byte-buddy-agent-1.9.12.jar;E:\APP\repository_heima-leannews\repository_heima-leannews\org\objenesis\objenesis\2.6\objenesis-2.6.jar;E:\APP\repository_heima-leannews\repository_heima-leannews\org\hamcrest\hamcrest-core\1.3\hamcrest-core-1.3.jar;E:\APP\repository_heima-leannews\repository_heima-leannews\org\hamcrest\hamcrest-library\1.3\hamcrest-library-1.3.jar;E:\APP\repository_heima-leannews\repository_heima-leannews\org\skyscreamer\jsonassert\1.5.0\jsonassert-1.5.0.jar;E:\APP\repository_heima-leannews\repository_heima-leannews\com\vaadin\external\google\android-json\0.0.20131108.vaadin1\android-json-0.0.20131108.vaadin1.jar;E:\APP\repository_heima-leannews\repository_heima-leannews\org\springframework\spring-core\5.1.7.RELEASE\spring-core-5.1.7.RELEASE.jar;E:\APP\repository_heima-leannews\repository_heima-leannews\org\springframework\spring-jcl\5.1.7.RELEASE\spring-jcl-5.1.7.RELEASE.jar;E:\APP\repository_heima-leannews\repository_heima-leannews\org\springframework\spring-test\5.1.7.RELEASE\spring-test-5.1.7.RELEASE.jar;E:\APP\repository_heima-leannews\repository_heima-leannews\org\xmlunit\xmlunit-core\2.6.2\xmlunit-core-2.6.2.jar;E:\APP\repository_heima-leannews\repository_heima-leannews\org\jsoup\jsoup\1.10.2\jsoup-1.10.2.jar;E:\APP\repository_heima-leannews\repository_heima-leannews\com\fasterxml\jackson\dataformat\jackson-dataformat-cbor\2.9.8\jackson-dataformat-cbor-2.9.8.jar;E:\APP\repository_heima-leannews\repository_heima-leannews\com\fasterxml\jackson\core\jackson-core\2.9.8\jackson-core-2.9.8.jar;E:\APP\repository_heima-leannews\repository_heima-leannews\com\fasterxml\jackson\dataformat\jackson-dataformat-xml\2.9.8\jackson-dataformat-xml-2.9.8.jar;E:\APP\repository_heima-leannews\repository_heima-leannews\com\fasterxml\jackson\core\jackson-annotations\2.9.0\jackson-annotations-2.9.0.jar;E:\APP\repository_heima-leannews\repository_heima-leannews\com\fasterxml\jackson\core\jackson-databind\2.9.8\jackson-databind-2.9.8.jar;E:\APP\repository_heima-leannews\repository_heima-leannews\com\fasterxml\jackson\module\jackson-module-jaxb-annotations\2.9.8\jackson-module-jaxb-annotations-2.9.8.jar;E:\APP\repository_heima-leannews\repository_heima-leannews\org\codehaus\woodstox\stax2-api\3.1.4\stax2-api-3.1.4.jar;E:\APP\repository_heima-leannews\repository_heima-leannews\com\fasterxml\woodstox\woodstox-core\5.0.3\woodstox-core-5.0.3.jar;E:\APP\repository_heima-leannews\repository_heima-leannews\org\springframework\boot\spring-boot-starter-log4j2\2.1.5.RELEASE\spring-boot-starter-log4j2-2.1.5.RELEASE.jar;E:\APP\repository_heima-leannews\repository_heima-leannews\org\apache\logging\log4j\log4j-slf4j-impl\2.11.2\log4j-slf4j-impl-2.11.2.jar;E:\APP\repository_heima-leannews\repository_heima-leannews\org\apache\logging\log4j\log4j-core\2.11.2\log4j-core-2.11.2.jar;E:\APP\repository_heima-leannews\repository_heima-leannews\org\apache\logging\log4j\log4j-jul\2.11.2\log4j-jul-2.11.2.jar;E:\APP\repository_heima-leannews\repository_heima-leannews\org\slf4j\jul-to-slf4j\1.7.26\jul-to-slf4j-1.7.26.jar;E:\APP\repository_heima-leannews\repository_heima-leannews\org\projectlombok\lombok\1.18.8\lombok-1.18.8.jar;E:\APP\repository_heima-leannews\repository_heima-leannews\org\springframework\boot\spring-boot-autoconfigure\2.1.5.RELEASE\spring-boot-autoconfigure-2.1.5.RELEASE.jar;E:\APP\repository_heima-leannews\repository_heima-leannews\org\springframework\boot\spring-boot\2.1.5.RELEASE\spring-boot-2.1.5.RELEASE.jar;"/>
    <property name="java.vm.vendor" value="Oracle Corporation"/>
    <property name="sun.arch.data.model" value="64"/>
    <property name="user.variant" value=""/>
    <property name="java.vendor.url" value="http://java.oracle.com/"/>
    <property name="user.timezone" value="Asia/Shanghai"/>
    <property name="java.vm.specification.version" value="1.8"/>
    <property name="os.name" value="Windows 10"/>
    <property name="user.country" value="CN"/>
    <property name="sun.java.launcher" value="SUN_STANDARD"/>
    <property name="sun.boot.library.path" value="E:\APP\jdk\jre\bin"/>
    <property name="sun.java.command" value="C:\Users\Lenovo\AppData\Local\Temp\surefire644677294074472009\surefirebooter4000275239390720154.jar C:\Users\Lenovo\AppData\Local\Temp\surefire644677294074472009 2020-12-04T15-05-27_173-jvmRun1 surefire3897900753853165357tmp surefire_16553646815717521103tmp"/>
    <property name="surefire.test.class.path" value="E:\APP\heima-leadnews\heima-leadnews\heima-leadnews-media\target\test-classes;E:\APP\heima-leadnews\heima-leadnews\heima-leadnews-media\target\classes;E:\APP\heima-leadnews\heima-leadnews\heima-leadnews-model\target\heima-leadnews-model-1.0-SNAPSHOT.jar;E:\APP\repository_heima-leannews\repository_heima-leannews\org\springframework\boot\spring-boot-starter-data-jpa\2.1.5.RELEASE\spring-boot-starter-data-jpa-2.1.5.RELEASE.jar;E:\APP\repository_heima-leannews\repository_heima-leannews\javax\transaction\javax.transaction-api\1.3\javax.transaction-api-1.3.jar;E:\APP\repository_heima-leannews\repository_heima-leannews\javax\xml\bind\jaxb-api\2.3.1\jaxb-api-2.3.1.jar;E:\APP\repository_heima-leannews\repository_heima-leannews\javax\activation\javax.activation-api\1.2.0\javax.activation-api-1.2.0.jar;E:\APP\repository_heima-leannews\repository_heima-leannews\org\hibernate\hibernate-core\5.3.10.Final\hibernate-core-5.3.10.Final.jar;E:\APP\repository_heima-leannews\repository_heima-leannews\javax\persistence\javax.persistence-api\2.2\javax.persistence-api-2.2.jar;E:\APP\repository_heima-leannews\repository_heima-leannews\antlr\antlr\2.7.7\antlr-2.7.7.jar;E:\APP\repository_heima-leannews\repository_heima-leannews\org\jboss\jandex\2.0.5.Final\jandex-2.0.5.Final.jar;E:\APP\repository_heima-leannews\repository_heima-leannews\org\dom4j\dom4j\2.1.1\dom4j-2.1.1.jar;E:\APP\repository_heima-leannews\repository_heima-leannews\org\hibernate\common\hibernate-commons-annotations\5.0.4.Final\hibernate-commons-annotations-5.0.4.Final.jar;E:\APP\repository_heima-leannews\repository_heima-leannews\org\springframework\data\spring-data-jpa\2.1.8.RELEASE\spring-data-jpa-2.1.8.RELEASE.jar;E:\APP\repository_heima-leannews\repository_heima-leannews\org\springframework\spring-orm\5.1.7.RELEASE\spring-orm-5.1.7.RELEASE.jar;E:\APP\repository_heima-leannews\repository_heima-leannews\org\springframework\spring-aspects\5.1.7.RELEASE\spring-aspects-5.1.7.RELEASE.jar;E:\APP\repository_heima-leannews\repository_heima-leannews\mysql\mysql-connector-java\5.1.47\mysql-connector-java-5.1.47.jar;E:\APP\repository_heima-leannews\repository_heima-leannews\org\mybatis\mybatis\3.5.1\mybatis-3.5.1.jar;E:\APP\repository_heima-leannews\repository_heima-leannews\org\apache\commons\commons-lang3\3.5\commons-lang3-3.5.jar;E:\APP\heima-leadnews\heima-leadnews\heima-leadnews-common\target\heima-leadnews-common-1.0-SNAPSHOT.jar;E:\APP\heima-leadnews\heima-leadnews\heima-leadnews-utils\target\heima-leadnews-utils-1.0-SNAPSHOT.jar;E:\APP\repository_heima-leannews\repository_heima-leannews\commons-codec\commons-codec\1.12\commons-codec-1.12.jar;E:\APP\repository_heima-leannews\repository_heima-leannews\com\alibaba\fastjson\1.2.58\fastjson-1.2.58.jar;E:\APP\repository_heima-leannews\repository_heima-leannews\io\jsonwebtoken\jjwt\0.9.1\jjwt-0.9.1.jar;E:\APP\repository_heima-leannews\repository_heima-leannews\com\hankcs\hanlp\portable-1.3.4\hanlp-portable-1.3.4.jar;E:\APP\repository_heima-leannews\repository_heima-leannews\commons-beanutils\commons-beanutils\1.9.3\commons-beanutils-1.9.3.jar;E:\APP\repository_heima-leannews\repository_heima-leannews\commons-logging\commons-logging\1.2\commons-logging-1.2.jar;E:\APP\repository_heima-leannews\repository_heima-leannews\commons-collections\commons-collections\3.2.2\commons-collections-3.2.2.jar;E:\APP\repository_heima-leannews\repository_heima-leannews\org\reflections\reflections\0.9.11\reflections-0.9.11.jar;E:\APP\repository_heima-leannews\repository_heima-leannews\com\google\guava\guava\20.0\guava-20.0.jar;E:\APP\repository_heima-leannews\repository_heima-leannews\org\javassist\javassist\3.21.0-GA\javassist-3.21.0-GA.jar;E:\APP\repository_heima-leannews\repository_heima-leannews\org\springframework\boot\spring-boot-starter-jdbc\2.1.5.RELEASE\spring-boot-starter-jdbc-2.1.5.RELEASE.jar;E:\APP\repository_heima-leannews\repository_heima-leannews\com\zaxxer\HikariCP\3.2.0\HikariCP-3.2.0.jar;E:\APP\repository_heima-leannews\repository_heima-leannews\org\springframework\spring-jdbc\5.1.7.RELEASE\spring-jdbc-5.1.7.RELEASE.jar;E:\APP\repository_heima-leannews\repository_heima-leannews\org\springframework\boot\spring-boot-starter-quartz\2.1.5.RELEASE\spring-boot-starter-quartz-2.1.5.RELEASE.jar;E:\APP\repository_heima-leannews\repository_heima-leannews\org\springframework\spring-context-support\5.1.7.RELEASE\spring-context-support-5.1.7.RELEASE.jar;E:\APP\repository_heima-leannews\repository_heima-leannews\org\springframework\spring-tx\5.1.7.RELEASE\spring-tx-5.1.7.RELEASE.jar;E:\APP\repository_heima-leannews\repository_heima-leannews\org\springframework\boot\spring-boot-starter-websocket\2.1.5.RELEASE\spring-boot-starter-websocket-2.1.5.RELEASE.jar;E:\APP\repository_heima-leannews\repository_heima-leannews\org\springframework\spring-messaging\5.1.7.RELEASE\spring-messaging-5.1.7.RELEASE.jar;E:\APP\repository_heima-leannews\repository_heima-leannews\org\springframework\spring-websocket\5.1.7.RELEASE\spring-websocket-5.1.7.RELEASE.jar;E:\APP\repository_heima-leannews\repository_heima-leannews\org\springframework\boot\spring-boot-starter-aop\2.1.5.RELEASE\spring-boot-starter-aop-2.1.5.RELEASE.jar;E:\APP\repository_heima-leannews\repository_heima-leannews\org\springframework\spring-aop\5.1.7.RELEASE\spring-aop-5.1.7.RELEASE.jar;E:\APP\repository_heima-leannews\repository_heima-leannews\org\aspectj\aspectjweaver\1.9.4\aspectjweaver-1.9.4.jar;E:\APP\repository_heima-leannews\repository_heima-leannews\org\springframework\boot\spring-boot-test\2.1.5.RELEASE\spring-boot-test-2.1.5.RELEASE.jar;E:\APP\repository_heima-leannews\repository_heima-leannews\org\springframework\boot\spring-boot-starter\2.1.5.RELEASE\spring-boot-starter-2.1.5.RELEASE.jar;E:\APP\repository_heima-leannews\repository_heima-leannews\javax\annotation\javax.annotation-api\1.3.2\javax.annotation-api-1.3.2.jar;E:\APP\repository_heima-leannews\repository_heima-leannews\org\yaml\snakeyaml\1.23\snakeyaml-1.23.jar;E:\APP\repository_heima-leannews\repository_heima-leannews\org\springframework\boot\spring-boot-starter-actuator\2.1.5.RELEASE\spring-boot-starter-actuator-2.1.5.RELEASE.jar;E:\APP\repository_heima-leannews\repository_heima-leannews\org\springframework\boot\spring-boot-actuator-autoconfigure\2.1.5.RELEASE\spring-boot-actuator-autoconfigure-2.1.5.RELEASE.jar;E:\APP\repository_heima-leannews\repository_heima-leannews\org\springframework\boot\spring-boot-actuator\2.1.5.RELEASE\spring-boot-actuator-2.1.5.RELEASE.jar;E:\APP\repository_heima-leannews\repository_heima-leannews\io\micrometer\micrometer-core\1.1.4\micrometer-core-1.1.4.jar;E:\APP\repository_heima-leannews\repository_heima-leannews\org\latencyutils\LatencyUtils\2.0.3\LatencyUtils-2.0.3.jar;E:\APP\repository_heima-leannews\repository_heima-leannews\org\springframework\boot\spring-boot-starter-data-redis\2.1.5.RELEASE\spring-boot-starter-data-redis-2.1.5.RELEASE.jar;E:\APP\repository_heima-leannews\repository_heima-leannews\org\springframework\data\spring-data-redis\2.1.8.RELEASE\spring-data-redis-2.1.8.RELEASE.jar;E:\APP\repository_heima-leannews\repository_heima-leannews\org\springframework\data\spring-data-keyvalue\2.1.8.RELEASE\spring-data-keyvalue-2.1.8.RELEASE.jar;E:\APP\repository_heima-leannews\repository_heima-leannews\org\springframework\spring-oxm\5.1.7.RELEASE\spring-oxm-5.1.7.RELEASE.jar;E:\APP\repository_heima-leannews\repository_heima-leannews\io\lettuce\lettuce-core\5.1.6.RELEASE\lettuce-core-5.1.6.RELEASE.jar;E:\APP\repository_heima-leannews\repository_heima-leannews\io\netty\netty-common\4.1.36.Final\netty-common-4.1.36.Final.jar;E:\APP\repository_heima-leannews\repository_heima-leannews\io\netty\netty-handler\4.1.36.Final\netty-handler-4.1.36.Final.jar;E:\APP\repository_heima-leannews\repository_heima-leannews\io\netty\netty-buffer\4.1.36.Final\netty-buffer-4.1.36.Final.jar;E:\APP\repository_heima-leannews\repository_heima-leannews\io\netty\netty-codec\4.1.36.Final\netty-codec-4.1.36.Final.jar;E:\APP\repository_heima-leannews\repository_heima-leannews\io\netty\netty-transport\4.1.36.Final\netty-transport-4.1.36.Final.jar;E:\APP\repository_heima-leannews\repository_heima-leannews\io\netty\netty-resolver\4.1.36.Final\netty-resolver-4.1.36.Final.jar;E:\APP\repository_heima-leannews\repository_heima-leannews\io\projectreactor\reactor-core\3.2.9.RELEASE\reactor-core-3.2.9.RELEASE.jar;E:\APP\repository_heima-leannews\repository_heima-leannews\org\reactivestreams\reactive-streams\1.0.2\reactive-streams-1.0.2.jar;E:\APP\repository_heima-leannews\repository_heima-leannews\org\apache\commons\commons-pool2\2.6.2\commons-pool2-2.6.2.jar;E:\APP\repository_heima-leannews\repository_heima-leannews\org\springframework\boot\spring-boot-starter-cache\2.1.5.RELEASE\spring-boot-starter-cache-2.1.5.RELEASE.jar;E:\APP\repository_heima-leannews\repository_heima-leannews\org\mybatis\mybatis-spring\2.0.1\mybatis-spring-2.0.1.jar;E:\APP\repository_heima-leannews\repository_heima-leannews\org\apache\curator\curator-framework\4.2.0\curator-framework-4.2.0.jar;E:\APP\repository_heima-leannews\repository_heima-leannews\org\apache\curator\curator-client\4.2.0\curator-client-4.2.0.jar;E:\APP\repository_heima-leannews\repository_heima-leannews\org\apache\curator\curator-recipes\4.2.0\curator-recipes-4.2.0.jar;E:\APP\repository_heima-leannews\repository_heima-leannews\com\luhuiguo\fastdfs-spring-boot-starter\0.2.0\fastdfs-spring-boot-starter-0.2.0.jar;E:\APP\repository_heima-leannews\repository_heima-leannews\com\luhuiguo\fastdfs-client\0.4.0\fastdfs-client-0.4.0.jar;E:\APP\repository_heima-leannews\repository_heima-leannews\org\slf4j\jcl-over-slf4j\1.7.26\jcl-over-slf4j-1.7.26.jar;E:\APP\repository_heima-leannews\repository_heima-leannews\io\searchbox\jest\6.3.1\jest-6.3.1.jar;E:\APP\repository_heima-leannews\repository_heima-leannews\io\searchbox\jest-common\6.3.1\jest-common-6.3.1.jar;E:\APP\repository_heima-leannews\repository_heima-leannews\org\apache\httpcomponents\httpcore-nio\4.4.11\httpcore-nio-4.4.11.jar;E:\APP\repository_heima-leannews\repository_heima-leannews\org\apache\httpcomponents\httpcore\4.4.11\httpcore-4.4.11.jar;E:\APP\repository_heima-leannews\repository_heima-leannews\org\apache\httpcomponents\httpclient\4.5.8\httpclient-4.5.8.jar;E:\APP\repository_heima-leannews\repository_heima-leannews\org\apache\httpcomponents\httpasyncclient\4.1.4\httpasyncclient-4.1.4.jar;E:\APP\repository_heima-leannews\repository_heima-leannews\org\slf4j\slf4j-api\1.7.26\slf4j-api-1.7.26.jar;E:\APP\repository_heima-leannews\repository_heima-leannews\org\elasticsearch\elasticsearch\7.2.0\elasticsearch-7.2.0.jar;E:\APP\repository_heima-leannews\repository_heima-leannews\org\elasticsearch\elasticsearch-core\7.2.0\elasticsearch-core-7.2.0.jar;E:\APP\repository_heima-leannews\repository_heima-leannews\org\elasticsearch\elasticsearch-secure-sm\7.2.0\elasticsearch-secure-sm-7.2.0.jar;E:\APP\repository_heima-leannews\repository_heima-leannews\org\elasticsearch\elasticsearch-x-content\7.2.0\elasticsearch-x-content-7.2.0.jar;E:\APP\repository_heima-leannews\repository_heima-leannews\com\fasterxml\jackson\dataformat\jackson-dataformat-smile\2.9.8\jackson-dataformat-smile-2.9.8.jar;E:\APP\repository_heima-leannews\repository_heima-leannews\com\fasterxml\jackson\dataformat\jackson-dataformat-yaml\2.9.8\jackson-dataformat-yaml-2.9.8.jar;E:\APP\repository_heima-leannews\repository_heima-leannews\org\elasticsearch\elasticsearch-geo\7.2.0\elasticsearch-geo-7.2.0.jar;E:\APP\repository_heima-leannews\repository_heima-leannews\org\apache\lucene\lucene-core\8.0.0\lucene-core-8.0.0.jar;E:\APP\repository_heima-leannews\repository_heima-leannews\org\apache\lucene\lucene-analyzers-common\8.0.0\lucene-analyzers-common-8.0.0.jar;E:\APP\repository_heima-leannews\repository_heima-leannews\org\apache\lucene\lucene-backward-codecs\8.0.0\lucene-backward-codecs-8.0.0.jar;E:\APP\repository_heima-leannews\repository_heima-leannews\org\apache\lucene\lucene-grouping\8.0.0\lucene-grouping-8.0.0.jar;E:\APP\repository_heima-leannews\repository_heima-leannews\org\apache\lucene\lucene-highlighter\8.0.0\lucene-highlighter-8.0.0.jar;E:\APP\repository_heima-leannews\repository_heima-leannews\org\apache\lucene\lucene-join\8.0.0\lucene-join-8.0.0.jar;E:\APP\repository_heima-leannews\repository_heima-leannews\org\apache\lucene\lucene-memory\8.0.0\lucene-memory-8.0.0.jar;E:\APP\repository_heima-leannews\repository_heima-leannews\org\apache\lucene\lucene-misc\8.0.0\lucene-misc-8.0.0.jar;E:\APP\repository_heima-leannews\repository_heima-leannews\org\apache\lucene\lucene-queries\8.0.0\lucene-queries-8.0.0.jar;E:\APP\repository_heima-leannews\repository_heima-leannews\org\apache\lucene\lucene-queryparser\8.0.0\lucene-queryparser-8.0.0.jar;E:\APP\repository_heima-leannews\repository_heima-leannews\org\apache\lucene\lucene-sandbox\8.0.0\lucene-sandbox-8.0.0.jar;E:\APP\repository_heima-leannews\repository_heima-leannews\org\apache\lucene\lucene-spatial\8.0.0\lucene-spatial-8.0.0.jar;E:\APP\repository_heima-leannews\repository_heima-leannews\org\apache\lucene\lucene-spatial-extras\8.0.0\lucene-spatial-extras-8.0.0.jar;E:\APP\repository_heima-leannews\repository_heima-leannews\org\apache\lucene\lucene-spatial3d\8.0.0\lucene-spatial3d-8.0.0.jar;E:\APP\repository_heima-leannews\repository_heima-leannews\org\apache\lucene\lucene-suggest\8.0.0\lucene-suggest-8.0.0.jar;E:\APP\repository_heima-leannews\repository_heima-leannews\org\elasticsearch\elasticsearch-cli\7.2.0\elasticsearch-cli-7.2.0.jar;E:\APP\repository_heima-leannews\repository_heima-leannews\net\sf\jopt-simple\jopt-simple\5.0.2\jopt-simple-5.0.2.jar;E:\APP\repository_heima-leannews\repository_heima-leannews\com\carrotsearch\hppc\0.7.1\hppc-0.7.1.jar;E:\APP\repository_heima-leannews\repository_heima-leannews\joda-time\joda-time\2.10.2\joda-time-2.10.2.jar;E:\APP\repository_heima-leannews\repository_heima-leannews\com\tdunning\t-digest\3.2\t-digest-3.2.jar;E:\APP\repository_heima-leannews\repository_heima-leannews\org\hdrhistogram\HdrHistogram\2.1.9\HdrHistogram-2.1.9.jar;E:\APP\repository_heima-leannews\repository_heima-leannews\org\apache\logging\log4j\log4j-api\2.11.2\log4j-api-2.11.2.jar;E:\APP\repository_heima-leannews\repository_heima-leannews\org\elasticsearch\jna\4.5.1\jna-4.5.1.jar;E:\APP\repository_heima-leannews\repository_heima-leannews\org\springframework\kafka\spring-kafka\2.2.7.RELEASE\spring-kafka-2.2.7.RELEASE.jar;E:\APP\repository_heima-leannews\repository_heima-leannews\org\springframework\spring-context\5.1.7.RELEASE\spring-context-5.1.7.RELEASE.jar;E:\APP\repository_heima-leannews\repository_heima-leannews\org\springframework\retry\spring-retry\1.2.4.RELEASE\spring-retry-1.2.4.RELEASE.jar;E:\APP\repository_heima-leannews\repository_heima-leannews\org\apache\kafka\kafka-clients\2.0.1\kafka-clients-2.0.1.jar;E:\APP\repository_heima-leannews\repository_heima-leannews\org\lz4\lz4-java\1.4.1\lz4-java-1.4.1.jar;E:\APP\repository_heima-leannews\repository_heima-leannews\org\xerial\snappy\snappy-java\1.1.7.1\snappy-java-1.1.7.1.jar;E:\APP\repository_heima-leannews\repository_heima-leannews\org\apache\kafka\kafka-streams\2.0.1\kafka-streams-2.0.1.jar;E:\APP\repository_heima-leannews\repository_heima-leannews\org\rocksdb\rocksdbjni\5.7.3\rocksdbjni-5.7.3.jar;E:\APP\repository_heima-leannews\repository_heima-leannews\org\quartz-scheduler\quartz\2.3.1\quartz-2.3.1.jar;E:\APP\repository_heima-leannews\repository_heima-leannews\com\mchange\mchange-commons-java\0.2.15\mchange-commons-java-0.2.15.jar;E:\APP\repository_heima-leannews\repository_heima-leannews\com\aliyun\aliyun-java-sdk-core\4.1.1\aliyun-java-sdk-core-4.1.1.jar;E:\APP\repository_heima-leannews\repository_heima-leannews\com\google\code\gson\gson\2.8.5\gson-2.8.5.jar;E:\APP\repository_heima-leannews\repository_heima-leannews\com\sun\xml\bind\jaxb-core\2.1.14\jaxb-core-2.1.14.jar;E:\APP\repository_heima-leannews\repository_heima-leannews\com\sun\xml\bind\jaxb-impl\2.1\jaxb-impl-2.1.jar;E:\APP\repository_heima-leannews\repository_heima-leannews\javax\activation\activation\1.1.1\activation-1.1.1.jar;E:\APP\repository_heima-leannews\repository_heima-leannews\com\aliyun\aliyun-java-sdk-green\3.4.1\aliyun-java-sdk-green-3.4.1.jar;E:\APP\repository_heima-leannews\repository_heima-leannews\com\aliyun\oss\aliyun-sdk-oss\2.8.3\aliyun-sdk-oss-2.8.3.jar;E:\APP\repository_heima-leannews\repository_heima-leannews\org\jdom\jdom\1.1\jdom-1.1.jar;E:\APP\repository_heima-leannews\repository_heima-leannews\org\apache\hbase\hbase-client\2.1.5\hbase-client-2.1.5.jar;E:\APP\repository_heima-leannews\repository_heima-leannews\org\apache\hbase\thirdparty\hbase-shaded-protobuf\2.1.0\hbase-shaded-protobuf-2.1.0.jar;E:\APP\repository_heima-leannews\repository_heima-leannews\org\apache\hbase\hbase-common\2.1.5\hbase-common-2.1.5.jar;E:\APP\repository_heima-leannews\repository_heima-leannews\com\github\stephenc\findbugs\findbugs-annotations\1.3.9-1\findbugs-annotations-1.3.9-1.jar;E:\APP\repository_heima-leannews\repository_heima-leannews\org\apache\hbase\hbase-hadoop-compat\2.1.5\hbase-hadoop-compat-2.1.5.jar;E:\APP\repository_heima-leannews\repository_heima-leannews\org\apache\hbase\hbase-metrics-api\2.1.5\hbase-metrics-api-2.1.5.jar;E:\APP\repository_heima-leannews\repository_heima-leannews\org\apache\hbase\hbase-hadoop2-compat\2.1.5\hbase-hadoop2-compat-2.1.5.jar;E:\APP\repository_heima-leannews\repository_heima-leannews\org\apache\hbase\hbase-metrics\2.1.5\hbase-metrics-2.1.5.jar;E:\APP\repository_heima-leannews\repository_heima-leannews\org\apache\hbase\hbase-protocol-shaded\2.1.5\hbase-protocol-shaded-2.1.5.jar;E:\APP\repository_heima-leannews\repository_heima-leannews\org\apache\hbase\hbase-protocol\2.1.5\hbase-protocol-2.1.5.jar;E:\APP\repository_heima-leannews\repository_heima-leannews\commons-io\commons-io\2.6\commons-io-2.6.jar;E:\APP\repository_heima-leannews\repository_heima-leannews\org\apache\hbase\thirdparty\hbase-shaded-miscellaneous\2.1.0\hbase-shaded-miscellaneous-2.1.0.jar;E:\APP\repository_heima-leannews\repository_heima-leannews\com\google\protobuf\protobuf-java\2.5.0\protobuf-java-2.5.0.jar;E:\APP\repository_heima-leannews\repository_heima-leannews\org\apache\hbase\thirdparty\hbase-shaded-netty\2.1.0\hbase-shaded-netty-2.1.0.jar;E:\APP\repository_heima-leannews\repository_heima-leannews\org\apache\zookeeper\zookeeper\3.4.10\zookeeper-3.4.10.jar;E:\APP\repository_heima-leannews\repository_heima-leannews\org\apache\htrace\htrace-core4\4.2.0-incubating\htrace-core4-4.2.0-incubating.jar;E:\APP\repository_heima-leannews\repository_heima-leannews\org\jruby\jcodings\jcodings\1.0.18\jcodings-1.0.18.jar;E:\APP\repository_heima-leannews\repository_heima-leannews\org\jruby\joni\joni\2.1.11\joni-2.1.11.jar;E:\APP\repository_heima-leannews\repository_heima-leannews\io\dropwizard\metrics\metrics-core\4.0.5\metrics-core-4.0.5.jar;E:\APP\repository_heima-leannews\repository_heima-leannews\org\apache\commons\commons-crypto\1.0.0\commons-crypto-1.0.0.jar;E:\APP\repository_heima-leannews\repository_heima-leannews\org\apache\hadoop\hadoop-auth\2.7.7\hadoop-auth-2.7.7.jar;E:\APP\repository_heima-leannews\repository_heima-leannews\org\apache\directory\server\apacheds-kerberos-codec\2.0.0-M15\apacheds-kerberos-codec-2.0.0-M15.jar;E:\APP\repository_heima-leannews\repository_heima-leannews\org\apache\directory\server\apacheds-i18n\2.0.0-M15\apacheds-i18n-2.0.0-M15.jar;E:\APP\repository_heima-leannews\repository_heima-leannews\org\apache\directory\api\api-asn1-api\1.0.0-M20\api-asn1-api-1.0.0-M20.jar;E:\APP\repository_heima-leannews\repository_heima-leannews\org\apache\directory\api\api-util\1.0.0-M20\api-util-1.0.0-M20.jar;E:\APP\repository_heima-leannews\repository_heima-leannews\org\apache\hadoop\hadoop-common\2.7.7\hadoop-common-2.7.7.jar;E:\APP\repository_heima-leannews\repository_heima-leannews\org\apache\hadoop\hadoop-annotations\2.7.7\hadoop-annotations-2.7.7.jar;E:\APP\jdk\jre\..\lib\tools.jar;E:\APP\repository_heima-leannews\repository_heima-leannews\commons-cli\commons-cli\1.2\commons-cli-1.2.jar;E:\APP\repository_heima-leannews\repository_heima-leannews\org\apache\commons\commons-math3\3.1.1\commons-math3-3.1.1.jar;E:\APP\repository_heima-leannews\repository_heima-leannews\xmlenc\xmlenc\0.52\xmlenc-0.52.jar;E:\APP\repository_heima-leannews\repository_heima-leannews\commons-httpclient\commons-httpclient\3.1\commons-httpclient-3.1.jar;E:\APP\repository_heima-leannews\repository_heima-leannews\commons-net\commons-net\3.1\commons-net-3.1.jar;E:\APP\repository_heima-leannews\repository_heima-leannews\org\mortbay\jetty\jetty-sslengine\6.1.26\jetty-sslengine-6.1.26.jar;E:\APP\repository_heima-leannews\repository_heima-leannews\commons-lang\commons-lang\2.6\commons-lang-2.6.jar;E:\APP\repository_heima-leannews\repository_heima-leannews\commons-configuration\commons-configuration\1.6\commons-configuration-1.6.jar;E:\APP\repository_heima-leannews\repository_heima-leannews\commons-digester\commons-digester\1.8\commons-digester-1.8.jar;E:\APP\repository_heima-leannews\repository_heima-leannews\commons-beanutils\commons-beanutils-core\1.8.0\commons-beanutils-core-1.8.0.jar;E:\APP\repository_heima-leannews\repository_heima-leannews\org\codehaus\jackson\jackson-core-asl\1.9.13\jackson-core-asl-1.9.13.jar;E:\APP\repository_heima-leannews\repository_heima-leannews\org\codehaus\jackson\jackson-mapper-asl\1.9.13\jackson-mapper-asl-1.9.13.jar;E:\APP\repository_heima-leannews\repository_heima-leannews\org\apache\avro\avro\1.7.4\avro-1.7.4.jar;E:\APP\repository_heima-leannews\repository_heima-leannews\com\thoughtworks\paranamer\paranamer\2.3\paranamer-2.3.jar;E:\APP\repository_heima-leannews\repository_heima-leannews\com\jcraft\jsch\0.1.54\jsch-0.1.54.jar;E:\APP\repository_heima-leannews\repository_heima-leannews\com\google\code\findbugs\jsr305\3.0.0\jsr305-3.0.0.jar;E:\APP\repository_heima-leannews\repository_heima-leannews\org\apache\htrace\htrace-core\3.1.0-incubating\htrace-core-3.1.0-incubating.jar;E:\APP\repository_heima-leannews\repository_heima-leannews\org\apache\commons\commons-compress\1.4.1\commons-compress-1.4.1.jar;E:\APP\repository_heima-leannews\repository_heima-leannews\org\tukaani\xz\1.0\xz-1.0.jar;E:\APP\repository_heima-leannews\repository_heima-leannews\org\apache\yetus\audience-annotations\0.5.0\audience-annotations-0.5.0.jar;E:\APP\repository_heima-leannews\repository_heima-leannews\junit\junit\4.12\junit-4.12.jar;E:\APP\heima-leadnews\heima-leadnews\heima-leadnews-apis\target\heima-leadnews-apis-1.0-SNAPSHOT.jar;E:\APP\repository_heima-leannews\repository_heima-leannews\org\springframework\boot\spring-boot-starter-web\2.1.5.RELEASE\spring-boot-starter-web-2.1.5.RELEASE.jar;E:\APP\repository_heima-leannews\repository_heima-leannews\org\springframework\boot\spring-boot-starter-json\2.1.5.RELEASE\spring-boot-starter-json-2.1.5.RELEASE.jar;E:\APP\repository_heima-leannews\repository_heima-leannews\com\fasterxml\jackson\datatype\jackson-datatype-jdk8\2.9.8\jackson-datatype-jdk8-2.9.8.jar;E:\APP\repository_heima-leannews\repository_heima-leannews\com\fasterxml\jackson\datatype\jackson-datatype-jsr310\2.9.8\jackson-datatype-jsr310-2.9.8.jar;E:\APP\repository_heima-leannews\repository_heima-leannews\com\fasterxml\jackson\module\jackson-module-parameter-names\2.9.8\jackson-module-parameter-names-2.9.8.jar;E:\APP\repository_heima-leannews\repository_heima-leannews\org\springframework\boot\spring-boot-starter-tomcat\2.1.5.RELEASE\spring-boot-starter-tomcat-2.1.5.RELEASE.jar;E:\APP\repository_heima-leannews\repository_heima-leannews\org\apache\tomcat\embed\tomcat-embed-core\9.0.19\tomcat-embed-core-9.0.19.jar;E:\APP\repository_heima-leannews\repository_heima-leannews\org\apache\tomcat\embed\tomcat-embed-el\9.0.19\tomcat-embed-el-9.0.19.jar;E:\APP\repository_heima-leannews\repository_heima-leannews\org\apache\tomcat\embed\tomcat-embed-websocket\9.0.19\tomcat-embed-websocket-9.0.19.jar;E:\APP\repository_heima-leannews\repository_heima-leannews\org\hibernate\validator\hibernate-validator\6.0.16.Final\hibernate-validator-6.0.16.Final.jar;E:\APP\repository_heima-leannews\repository_heima-leannews\javax\validation\validation-api\2.0.1.Final\validation-api-2.0.1.Final.jar;E:\APP\repository_heima-leannews\repository_heima-leannews\org\jboss\logging\jboss-logging\3.3.2.Final\jboss-logging-3.3.2.Final.jar;E:\APP\repository_heima-leannews\repository_heima-leannews\com\fasterxml\classmate\1.4.0\classmate-1.4.0.jar;E:\APP\repository_heima-leannews\repository_heima-leannews\org\springframework\spring-web\5.1.7.RELEASE\spring-web-5.1.7.RELEASE.jar;E:\APP\repository_heima-leannews\repository_heima-leannews\org\springframework\spring-beans\5.1.7.RELEASE\spring-beans-5.1.7.RELEASE.jar;E:\APP\repository_heima-leannews\repository_heima-leannews\org\springframework\spring-webmvc\5.1.7.RELEASE\spring-webmvc-5.1.7.RELEASE.jar;E:\APP\repository_heima-leannews\repository_heima-leannews\org\springframework\spring-expression\5.1.7.RELEASE\spring-expression-5.1.7.RELEASE.jar;E:\APP\repository_heima-leannews\repository_heima-leannews\org\springframework\boot\spring-boot-starter-data-mongodb\2.1.5.RELEASE\spring-boot-starter-data-mongodb-2.1.5.RELEASE.jar;E:\APP\repository_heima-leannews\repository_heima-leannews\org\mongodb\mongodb-driver\3.8.2\mongodb-driver-3.8.2.jar;E:\APP\repository_heima-leannews\repository_heima-leannews\org\mongodb\bson\3.8.2\bson-3.8.2.jar;E:\APP\repository_heima-leannews\repository_heima-leannews\org\mongodb\mongodb-driver-core\3.8.2\mongodb-driver-core-3.8.2.jar;E:\APP\repository_heima-leannews\repository_heima-leannews\org\springframework\data\spring-data-mongodb\2.1.8.RELEASE\spring-data-mongodb-2.1.8.RELEASE.jar;E:\APP\repository_heima-leannews\repository_heima-leannews\org\springframework\data\spring-data-commons\2.1.8.RELEASE\spring-data-commons-2.1.8.RELEASE.jar;E:\APP\repository_heima-leannews\repository_heima-leannews\org\springframework\boot\spring-boot-starter-test\2.1.5.RELEASE\spring-boot-starter-test-2.1.5.RELEASE.jar;E:\APP\repository_heima-leannews\repository_heima-leannews\org\springframework\boot\spring-boot-test-autoconfigure\2.1.5.RELEASE\spring-boot-test-autoconfigure-2.1.5.RELEASE.jar;E:\APP\repository_heima-leannews\repository_heima-leannews\com\jayway\jsonpath\json-path\2.4.0\json-path-2.4.0.jar;E:\APP\repository_heima-leannews\repository_heima-leannews\net\minidev\json-smart\2.3\json-smart-2.3.jar;E:\APP\repository_heima-leannews\repository_heima-leannews\net\minidev\accessors-smart\1.2\accessors-smart-1.2.jar;E:\APP\repository_heima-leannews\repository_heima-leannews\org\ow2\asm\asm\5.0.4\asm-5.0.4.jar;E:\APP\repository_heima-leannews\repository_heima-leannews\org\assertj\assertj-core\3.11.1\assertj-core-3.11.1.jar;E:\APP\repository_heima-leannews\repository_heima-leannews\org\mockito\mockito-core\2.23.4\mockito-core-2.23.4.jar;E:\APP\repository_heima-leannews\repository_heima-leannews\net\bytebuddy\byte-buddy\1.9.12\byte-buddy-1.9.12.jar;E:\APP\repository_heima-leannews\repository_heima-leannews\net\bytebuddy\byte-buddy-agent\1.9.12\byte-buddy-agent-1.9.12.jar;E:\APP\repository_heima-leannews\repository_heima-leannews\org\objenesis\objenesis\2.6\objenesis-2.6.jar;E:\APP\repository_heima-leannews\repository_heima-leannews\org\hamcrest\hamcrest-core\1.3\hamcrest-core-1.3.jar;E:\APP\repository_heima-leannews\repository_heima-leannews\org\hamcrest\hamcrest-library\1.3\hamcrest-library-1.3.jar;E:\APP\repository_heima-leannews\repository_heima-leannews\org\skyscreamer\jsonassert\1.5.0\jsonassert-1.5.0.jar;E:\APP\repository_heima-leannews\repository_heima-leannews\com\vaadin\external\google\android-json\0.0.20131108.vaadin1\android-json-0.0.20131108.vaadin1.jar;E:\APP\repository_heima-leannews\repository_heima-leannews\org\springframework\spring-core\5.1.7.RELEASE\spring-core-5.1.7.RELEASE.jar;E:\APP\repository_heima-leannews\repository_heima-leannews\org\springframework\spring-jcl\5.1.7.RELEASE\spring-jcl-5.1.7.RELEASE.jar;E:\APP\repository_heima-leannews\repository_heima-leannews\org\springframework\spring-test\5.1.7.RELEASE\spring-test-5.1.7.RELEASE.jar;E:\APP\repository_heima-leannews\repository_heima-leannews\org\xmlunit\xmlunit-core\2.6.2\xmlunit-core-2.6.2.jar;E:\APP\repository_heima-leannews\repository_heima-leannews\org\jsoup\jsoup\1.10.2\jsoup-1.10.2.jar;E:\APP\repository_heima-leannews\repository_heima-leannews\com\fasterxml\jackson\dataformat\jackson-dataformat-cbor\2.9.8\jackson-dataformat-cbor-2.9.8.jar;E:\APP\repository_heima-leannews\repository_heima-leannews\com\fasterxml\jackson\core\jackson-core\2.9.8\jackson-core-2.9.8.jar;E:\APP\repository_heima-leannews\repository_heima-leannews\com\fasterxml\jackson\dataformat\jackson-dataformat-xml\2.9.8\jackson-dataformat-xml-2.9.8.jar;E:\APP\repository_heima-leannews\repository_heima-leannews\com\fasterxml\jackson\core\jackson-annotations\2.9.0\jackson-annotations-2.9.0.jar;E:\APP\repository_heima-leannews\repository_heima-leannews\com\fasterxml\jackson\core\jackson-databind\2.9.8\jackson-databind-2.9.8.jar;E:\APP\repository_heima-leannews\repository_heima-leannews\com\fasterxml\jackson\module\jackson-module-jaxb-annotations\2.9.8\jackson-module-jaxb-annotations-2.9.8.jar;E:\APP\repository_heima-leannews\repository_heima-leannews\org\codehaus\woodstox\stax2-api\3.1.4\stax2-api-3.1.4.jar;E:\APP\repository_heima-leannews\repository_heima-leannews\com\fasterxml\woodstox\woodstox-core\5.0.3\woodstox-core-5.0.3.jar;E:\APP\repository_heima-leannews\repository_heima-leannews\org\springframework\boot\spring-boot-starter-log4j2\2.1.5.RELEASE\spring-boot-starter-log4j2-2.1.5.RELEASE.jar;E:\APP\repository_heima-leannews\repository_heima-leannews\org\apache\logging\log4j\log4j-slf4j-impl\2.11.2\log4j-slf4j-impl-2.11.2.jar;E:\APP\repository_heima-leannews\repository_heima-leannews\org\apache\logging\log4j\log4j-core\2.11.2\log4j-core-2.11.2.jar;E:\APP\repository_heima-leannews\repository_heima-leannews\org\apache\logging\log4j\log4j-jul\2.11.2\log4j-jul-2.11.2.jar;E:\APP\repository_heima-leannews\repository_heima-leannews\org\slf4j\jul-to-slf4j\1.7.26\jul-to-slf4j-1.7.26.jar;E:\APP\repository_heima-leannews\repository_heima-leannews\org\projectlombok\lombok\1.18.8\lombok-1.18.8.jar;E:\APP\repository_heima-leannews\repository_heima-leannews\org\springframework\boot\spring-boot-autoconfigure\2.1.5.RELEASE\spring-boot-autoconfigure-2.1.5.RELEASE.jar;E:\APP\repository_heima-leannews\repository_heima-leannews\org\springframework\boot\spring-boot\2.1.5.RELEASE\spring-boot-2.1.5.RELEASE.jar;"/>
    <property name="sun.cpu.endian" value="little"/>
    <property name="user.home" value="C:\Users\Lenovo"/>
    <property name="user.language" value="zh"/>
    <property name="java.specification.vendor" value="Oracle Corporation"/>
    <property name="java.home" value="E:\APP\jdk\jre"/>
    <property name="basedir" value="E:\APP\heima-leadnews\heima-leadnews\heima-leadnews-media"/>
    <property name="file.separator" value="\"/>
    <property name="line.separator" value="&#10;"/>
    <property name="java.vm.specification.vendor" value="Oracle Corporation"/>
    <property name="java.specification.name" value="Java Platform API Specification"/>
    <property name="java.awt.graphicsenv" value="sun.awt.Win32GraphicsEnvironment"/>
    <property name="surefire.real.class.path" value="C:\Users\Lenovo\AppData\Local\Temp\surefire644677294074472009\surefirebooter4000275239390720154.jar"/>
    <property name="sun.boot.class.path" value="E:\APP\jdk\jre\lib\resources.jar;E:\APP\jdk\jre\lib\rt.jar;E:\APP\jdk\jre\lib\sunrsasign.jar;E:\APP\jdk\jre\lib\jsse.jar;E:\APP\jdk\jre\lib\jce.jar;E:\APP\jdk\jre\lib\charsets.jar;E:\APP\jdk\jre\lib\jfr.jar;E:\APP\jdk\jre\classes"/>
    <property name="user.script" value=""/>
    <property name="sun.management.compiler" value="HotSpot 64-Bit Tiered Compilers"/>
    <property name="java.runtime.version" value="1.8.0_251-b08"/>
    <property name="user.name" value="Lenovo"/>
    <property name="path.separator" value=";"/>
    <property name="os.version" value="10.0"/>
    <property name="java.endorsed.dirs" value="E:\APP\jdk\jre\lib\endorsed"/>
    <property name="java.runtime.name" value="Java(TM) SE Runtime Environment"/>
    <property name="file.encoding" value="GBK"/>
    <property name="java.vm.name" value="Java HotSpot(TM) 64-Bit Server VM"/>
    <property name="localRepository" value="E:\APP\repository_heima-leannews\repository_heima-leannews"/>
    <property name="java.vendor.url.bug" value="http://bugreport.sun.com/bugreport/"/>
    <property name="java.io.tmpdir" value="C:\Users\Lenovo\AppData\Local\Temp\"/>
    <property name="idea.version" value="2018.1.6"/>
    <property name="java.version" value="1.8.0_251"/>
    <property name="user.dir" value="E:\APP\heima-leadnews\heima-leadnews\heima-leadnews-media"/>
    <property name="os.arch" value="amd64"/>
    <property name="java.vm.specification.name" value="Java Virtual Machine Specification"/>
    <property name="java.awt.printerjob" value="sun.awt.windows.WPrinterJob"/>
    <property name="sun.os.patch.level" value=""/>
    <property name="java.library.path" value="E:\APP\jdk\jre\bin;C:\WINDOWS\Sun\Java\bin;C:\WINDOWS\system32;C:\WINDOWS;E:\vm\bin\;C:\Program Files (x86)\Common Files\Oracle\Java\javapath;C:\Program Files (x86)\NetSarang\Xshell 6\;C:\Program Files (x86)\Intel\Intel(R) Management Engine Components\iCLS\;C:\Program Files\Intel\Intel(R) Management Engine Components\iCLS\;C:\WINDOWS\system32;C:\WINDOWS;C:\WINDOWS\System32\Wbem;C:\WINDOWS\System32\WindowsPowerShell\v1.0\;C:\WINDOWS\System32\OpenSSH\;C:\Program Files (x86)\Intel\Intel(R) Management Engine Components\DAL;C:\Program Files\Intel\Intel(R) Management Engine Components\DAL;E:\svn\bin;E:\nodejs\;E:\Git\cmd;E:\tsvn\bin;C:\Program Files\Common Files\Autodesk Shared\;E:\apache-maven-3.6.3\bin;E:\APP\jdk\bin;E:\apache-maven-3.6.3\bin;C:\Users\Lenovo\AppData\Local\Microsoft\WindowsApps;E:\Microsoft VS Code\bin;C:\Users\Lenovo\AppData\Roaming\npm;C:\Users\Lenovo\AppData\Local\Programs\Fiddler;C:\Users\Lenovo\AppData\Local\Microsoft\WindowsApps;;."/>
    <property name="java.vm.info" value="mixed mode"/>
    <property name="java.vendor" value="Oracle Corporation"/>
    <property name="java.vm.version" value="25.251-b08"/>
    <property name="java.ext.dirs" value="E:\APP\jdk\jre\lib\ext;C:\WINDOWS\Sun\Java\lib\ext"/>
    <property name="sun.io.unicode.encoding" value="UnicodeLittle"/>
    <property name="maven.repo.local" value="E:\APP\repository_heima-leannews\repository_heima-leannews"/>
    <property name="java.class.version" value="52.0"/>
  </properties>
  <testcase name="updateStu" classname="SpringbootMongodbApplicationTests" time="0.326"/>
  <testcase name="findStuById" classname="SpringbootMongodbApplicationTests" time="0.064"/>
  <testcase name="findAll" classname="SpringbootMongodbApplicationTests" time="0.085">
    <error message="Command failed with error 16436: &apos;exception: Unrecognized pipeline stage name: &apos;$lookup&apos;&apos; on server 172.168.9.114:27017. The full response is { &quot;errmsg&quot; : &quot;exception: Unrecognized pipeline stage name: &apos;$lookup&apos;&quot;, &quot;code&quot; : 16436, &quot;ok&quot; : 0.0 }; nested exception is com.mongodb.MongoCommandException: Command failed with error 16436: &apos;exception: Unrecognized pipeline stage name: &apos;$lookup&apos;&apos; on server 172.168.9.114:27017. The full response is { &quot;errmsg&quot; : &quot;exception: Unrecognized pipeline stage name: &apos;$lookup&apos;&quot;, &quot;code&quot; : 16436, &quot;ok&quot; : 0.0 }" type="org.springframework.data.mongodb.UncategorizedMongoDbException">org.springframework.data.mongodb.UncategorizedMongoDbException: Command failed with error 16436: 'exception: Unrecognized pipeline stage name: '$lookup'' on server 172.168.9.114:27017. The full response is { "errmsg" : "exception: Unrecognized pipeline stage name: '$lookup'", "code" : 16436, "ok" : 0.0 }; nested exception is com.mongodb.MongoCommandException: Command failed with error 16436: 'exception: Unrecognized pipeline stage name: '$lookup'' on server 172.168.9.114:27017. The full response is { "errmsg" : "exception: Unrecognized pipeline stage name: '$lookup'", "code" : 16436, "ok" : 0.0 }
	at SpringbootMongodbApplicationTests.findAll(SpringbootMongodbApplicationTests.java:29)
Caused by: com.mongodb.MongoCommandException: Command failed with error 16436: 'exception: Unrecognized pipeline stage name: '$lookup'' on server 172.168.9.114:27017. The full response is { "errmsg" : "exception: Unrecognized pipeline stage name: '$lookup'", "code" : 16436, "ok" : 0.0 }
	at SpringbootMongodbApplicationTests.findAll(SpringbootMongodbApplicationTests.java:29)
</error>
    <system-out><![CDATA[2020-12-04 15:06:09,979^|179^|DEBUG^|main^|org.mongodb.driver.protocol.command^|debug^|Sending command '{ "aggregate" : "student", "pipeline" : [{ "$lookup" : { "from" : "grade", "localField" : "gradeId", "foreignField" : "_id", "as" : "grade" } }, { "$project" : { "_id" : 1, "name" : 1, "sex" : 1, "age" : 1, "gradeId" : 1, "gradeName" : "$grade.gradeName" } }, { "$sort" : { "_id" : 1 } }, { "$skip" : 2 }, { "$limit" : 2 }], "cursor" : { }, "allowDiskUse" : false }' with request id 10 to database le5le on connection [connectionId{localValue:2, serverValue:637}] to server 172.168.9.114:27017
2020-12-04 15:06:09,984^|181^|DEBUG^|main^|org.mongodb.driver.protocol.command^|debug^|Execution of command with request id 10 failed to complete successfully in 6.77 ms on connection [connectionId{localValue:2, serverValue:637}] to server 172.168.9.114:27017
com.mongodb.MongoCommandException: Command failed with error 16436: 'exception: Unrecognized pipeline stage name: '$lookup'' on server 172.168.9.114:27017. The full response is { "errmsg" : "exception: Unrecognized pipeline stage name: '$lookup'", "code" : 16436, "ok" : 0.0 }
	at com.mongodb.internal.connection.ProtocolHelper.getCommandFailureException(ProtocolHelper.java:179) ~[mongodb-driver-core-3.8.2.jar:?]
	at com.mongodb.internal.connection.InternalStreamConnection.receiveCommandMessageResponse(InternalStreamConnection.java:293) ~[mongodb-driver-core-3.8.2.jar:?]
	at com.mongodb.internal.connection.InternalStreamConnection.sendAndReceive(InternalStreamConnection.java:255) ~[mongodb-driver-core-3.8.2.jar:?]
	at com.mongodb.internal.connection.UsageTrackingInternalConnection.sendAndReceive(UsageTrackingInternalConnection.java:99) ~[mongodb-driver-core-3.8.2.jar:?]
	at com.mongodb.internal.connection.DefaultConnectionPool$PooledConnection.sendAndReceive(DefaultConnectionPool.java:444) ~[mongodb-driver-core-3.8.2.jar:?]
	at com.mongodb.internal.connection.CommandProtocolImpl.execute(CommandProtocolImpl.java:72) ~[mongodb-driver-core-3.8.2.jar:?]
	at com.mongodb.internal.connection.DefaultServer$DefaultServerProtocolExecutor.execute(DefaultServer.java:200) ~[mongodb-driver-core-3.8.2.jar:?]
	at com.mongodb.internal.connection.DefaultServerConnection.executeProtocol(DefaultServerConnection.java:269) ~[mongodb-driver-core-3.8.2.jar:?]
	at com.mongodb.internal.connection.DefaultServerConnection.command(DefaultServerConnection.java:131) ~[mongodb-driver-core-3.8.2.jar:?]
	at com.mongodb.internal.connection.DefaultServerConnection.command(DefaultServerConnection.java:123) ~[mongodb-driver-core-3.8.2.jar:?]
	at com.mongodb.operation.CommandOperationHelper.executeWrappedCommandProtocol(CommandOperationHelper.java:242) ~[mongodb-driver-core-3.8.2.jar:?]
	at com.mongodb.operation.CommandOperationHelper.executeWrappedCommandProtocol(CommandOperationHelper.java:233) ~[mongodb-driver-core-3.8.2.jar:?]
	at com.mongodb.operation.CommandOperationHelper.executeWrappedCommandProtocol(CommandOperationHelper.java:136) ~[mongodb-driver-core-3.8.2.jar:?]
	at com.mongodb.operation.AggregateOperationImpl$1.call(AggregateOperationImpl.java:193) ~[mongodb-driver-core-3.8.2.jar:?]
	at com.mongodb.operation.AggregateOperationImpl$1.call(AggregateOperationImpl.java:189) ~[mongodb-driver-core-3.8.2.jar:?]
	at com.mongodb.operation.OperationHelper.withConnectionSource(OperationHelper.java:462) ~[mongodb-driver-core-3.8.2.jar:?]
	at com.mongodb.operation.OperationHelper.withConnection(OperationHelper.java:406) ~[mongodb-driver-core-3.8.2.jar:?]
	at com.mongodb.operation.AggregateOperationImpl.execute(AggregateOperationImpl.java:189) ~[mongodb-driver-core-3.8.2.jar:?]
	at com.mongodb.operation.AggregateOperation.execute(AggregateOperation.java:294) ~[mongodb-driver-core-3.8.2.jar:?]
	at com.mongodb.operation.AggregateOperation.execute(AggregateOperation.java:41) ~[mongodb-driver-core-3.8.2.jar:?]
	at com.mongodb.client.internal.MongoClientDelegate$DelegateOperationExecutor.execute(MongoClientDelegate.java:179) ~[mongodb-driver-3.8.2.jar:?]
	at com.mongodb.client.internal.MongoIterableImpl.execute(MongoIterableImpl.java:132) ~[mongodb-driver-3.8.2.jar:?]
	at com.mongodb.client.internal.MongoIterableImpl.iterator(MongoIterableImpl.java:86) ~[mongodb-driver-3.8.2.jar:?]
	at com.mongodb.client.internal.MongoIterableImpl.forEach(MongoIterableImpl.java:110) ~[mongodb-driver-3.8.2.jar:?]
	at com.mongodb.client.internal.MappingIterable.forEach(MappingIterable.java:54) ~[mongodb-driver-3.8.2.jar:?]
	at com.mongodb.client.internal.MappingIterable.into(MappingIterable.java:64) ~[mongodb-driver-3.8.2.jar:?]
	at org.springframework.data.mongodb.core.MongoTemplate.lambda$doAggregate$12(MongoTemplate.java:2119) ~[spring-data-mongodb-2.1.8.RELEASE.jar:2.1.8.RELEASE]
	at org.springframework.data.mongodb.core.MongoTemplate.execute(MongoTemplate.java:545) ~[spring-data-mongodb-2.1.8.RELEASE.jar:2.1.8.RELEASE]
	at org.springframework.data.mongodb.core.MongoTemplate.doAggregate(MongoTemplate.java:2101) ~[spring-data-mongodb-2.1.8.RELEASE.jar:2.1.8.RELEASE]
	at org.springframework.data.mongodb.core.MongoTemplate.aggregate(MongoTemplate.java:2071) ~[spring-data-mongodb-2.1.8.RELEASE.jar:2.1.8.RELEASE]
	at org.springframework.data.mongodb.core.MongoTemplate.aggregate(MongoTemplate.java:1970) ~[spring-data-mongodb-2.1.8.RELEASE.jar:2.1.8.RELEASE]
	at com.heima.media.service.impl.StudentServiceImpl.findAll(StudentServiceImpl.java:77) ~[classes/:?]
	at com.heima.media.service.impl.StudentServiceImpl$$FastClassBySpringCGLIB$$ec69deea.invoke(<generated>) ~[classes/:?]
	at org.springframework.cglib.proxy.MethodProxy.invoke(MethodProxy.java:218) ~[spring-core-5.1.7.RELEASE.jar:5.1.7.RELEASE]
	at org.springframework.aop.framework.CglibAopProxy$CglibMethodInvocation.invokeJoinpoint(CglibAopProxy.java:749) ~[spring-aop-5.1.7.RELEASE.jar:5.1.7.RELEASE]
	at org.springframework.aop.framework.ReflectiveMethodInvocation.proceed(ReflectiveMethodInvocation.java:163) ~[spring-aop-5.1.7.RELEASE.jar:5.1.7.RELEASE]
	at org.springframework.transaction.interceptor.TransactionAspectSupport.invokeWithinTransaction(TransactionAspectSupport.java:295) [spring-tx-5.1.7.RELEASE.jar:5.1.7.RELEASE]
	at org.springframework.transaction.interceptor.TransactionInterceptor.invoke(TransactionInterceptor.java:98) [spring-tx-5.1.7.RELEASE.jar:5.1.7.RELEASE]
	at org.springframework.aop.framework.ReflectiveMethodInvocation.proceed(ReflectiveMethodInvocation.java:186) [spring-aop-5.1.7.RELEASE.jar:5.1.7.RELEASE]
	at org.springframework.aop.interceptor.ExposeInvocationInterceptor.invoke(ExposeInvocationInterceptor.java:93) [spring-aop-5.1.7.RELEASE.jar:5.1.7.RELEASE]
	at org.springframework.aop.framework.ReflectiveMethodInvocation.proceed(ReflectiveMethodInvocation.java:186) [spring-aop-5.1.7.RELEASE.jar:5.1.7.RELEASE]
	at org.springframework.aop.framework.CglibAopProxy$DynamicAdvisedInterceptor.intercept(CglibAopProxy.java:688) [spring-aop-5.1.7.RELEASE.jar:5.1.7.RELEASE]
	at com.heima.media.service.impl.StudentServiceImpl$$EnhancerBySpringCGLIB$$308a3593.findAll(<generated>) [classes/:?]
	at SpringbootMongodbApplicationTests.findAll(SpringbootMongodbApplicationTests.java:29) [test-classes/:?]
	at sun.reflect.NativeMethodAccessorImpl.invoke0(Native Method) ~[?:1.8.0_251]
	at sun.reflect.NativeMethodAccessorImpl.invoke(NativeMethodAccessorImpl.java:62) ~[?:1.8.0_251]
	at sun.reflect.DelegatingMethodAccessorImpl.invoke(DelegatingMethodAccessorImpl.java:43) ~[?:1.8.0_251]
	at java.lang.reflect.Method.invoke(Method.java:498) ~[?:1.8.0_251]
	at org.junit.runners.model.FrameworkMethod$1.runReflectiveCall(FrameworkMethod.java:50) [junit-4.12.jar:4.12]
	at org.junit.internal.runners.model.ReflectiveCallable.run(ReflectiveCallable.java:12) [junit-4.12.jar:4.12]
	at org.junit.runners.model.FrameworkMethod.invokeExplosively(FrameworkMethod.java:47) [junit-4.12.jar:4.12]
	at org.junit.internal.runners.statements.InvokeMethod.evaluate(InvokeMethod.java:17) [junit-4.12.jar:4.12]
	at org.springframework.test.context.junit4.statements.RunBeforeTestExecutionCallbacks.evaluate(RunBeforeTestExecutionCallbacks.java:74) [spring-test-5.1.7.RELEASE.jar:5.1.7.RELEASE]
	at org.springframework.test.context.junit4.statements.RunAfterTestExecutionCallbacks.evaluate(RunAfterTestExecutionCallbacks.java:84) [spring-test-5.1.7.RELEASE.jar:5.1.7.RELEASE]
	at org.springframework.test.context.junit4.statements.RunBeforeTestMethodCallbacks.evaluate(RunBeforeTestMethodCallbacks.java:75) [spring-test-5.1.7.RELEASE.jar:5.1.7.RELEASE]
	at org.springframework.test.context.junit4.statements.RunAfterTestMethodCallbacks.evaluate(RunAfterTestMethodCallbacks.java:86) [spring-test-5.1.7.RELEASE.jar:5.1.7.RELEASE]
	at org.springframework.test.context.junit4.statements.SpringRepeat.evaluate(SpringRepeat.java:84) [spring-test-5.1.7.RELEASE.jar:5.1.7.RELEASE]
	at org.junit.runners.ParentRunner.runLeaf(ParentRunner.java:325) [junit-4.12.jar:4.12]
	at org.springframework.test.context.junit4.SpringJUnit4ClassRunner.runChild(SpringJUnit4ClassRunner.java:251) [spring-test-5.1.7.RELEASE.jar:5.1.7.RELEASE]
	at org.springframework.test.context.junit4.SpringJUnit4ClassRunner.runChild(SpringJUnit4ClassRunner.java:97) [spring-test-5.1.7.RELEASE.jar:5.1.7.RELEASE]
	at org.junit.runners.ParentRunner$3.run(ParentRunner.java:290) [junit-4.12.jar:4.12]
	at org.junit.runners.ParentRunner$1.schedule(ParentRunner.java:71) [junit-4.12.jar:4.12]
	at org.junit.runners.ParentRunner.runChildren(ParentRunner.java:288) [junit-4.12.jar:4.12]
	at org.junit.runners.ParentRunner.access$000(ParentRunner.java:58) [junit-4.12.jar:4.12]
	at org.junit.runners.ParentRunner$2.evaluate(ParentRunner.java:268) [junit-4.12.jar:4.12]
	at org.springframework.test.context.junit4.statements.RunBeforeTestClassCallbacks.evaluate(RunBeforeTestClassCallbacks.java:61) [spring-test-5.1.7.RELEASE.jar:5.1.7.RELEASE]
	at org.springframework.test.context.junit4.statements.RunAfterTestClassCallbacks.evaluate(RunAfterTestClassCallbacks.java:70) [spring-test-5.1.7.RELEASE.jar:5.1.7.RELEASE]
	at org.junit.runners.ParentRunner.run(ParentRunner.java:363) [junit-4.12.jar:4.12]
	at org.springframework.test.context.junit4.SpringJUnit4ClassRunner.run(SpringJUnit4ClassRunner.java:190) [spring-test-5.1.7.RELEASE.jar:5.1.7.RELEASE]
	at org.apache.maven.surefire.junit4.JUnit4Provider.execute(JUnit4Provider.java:365) [surefire-junit4-2.22.2.jar:2.22.2]
	at org.apache.maven.surefire.junit4.JUnit4Provider.executeWithRerun(JUnit4Provider.java:273) [surefire-junit4-2.22.2.jar:2.22.2]
	at org.apache.maven.surefire.junit4.JUnit4Provider.executeTestSet(JUnit4Provider.java:238) [surefire-junit4-2.22.2.jar:2.22.2]
	at org.apache.maven.surefire.junit4.JUnit4Provider.invoke(JUnit4Provider.java:159) [surefire-junit4-2.22.2.jar:2.22.2]
	at org.apache.maven.surefire.booter.ForkedBooter.invokeProviderInSameClassLoader(ForkedBooter.java:384) [surefire-booter-2.22.2.jar:2.22.2]
	at org.apache.maven.surefire.booter.ForkedBooter.runSuitesInProcess(ForkedBooter.java:345) [surefire-booter-2.22.2.jar:2.22.2]
	at org.apache.maven.surefire.booter.ForkedBooter.execute(ForkedBooter.java:126) [surefire-booter-2.22.2.jar:2.22.2]
	at org.apache.maven.surefire.booter.ForkedBooter.main(ForkedBooter.java:418) [surefire-booter-2.22.2.jar:2.22.2]
]]></system-out>
  </testcase>
  <testcase name="contextLoads" classname="SpringbootMongodbApplicationTests" time="0.005"/>
  <testcase name="removeStu" classname="SpringbootMongodbApplicationTests" time="0.028"/>
  <testcase name="saveStu" classname="SpringbootMongodbApplicationTests" time="0.034"/>
</testsuite>